[2024-05-06T15:37:31.571+0000] {processor.py:161} INFO - Started process (PID=618) to work on /opt/airflow/dags/create_table.py
[2024-05-06T15:37:31.572+0000] {processor.py:830} INFO - Processing file /opt/airflow/dags/create_table.py for tasks to queue
[2024-05-06T15:37:31.574+0000] {logging_mixin.py:188} INFO - [2024-05-06T15:37:31.574+0000] {dagbag.py:540} INFO - Filling up the DagBag from /opt/airflow/dags/create_table.py
[2024-05-06T15:37:32.901+0000] {processor.py:840} INFO - DAG(s) 'example' retrieved from /opt/airflow/dags/create_table.py
[2024-05-06T15:37:33.006+0000] {logging_mixin.py:188} INFO - [2024-05-06T15:37:33.005+0000] {override.py:1829} INFO - Created Permission View: can read on DAG:example
[2024-05-06T15:37:33.020+0000] {logging_mixin.py:188} INFO - [2024-05-06T15:37:33.020+0000] {override.py:1829} INFO - Created Permission View: can edit on DAG:example
[2024-05-06T15:37:33.055+0000] {logging_mixin.py:188} INFO - [2024-05-06T15:37:33.054+0000] {override.py:1829} INFO - Created Permission View: can delete on DAG:example
[2024-05-06T15:37:33.056+0000] {logging_mixin.py:188} INFO - [2024-05-06T15:37:33.055+0000] {dag.py:3096} INFO - Sync 1 DAGs
[2024-05-06T15:37:33.068+0000] {logging_mixin.py:188} INFO - [2024-05-06T15:37:33.067+0000] {dag.py:3118} INFO - Creating ORM DAG for example
[2024-05-06T15:37:33.069+0000] {logging_mixin.py:188} INFO - [2024-05-06T15:37:33.068+0000] {dag.py:3954} INFO - Setting next_dagrun for example to None, run_after=None
[2024-05-06T15:37:33.088+0000] {processor.py:183} INFO - Processing /opt/airflow/dags/create_table.py took 1.523 seconds
[2024-05-06T15:38:03.383+0000] {processor.py:161} INFO - Started process (PID=685) to work on /opt/airflow/dags/create_table.py
[2024-05-06T15:38:03.384+0000] {processor.py:830} INFO - Processing file /opt/airflow/dags/create_table.py for tasks to queue
[2024-05-06T15:38:03.387+0000] {logging_mixin.py:188} INFO - [2024-05-06T15:38:03.387+0000] {dagbag.py:540} INFO - Filling up the DagBag from /opt/airflow/dags/create_table.py
[2024-05-06T15:38:04.172+0000] {processor.py:840} INFO - DAG(s) 'example' retrieved from /opt/airflow/dags/create_table.py
[2024-05-06T15:38:04.191+0000] {logging_mixin.py:188} INFO - [2024-05-06T15:38:04.190+0000] {dag.py:3096} INFO - Sync 1 DAGs
[2024-05-06T15:38:04.205+0000] {logging_mixin.py:188} INFO - [2024-05-06T15:38:04.204+0000] {dag.py:3954} INFO - Setting next_dagrun for example to None, run_after=None
[2024-05-06T15:38:04.223+0000] {processor.py:183} INFO - Processing /opt/airflow/dags/create_table.py took 0.846 seconds
[2024-05-06T15:38:34.562+0000] {processor.py:161} INFO - Started process (PID=751) to work on /opt/airflow/dags/create_table.py
[2024-05-06T15:38:34.564+0000] {processor.py:830} INFO - Processing file /opt/airflow/dags/create_table.py for tasks to queue
[2024-05-06T15:38:34.566+0000] {logging_mixin.py:188} INFO - [2024-05-06T15:38:34.566+0000] {dagbag.py:540} INFO - Filling up the DagBag from /opt/airflow/dags/create_table.py
[2024-05-06T15:38:35.410+0000] {processor.py:840} INFO - DAG(s) 'example' retrieved from /opt/airflow/dags/create_table.py
[2024-05-06T15:38:35.428+0000] {logging_mixin.py:188} INFO - [2024-05-06T15:38:35.427+0000] {dag.py:3096} INFO - Sync 1 DAGs
[2024-05-06T15:38:35.444+0000] {logging_mixin.py:188} INFO - [2024-05-06T15:38:35.444+0000] {dag.py:3954} INFO - Setting next_dagrun for example to None, run_after=None
[2024-05-06T15:38:35.466+0000] {processor.py:183} INFO - Processing /opt/airflow/dags/create_table.py took 0.910 seconds
[2024-05-06T15:39:05.682+0000] {processor.py:161} INFO - Started process (PID=818) to work on /opt/airflow/dags/create_table.py
[2024-05-06T15:39:05.683+0000] {processor.py:830} INFO - Processing file /opt/airflow/dags/create_table.py for tasks to queue
[2024-05-06T15:39:05.686+0000] {logging_mixin.py:188} INFO - [2024-05-06T15:39:05.686+0000] {dagbag.py:540} INFO - Filling up the DagBag from /opt/airflow/dags/create_table.py
[2024-05-06T15:39:06.434+0000] {processor.py:840} INFO - DAG(s) 'example' retrieved from /opt/airflow/dags/create_table.py
[2024-05-06T15:39:06.448+0000] {logging_mixin.py:188} INFO - [2024-05-06T15:39:06.448+0000] {dag.py:3096} INFO - Sync 1 DAGs
[2024-05-06T15:39:06.459+0000] {logging_mixin.py:188} INFO - [2024-05-06T15:39:06.459+0000] {dag.py:3954} INFO - Setting next_dagrun for example to None, run_after=None
[2024-05-06T15:39:06.490+0000] {processor.py:183} INFO - Processing /opt/airflow/dags/create_table.py took 0.814 seconds
[2024-05-06T15:39:36.670+0000] {processor.py:161} INFO - Started process (PID=885) to work on /opt/airflow/dags/create_table.py
[2024-05-06T15:39:36.671+0000] {processor.py:830} INFO - Processing file /opt/airflow/dags/create_table.py for tasks to queue
[2024-05-06T15:39:36.673+0000] {logging_mixin.py:188} INFO - [2024-05-06T15:39:36.673+0000] {dagbag.py:540} INFO - Filling up the DagBag from /opt/airflow/dags/create_table.py
[2024-05-06T15:39:37.419+0000] {processor.py:840} INFO - DAG(s) 'example' retrieved from /opt/airflow/dags/create_table.py
[2024-05-06T15:39:37.434+0000] {logging_mixin.py:188} INFO - [2024-05-06T15:39:37.433+0000] {dag.py:3096} INFO - Sync 1 DAGs
[2024-05-06T15:39:37.444+0000] {logging_mixin.py:188} INFO - [2024-05-06T15:39:37.444+0000] {dag.py:3954} INFO - Setting next_dagrun for example to None, run_after=None
[2024-05-06T15:39:37.468+0000] {processor.py:183} INFO - Processing /opt/airflow/dags/create_table.py took 0.803 seconds
[2024-05-06T15:40:07.621+0000] {processor.py:161} INFO - Started process (PID=952) to work on /opt/airflow/dags/create_table.py
[2024-05-06T15:40:07.622+0000] {processor.py:830} INFO - Processing file /opt/airflow/dags/create_table.py for tasks to queue
[2024-05-06T15:40:07.624+0000] {logging_mixin.py:188} INFO - [2024-05-06T15:40:07.623+0000] {dagbag.py:540} INFO - Filling up the DagBag from /opt/airflow/dags/create_table.py
[2024-05-06T15:40:08.311+0000] {processor.py:840} INFO - DAG(s) 'example' retrieved from /opt/airflow/dags/create_table.py
[2024-05-06T15:40:08.328+0000] {logging_mixin.py:188} INFO - [2024-05-06T15:40:08.327+0000] {dag.py:3096} INFO - Sync 1 DAGs
[2024-05-06T15:40:08.337+0000] {logging_mixin.py:188} INFO - [2024-05-06T15:40:08.337+0000] {dag.py:3954} INFO - Setting next_dagrun for example to None, run_after=None
[2024-05-06T15:40:08.375+0000] {processor.py:183} INFO - Processing /opt/airflow/dags/create_table.py took 0.761 seconds
[2024-05-06T15:40:38.507+0000] {processor.py:161} INFO - Started process (PID=1019) to work on /opt/airflow/dags/create_table.py
[2024-05-06T15:40:38.508+0000] {processor.py:830} INFO - Processing file /opt/airflow/dags/create_table.py for tasks to queue
[2024-05-06T15:40:38.510+0000] {logging_mixin.py:188} INFO - [2024-05-06T15:40:38.510+0000] {dagbag.py:540} INFO - Filling up the DagBag from /opt/airflow/dags/create_table.py
[2024-05-06T15:40:39.271+0000] {processor.py:840} INFO - DAG(s) 'example' retrieved from /opt/airflow/dags/create_table.py
[2024-05-06T15:40:39.286+0000] {logging_mixin.py:188} INFO - [2024-05-06T15:40:39.286+0000] {dag.py:3096} INFO - Sync 1 DAGs
[2024-05-06T15:40:39.297+0000] {logging_mixin.py:188} INFO - [2024-05-06T15:40:39.297+0000] {dag.py:3954} INFO - Setting next_dagrun for example to None, run_after=None
[2024-05-06T15:40:39.334+0000] {processor.py:183} INFO - Processing /opt/airflow/dags/create_table.py took 0.833 seconds
[2024-05-06T15:41:09.514+0000] {processor.py:161} INFO - Started process (PID=1086) to work on /opt/airflow/dags/create_table.py
[2024-05-06T15:41:09.516+0000] {processor.py:830} INFO - Processing file /opt/airflow/dags/create_table.py for tasks to queue
[2024-05-06T15:41:09.519+0000] {logging_mixin.py:188} INFO - [2024-05-06T15:41:09.519+0000] {dagbag.py:540} INFO - Filling up the DagBag from /opt/airflow/dags/create_table.py
[2024-05-06T15:41:10.469+0000] {processor.py:840} INFO - DAG(s) 'example' retrieved from /opt/airflow/dags/create_table.py
[2024-05-06T15:41:10.486+0000] {logging_mixin.py:188} INFO - [2024-05-06T15:41:10.486+0000] {dag.py:3096} INFO - Sync 1 DAGs
[2024-05-06T15:41:10.500+0000] {logging_mixin.py:188} INFO - [2024-05-06T15:41:10.499+0000] {dag.py:3954} INFO - Setting next_dagrun for example to None, run_after=None
[2024-05-06T15:41:10.523+0000] {processor.py:183} INFO - Processing /opt/airflow/dags/create_table.py took 1.020 seconds
[2024-05-06T15:41:40.720+0000] {processor.py:161} INFO - Started process (PID=1153) to work on /opt/airflow/dags/create_table.py
[2024-05-06T15:41:40.721+0000] {processor.py:830} INFO - Processing file /opt/airflow/dags/create_table.py for tasks to queue
[2024-05-06T15:41:40.723+0000] {logging_mixin.py:188} INFO - [2024-05-06T15:41:40.722+0000] {dagbag.py:540} INFO - Filling up the DagBag from /opt/airflow/dags/create_table.py
[2024-05-06T15:41:41.709+0000] {processor.py:840} INFO - DAG(s) 'example' retrieved from /opt/airflow/dags/create_table.py
[2024-05-06T15:41:41.735+0000] {logging_mixin.py:188} INFO - [2024-05-06T15:41:41.734+0000] {dag.py:3096} INFO - Sync 1 DAGs
[2024-05-06T15:41:41.757+0000] {logging_mixin.py:188} INFO - [2024-05-06T15:41:41.757+0000] {dag.py:3954} INFO - Setting next_dagrun for example to None, run_after=None
[2024-05-06T15:41:41.789+0000] {processor.py:183} INFO - Processing /opt/airflow/dags/create_table.py took 1.079 seconds
[2024-05-06T15:42:12.565+0000] {processor.py:161} INFO - Started process (PID=1222) to work on /opt/airflow/dags/create_table.py
[2024-05-06T15:42:12.566+0000] {processor.py:830} INFO - Processing file /opt/airflow/dags/create_table.py for tasks to queue
[2024-05-06T15:42:12.569+0000] {logging_mixin.py:188} INFO - [2024-05-06T15:42:12.569+0000] {dagbag.py:540} INFO - Filling up the DagBag from /opt/airflow/dags/create_table.py
[2024-05-06T15:42:13.339+0000] {processor.py:840} INFO - DAG(s) 'example' retrieved from /opt/airflow/dags/create_table.py
[2024-05-06T15:42:13.353+0000] {logging_mixin.py:188} INFO - [2024-05-06T15:42:13.353+0000] {dag.py:3096} INFO - Sync 1 DAGs
[2024-05-06T15:42:13.363+0000] {logging_mixin.py:188} INFO - [2024-05-06T15:42:13.363+0000] {dag.py:3954} INFO - Setting next_dagrun for example to None, run_after=None
[2024-05-06T15:42:13.385+0000] {processor.py:183} INFO - Processing /opt/airflow/dags/create_table.py took 0.831 seconds
[2024-05-06T15:42:43.763+0000] {processor.py:161} INFO - Started process (PID=1289) to work on /opt/airflow/dags/create_table.py
[2024-05-06T15:42:43.764+0000] {processor.py:830} INFO - Processing file /opt/airflow/dags/create_table.py for tasks to queue
[2024-05-06T15:42:43.767+0000] {logging_mixin.py:188} INFO - [2024-05-06T15:42:43.766+0000] {dagbag.py:540} INFO - Filling up the DagBag from /opt/airflow/dags/create_table.py
[2024-05-06T15:42:44.420+0000] {processor.py:840} INFO - DAG(s) 'example' retrieved from /opt/airflow/dags/create_table.py
[2024-05-06T15:42:44.437+0000] {logging_mixin.py:188} INFO - [2024-05-06T15:42:44.437+0000] {dag.py:3096} INFO - Sync 1 DAGs
[2024-05-06T15:42:44.448+0000] {logging_mixin.py:188} INFO - [2024-05-06T15:42:44.448+0000] {dag.py:3954} INFO - Setting next_dagrun for example to None, run_after=None
[2024-05-06T15:42:44.473+0000] {processor.py:183} INFO - Processing /opt/airflow/dags/create_table.py took 0.716 seconds
[2024-05-06T15:43:14.557+0000] {processor.py:161} INFO - Started process (PID=1358) to work on /opt/airflow/dags/create_table.py
[2024-05-06T15:43:14.558+0000] {processor.py:830} INFO - Processing file /opt/airflow/dags/create_table.py for tasks to queue
[2024-05-06T15:43:14.561+0000] {logging_mixin.py:188} INFO - [2024-05-06T15:43:14.561+0000] {dagbag.py:540} INFO - Filling up the DagBag from /opt/airflow/dags/create_table.py
[2024-05-06T15:43:15.635+0000] {processor.py:840} INFO - DAG(s) 'example' retrieved from /opt/airflow/dags/create_table.py
[2024-05-06T15:43:15.661+0000] {logging_mixin.py:188} INFO - [2024-05-06T15:43:15.660+0000] {dag.py:3096} INFO - Sync 1 DAGs
[2024-05-06T15:43:15.677+0000] {logging_mixin.py:188} INFO - [2024-05-06T15:43:15.677+0000] {dag.py:3954} INFO - Setting next_dagrun for example to None, run_after=None
[2024-05-06T15:43:15.705+0000] {processor.py:183} INFO - Processing /opt/airflow/dags/create_table.py took 1.156 seconds
[2024-05-06T15:43:46.031+0000] {processor.py:161} INFO - Started process (PID=1431) to work on /opt/airflow/dags/create_table.py
[2024-05-06T15:43:46.032+0000] {processor.py:830} INFO - Processing file /opt/airflow/dags/create_table.py for tasks to queue
[2024-05-06T15:43:46.035+0000] {logging_mixin.py:188} INFO - [2024-05-06T15:43:46.035+0000] {dagbag.py:540} INFO - Filling up the DagBag from /opt/airflow/dags/create_table.py
[2024-05-06T15:43:46.671+0000] {processor.py:840} INFO - DAG(s) 'example' retrieved from /opt/airflow/dags/create_table.py
[2024-05-06T15:43:46.691+0000] {logging_mixin.py:188} INFO - [2024-05-06T15:43:46.690+0000] {dag.py:3096} INFO - Sync 1 DAGs
[2024-05-06T15:43:46.702+0000] {logging_mixin.py:188} INFO - [2024-05-06T15:43:46.702+0000] {dag.py:3954} INFO - Setting next_dagrun for example to None, run_after=None
[2024-05-06T15:43:46.724+0000] {processor.py:183} INFO - Processing /opt/airflow/dags/create_table.py took 0.699 seconds
[2024-05-06T15:44:17.360+0000] {processor.py:161} INFO - Started process (PID=1499) to work on /opt/airflow/dags/create_table.py
[2024-05-06T15:44:17.361+0000] {processor.py:830} INFO - Processing file /opt/airflow/dags/create_table.py for tasks to queue
[2024-05-06T15:44:17.364+0000] {logging_mixin.py:188} INFO - [2024-05-06T15:44:17.363+0000] {dagbag.py:540} INFO - Filling up the DagBag from /opt/airflow/dags/create_table.py
[2024-05-06T15:44:18.002+0000] {processor.py:840} INFO - DAG(s) 'example' retrieved from /opt/airflow/dags/create_table.py
[2024-05-06T15:44:18.020+0000] {logging_mixin.py:188} INFO - [2024-05-06T15:44:18.019+0000] {dag.py:3096} INFO - Sync 1 DAGs
[2024-05-06T15:44:18.031+0000] {logging_mixin.py:188} INFO - [2024-05-06T15:44:18.031+0000] {dag.py:3954} INFO - Setting next_dagrun for example to None, run_after=None
[2024-05-06T15:44:18.053+0000] {processor.py:183} INFO - Processing /opt/airflow/dags/create_table.py took 0.700 seconds
[2024-05-06T15:44:49.042+0000] {processor.py:161} INFO - Started process (PID=1568) to work on /opt/airflow/dags/create_table.py
[2024-05-06T15:44:49.043+0000] {processor.py:830} INFO - Processing file /opt/airflow/dags/create_table.py for tasks to queue
[2024-05-06T15:44:49.045+0000] {logging_mixin.py:188} INFO - [2024-05-06T15:44:49.045+0000] {dagbag.py:540} INFO - Filling up the DagBag from /opt/airflow/dags/create_table.py
[2024-05-06T15:44:49.719+0000] {processor.py:840} INFO - DAG(s) 'example' retrieved from /opt/airflow/dags/create_table.py
[2024-05-06T15:44:49.738+0000] {logging_mixin.py:188} INFO - [2024-05-06T15:44:49.737+0000] {dag.py:3096} INFO - Sync 1 DAGs
[2024-05-06T15:44:49.750+0000] {logging_mixin.py:188} INFO - [2024-05-06T15:44:49.750+0000] {dag.py:3954} INFO - Setting next_dagrun for example to None, run_after=None
[2024-05-06T15:44:49.771+0000] {processor.py:183} INFO - Processing /opt/airflow/dags/create_table.py took 0.736 seconds
[2024-05-06T15:45:20.176+0000] {processor.py:161} INFO - Started process (PID=1635) to work on /opt/airflow/dags/create_table.py
[2024-05-06T15:45:20.178+0000] {processor.py:830} INFO - Processing file /opt/airflow/dags/create_table.py for tasks to queue
[2024-05-06T15:45:20.181+0000] {logging_mixin.py:188} INFO - [2024-05-06T15:45:20.180+0000] {dagbag.py:540} INFO - Filling up the DagBag from /opt/airflow/dags/create_table.py
[2024-05-06T15:45:20.902+0000] {processor.py:840} INFO - DAG(s) 'example' retrieved from /opt/airflow/dags/create_table.py
[2024-05-06T15:45:20.923+0000] {logging_mixin.py:188} INFO - [2024-05-06T15:45:20.923+0000] {dag.py:3096} INFO - Sync 1 DAGs
[2024-05-06T15:45:20.936+0000] {logging_mixin.py:188} INFO - [2024-05-06T15:45:20.935+0000] {dag.py:3954} INFO - Setting next_dagrun for example to None, run_after=None
[2024-05-06T15:45:20.964+0000] {processor.py:183} INFO - Processing /opt/airflow/dags/create_table.py took 0.795 seconds
[2024-05-06T15:45:51.650+0000] {processor.py:161} INFO - Started process (PID=1704) to work on /opt/airflow/dags/create_table.py
[2024-05-06T15:45:51.651+0000] {processor.py:830} INFO - Processing file /opt/airflow/dags/create_table.py for tasks to queue
[2024-05-06T15:45:51.653+0000] {logging_mixin.py:188} INFO - [2024-05-06T15:45:51.653+0000] {dagbag.py:540} INFO - Filling up the DagBag from /opt/airflow/dags/create_table.py
[2024-05-06T15:45:52.315+0000] {processor.py:840} INFO - DAG(s) 'example' retrieved from /opt/airflow/dags/create_table.py
[2024-05-06T15:45:52.335+0000] {logging_mixin.py:188} INFO - [2024-05-06T15:45:52.334+0000] {dag.py:3096} INFO - Sync 1 DAGs
[2024-05-06T15:45:52.349+0000] {logging_mixin.py:188} INFO - [2024-05-06T15:45:52.349+0000] {dag.py:3954} INFO - Setting next_dagrun for example to None, run_after=None
[2024-05-06T15:45:52.376+0000] {processor.py:183} INFO - Processing /opt/airflow/dags/create_table.py took 0.732 seconds
[2024-05-06T15:46:22.863+0000] {processor.py:161} INFO - Started process (PID=1772) to work on /opt/airflow/dags/create_table.py
[2024-05-06T15:46:22.865+0000] {processor.py:830} INFO - Processing file /opt/airflow/dags/create_table.py for tasks to queue
[2024-05-06T15:46:22.867+0000] {logging_mixin.py:188} INFO - [2024-05-06T15:46:22.866+0000] {dagbag.py:540} INFO - Filling up the DagBag from /opt/airflow/dags/create_table.py
[2024-05-06T15:46:23.471+0000] {processor.py:840} INFO - DAG(s) 'example' retrieved from /opt/airflow/dags/create_table.py
[2024-05-06T15:46:23.488+0000] {logging_mixin.py:188} INFO - [2024-05-06T15:46:23.488+0000] {dag.py:3096} INFO - Sync 1 DAGs
[2024-05-06T15:46:23.500+0000] {logging_mixin.py:188} INFO - [2024-05-06T15:46:23.499+0000] {dag.py:3954} INFO - Setting next_dagrun for example to None, run_after=None
[2024-05-06T15:46:23.522+0000] {processor.py:183} INFO - Processing /opt/airflow/dags/create_table.py took 0.664 seconds
[2024-05-06T15:46:54.468+0000] {processor.py:161} INFO - Started process (PID=1840) to work on /opt/airflow/dags/create_table.py
[2024-05-06T15:46:54.469+0000] {processor.py:830} INFO - Processing file /opt/airflow/dags/create_table.py for tasks to queue
[2024-05-06T15:46:54.471+0000] {logging_mixin.py:188} INFO - [2024-05-06T15:46:54.471+0000] {dagbag.py:540} INFO - Filling up the DagBag from /opt/airflow/dags/create_table.py
[2024-05-06T15:46:55.117+0000] {processor.py:840} INFO - DAG(s) 'example' retrieved from /opt/airflow/dags/create_table.py
[2024-05-06T15:46:55.135+0000] {logging_mixin.py:188} INFO - [2024-05-06T15:46:55.134+0000] {dag.py:3096} INFO - Sync 1 DAGs
[2024-05-06T15:46:55.147+0000] {logging_mixin.py:188} INFO - [2024-05-06T15:46:55.147+0000] {dag.py:3954} INFO - Setting next_dagrun for example to None, run_after=None
[2024-05-06T15:46:55.165+0000] {processor.py:183} INFO - Processing /opt/airflow/dags/create_table.py took 0.703 seconds
[2024-05-06T15:47:26.081+0000] {processor.py:161} INFO - Started process (PID=1908) to work on /opt/airflow/dags/create_table.py
[2024-05-06T15:47:26.082+0000] {processor.py:830} INFO - Processing file /opt/airflow/dags/create_table.py for tasks to queue
[2024-05-06T15:47:26.084+0000] {logging_mixin.py:188} INFO - [2024-05-06T15:47:26.083+0000] {dagbag.py:540} INFO - Filling up the DagBag from /opt/airflow/dags/create_table.py
[2024-05-06T15:47:26.800+0000] {processor.py:840} INFO - DAG(s) 'example' retrieved from /opt/airflow/dags/create_table.py
[2024-05-06T15:47:26.819+0000] {logging_mixin.py:188} INFO - [2024-05-06T15:47:26.819+0000] {dag.py:3096} INFO - Sync 1 DAGs
[2024-05-06T15:47:26.835+0000] {logging_mixin.py:188} INFO - [2024-05-06T15:47:26.834+0000] {dag.py:3954} INFO - Setting next_dagrun for example to None, run_after=None
[2024-05-06T15:47:26.863+0000] {processor.py:183} INFO - Processing /opt/airflow/dags/create_table.py took 0.791 seconds
[2024-05-06T15:47:57.655+0000] {processor.py:161} INFO - Started process (PID=1976) to work on /opt/airflow/dags/create_table.py
[2024-05-06T15:47:57.657+0000] {processor.py:830} INFO - Processing file /opt/airflow/dags/create_table.py for tasks to queue
[2024-05-06T15:47:57.661+0000] {logging_mixin.py:188} INFO - [2024-05-06T15:47:57.660+0000] {dagbag.py:540} INFO - Filling up the DagBag from /opt/airflow/dags/create_table.py
[2024-05-06T15:47:58.592+0000] {processor.py:840} INFO - DAG(s) 'example' retrieved from /opt/airflow/dags/create_table.py
[2024-05-06T15:47:58.613+0000] {logging_mixin.py:188} INFO - [2024-05-06T15:47:58.613+0000] {dag.py:3096} INFO - Sync 1 DAGs
[2024-05-06T15:47:58.628+0000] {logging_mixin.py:188} INFO - [2024-05-06T15:47:58.628+0000] {dag.py:3954} INFO - Setting next_dagrun for example to None, run_after=None
[2024-05-06T15:47:58.658+0000] {processor.py:183} INFO - Processing /opt/airflow/dags/create_table.py took 1.015 seconds
[2024-05-06T15:48:29.190+0000] {processor.py:161} INFO - Started process (PID=2046) to work on /opt/airflow/dags/create_table.py
[2024-05-06T15:48:29.192+0000] {processor.py:830} INFO - Processing file /opt/airflow/dags/create_table.py for tasks to queue
[2024-05-06T15:48:29.198+0000] {logging_mixin.py:188} INFO - [2024-05-06T15:48:29.196+0000] {dagbag.py:540} INFO - Filling up the DagBag from /opt/airflow/dags/create_table.py
[2024-05-06T15:48:29.924+0000] {processor.py:840} INFO - DAG(s) 'example' retrieved from /opt/airflow/dags/create_table.py
[2024-05-06T15:48:29.941+0000] {logging_mixin.py:188} INFO - [2024-05-06T15:48:29.940+0000] {dag.py:3096} INFO - Sync 1 DAGs
[2024-05-06T15:48:29.959+0000] {logging_mixin.py:188} INFO - [2024-05-06T15:48:29.958+0000] {dag.py:3954} INFO - Setting next_dagrun for example to None, run_after=None
[2024-05-06T15:48:29.984+0000] {processor.py:183} INFO - Processing /opt/airflow/dags/create_table.py took 0.817 seconds
[2024-05-06T15:49:00.495+0000] {processor.py:161} INFO - Started process (PID=2113) to work on /opt/airflow/dags/create_table.py
[2024-05-06T15:49:00.496+0000] {processor.py:830} INFO - Processing file /opt/airflow/dags/create_table.py for tasks to queue
[2024-05-06T15:49:00.498+0000] {logging_mixin.py:188} INFO - [2024-05-06T15:49:00.498+0000] {dagbag.py:540} INFO - Filling up the DagBag from /opt/airflow/dags/create_table.py
[2024-05-06T15:49:01.129+0000] {processor.py:840} INFO - DAG(s) 'example' retrieved from /opt/airflow/dags/create_table.py
[2024-05-06T15:49:01.145+0000] {logging_mixin.py:188} INFO - [2024-05-06T15:49:01.145+0000] {dag.py:3096} INFO - Sync 1 DAGs
[2024-05-06T15:49:01.157+0000] {logging_mixin.py:188} INFO - [2024-05-06T15:49:01.156+0000] {dag.py:3954} INFO - Setting next_dagrun for example to None, run_after=None
[2024-05-06T15:49:01.177+0000] {processor.py:183} INFO - Processing /opt/airflow/dags/create_table.py took 0.688 seconds
[2024-05-06T15:49:31.884+0000] {processor.py:161} INFO - Started process (PID=2180) to work on /opt/airflow/dags/create_table.py
[2024-05-06T15:49:31.885+0000] {processor.py:830} INFO - Processing file /opt/airflow/dags/create_table.py for tasks to queue
[2024-05-06T15:49:31.888+0000] {logging_mixin.py:188} INFO - [2024-05-06T15:49:31.887+0000] {dagbag.py:540} INFO - Filling up the DagBag from /opt/airflow/dags/create_table.py
[2024-05-06T15:49:32.587+0000] {processor.py:840} INFO - DAG(s) 'example' retrieved from /opt/airflow/dags/create_table.py
[2024-05-06T15:49:32.605+0000] {logging_mixin.py:188} INFO - [2024-05-06T15:49:32.604+0000] {dag.py:3096} INFO - Sync 1 DAGs
[2024-05-06T15:49:32.616+0000] {logging_mixin.py:188} INFO - [2024-05-06T15:49:32.616+0000] {dag.py:3954} INFO - Setting next_dagrun for example to None, run_after=None
[2024-05-06T15:49:32.635+0000] {processor.py:183} INFO - Processing /opt/airflow/dags/create_table.py took 0.759 seconds
[2024-05-06T15:50:03.218+0000] {processor.py:161} INFO - Started process (PID=2247) to work on /opt/airflow/dags/create_table.py
[2024-05-06T15:50:03.219+0000] {processor.py:830} INFO - Processing file /opt/airflow/dags/create_table.py for tasks to queue
[2024-05-06T15:50:03.221+0000] {logging_mixin.py:188} INFO - [2024-05-06T15:50:03.221+0000] {dagbag.py:540} INFO - Filling up the DagBag from /opt/airflow/dags/create_table.py
[2024-05-06T15:50:03.912+0000] {processor.py:840} INFO - DAG(s) 'example' retrieved from /opt/airflow/dags/create_table.py
[2024-05-06T15:50:03.931+0000] {logging_mixin.py:188} INFO - [2024-05-06T15:50:03.930+0000] {dag.py:3096} INFO - Sync 1 DAGs
[2024-05-06T15:50:03.943+0000] {logging_mixin.py:188} INFO - [2024-05-06T15:50:03.943+0000] {dag.py:3954} INFO - Setting next_dagrun for example to None, run_after=None
[2024-05-06T15:50:03.968+0000] {processor.py:183} INFO - Processing /opt/airflow/dags/create_table.py took 0.757 seconds
[2024-05-06T15:50:34.066+0000] {processor.py:161} INFO - Started process (PID=2315) to work on /opt/airflow/dags/create_table.py
[2024-05-06T15:50:34.067+0000] {processor.py:830} INFO - Processing file /opt/airflow/dags/create_table.py for tasks to queue
[2024-05-06T15:50:34.069+0000] {logging_mixin.py:188} INFO - [2024-05-06T15:50:34.069+0000] {dagbag.py:540} INFO - Filling up the DagBag from /opt/airflow/dags/create_table.py
[2024-05-06T15:50:34.678+0000] {processor.py:840} INFO - DAG(s) 'example' retrieved from /opt/airflow/dags/create_table.py
[2024-05-06T15:50:34.695+0000] {logging_mixin.py:188} INFO - [2024-05-06T15:50:34.694+0000] {dag.py:3096} INFO - Sync 1 DAGs
[2024-05-06T15:50:34.708+0000] {logging_mixin.py:188} INFO - [2024-05-06T15:50:34.708+0000] {dag.py:3954} INFO - Setting next_dagrun for example to None, run_after=None
[2024-05-06T15:50:34.731+0000] {processor.py:183} INFO - Processing /opt/airflow/dags/create_table.py took 0.672 seconds
[2024-05-06T15:51:05.389+0000] {processor.py:161} INFO - Started process (PID=2382) to work on /opt/airflow/dags/create_table.py
[2024-05-06T15:51:05.390+0000] {processor.py:830} INFO - Processing file /opt/airflow/dags/create_table.py for tasks to queue
[2024-05-06T15:51:05.392+0000] {logging_mixin.py:188} INFO - [2024-05-06T15:51:05.391+0000] {dagbag.py:540} INFO - Filling up the DagBag from /opt/airflow/dags/create_table.py
[2024-05-06T15:51:06.005+0000] {processor.py:840} INFO - DAG(s) 'example' retrieved from /opt/airflow/dags/create_table.py
[2024-05-06T15:51:06.021+0000] {logging_mixin.py:188} INFO - [2024-05-06T15:51:06.021+0000] {dag.py:3096} INFO - Sync 1 DAGs
[2024-05-06T15:51:06.034+0000] {logging_mixin.py:188} INFO - [2024-05-06T15:51:06.033+0000] {dag.py:3954} INFO - Setting next_dagrun for example to None, run_after=None
[2024-05-06T15:51:06.058+0000] {processor.py:183} INFO - Processing /opt/airflow/dags/create_table.py took 0.675 seconds
[2024-05-06T15:51:36.168+0000] {processor.py:161} INFO - Started process (PID=2450) to work on /opt/airflow/dags/create_table.py
[2024-05-06T15:51:36.169+0000] {processor.py:830} INFO - Processing file /opt/airflow/dags/create_table.py for tasks to queue
[2024-05-06T15:51:36.171+0000] {logging_mixin.py:188} INFO - [2024-05-06T15:51:36.171+0000] {dagbag.py:540} INFO - Filling up the DagBag from /opt/airflow/dags/create_table.py
[2024-05-06T15:51:36.900+0000] {processor.py:840} INFO - DAG(s) 'example' retrieved from /opt/airflow/dags/create_table.py
[2024-05-06T15:51:36.918+0000] {logging_mixin.py:188} INFO - [2024-05-06T15:51:36.918+0000] {dag.py:3096} INFO - Sync 1 DAGs
[2024-05-06T15:51:36.931+0000] {logging_mixin.py:188} INFO - [2024-05-06T15:51:36.931+0000] {dag.py:3954} INFO - Setting next_dagrun for example to None, run_after=None
[2024-05-06T15:51:36.961+0000] {processor.py:183} INFO - Processing /opt/airflow/dags/create_table.py took 0.800 seconds
[2024-05-06T15:52:07.046+0000] {processor.py:161} INFO - Started process (PID=2517) to work on /opt/airflow/dags/create_table.py
[2024-05-06T15:52:07.048+0000] {processor.py:830} INFO - Processing file /opt/airflow/dags/create_table.py for tasks to queue
[2024-05-06T15:52:07.051+0000] {logging_mixin.py:188} INFO - [2024-05-06T15:52:07.050+0000] {dagbag.py:540} INFO - Filling up the DagBag from /opt/airflow/dags/create_table.py
[2024-05-06T15:52:08.049+0000] {processor.py:840} INFO - DAG(s) 'example' retrieved from /opt/airflow/dags/create_table.py
[2024-05-06T15:52:08.071+0000] {logging_mixin.py:188} INFO - [2024-05-06T15:52:08.070+0000] {dag.py:3096} INFO - Sync 1 DAGs
[2024-05-06T15:52:08.087+0000] {logging_mixin.py:188} INFO - [2024-05-06T15:52:08.087+0000] {dag.py:3954} INFO - Setting next_dagrun for example to None, run_after=None
[2024-05-06T15:52:08.116+0000] {processor.py:183} INFO - Processing /opt/airflow/dags/create_table.py took 1.081 seconds
[2024-05-06T15:52:38.825+0000] {processor.py:161} INFO - Started process (PID=2584) to work on /opt/airflow/dags/create_table.py
[2024-05-06T15:52:38.826+0000] {processor.py:830} INFO - Processing file /opt/airflow/dags/create_table.py for tasks to queue
[2024-05-06T15:52:38.829+0000] {logging_mixin.py:188} INFO - [2024-05-06T15:52:38.828+0000] {dagbag.py:540} INFO - Filling up the DagBag from /opt/airflow/dags/create_table.py
[2024-05-06T15:52:39.610+0000] {processor.py:840} INFO - DAG(s) 'example' retrieved from /opt/airflow/dags/create_table.py
[2024-05-06T15:52:39.628+0000] {logging_mixin.py:188} INFO - [2024-05-06T15:52:39.628+0000] {dag.py:3096} INFO - Sync 1 DAGs
[2024-05-06T15:52:39.641+0000] {logging_mixin.py:188} INFO - [2024-05-06T15:52:39.641+0000] {dag.py:3954} INFO - Setting next_dagrun for example to None, run_after=None
[2024-05-06T15:52:39.668+0000] {processor.py:183} INFO - Processing /opt/airflow/dags/create_table.py took 0.850 seconds
[2024-05-06T15:53:10.394+0000] {processor.py:161} INFO - Started process (PID=2655) to work on /opt/airflow/dags/create_table.py
[2024-05-06T15:53:10.395+0000] {processor.py:830} INFO - Processing file /opt/airflow/dags/create_table.py for tasks to queue
[2024-05-06T15:53:10.397+0000] {logging_mixin.py:188} INFO - [2024-05-06T15:53:10.396+0000] {dagbag.py:540} INFO - Filling up the DagBag from /opt/airflow/dags/create_table.py
[2024-05-06T15:53:11.070+0000] {processor.py:840} INFO - DAG(s) 'example' retrieved from /opt/airflow/dags/create_table.py
[2024-05-06T15:53:11.089+0000] {logging_mixin.py:188} INFO - [2024-05-06T15:53:11.089+0000] {dag.py:3096} INFO - Sync 1 DAGs
[2024-05-06T15:53:11.101+0000] {logging_mixin.py:188} INFO - [2024-05-06T15:53:11.101+0000] {dag.py:3954} INFO - Setting next_dagrun for example to None, run_after=None
[2024-05-06T15:53:11.125+0000] {processor.py:183} INFO - Processing /opt/airflow/dags/create_table.py took 0.738 seconds
[2024-05-06T15:53:41.749+0000] {processor.py:161} INFO - Started process (PID=2724) to work on /opt/airflow/dags/create_table.py
[2024-05-06T15:53:41.750+0000] {processor.py:830} INFO - Processing file /opt/airflow/dags/create_table.py for tasks to queue
[2024-05-06T15:53:41.751+0000] {logging_mixin.py:188} INFO - [2024-05-06T15:53:41.751+0000] {dagbag.py:540} INFO - Filling up the DagBag from /opt/airflow/dags/create_table.py
[2024-05-06T15:53:42.411+0000] {processor.py:840} INFO - DAG(s) 'example' retrieved from /opt/airflow/dags/create_table.py
[2024-05-06T15:53:42.430+0000] {logging_mixin.py:188} INFO - [2024-05-06T15:53:42.430+0000] {dag.py:3096} INFO - Sync 1 DAGs
[2024-05-06T15:53:42.442+0000] {logging_mixin.py:188} INFO - [2024-05-06T15:53:42.441+0000] {dag.py:3954} INFO - Setting next_dagrun for example to None, run_after=None
[2024-05-06T15:53:42.466+0000] {processor.py:183} INFO - Processing /opt/airflow/dags/create_table.py took 0.724 seconds
[2024-05-06T15:54:12.768+0000] {processor.py:161} INFO - Started process (PID=2791) to work on /opt/airflow/dags/create_table.py
[2024-05-06T15:54:12.769+0000] {processor.py:830} INFO - Processing file /opt/airflow/dags/create_table.py for tasks to queue
[2024-05-06T15:54:12.771+0000] {logging_mixin.py:188} INFO - [2024-05-06T15:54:12.771+0000] {dagbag.py:540} INFO - Filling up the DagBag from /opt/airflow/dags/create_table.py
[2024-05-06T15:54:13.410+0000] {processor.py:840} INFO - DAG(s) 'example' retrieved from /opt/airflow/dags/create_table.py
[2024-05-06T15:54:13.427+0000] {logging_mixin.py:188} INFO - [2024-05-06T15:54:13.427+0000] {dag.py:3096} INFO - Sync 1 DAGs
[2024-05-06T15:54:13.573+0000] {logging_mixin.py:188} INFO - [2024-05-06T15:54:13.573+0000] {dag.py:3954} INFO - Setting next_dagrun for example to None, run_after=None
[2024-05-06T15:54:13.593+0000] {processor.py:183} INFO - Processing /opt/airflow/dags/create_table.py took 0.831 seconds
[2024-05-06T15:54:43.713+0000] {processor.py:161} INFO - Started process (PID=2864) to work on /opt/airflow/dags/create_table.py
[2024-05-06T15:54:43.714+0000] {processor.py:830} INFO - Processing file /opt/airflow/dags/create_table.py for tasks to queue
[2024-05-06T15:54:43.717+0000] {logging_mixin.py:188} INFO - [2024-05-06T15:54:43.717+0000] {dagbag.py:540} INFO - Filling up the DagBag from /opt/airflow/dags/create_table.py
[2024-05-06T15:54:44.352+0000] {processor.py:840} INFO - DAG(s) 'example' retrieved from /opt/airflow/dags/create_table.py
[2024-05-06T15:54:44.369+0000] {logging_mixin.py:188} INFO - [2024-05-06T15:54:44.369+0000] {dag.py:3096} INFO - Sync 1 DAGs
[2024-05-06T15:54:44.501+0000] {logging_mixin.py:188} INFO - [2024-05-06T15:54:44.501+0000] {dag.py:3954} INFO - Setting next_dagrun for example to None, run_after=None
[2024-05-06T15:54:44.525+0000] {processor.py:183} INFO - Processing /opt/airflow/dags/create_table.py took 0.819 seconds
[2024-05-06T15:55:14.886+0000] {processor.py:161} INFO - Started process (PID=2932) to work on /opt/airflow/dags/create_table.py
[2024-05-06T15:55:14.887+0000] {processor.py:830} INFO - Processing file /opt/airflow/dags/create_table.py for tasks to queue
[2024-05-06T15:55:14.889+0000] {logging_mixin.py:188} INFO - [2024-05-06T15:55:14.889+0000] {dagbag.py:540} INFO - Filling up the DagBag from /opt/airflow/dags/create_table.py
[2024-05-06T15:55:15.614+0000] {processor.py:840} INFO - DAG(s) 'example' retrieved from /opt/airflow/dags/create_table.py
[2024-05-06T15:55:15.633+0000] {logging_mixin.py:188} INFO - [2024-05-06T15:55:15.632+0000] {dag.py:3096} INFO - Sync 1 DAGs
[2024-05-06T15:55:15.646+0000] {logging_mixin.py:188} INFO - [2024-05-06T15:55:15.646+0000] {dag.py:3954} INFO - Setting next_dagrun for example to None, run_after=None
[2024-05-06T15:55:15.672+0000] {processor.py:183} INFO - Processing /opt/airflow/dags/create_table.py took 0.793 seconds
[2024-05-06T15:55:45.909+0000] {processor.py:161} INFO - Started process (PID=3008) to work on /opt/airflow/dags/create_table.py
[2024-05-06T15:55:45.910+0000] {processor.py:830} INFO - Processing file /opt/airflow/dags/create_table.py for tasks to queue
[2024-05-06T15:55:45.912+0000] {logging_mixin.py:188} INFO - [2024-05-06T15:55:45.912+0000] {dagbag.py:540} INFO - Filling up the DagBag from /opt/airflow/dags/create_table.py
[2024-05-06T15:55:46.607+0000] {processor.py:840} INFO - DAG(s) 'example' retrieved from /opt/airflow/dags/create_table.py
[2024-05-06T15:55:46.631+0000] {logging_mixin.py:188} INFO - [2024-05-06T15:55:46.631+0000] {dag.py:3096} INFO - Sync 1 DAGs
[2024-05-06T15:55:46.649+0000] {logging_mixin.py:188} INFO - [2024-05-06T15:55:46.649+0000] {dag.py:3954} INFO - Setting next_dagrun for example to None, run_after=None
[2024-05-06T15:55:46.667+0000] {processor.py:183} INFO - Processing /opt/airflow/dags/create_table.py took 0.766 seconds
[2024-05-06T15:56:16.787+0000] {processor.py:161} INFO - Started process (PID=3081) to work on /opt/airflow/dags/create_table.py
[2024-05-06T15:56:16.789+0000] {processor.py:830} INFO - Processing file /opt/airflow/dags/create_table.py for tasks to queue
[2024-05-06T15:56:16.792+0000] {logging_mixin.py:188} INFO - [2024-05-06T15:56:16.791+0000] {dagbag.py:540} INFO - Filling up the DagBag from /opt/airflow/dags/create_table.py
[2024-05-06T15:56:17.482+0000] {processor.py:840} INFO - DAG(s) 'example' retrieved from /opt/airflow/dags/create_table.py
[2024-05-06T15:56:17.515+0000] {logging_mixin.py:188} INFO - [2024-05-06T15:56:17.511+0000] {dag.py:3096} INFO - Sync 1 DAGs
[2024-05-06T15:56:17.532+0000] {logging_mixin.py:188} INFO - [2024-05-06T15:56:17.532+0000] {dag.py:3954} INFO - Setting next_dagrun for example to None, run_after=None
[2024-05-06T15:56:17.554+0000] {processor.py:183} INFO - Processing /opt/airflow/dags/create_table.py took 0.778 seconds
[2024-05-06T15:56:47.966+0000] {processor.py:161} INFO - Started process (PID=3148) to work on /opt/airflow/dags/create_table.py
[2024-05-06T15:56:47.967+0000] {processor.py:830} INFO - Processing file /opt/airflow/dags/create_table.py for tasks to queue
[2024-05-06T15:56:47.969+0000] {logging_mixin.py:188} INFO - [2024-05-06T15:56:47.969+0000] {dagbag.py:540} INFO - Filling up the DagBag from /opt/airflow/dags/create_table.py
[2024-05-06T15:56:48.649+0000] {processor.py:840} INFO - DAG(s) 'example' retrieved from /opt/airflow/dags/create_table.py
[2024-05-06T15:56:48.791+0000] {logging_mixin.py:188} INFO - [2024-05-06T15:56:48.791+0000] {dag.py:3096} INFO - Sync 1 DAGs
[2024-05-06T15:56:48.802+0000] {logging_mixin.py:188} INFO - [2024-05-06T15:56:48.801+0000] {dag.py:3954} INFO - Setting next_dagrun for example to None, run_after=None
[2024-05-06T15:56:48.824+0000] {processor.py:183} INFO - Processing /opt/airflow/dags/create_table.py took 0.864 seconds
[2024-05-06T15:57:19.638+0000] {processor.py:161} INFO - Started process (PID=3220) to work on /opt/airflow/dags/create_table.py
[2024-05-06T15:57:19.639+0000] {processor.py:830} INFO - Processing file /opt/airflow/dags/create_table.py for tasks to queue
[2024-05-06T15:57:19.641+0000] {logging_mixin.py:188} INFO - [2024-05-06T15:57:19.641+0000] {dagbag.py:540} INFO - Filling up the DagBag from /opt/airflow/dags/create_table.py
[2024-05-06T15:57:20.291+0000] {processor.py:840} INFO - DAG(s) 'example' retrieved from /opt/airflow/dags/create_table.py
[2024-05-06T15:57:20.433+0000] {logging_mixin.py:188} INFO - [2024-05-06T15:57:20.433+0000] {dag.py:3096} INFO - Sync 1 DAGs
[2024-05-06T15:57:20.446+0000] {logging_mixin.py:188} INFO - [2024-05-06T15:57:20.446+0000] {dag.py:3954} INFO - Setting next_dagrun for example to None, run_after=None
[2024-05-06T15:57:20.466+0000] {processor.py:183} INFO - Processing /opt/airflow/dags/create_table.py took 0.834 seconds
[2024-05-06T15:57:51.336+0000] {processor.py:161} INFO - Started process (PID=3292) to work on /opt/airflow/dags/create_table.py
[2024-05-06T15:57:51.337+0000] {processor.py:830} INFO - Processing file /opt/airflow/dags/create_table.py for tasks to queue
[2024-05-06T15:57:51.339+0000] {logging_mixin.py:188} INFO - [2024-05-06T15:57:51.339+0000] {dagbag.py:540} INFO - Filling up the DagBag from /opt/airflow/dags/create_table.py
[2024-05-06T15:57:51.943+0000] {processor.py:840} INFO - DAG(s) 'example' retrieved from /opt/airflow/dags/create_table.py
[2024-05-06T15:57:52.080+0000] {logging_mixin.py:188} INFO - [2024-05-06T15:57:52.080+0000] {dag.py:3096} INFO - Sync 1 DAGs
[2024-05-06T15:57:52.092+0000] {logging_mixin.py:188} INFO - [2024-05-06T15:57:52.092+0000] {dag.py:3954} INFO - Setting next_dagrun for example to None, run_after=None
[2024-05-06T15:57:52.116+0000] {processor.py:183} INFO - Processing /opt/airflow/dags/create_table.py took 0.786 seconds
[2024-05-06T15:58:23.131+0000] {processor.py:161} INFO - Started process (PID=3359) to work on /opt/airflow/dags/create_table.py
[2024-05-06T15:58:23.132+0000] {processor.py:830} INFO - Processing file /opt/airflow/dags/create_table.py for tasks to queue
[2024-05-06T15:58:23.134+0000] {logging_mixin.py:188} INFO - [2024-05-06T15:58:23.134+0000] {dagbag.py:540} INFO - Filling up the DagBag from /opt/airflow/dags/create_table.py
[2024-05-06T15:58:23.852+0000] {processor.py:840} INFO - DAG(s) 'example' retrieved from /opt/airflow/dags/create_table.py
[2024-05-06T15:58:23.867+0000] {logging_mixin.py:188} INFO - [2024-05-06T15:58:23.867+0000] {dag.py:3096} INFO - Sync 1 DAGs
[2024-05-06T15:58:23.879+0000] {logging_mixin.py:188} INFO - [2024-05-06T15:58:23.879+0000] {dag.py:3954} INFO - Setting next_dagrun for example to None, run_after=None
[2024-05-06T15:58:23.898+0000] {processor.py:183} INFO - Processing /opt/airflow/dags/create_table.py took 0.773 seconds
[2024-05-06T15:58:52.995+0000] {processor.py:161} INFO - Started process (PID=3426) to work on /opt/airflow/dags/create_table.py
[2024-05-06T15:58:52.997+0000] {processor.py:830} INFO - Processing file /opt/airflow/dags/create_table.py for tasks to queue
[2024-05-06T15:58:52.999+0000] {logging_mixin.py:188} INFO - [2024-05-06T15:58:52.999+0000] {dagbag.py:540} INFO - Filling up the DagBag from /opt/airflow/dags/create_table.py
[2024-05-06T15:58:53.810+0000] {processor.py:840} INFO - DAG(s) 'example' retrieved from /opt/airflow/dags/create_table.py
[2024-05-06T15:58:53.917+0000] {logging_mixin.py:188} INFO - [2024-05-06T15:58:53.917+0000] {dag.py:3096} INFO - Sync 1 DAGs
[2024-05-06T15:58:53.927+0000] {logging_mixin.py:188} INFO - [2024-05-06T15:58:53.927+0000] {dag.py:3954} INFO - Setting next_dagrun for example to None, run_after=None
[2024-05-06T15:58:53.959+0000] {processor.py:183} INFO - Processing /opt/airflow/dags/create_table.py took 0.971 seconds
[2024-05-06T15:59:24.539+0000] {processor.py:161} INFO - Started process (PID=3493) to work on /opt/airflow/dags/create_table.py
[2024-05-06T15:59:24.540+0000] {processor.py:830} INFO - Processing file /opt/airflow/dags/create_table.py for tasks to queue
[2024-05-06T15:59:24.542+0000] {logging_mixin.py:188} INFO - [2024-05-06T15:59:24.542+0000] {dagbag.py:540} INFO - Filling up the DagBag from /opt/airflow/dags/create_table.py
[2024-05-06T15:59:25.331+0000] {processor.py:840} INFO - DAG(s) 'example' retrieved from /opt/airflow/dags/create_table.py
[2024-05-06T15:59:25.348+0000] {logging_mixin.py:188} INFO - [2024-05-06T15:59:25.347+0000] {dag.py:3096} INFO - Sync 1 DAGs
[2024-05-06T15:59:25.359+0000] {logging_mixin.py:188} INFO - [2024-05-06T15:59:25.359+0000] {dag.py:3954} INFO - Setting next_dagrun for example to None, run_after=None
[2024-05-06T15:59:25.384+0000] {processor.py:183} INFO - Processing /opt/airflow/dags/create_table.py took 0.850 seconds
[2024-05-06T15:59:56.218+0000] {processor.py:161} INFO - Started process (PID=3559) to work on /opt/airflow/dags/create_table.py
[2024-05-06T15:59:56.220+0000] {processor.py:830} INFO - Processing file /opt/airflow/dags/create_table.py for tasks to queue
[2024-05-06T15:59:56.224+0000] {logging_mixin.py:188} INFO - [2024-05-06T15:59:56.223+0000] {dagbag.py:540} INFO - Filling up the DagBag from /opt/airflow/dags/create_table.py
[2024-05-06T15:59:59.186+0000] {processor.py:840} INFO - DAG(s) 'example' retrieved from /opt/airflow/dags/create_table.py
[2024-05-06T15:59:59.215+0000] {logging_mixin.py:188} INFO - [2024-05-06T15:59:59.214+0000] {dag.py:3096} INFO - Sync 1 DAGs
[2024-05-06T15:59:59.239+0000] {logging_mixin.py:188} INFO - [2024-05-06T15:59:59.238+0000] {dag.py:3954} INFO - Setting next_dagrun for example to None, run_after=None
[2024-05-06T15:59:59.275+0000] {processor.py:183} INFO - Processing /opt/airflow/dags/create_table.py took 3.070 seconds
[2024-05-06T16:00:30.223+0000] {processor.py:161} INFO - Started process (PID=3629) to work on /opt/airflow/dags/create_table.py
[2024-05-06T16:00:30.224+0000] {processor.py:830} INFO - Processing file /opt/airflow/dags/create_table.py for tasks to queue
[2024-05-06T16:00:30.228+0000] {logging_mixin.py:188} INFO - [2024-05-06T16:00:30.227+0000] {dagbag.py:540} INFO - Filling up the DagBag from /opt/airflow/dags/create_table.py
[2024-05-06T16:00:31.026+0000] {processor.py:840} INFO - DAG(s) 'example' retrieved from /opt/airflow/dags/create_table.py
[2024-05-06T16:00:31.047+0000] {logging_mixin.py:188} INFO - [2024-05-06T16:00:31.046+0000] {dag.py:3096} INFO - Sync 1 DAGs
[2024-05-06T16:00:31.062+0000] {logging_mixin.py:188} INFO - [2024-05-06T16:00:31.061+0000] {dag.py:3954} INFO - Setting next_dagrun for example to None, run_after=None
[2024-05-06T16:00:31.081+0000] {processor.py:183} INFO - Processing /opt/airflow/dags/create_table.py took 0.865 seconds
[2024-05-06T16:01:01.270+0000] {processor.py:161} INFO - Started process (PID=3696) to work on /opt/airflow/dags/create_table.py
[2024-05-06T16:01:01.272+0000] {processor.py:830} INFO - Processing file /opt/airflow/dags/create_table.py for tasks to queue
[2024-05-06T16:01:01.277+0000] {logging_mixin.py:188} INFO - [2024-05-06T16:01:01.276+0000] {dagbag.py:540} INFO - Filling up the DagBag from /opt/airflow/dags/create_table.py
[2024-05-06T16:01:02.451+0000] {processor.py:840} INFO - DAG(s) 'example' retrieved from /opt/airflow/dags/create_table.py
[2024-05-06T16:01:02.471+0000] {logging_mixin.py:188} INFO - [2024-05-06T16:01:02.471+0000] {dag.py:3096} INFO - Sync 1 DAGs
[2024-05-06T16:01:02.489+0000] {logging_mixin.py:188} INFO - [2024-05-06T16:01:02.489+0000] {dag.py:3954} INFO - Setting next_dagrun for example to None, run_after=None
[2024-05-06T16:01:02.512+0000] {processor.py:183} INFO - Processing /opt/airflow/dags/create_table.py took 1.254 seconds
[2024-05-06T16:01:33.105+0000] {processor.py:161} INFO - Started process (PID=3764) to work on /opt/airflow/dags/create_table.py
[2024-05-06T16:01:33.106+0000] {processor.py:830} INFO - Processing file /opt/airflow/dags/create_table.py for tasks to queue
[2024-05-06T16:01:33.108+0000] {logging_mixin.py:188} INFO - [2024-05-06T16:01:33.108+0000] {dagbag.py:540} INFO - Filling up the DagBag from /opt/airflow/dags/create_table.py
[2024-05-06T16:01:34.012+0000] {processor.py:840} INFO - DAG(s) 'example' retrieved from /opt/airflow/dags/create_table.py
[2024-05-06T16:01:34.029+0000] {logging_mixin.py:188} INFO - [2024-05-06T16:01:34.028+0000] {dag.py:3096} INFO - Sync 1 DAGs
[2024-05-06T16:01:34.041+0000] {logging_mixin.py:188} INFO - [2024-05-06T16:01:34.040+0000] {dag.py:3954} INFO - Setting next_dagrun for example to None, run_after=None
[2024-05-06T16:01:34.068+0000] {processor.py:183} INFO - Processing /opt/airflow/dags/create_table.py took 0.970 seconds
[2024-05-06T16:02:04.995+0000] {processor.py:161} INFO - Started process (PID=3832) to work on /opt/airflow/dags/create_table.py
[2024-05-06T16:02:04.996+0000] {processor.py:830} INFO - Processing file /opt/airflow/dags/create_table.py for tasks to queue
[2024-05-06T16:02:04.999+0000] {logging_mixin.py:188} INFO - [2024-05-06T16:02:04.998+0000] {dagbag.py:540} INFO - Filling up the DagBag from /opt/airflow/dags/create_table.py
[2024-05-06T16:02:05.873+0000] {processor.py:840} INFO - DAG(s) 'example' retrieved from /opt/airflow/dags/create_table.py
[2024-05-06T16:02:05.889+0000] {logging_mixin.py:188} INFO - [2024-05-06T16:02:05.888+0000] {dag.py:3096} INFO - Sync 1 DAGs
[2024-05-06T16:02:05.899+0000] {logging_mixin.py:188} INFO - [2024-05-06T16:02:05.899+0000] {dag.py:3954} INFO - Setting next_dagrun for example to None, run_after=None
[2024-05-06T16:02:05.921+0000] {processor.py:183} INFO - Processing /opt/airflow/dags/create_table.py took 0.933 seconds
[2024-05-06T16:02:36.057+0000] {processor.py:161} INFO - Started process (PID=3899) to work on /opt/airflow/dags/create_table.py
[2024-05-06T16:02:36.058+0000] {processor.py:830} INFO - Processing file /opt/airflow/dags/create_table.py for tasks to queue
[2024-05-06T16:02:36.060+0000] {logging_mixin.py:188} INFO - [2024-05-06T16:02:36.059+0000] {dagbag.py:540} INFO - Filling up the DagBag from /opt/airflow/dags/create_table.py
[2024-05-06T16:02:36.964+0000] {processor.py:840} INFO - DAG(s) 'example' retrieved from /opt/airflow/dags/create_table.py
[2024-05-06T16:02:36.981+0000] {logging_mixin.py:188} INFO - [2024-05-06T16:02:36.981+0000] {dag.py:3096} INFO - Sync 1 DAGs
[2024-05-06T16:02:36.997+0000] {logging_mixin.py:188} INFO - [2024-05-06T16:02:36.997+0000] {dag.py:3954} INFO - Setting next_dagrun for example to None, run_after=None
[2024-05-06T16:02:37.020+0000] {processor.py:183} INFO - Processing /opt/airflow/dags/create_table.py took 0.969 seconds
[2024-05-06T16:02:43.686+0000] {processor.py:161} INFO - Started process (PID=3917) to work on /opt/airflow/dags/create_table.py
[2024-05-06T16:02:43.687+0000] {processor.py:830} INFO - Processing file /opt/airflow/dags/create_table.py for tasks to queue
[2024-05-06T16:02:43.691+0000] {logging_mixin.py:188} INFO - [2024-05-06T16:02:43.690+0000] {dagbag.py:540} INFO - Filling up the DagBag from /opt/airflow/dags/create_table.py
[2024-05-06T16:02:44.545+0000] {processor.py:840} INFO - DAG(s) 'example' retrieved from /opt/airflow/dags/create_table.py
[2024-05-06T16:02:44.559+0000] {logging_mixin.py:188} INFO - [2024-05-06T16:02:44.559+0000] {dag.py:3096} INFO - Sync 1 DAGs
[2024-05-06T16:02:44.569+0000] {logging_mixin.py:188} INFO - [2024-05-06T16:02:44.569+0000] {dag.py:3954} INFO - Setting next_dagrun for example to None, run_after=None
[2024-05-06T16:02:44.594+0000] {processor.py:183} INFO - Processing /opt/airflow/dags/create_table.py took 0.915 seconds
[2024-05-06T16:03:15.096+0000] {processor.py:161} INFO - Started process (PID=3984) to work on /opt/airflow/dags/create_table.py
[2024-05-06T16:03:15.097+0000] {processor.py:830} INFO - Processing file /opt/airflow/dags/create_table.py for tasks to queue
[2024-05-06T16:03:15.099+0000] {logging_mixin.py:188} INFO - [2024-05-06T16:03:15.099+0000] {dagbag.py:540} INFO - Filling up the DagBag from /opt/airflow/dags/create_table.py
[2024-05-06T16:03:15.880+0000] {processor.py:840} INFO - DAG(s) 'example' retrieved from /opt/airflow/dags/create_table.py
[2024-05-06T16:03:15.901+0000] {logging_mixin.py:188} INFO - [2024-05-06T16:03:15.901+0000] {dag.py:3096} INFO - Sync 1 DAGs
[2024-05-06T16:03:15.913+0000] {logging_mixin.py:188} INFO - [2024-05-06T16:03:15.913+0000] {dag.py:3954} INFO - Setting next_dagrun for example to None, run_after=None
[2024-05-06T16:03:15.941+0000] {processor.py:183} INFO - Processing /opt/airflow/dags/create_table.py took 0.853 seconds
[2024-05-06T16:03:46.022+0000] {processor.py:161} INFO - Started process (PID=4053) to work on /opt/airflow/dags/create_table.py
[2024-05-06T16:03:46.023+0000] {processor.py:830} INFO - Processing file /opt/airflow/dags/create_table.py for tasks to queue
[2024-05-06T16:03:46.025+0000] {logging_mixin.py:188} INFO - [2024-05-06T16:03:46.025+0000] {dagbag.py:540} INFO - Filling up the DagBag from /opt/airflow/dags/create_table.py
[2024-05-06T16:03:46.968+0000] {processor.py:840} INFO - DAG(s) 'example' retrieved from /opt/airflow/dags/create_table.py
[2024-05-06T16:03:46.985+0000] {logging_mixin.py:188} INFO - [2024-05-06T16:03:46.985+0000] {dag.py:3096} INFO - Sync 1 DAGs
[2024-05-06T16:03:46.997+0000] {logging_mixin.py:188} INFO - [2024-05-06T16:03:46.997+0000] {dag.py:3954} INFO - Setting next_dagrun for example to None, run_after=None
[2024-05-06T16:03:47.023+0000] {processor.py:183} INFO - Processing /opt/airflow/dags/create_table.py took 1.008 seconds
[2024-05-06T16:04:17.798+0000] {processor.py:161} INFO - Started process (PID=4126) to work on /opt/airflow/dags/create_table.py
[2024-05-06T16:04:17.800+0000] {processor.py:830} INFO - Processing file /opt/airflow/dags/create_table.py for tasks to queue
[2024-05-06T16:04:17.802+0000] {logging_mixin.py:188} INFO - [2024-05-06T16:04:17.802+0000] {dagbag.py:540} INFO - Filling up the DagBag from /opt/airflow/dags/create_table.py
[2024-05-06T16:04:18.754+0000] {processor.py:840} INFO - DAG(s) 'example' retrieved from /opt/airflow/dags/create_table.py
[2024-05-06T16:04:18.772+0000] {logging_mixin.py:188} INFO - [2024-05-06T16:04:18.771+0000] {dag.py:3096} INFO - Sync 1 DAGs
[2024-05-06T16:04:18.784+0000] {logging_mixin.py:188} INFO - [2024-05-06T16:04:18.784+0000] {dag.py:3954} INFO - Setting next_dagrun for example to None, run_after=None
[2024-05-06T16:04:18.805+0000] {processor.py:183} INFO - Processing /opt/airflow/dags/create_table.py took 1.016 seconds
[2024-05-06T16:04:49.437+0000] {processor.py:161} INFO - Started process (PID=4193) to work on /opt/airflow/dags/create_table.py
[2024-05-06T16:04:49.439+0000] {processor.py:830} INFO - Processing file /opt/airflow/dags/create_table.py for tasks to queue
[2024-05-06T16:04:49.442+0000] {logging_mixin.py:188} INFO - [2024-05-06T16:04:49.441+0000] {dagbag.py:540} INFO - Filling up the DagBag from /opt/airflow/dags/create_table.py
[2024-05-06T16:04:50.845+0000] {processor.py:840} INFO - DAG(s) 'example' retrieved from /opt/airflow/dags/create_table.py
[2024-05-06T16:04:50.870+0000] {logging_mixin.py:188} INFO - [2024-05-06T16:04:50.869+0000] {dag.py:3096} INFO - Sync 1 DAGs
[2024-05-06T16:04:50.893+0000] {logging_mixin.py:188} INFO - [2024-05-06T16:04:50.893+0000] {dag.py:3954} INFO - Setting next_dagrun for example to None, run_after=None
[2024-05-06T16:04:50.921+0000] {processor.py:183} INFO - Processing /opt/airflow/dags/create_table.py took 1.496 seconds
[2024-05-06T16:05:21.153+0000] {processor.py:161} INFO - Started process (PID=4266) to work on /opt/airflow/dags/create_table.py
[2024-05-06T16:05:21.154+0000] {processor.py:830} INFO - Processing file /opt/airflow/dags/create_table.py for tasks to queue
[2024-05-06T16:05:21.156+0000] {logging_mixin.py:188} INFO - [2024-05-06T16:05:21.156+0000] {dagbag.py:540} INFO - Filling up the DagBag from /opt/airflow/dags/create_table.py
[2024-05-06T16:05:21.963+0000] {processor.py:840} INFO - DAG(s) 'example' retrieved from /opt/airflow/dags/create_table.py
[2024-05-06T16:05:21.979+0000] {logging_mixin.py:188} INFO - [2024-05-06T16:05:21.978+0000] {dag.py:3096} INFO - Sync 1 DAGs
[2024-05-06T16:05:21.991+0000] {logging_mixin.py:188} INFO - [2024-05-06T16:05:21.991+0000] {dag.py:3954} INFO - Setting next_dagrun for example to None, run_after=None
[2024-05-06T16:05:22.015+0000] {processor.py:183} INFO - Processing /opt/airflow/dags/create_table.py took 0.868 seconds
[2024-05-06T16:05:52.415+0000] {processor.py:161} INFO - Started process (PID=4334) to work on /opt/airflow/dags/create_table.py
[2024-05-06T16:05:52.417+0000] {processor.py:830} INFO - Processing file /opt/airflow/dags/create_table.py for tasks to queue
[2024-05-06T16:05:52.420+0000] {logging_mixin.py:188} INFO - [2024-05-06T16:05:52.419+0000] {dagbag.py:540} INFO - Filling up the DagBag from /opt/airflow/dags/create_table.py
[2024-05-06T16:05:53.832+0000] {processor.py:840} INFO - DAG(s) 'example' retrieved from /opt/airflow/dags/create_table.py
[2024-05-06T16:05:53.855+0000] {logging_mixin.py:188} INFO - [2024-05-06T16:05:53.855+0000] {dag.py:3096} INFO - Sync 1 DAGs
[2024-05-06T16:05:53.873+0000] {logging_mixin.py:188} INFO - [2024-05-06T16:05:53.872+0000] {dag.py:3954} INFO - Setting next_dagrun for example to None, run_after=None
[2024-05-06T16:05:53.900+0000] {processor.py:183} INFO - Processing /opt/airflow/dags/create_table.py took 1.495 seconds
[2024-05-06T16:06:24.186+0000] {processor.py:161} INFO - Started process (PID=4406) to work on /opt/airflow/dags/create_table.py
[2024-05-06T16:06:24.187+0000] {processor.py:830} INFO - Processing file /opt/airflow/dags/create_table.py for tasks to queue
[2024-05-06T16:06:24.189+0000] {logging_mixin.py:188} INFO - [2024-05-06T16:06:24.189+0000] {dagbag.py:540} INFO - Filling up the DagBag from /opt/airflow/dags/create_table.py
[2024-05-06T16:06:25.016+0000] {processor.py:840} INFO - DAG(s) 'example' retrieved from /opt/airflow/dags/create_table.py
[2024-05-06T16:06:25.031+0000] {logging_mixin.py:188} INFO - [2024-05-06T16:06:25.031+0000] {dag.py:3096} INFO - Sync 1 DAGs
[2024-05-06T16:06:25.042+0000] {logging_mixin.py:188} INFO - [2024-05-06T16:06:25.042+0000] {dag.py:3954} INFO - Setting next_dagrun for example to None, run_after=None
[2024-05-06T16:06:25.063+0000] {processor.py:183} INFO - Processing /opt/airflow/dags/create_table.py took 0.883 seconds
[2024-05-06T16:06:55.269+0000] {processor.py:161} INFO - Started process (PID=4472) to work on /opt/airflow/dags/create_table.py
[2024-05-06T16:06:55.271+0000] {processor.py:830} INFO - Processing file /opt/airflow/dags/create_table.py for tasks to queue
[2024-05-06T16:06:55.273+0000] {logging_mixin.py:188} INFO - [2024-05-06T16:06:55.273+0000] {dagbag.py:540} INFO - Filling up the DagBag from /opt/airflow/dags/create_table.py
[2024-05-06T16:06:56.091+0000] {processor.py:840} INFO - DAG(s) 'example' retrieved from /opt/airflow/dags/create_table.py
[2024-05-06T16:06:56.107+0000] {logging_mixin.py:188} INFO - [2024-05-06T16:06:56.107+0000] {dag.py:3096} INFO - Sync 1 DAGs
[2024-05-06T16:06:56.118+0000] {logging_mixin.py:188} INFO - [2024-05-06T16:06:56.118+0000] {dag.py:3954} INFO - Setting next_dagrun for example to None, run_after=None
[2024-05-06T16:06:56.142+0000] {processor.py:183} INFO - Processing /opt/airflow/dags/create_table.py took 0.880 seconds
[2024-05-06T16:07:26.327+0000] {processor.py:161} INFO - Started process (PID=4541) to work on /opt/airflow/dags/create_table.py
[2024-05-06T16:07:26.328+0000] {processor.py:830} INFO - Processing file /opt/airflow/dags/create_table.py for tasks to queue
[2024-05-06T16:07:26.330+0000] {logging_mixin.py:188} INFO - [2024-05-06T16:07:26.330+0000] {dagbag.py:540} INFO - Filling up the DagBag from /opt/airflow/dags/create_table.py
[2024-05-06T16:07:27.070+0000] {processor.py:840} INFO - DAG(s) 'example' retrieved from /opt/airflow/dags/create_table.py
[2024-05-06T16:07:27.085+0000] {logging_mixin.py:188} INFO - [2024-05-06T16:07:27.085+0000] {dag.py:3096} INFO - Sync 1 DAGs
[2024-05-06T16:07:27.096+0000] {logging_mixin.py:188} INFO - [2024-05-06T16:07:27.096+0000] {dag.py:3954} INFO - Setting next_dagrun for example to None, run_after=None
[2024-05-06T16:07:27.123+0000] {processor.py:183} INFO - Processing /opt/airflow/dags/create_table.py took 0.802 seconds
[2024-05-06T16:07:57.896+0000] {processor.py:161} INFO - Started process (PID=4607) to work on /opt/airflow/dags/create_table.py
[2024-05-06T16:07:57.897+0000] {processor.py:830} INFO - Processing file /opt/airflow/dags/create_table.py for tasks to queue
[2024-05-06T16:07:57.900+0000] {logging_mixin.py:188} INFO - [2024-05-06T16:07:57.900+0000] {dagbag.py:540} INFO - Filling up the DagBag from /opt/airflow/dags/create_table.py
[2024-05-06T16:07:58.745+0000] {processor.py:840} INFO - DAG(s) 'example' retrieved from /opt/airflow/dags/create_table.py
[2024-05-06T16:07:58.764+0000] {logging_mixin.py:188} INFO - [2024-05-06T16:07:58.764+0000] {dag.py:3096} INFO - Sync 1 DAGs
[2024-05-06T16:07:58.775+0000] {logging_mixin.py:188} INFO - [2024-05-06T16:07:58.775+0000] {dag.py:3954} INFO - Setting next_dagrun for example to None, run_after=None
[2024-05-06T16:07:58.798+0000] {processor.py:183} INFO - Processing /opt/airflow/dags/create_table.py took 0.908 seconds
[2024-05-06T16:08:29.985+0000] {processor.py:161} INFO - Started process (PID=4677) to work on /opt/airflow/dags/create_table.py
[2024-05-06T16:08:29.986+0000] {processor.py:830} INFO - Processing file /opt/airflow/dags/create_table.py for tasks to queue
[2024-05-06T16:08:29.988+0000] {logging_mixin.py:188} INFO - [2024-05-06T16:08:29.988+0000] {dagbag.py:540} INFO - Filling up the DagBag from /opt/airflow/dags/create_table.py
[2024-05-06T16:08:31.253+0000] {processor.py:840} INFO - DAG(s) 'example' retrieved from /opt/airflow/dags/create_table.py
[2024-05-06T16:08:31.273+0000] {logging_mixin.py:188} INFO - [2024-05-06T16:08:31.272+0000] {dag.py:3096} INFO - Sync 1 DAGs
[2024-05-06T16:08:31.291+0000] {logging_mixin.py:188} INFO - [2024-05-06T16:08:31.291+0000] {dag.py:3954} INFO - Setting next_dagrun for example to None, run_after=None
[2024-05-06T16:08:31.316+0000] {processor.py:183} INFO - Processing /opt/airflow/dags/create_table.py took 1.338 seconds
[2024-05-06T16:09:01.536+0000] {processor.py:161} INFO - Started process (PID=4744) to work on /opt/airflow/dags/create_table.py
[2024-05-06T16:09:01.537+0000] {processor.py:830} INFO - Processing file /opt/airflow/dags/create_table.py for tasks to queue
[2024-05-06T16:09:01.539+0000] {logging_mixin.py:188} INFO - [2024-05-06T16:09:01.538+0000] {dagbag.py:540} INFO - Filling up the DagBag from /opt/airflow/dags/create_table.py
[2024-05-06T16:09:02.271+0000] {processor.py:840} INFO - DAG(s) 'example' retrieved from /opt/airflow/dags/create_table.py
[2024-05-06T16:09:02.294+0000] {logging_mixin.py:188} INFO - [2024-05-06T16:09:02.293+0000] {dag.py:3096} INFO - Sync 1 DAGs
[2024-05-06T16:09:02.306+0000] {logging_mixin.py:188} INFO - [2024-05-06T16:09:02.306+0000] {dag.py:3954} INFO - Setting next_dagrun for example to None, run_after=None
[2024-05-06T16:09:02.331+0000] {processor.py:183} INFO - Processing /opt/airflow/dags/create_table.py took 0.801 seconds
[2024-05-06T16:09:32.461+0000] {processor.py:161} INFO - Started process (PID=4810) to work on /opt/airflow/dags/create_table.py
[2024-05-06T16:09:32.462+0000] {processor.py:830} INFO - Processing file /opt/airflow/dags/create_table.py for tasks to queue
[2024-05-06T16:09:32.465+0000] {logging_mixin.py:188} INFO - [2024-05-06T16:09:32.465+0000] {dagbag.py:540} INFO - Filling up the DagBag from /opt/airflow/dags/create_table.py
[2024-05-06T16:09:33.362+0000] {processor.py:840} INFO - DAG(s) 'example' retrieved from /opt/airflow/dags/create_table.py
[2024-05-06T16:09:33.380+0000] {logging_mixin.py:188} INFO - [2024-05-06T16:09:33.380+0000] {dag.py:3096} INFO - Sync 1 DAGs
[2024-05-06T16:09:33.395+0000] {logging_mixin.py:188} INFO - [2024-05-06T16:09:33.395+0000] {dag.py:3954} INFO - Setting next_dagrun for example to None, run_after=None
[2024-05-06T16:09:33.419+0000] {processor.py:183} INFO - Processing /opt/airflow/dags/create_table.py took 0.966 seconds
[2024-05-06T16:10:03.793+0000] {processor.py:161} INFO - Started process (PID=4875) to work on /opt/airflow/dags/create_table.py
[2024-05-06T16:10:03.794+0000] {processor.py:830} INFO - Processing file /opt/airflow/dags/create_table.py for tasks to queue
[2024-05-06T16:10:03.796+0000] {logging_mixin.py:188} INFO - [2024-05-06T16:10:03.796+0000] {dagbag.py:540} INFO - Filling up the DagBag from /opt/airflow/dags/create_table.py
[2024-05-06T16:10:04.690+0000] {processor.py:840} INFO - DAG(s) 'example' retrieved from /opt/airflow/dags/create_table.py
[2024-05-06T16:10:04.725+0000] {logging_mixin.py:188} INFO - [2024-05-06T16:10:04.724+0000] {dag.py:3096} INFO - Sync 1 DAGs
[2024-05-06T16:10:04.747+0000] {logging_mixin.py:188} INFO - [2024-05-06T16:10:04.747+0000] {dag.py:3954} INFO - Setting next_dagrun for example to None, run_after=None
[2024-05-06T16:10:04.773+0000] {processor.py:183} INFO - Processing /opt/airflow/dags/create_table.py took 0.987 seconds
[2024-05-06T16:10:34.873+0000] {processor.py:161} INFO - Started process (PID=4942) to work on /opt/airflow/dags/create_table.py
[2024-05-06T16:10:34.875+0000] {processor.py:830} INFO - Processing file /opt/airflow/dags/create_table.py for tasks to queue
[2024-05-06T16:10:34.876+0000] {logging_mixin.py:188} INFO - [2024-05-06T16:10:34.876+0000] {dagbag.py:540} INFO - Filling up the DagBag from /opt/airflow/dags/create_table.py
[2024-05-06T16:10:35.623+0000] {processor.py:840} INFO - DAG(s) 'example' retrieved from /opt/airflow/dags/create_table.py
[2024-05-06T16:10:35.638+0000] {logging_mixin.py:188} INFO - [2024-05-06T16:10:35.638+0000] {dag.py:3096} INFO - Sync 1 DAGs
[2024-05-06T16:10:35.649+0000] {logging_mixin.py:188} INFO - [2024-05-06T16:10:35.649+0000] {dag.py:3954} INFO - Setting next_dagrun for example to None, run_after=None
[2024-05-06T16:10:35.669+0000] {processor.py:183} INFO - Processing /opt/airflow/dags/create_table.py took 0.803 seconds
[2024-05-06T16:11:05.717+0000] {processor.py:161} INFO - Started process (PID=5010) to work on /opt/airflow/dags/create_table.py
[2024-05-06T16:11:05.718+0000] {processor.py:830} INFO - Processing file /opt/airflow/dags/create_table.py for tasks to queue
[2024-05-06T16:11:05.720+0000] {logging_mixin.py:188} INFO - [2024-05-06T16:11:05.720+0000] {dagbag.py:540} INFO - Filling up the DagBag from /opt/airflow/dags/create_table.py
[2024-05-06T16:11:06.528+0000] {processor.py:840} INFO - DAG(s) 'example' retrieved from /opt/airflow/dags/create_table.py
[2024-05-06T16:11:06.545+0000] {logging_mixin.py:188} INFO - [2024-05-06T16:11:06.544+0000] {dag.py:3096} INFO - Sync 1 DAGs
[2024-05-06T16:11:06.556+0000] {logging_mixin.py:188} INFO - [2024-05-06T16:11:06.556+0000] {dag.py:3954} INFO - Setting next_dagrun for example to None, run_after=None
[2024-05-06T16:11:06.576+0000] {processor.py:183} INFO - Processing /opt/airflow/dags/create_table.py took 0.865 seconds
[2024-05-06T16:11:37.030+0000] {processor.py:161} INFO - Started process (PID=5075) to work on /opt/airflow/dags/create_table.py
[2024-05-06T16:11:37.031+0000] {processor.py:830} INFO - Processing file /opt/airflow/dags/create_table.py for tasks to queue
[2024-05-06T16:11:37.033+0000] {logging_mixin.py:188} INFO - [2024-05-06T16:11:37.033+0000] {dagbag.py:540} INFO - Filling up the DagBag from /opt/airflow/dags/create_table.py
[2024-05-06T16:11:37.847+0000] {processor.py:840} INFO - DAG(s) 'example' retrieved from /opt/airflow/dags/create_table.py
[2024-05-06T16:11:37.866+0000] {logging_mixin.py:188} INFO - [2024-05-06T16:11:37.866+0000] {dag.py:3096} INFO - Sync 1 DAGs
[2024-05-06T16:11:37.883+0000] {logging_mixin.py:188} INFO - [2024-05-06T16:11:37.882+0000] {dag.py:3954} INFO - Setting next_dagrun for example to None, run_after=None
[2024-05-06T16:11:37.913+0000] {processor.py:183} INFO - Processing /opt/airflow/dags/create_table.py took 0.889 seconds
[2024-05-06T16:12:08.310+0000] {processor.py:161} INFO - Started process (PID=5142) to work on /opt/airflow/dags/create_table.py
[2024-05-06T16:12:08.311+0000] {processor.py:830} INFO - Processing file /opt/airflow/dags/create_table.py for tasks to queue
[2024-05-06T16:12:08.314+0000] {logging_mixin.py:188} INFO - [2024-05-06T16:12:08.314+0000] {dagbag.py:540} INFO - Filling up the DagBag from /opt/airflow/dags/create_table.py
[2024-05-06T16:12:09.199+0000] {processor.py:840} INFO - DAG(s) 'example' retrieved from /opt/airflow/dags/create_table.py
[2024-05-06T16:12:09.214+0000] {logging_mixin.py:188} INFO - [2024-05-06T16:12:09.213+0000] {dag.py:3096} INFO - Sync 1 DAGs
[2024-05-06T16:12:09.224+0000] {logging_mixin.py:188} INFO - [2024-05-06T16:12:09.224+0000] {dag.py:3954} INFO - Setting next_dagrun for example to None, run_after=None
[2024-05-06T16:12:09.247+0000] {processor.py:183} INFO - Processing /opt/airflow/dags/create_table.py took 0.946 seconds
[2024-05-06T16:12:40.044+0000] {processor.py:161} INFO - Started process (PID=5209) to work on /opt/airflow/dags/create_table.py
[2024-05-06T16:12:40.045+0000] {processor.py:830} INFO - Processing file /opt/airflow/dags/create_table.py for tasks to queue
[2024-05-06T16:12:40.047+0000] {logging_mixin.py:188} INFO - [2024-05-06T16:12:40.046+0000] {dagbag.py:540} INFO - Filling up the DagBag from /opt/airflow/dags/create_table.py
[2024-05-06T16:12:40.987+0000] {processor.py:840} INFO - DAG(s) 'example' retrieved from /opt/airflow/dags/create_table.py
[2024-05-06T16:12:41.016+0000] {logging_mixin.py:188} INFO - [2024-05-06T16:12:41.015+0000] {dag.py:3096} INFO - Sync 1 DAGs
[2024-05-06T16:12:41.036+0000] {logging_mixin.py:188} INFO - [2024-05-06T16:12:41.036+0000] {dag.py:3954} INFO - Setting next_dagrun for example to None, run_after=None
[2024-05-06T16:12:41.072+0000] {processor.py:183} INFO - Processing /opt/airflow/dags/create_table.py took 1.034 seconds
[2024-05-06T16:13:11.225+0000] {processor.py:161} INFO - Started process (PID=5276) to work on /opt/airflow/dags/create_table.py
[2024-05-06T16:13:11.227+0000] {processor.py:830} INFO - Processing file /opt/airflow/dags/create_table.py for tasks to queue
[2024-05-06T16:13:11.229+0000] {logging_mixin.py:188} INFO - [2024-05-06T16:13:11.229+0000] {dagbag.py:540} INFO - Filling up the DagBag from /opt/airflow/dags/create_table.py
[2024-05-06T16:13:12.128+0000] {processor.py:840} INFO - DAG(s) 'example' retrieved from /opt/airflow/dags/create_table.py
[2024-05-06T16:13:12.151+0000] {logging_mixin.py:188} INFO - [2024-05-06T16:13:12.151+0000] {dag.py:3096} INFO - Sync 1 DAGs
[2024-05-06T16:13:12.166+0000] {logging_mixin.py:188} INFO - [2024-05-06T16:13:12.165+0000] {dag.py:3954} INFO - Setting next_dagrun for example to None, run_after=None
[2024-05-06T16:13:12.192+0000] {processor.py:183} INFO - Processing /opt/airflow/dags/create_table.py took 0.975 seconds
[2024-05-06T16:13:42.752+0000] {processor.py:161} INFO - Started process (PID=5343) to work on /opt/airflow/dags/create_table.py
[2024-05-06T16:13:42.753+0000] {processor.py:830} INFO - Processing file /opt/airflow/dags/create_table.py for tasks to queue
[2024-05-06T16:13:42.758+0000] {logging_mixin.py:188} INFO - [2024-05-06T16:13:42.757+0000] {dagbag.py:540} INFO - Filling up the DagBag from /opt/airflow/dags/create_table.py
[2024-05-06T16:13:43.654+0000] {processor.py:840} INFO - DAG(s) 'example' retrieved from /opt/airflow/dags/create_table.py
[2024-05-06T16:13:43.671+0000] {logging_mixin.py:188} INFO - [2024-05-06T16:13:43.670+0000] {dag.py:3096} INFO - Sync 1 DAGs
[2024-05-06T16:13:43.683+0000] {logging_mixin.py:188} INFO - [2024-05-06T16:13:43.683+0000] {dag.py:3954} INFO - Setting next_dagrun for example to None, run_after=None
[2024-05-06T16:13:43.702+0000] {processor.py:183} INFO - Processing /opt/airflow/dags/create_table.py took 0.958 seconds
[2024-05-06T16:14:14.055+0000] {processor.py:161} INFO - Started process (PID=5410) to work on /opt/airflow/dags/create_table.py
[2024-05-06T16:14:14.061+0000] {processor.py:830} INFO - Processing file /opt/airflow/dags/create_table.py for tasks to queue
[2024-05-06T16:14:14.065+0000] {logging_mixin.py:188} INFO - [2024-05-06T16:14:14.065+0000] {dagbag.py:540} INFO - Filling up the DagBag from /opt/airflow/dags/create_table.py
[2024-05-06T16:14:18.560+0000] {processor.py:840} INFO - DAG(s) 'example' retrieved from /opt/airflow/dags/create_table.py
[2024-05-06T16:14:18.616+0000] {logging_mixin.py:188} INFO - [2024-05-06T16:14:18.615+0000] {dag.py:3096} INFO - Sync 1 DAGs
[2024-05-06T16:14:18.658+0000] {logging_mixin.py:188} INFO - [2024-05-06T16:14:18.657+0000] {dag.py:3954} INFO - Setting next_dagrun for example to None, run_after=None
[2024-05-06T16:14:18.728+0000] {processor.py:183} INFO - Processing /opt/airflow/dags/create_table.py took 4.689 seconds
[2024-05-06T16:14:49.047+0000] {processor.py:161} INFO - Started process (PID=5482) to work on /opt/airflow/dags/create_table.py
[2024-05-06T16:14:49.049+0000] {processor.py:830} INFO - Processing file /opt/airflow/dags/create_table.py for tasks to queue
[2024-05-06T16:14:49.053+0000] {logging_mixin.py:188} INFO - [2024-05-06T16:14:49.052+0000] {dagbag.py:540} INFO - Filling up the DagBag from /opt/airflow/dags/create_table.py
[2024-05-06T16:14:51.009+0000] {processor.py:840} INFO - DAG(s) 'example' retrieved from /opt/airflow/dags/create_table.py
[2024-05-06T16:14:51.038+0000] {logging_mixin.py:188} INFO - [2024-05-06T16:14:51.037+0000] {dag.py:3096} INFO - Sync 1 DAGs
[2024-05-06T16:14:51.069+0000] {logging_mixin.py:188} INFO - [2024-05-06T16:14:51.069+0000] {dag.py:3954} INFO - Setting next_dagrun for example to None, run_after=None
[2024-05-06T16:14:51.128+0000] {processor.py:183} INFO - Processing /opt/airflow/dags/create_table.py took 2.099 seconds
[2024-05-06T16:15:21.290+0000] {processor.py:161} INFO - Started process (PID=5549) to work on /opt/airflow/dags/create_table.py
[2024-05-06T16:15:21.291+0000] {processor.py:830} INFO - Processing file /opt/airflow/dags/create_table.py for tasks to queue
[2024-05-06T16:15:21.292+0000] {logging_mixin.py:188} INFO - [2024-05-06T16:15:21.292+0000] {dagbag.py:540} INFO - Filling up the DagBag from /opt/airflow/dags/create_table.py
[2024-05-06T16:15:22.125+0000] {processor.py:840} INFO - DAG(s) 'example' retrieved from /opt/airflow/dags/create_table.py
[2024-05-06T16:15:22.154+0000] {logging_mixin.py:188} INFO - [2024-05-06T16:15:22.153+0000] {dag.py:3096} INFO - Sync 1 DAGs
[2024-05-06T16:15:22.176+0000] {logging_mixin.py:188} INFO - [2024-05-06T16:15:22.175+0000] {dag.py:3954} INFO - Setting next_dagrun for example to None, run_after=None
[2024-05-06T16:15:22.206+0000] {processor.py:183} INFO - Processing /opt/airflow/dags/create_table.py took 0.924 seconds
[2024-05-06T16:15:52.699+0000] {processor.py:161} INFO - Started process (PID=5616) to work on /opt/airflow/dags/create_table.py
[2024-05-06T16:15:52.700+0000] {processor.py:830} INFO - Processing file /opt/airflow/dags/create_table.py for tasks to queue
[2024-05-06T16:15:52.702+0000] {logging_mixin.py:188} INFO - [2024-05-06T16:15:52.702+0000] {dagbag.py:540} INFO - Filling up the DagBag from /opt/airflow/dags/create_table.py
[2024-05-06T16:15:53.473+0000] {processor.py:840} INFO - DAG(s) 'example' retrieved from /opt/airflow/dags/create_table.py
[2024-05-06T16:15:53.490+0000] {logging_mixin.py:188} INFO - [2024-05-06T16:15:53.490+0000] {dag.py:3096} INFO - Sync 1 DAGs
[2024-05-06T16:15:53.502+0000] {logging_mixin.py:188} INFO - [2024-05-06T16:15:53.501+0000] {dag.py:3954} INFO - Setting next_dagrun for example to None, run_after=None
[2024-05-06T16:15:53.524+0000] {processor.py:183} INFO - Processing /opt/airflow/dags/create_table.py took 0.836 seconds
[2024-05-06T16:16:04.189+0000] {processor.py:161} INFO - Started process (PID=5658) to work on /opt/airflow/dags/create_table.py
[2024-05-06T16:16:04.191+0000] {processor.py:830} INFO - Processing file /opt/airflow/dags/create_table.py for tasks to queue
[2024-05-06T16:16:04.194+0000] {logging_mixin.py:188} INFO - [2024-05-06T16:16:04.193+0000] {dagbag.py:540} INFO - Filling up the DagBag from /opt/airflow/dags/create_table.py
[2024-05-06T16:16:05.872+0000] {processor.py:840} INFO - DAG(s) 'example' retrieved from /opt/airflow/dags/create_table.py
[2024-05-06T16:16:06.085+0000] {logging_mixin.py:188} INFO - [2024-05-06T16:16:06.084+0000] {dag.py:3096} INFO - Sync 1 DAGs
[2024-05-06T16:16:06.112+0000] {logging_mixin.py:188} INFO - [2024-05-06T16:16:06.111+0000] {dag.py:3954} INFO - Setting next_dagrun for example to None, run_after=None
[2024-05-06T16:16:06.168+0000] {processor.py:183} INFO - Processing /opt/airflow/dags/create_table.py took 1.989 seconds
[2024-05-06T16:16:36.501+0000] {processor.py:161} INFO - Started process (PID=5732) to work on /opt/airflow/dags/create_table.py
[2024-05-06T16:16:36.503+0000] {processor.py:830} INFO - Processing file /opt/airflow/dags/create_table.py for tasks to queue
[2024-05-06T16:16:36.506+0000] {logging_mixin.py:188} INFO - [2024-05-06T16:16:36.506+0000] {dagbag.py:540} INFO - Filling up the DagBag from /opt/airflow/dags/create_table.py
[2024-05-06T16:16:38.147+0000] {processor.py:840} INFO - DAG(s) 'example' retrieved from /opt/airflow/dags/create_table.py
[2024-05-06T16:16:38.168+0000] {logging_mixin.py:188} INFO - [2024-05-06T16:16:38.168+0000] {dag.py:3096} INFO - Sync 1 DAGs
[2024-05-06T16:16:38.184+0000] {logging_mixin.py:188} INFO - [2024-05-06T16:16:38.184+0000] {dag.py:3954} INFO - Setting next_dagrun for example to None, run_after=None
[2024-05-06T16:16:38.212+0000] {processor.py:183} INFO - Processing /opt/airflow/dags/create_table.py took 1.725 seconds
[2024-05-06T16:17:08.342+0000] {processor.py:161} INFO - Started process (PID=5803) to work on /opt/airflow/dags/create_table.py
[2024-05-06T16:17:08.343+0000] {processor.py:830} INFO - Processing file /opt/airflow/dags/create_table.py for tasks to queue
[2024-05-06T16:17:08.345+0000] {logging_mixin.py:188} INFO - [2024-05-06T16:17:08.345+0000] {dagbag.py:540} INFO - Filling up the DagBag from /opt/airflow/dags/create_table.py
[2024-05-06T16:17:09.214+0000] {processor.py:840} INFO - DAG(s) 'example' retrieved from /opt/airflow/dags/create_table.py
[2024-05-06T16:17:09.236+0000] {logging_mixin.py:188} INFO - [2024-05-06T16:17:09.235+0000] {dag.py:3096} INFO - Sync 1 DAGs
[2024-05-06T16:17:09.247+0000] {logging_mixin.py:188} INFO - [2024-05-06T16:17:09.247+0000] {dag.py:3954} INFO - Setting next_dagrun for example to None, run_after=None
[2024-05-06T16:17:09.263+0000] {processor.py:183} INFO - Processing /opt/airflow/dags/create_table.py took 0.927 seconds
[2024-05-06T16:17:39.855+0000] {processor.py:161} INFO - Started process (PID=5870) to work on /opt/airflow/dags/create_table.py
[2024-05-06T16:17:39.856+0000] {processor.py:830} INFO - Processing file /opt/airflow/dags/create_table.py for tasks to queue
[2024-05-06T16:17:39.858+0000] {logging_mixin.py:188} INFO - [2024-05-06T16:17:39.858+0000] {dagbag.py:540} INFO - Filling up the DagBag from /opt/airflow/dags/create_table.py
[2024-05-06T16:17:40.674+0000] {processor.py:840} INFO - DAG(s) 'example' retrieved from /opt/airflow/dags/create_table.py
[2024-05-06T16:17:40.690+0000] {logging_mixin.py:188} INFO - [2024-05-06T16:17:40.689+0000] {dag.py:3096} INFO - Sync 1 DAGs
[2024-05-06T16:17:40.700+0000] {logging_mixin.py:188} INFO - [2024-05-06T16:17:40.700+0000] {dag.py:3954} INFO - Setting next_dagrun for example to None, run_after=None
[2024-05-06T16:17:40.723+0000] {processor.py:183} INFO - Processing /opt/airflow/dags/create_table.py took 0.875 seconds
[2024-05-06T16:18:10.880+0000] {processor.py:161} INFO - Started process (PID=5941) to work on /opt/airflow/dags/create_table.py
[2024-05-06T16:18:10.881+0000] {processor.py:830} INFO - Processing file /opt/airflow/dags/create_table.py for tasks to queue
[2024-05-06T16:18:10.883+0000] {logging_mixin.py:188} INFO - [2024-05-06T16:18:10.883+0000] {dagbag.py:540} INFO - Filling up the DagBag from /opt/airflow/dags/create_table.py
[2024-05-06T16:18:11.609+0000] {processor.py:840} INFO - DAG(s) 'example' retrieved from /opt/airflow/dags/create_table.py
[2024-05-06T16:18:11.626+0000] {logging_mixin.py:188} INFO - [2024-05-06T16:18:11.625+0000] {dag.py:3096} INFO - Sync 1 DAGs
[2024-05-06T16:18:11.636+0000] {logging_mixin.py:188} INFO - [2024-05-06T16:18:11.636+0000] {dag.py:3954} INFO - Setting next_dagrun for example to None, run_after=None
[2024-05-06T16:18:11.660+0000] {processor.py:183} INFO - Processing /opt/airflow/dags/create_table.py took 0.787 seconds
[2024-05-06T16:18:42.222+0000] {processor.py:161} INFO - Started process (PID=6008) to work on /opt/airflow/dags/create_table.py
[2024-05-06T16:18:42.223+0000] {processor.py:830} INFO - Processing file /opt/airflow/dags/create_table.py for tasks to queue
[2024-05-06T16:18:42.225+0000] {logging_mixin.py:188} INFO - [2024-05-06T16:18:42.225+0000] {dagbag.py:540} INFO - Filling up the DagBag from /opt/airflow/dags/create_table.py
[2024-05-06T16:18:42.924+0000] {processor.py:840} INFO - DAG(s) 'example' retrieved from /opt/airflow/dags/create_table.py
[2024-05-06T16:18:42.939+0000] {logging_mixin.py:188} INFO - [2024-05-06T16:18:42.939+0000] {dag.py:3096} INFO - Sync 1 DAGs
[2024-05-06T16:18:42.950+0000] {logging_mixin.py:188} INFO - [2024-05-06T16:18:42.950+0000] {dag.py:3954} INFO - Setting next_dagrun for example to None, run_after=None
[2024-05-06T16:18:42.975+0000] {processor.py:183} INFO - Processing /opt/airflow/dags/create_table.py took 0.759 seconds
[2024-05-06T16:19:13.513+0000] {processor.py:161} INFO - Started process (PID=6075) to work on /opt/airflow/dags/create_table.py
[2024-05-06T16:19:13.514+0000] {processor.py:830} INFO - Processing file /opt/airflow/dags/create_table.py for tasks to queue
[2024-05-06T16:19:13.516+0000] {logging_mixin.py:188} INFO - [2024-05-06T16:19:13.516+0000] {dagbag.py:540} INFO - Filling up the DagBag from /opt/airflow/dags/create_table.py
[2024-05-06T16:19:14.262+0000] {processor.py:840} INFO - DAG(s) 'example' retrieved from /opt/airflow/dags/create_table.py
[2024-05-06T16:19:14.277+0000] {logging_mixin.py:188} INFO - [2024-05-06T16:19:14.276+0000] {dag.py:3096} INFO - Sync 1 DAGs
[2024-05-06T16:19:14.288+0000] {logging_mixin.py:188} INFO - [2024-05-06T16:19:14.288+0000] {dag.py:3954} INFO - Setting next_dagrun for example to None, run_after=None
[2024-05-06T16:19:14.320+0000] {processor.py:183} INFO - Processing /opt/airflow/dags/create_table.py took 0.812 seconds
[2024-05-06T16:19:45.041+0000] {processor.py:161} INFO - Started process (PID=6144) to work on /opt/airflow/dags/create_table.py
[2024-05-06T16:19:45.043+0000] {processor.py:830} INFO - Processing file /opt/airflow/dags/create_table.py for tasks to queue
[2024-05-06T16:19:45.045+0000] {logging_mixin.py:188} INFO - [2024-05-06T16:19:45.045+0000] {dagbag.py:540} INFO - Filling up the DagBag from /opt/airflow/dags/create_table.py
[2024-05-06T16:19:45.807+0000] {processor.py:840} INFO - DAG(s) 'example' retrieved from /opt/airflow/dags/create_table.py
[2024-05-06T16:19:45.823+0000] {logging_mixin.py:188} INFO - [2024-05-06T16:19:45.822+0000] {dag.py:3096} INFO - Sync 1 DAGs
[2024-05-06T16:19:45.834+0000] {logging_mixin.py:188} INFO - [2024-05-06T16:19:45.834+0000] {dag.py:3954} INFO - Setting next_dagrun for example to None, run_after=None
[2024-05-06T16:19:45.860+0000] {processor.py:183} INFO - Processing /opt/airflow/dags/create_table.py took 0.824 seconds
[2024-05-06T16:20:15.993+0000] {processor.py:161} INFO - Started process (PID=6211) to work on /opt/airflow/dags/create_table.py
[2024-05-06T16:20:15.994+0000] {processor.py:830} INFO - Processing file /opt/airflow/dags/create_table.py for tasks to queue
[2024-05-06T16:20:15.996+0000] {logging_mixin.py:188} INFO - [2024-05-06T16:20:15.996+0000] {dagbag.py:540} INFO - Filling up the DagBag from /opt/airflow/dags/create_table.py
[2024-05-06T16:20:16.808+0000] {processor.py:840} INFO - DAG(s) 'example' retrieved from /opt/airflow/dags/create_table.py
[2024-05-06T16:20:16.824+0000] {logging_mixin.py:188} INFO - [2024-05-06T16:20:16.824+0000] {dag.py:3096} INFO - Sync 1 DAGs
[2024-05-06T16:20:16.833+0000] {logging_mixin.py:188} INFO - [2024-05-06T16:20:16.833+0000] {dag.py:3954} INFO - Setting next_dagrun for example to None, run_after=None
[2024-05-06T16:20:16.857+0000] {processor.py:183} INFO - Processing /opt/airflow/dags/create_table.py took 0.870 seconds
[2024-05-06T16:20:45.260+0000] {processor.py:161} INFO - Started process (PID=6273) to work on /opt/airflow/dags/create_table.py
[2024-05-06T16:20:45.261+0000] {processor.py:830} INFO - Processing file /opt/airflow/dags/create_table.py for tasks to queue
[2024-05-06T16:20:45.263+0000] {logging_mixin.py:188} INFO - [2024-05-06T16:20:45.263+0000] {dagbag.py:540} INFO - Filling up the DagBag from /opt/airflow/dags/create_table.py
[2024-05-06T16:20:46.084+0000] {processor.py:840} INFO - DAG(s) 'example' retrieved from /opt/airflow/dags/create_table.py
[2024-05-06T16:20:46.178+0000] {logging_mixin.py:188} INFO - [2024-05-06T16:20:46.178+0000] {dag.py:3096} INFO - Sync 1 DAGs
[2024-05-06T16:20:46.187+0000] {logging_mixin.py:188} INFO - [2024-05-06T16:20:46.187+0000] {dag.py:3954} INFO - Setting next_dagrun for example to None, run_after=None
[2024-05-06T16:20:46.217+0000] {processor.py:183} INFO - Processing /opt/airflow/dags/create_table.py took 0.962 seconds
[2024-05-06T16:21:17.046+0000] {processor.py:161} INFO - Started process (PID=6342) to work on /opt/airflow/dags/create_table.py
[2024-05-06T16:21:17.047+0000] {processor.py:830} INFO - Processing file /opt/airflow/dags/create_table.py for tasks to queue
[2024-05-06T16:21:17.050+0000] {logging_mixin.py:188} INFO - [2024-05-06T16:21:17.050+0000] {dagbag.py:540} INFO - Filling up the DagBag from /opt/airflow/dags/create_table.py
[2024-05-06T16:21:18.664+0000] {processor.py:840} INFO - DAG(s) 'example' retrieved from /opt/airflow/dags/create_table.py
[2024-05-06T16:21:18.715+0000] {logging_mixin.py:188} INFO - [2024-05-06T16:21:18.708+0000] {dag.py:3096} INFO - Sync 1 DAGs
[2024-05-06T16:21:18.754+0000] {logging_mixin.py:188} INFO - [2024-05-06T16:21:18.754+0000] {dag.py:3954} INFO - Setting next_dagrun for example to None, run_after=None
[2024-05-06T16:21:18.809+0000] {processor.py:183} INFO - Processing /opt/airflow/dags/create_table.py took 1.775 seconds
[2024-05-06T16:21:49.534+0000] {processor.py:161} INFO - Started process (PID=6415) to work on /opt/airflow/dags/create_table.py
[2024-05-06T16:21:49.535+0000] {processor.py:830} INFO - Processing file /opt/airflow/dags/create_table.py for tasks to queue
[2024-05-06T16:21:49.537+0000] {logging_mixin.py:188} INFO - [2024-05-06T16:21:49.537+0000] {dagbag.py:540} INFO - Filling up the DagBag from /opt/airflow/dags/create_table.py
[2024-05-06T16:21:50.257+0000] {processor.py:840} INFO - DAG(s) 'example' retrieved from /opt/airflow/dags/create_table.py
[2024-05-06T16:21:50.272+0000] {logging_mixin.py:188} INFO - [2024-05-06T16:21:50.271+0000] {dag.py:3096} INFO - Sync 1 DAGs
[2024-05-06T16:21:50.283+0000] {logging_mixin.py:188} INFO - [2024-05-06T16:21:50.283+0000] {dag.py:3954} INFO - Setting next_dagrun for example to None, run_after=None
[2024-05-06T16:21:50.314+0000] {processor.py:183} INFO - Processing /opt/airflow/dags/create_table.py took 0.786 seconds
