[2024-05-06T15:37:33.132+0000] {processor.py:161} INFO - Started process (PID=623) to work on /opt/airflow/dags/crud_table.py
[2024-05-06T15:37:33.134+0000] {processor.py:830} INFO - Processing file /opt/airflow/dags/crud_table.py for tasks to queue
[2024-05-06T15:37:33.136+0000] {logging_mixin.py:188} INFO - [2024-05-06T15:37:33.135+0000] {dagbag.py:540} INFO - Filling up the DagBag from /opt/airflow/dags/crud_table.py
[2024-05-06T15:37:33.934+0000] {processor.py:840} INFO - DAG(s) 'snowflake_crud_example' retrieved from /opt/airflow/dags/crud_table.py
[2024-05-06T15:37:34.041+0000] {logging_mixin.py:188} INFO - [2024-05-06T15:37:34.041+0000] {override.py:1829} INFO - Created Permission View: can read on DAG:snowflake_crud_example
[2024-05-06T15:37:34.055+0000] {logging_mixin.py:188} INFO - [2024-05-06T15:37:34.055+0000] {override.py:1829} INFO - Created Permission View: can edit on DAG:snowflake_crud_example
[2024-05-06T15:37:34.064+0000] {logging_mixin.py:188} INFO - [2024-05-06T15:37:34.064+0000] {override.py:1829} INFO - Created Permission View: can delete on DAG:snowflake_crud_example
[2024-05-06T15:37:34.065+0000] {logging_mixin.py:188} INFO - [2024-05-06T15:37:34.065+0000] {dag.py:3096} INFO - Sync 1 DAGs
[2024-05-06T15:37:34.075+0000] {logging_mixin.py:188} INFO - [2024-05-06T15:37:34.075+0000] {dag.py:3118} INFO - Creating ORM DAG for snowflake_crud_example
[2024-05-06T15:37:34.076+0000] {logging_mixin.py:188} INFO - [2024-05-06T15:37:34.076+0000] {dag.py:3954} INFO - Setting next_dagrun for snowflake_crud_example to None, run_after=None
[2024-05-06T15:37:34.098+0000] {processor.py:183} INFO - Processing /opt/airflow/dags/crud_table.py took 0.972 seconds
[2024-05-06T15:38:04.267+0000] {processor.py:161} INFO - Started process (PID=689) to work on /opt/airflow/dags/crud_table.py
[2024-05-06T15:38:04.268+0000] {processor.py:830} INFO - Processing file /opt/airflow/dags/crud_table.py for tasks to queue
[2024-05-06T15:38:04.270+0000] {logging_mixin.py:188} INFO - [2024-05-06T15:38:04.270+0000] {dagbag.py:540} INFO - Filling up the DagBag from /opt/airflow/dags/crud_table.py
[2024-05-06T15:38:05.067+0000] {processor.py:840} INFO - DAG(s) 'snowflake_crud_example' retrieved from /opt/airflow/dags/crud_table.py
[2024-05-06T15:38:05.089+0000] {logging_mixin.py:188} INFO - [2024-05-06T15:38:05.089+0000] {dag.py:3096} INFO - Sync 1 DAGs
[2024-05-06T15:38:05.101+0000] {logging_mixin.py:188} INFO - [2024-05-06T15:38:05.100+0000] {dag.py:3954} INFO - Setting next_dagrun for snowflake_crud_example to None, run_after=None
[2024-05-06T15:38:05.119+0000] {processor.py:183} INFO - Processing /opt/airflow/dags/crud_table.py took 0.857 seconds
[2024-05-06T15:38:35.523+0000] {processor.py:161} INFO - Started process (PID=756) to work on /opt/airflow/dags/crud_table.py
[2024-05-06T15:38:35.525+0000] {processor.py:830} INFO - Processing file /opt/airflow/dags/crud_table.py for tasks to queue
[2024-05-06T15:38:35.527+0000] {logging_mixin.py:188} INFO - [2024-05-06T15:38:35.526+0000] {dagbag.py:540} INFO - Filling up the DagBag from /opt/airflow/dags/crud_table.py
[2024-05-06T15:38:36.444+0000] {processor.py:840} INFO - DAG(s) 'snowflake_crud_example' retrieved from /opt/airflow/dags/crud_table.py
[2024-05-06T15:38:36.462+0000] {logging_mixin.py:188} INFO - [2024-05-06T15:38:36.462+0000] {dag.py:3096} INFO - Sync 1 DAGs
[2024-05-06T15:38:36.476+0000] {logging_mixin.py:188} INFO - [2024-05-06T15:38:36.476+0000] {dag.py:3954} INFO - Setting next_dagrun for snowflake_crud_example to None, run_after=None
[2024-05-06T15:38:36.501+0000] {processor.py:183} INFO - Processing /opt/airflow/dags/crud_table.py took 0.988 seconds
[2024-05-06T15:39:07.283+0000] {processor.py:161} INFO - Started process (PID=822) to work on /opt/airflow/dags/crud_table.py
[2024-05-06T15:39:07.284+0000] {processor.py:830} INFO - Processing file /opt/airflow/dags/crud_table.py for tasks to queue
[2024-05-06T15:39:07.286+0000] {logging_mixin.py:188} INFO - [2024-05-06T15:39:07.286+0000] {dagbag.py:540} INFO - Filling up the DagBag from /opt/airflow/dags/crud_table.py
[2024-05-06T15:39:08.127+0000] {processor.py:840} INFO - DAG(s) 'snowflake_crud_example' retrieved from /opt/airflow/dags/crud_table.py
[2024-05-06T15:39:08.151+0000] {logging_mixin.py:188} INFO - [2024-05-06T15:39:08.151+0000] {dag.py:3096} INFO - Sync 1 DAGs
[2024-05-06T15:39:08.163+0000] {logging_mixin.py:188} INFO - [2024-05-06T15:39:08.162+0000] {dag.py:3954} INFO - Setting next_dagrun for snowflake_crud_example to None, run_after=None
[2024-05-06T15:39:08.179+0000] {processor.py:183} INFO - Processing /opt/airflow/dags/crud_table.py took 0.902 seconds
[2024-05-06T15:39:38.556+0000] {processor.py:161} INFO - Started process (PID=888) to work on /opt/airflow/dags/crud_table.py
[2024-05-06T15:39:38.557+0000] {processor.py:830} INFO - Processing file /opt/airflow/dags/crud_table.py for tasks to queue
[2024-05-06T15:39:38.559+0000] {logging_mixin.py:188} INFO - [2024-05-06T15:39:38.559+0000] {dagbag.py:540} INFO - Filling up the DagBag from /opt/airflow/dags/crud_table.py
[2024-05-06T15:39:39.299+0000] {processor.py:840} INFO - DAG(s) 'snowflake_crud_example' retrieved from /opt/airflow/dags/crud_table.py
[2024-05-06T15:39:39.320+0000] {logging_mixin.py:188} INFO - [2024-05-06T15:39:39.319+0000] {dag.py:3096} INFO - Sync 1 DAGs
[2024-05-06T15:39:39.331+0000] {logging_mixin.py:188} INFO - [2024-05-06T15:39:39.330+0000] {dag.py:3954} INFO - Setting next_dagrun for snowflake_crud_example to None, run_after=None
[2024-05-06T15:39:39.350+0000] {processor.py:183} INFO - Processing /opt/airflow/dags/crud_table.py took 0.799 seconds
[2024-05-06T15:40:09.436+0000] {processor.py:161} INFO - Started process (PID=955) to work on /opt/airflow/dags/crud_table.py
[2024-05-06T15:40:09.437+0000] {processor.py:830} INFO - Processing file /opt/airflow/dags/crud_table.py for tasks to queue
[2024-05-06T15:40:09.439+0000] {logging_mixin.py:188} INFO - [2024-05-06T15:40:09.438+0000] {dagbag.py:540} INFO - Filling up the DagBag from /opt/airflow/dags/crud_table.py
[2024-05-06T15:40:10.210+0000] {processor.py:840} INFO - DAG(s) 'snowflake_crud_example' retrieved from /opt/airflow/dags/crud_table.py
[2024-05-06T15:40:10.229+0000] {logging_mixin.py:188} INFO - [2024-05-06T15:40:10.229+0000] {dag.py:3096} INFO - Sync 1 DAGs
[2024-05-06T15:40:10.242+0000] {logging_mixin.py:188} INFO - [2024-05-06T15:40:10.242+0000] {dag.py:3954} INFO - Setting next_dagrun for snowflake_crud_example to None, run_after=None
[2024-05-06T15:40:10.266+0000] {processor.py:183} INFO - Processing /opt/airflow/dags/crud_table.py took 0.835 seconds
[2024-05-06T15:40:40.438+0000] {processor.py:161} INFO - Started process (PID=1022) to work on /opt/airflow/dags/crud_table.py
[2024-05-06T15:40:40.439+0000] {processor.py:830} INFO - Processing file /opt/airflow/dags/crud_table.py for tasks to queue
[2024-05-06T15:40:40.441+0000] {logging_mixin.py:188} INFO - [2024-05-06T15:40:40.440+0000] {dagbag.py:540} INFO - Filling up the DagBag from /opt/airflow/dags/crud_table.py
[2024-05-06T15:40:41.168+0000] {processor.py:840} INFO - DAG(s) 'snowflake_crud_example' retrieved from /opt/airflow/dags/crud_table.py
[2024-05-06T15:40:41.185+0000] {logging_mixin.py:188} INFO - [2024-05-06T15:40:41.184+0000] {dag.py:3096} INFO - Sync 1 DAGs
[2024-05-06T15:40:41.198+0000] {logging_mixin.py:188} INFO - [2024-05-06T15:40:41.198+0000] {dag.py:3954} INFO - Setting next_dagrun for snowflake_crud_example to None, run_after=None
[2024-05-06T15:40:41.220+0000] {processor.py:183} INFO - Processing /opt/airflow/dags/crud_table.py took 0.788 seconds
[2024-05-06T15:41:11.709+0000] {processor.py:161} INFO - Started process (PID=1091) to work on /opt/airflow/dags/crud_table.py
[2024-05-06T15:41:11.710+0000] {processor.py:830} INFO - Processing file /opt/airflow/dags/crud_table.py for tasks to queue
[2024-05-06T15:41:11.712+0000] {logging_mixin.py:188} INFO - [2024-05-06T15:41:11.711+0000] {dagbag.py:540} INFO - Filling up the DagBag from /opt/airflow/dags/crud_table.py
[2024-05-06T15:41:12.461+0000] {processor.py:840} INFO - DAG(s) 'snowflake_crud_example' retrieved from /opt/airflow/dags/crud_table.py
[2024-05-06T15:41:12.476+0000] {logging_mixin.py:188} INFO - [2024-05-06T15:41:12.475+0000] {dag.py:3096} INFO - Sync 1 DAGs
[2024-05-06T15:41:12.486+0000] {logging_mixin.py:188} INFO - [2024-05-06T15:41:12.486+0000] {dag.py:3954} INFO - Setting next_dagrun for snowflake_crud_example to None, run_after=None
[2024-05-06T15:41:12.505+0000] {processor.py:183} INFO - Processing /opt/airflow/dags/crud_table.py took 0.802 seconds
[2024-05-06T15:41:42.735+0000] {processor.py:161} INFO - Started process (PID=1160) to work on /opt/airflow/dags/crud_table.py
[2024-05-06T15:41:42.739+0000] {processor.py:830} INFO - Processing file /opt/airflow/dags/crud_table.py for tasks to queue
[2024-05-06T15:41:42.743+0000] {logging_mixin.py:188} INFO - [2024-05-06T15:41:42.742+0000] {dagbag.py:540} INFO - Filling up the DagBag from /opt/airflow/dags/crud_table.py
[2024-05-06T15:41:43.995+0000] {processor.py:840} INFO - DAG(s) 'snowflake_crud_example' retrieved from /opt/airflow/dags/crud_table.py
[2024-05-06T15:41:44.016+0000] {logging_mixin.py:188} INFO - [2024-05-06T15:41:44.015+0000] {dag.py:3096} INFO - Sync 1 DAGs
[2024-05-06T15:41:44.030+0000] {logging_mixin.py:188} INFO - [2024-05-06T15:41:44.030+0000] {dag.py:3954} INFO - Setting next_dagrun for snowflake_crud_example to None, run_after=None
[2024-05-06T15:41:44.059+0000] {processor.py:183} INFO - Processing /opt/airflow/dags/crud_table.py took 1.336 seconds
[2024-05-06T15:42:14.565+0000] {processor.py:161} INFO - Started process (PID=1227) to work on /opt/airflow/dags/crud_table.py
[2024-05-06T15:42:14.566+0000] {processor.py:830} INFO - Processing file /opt/airflow/dags/crud_table.py for tasks to queue
[2024-05-06T15:42:14.568+0000] {logging_mixin.py:188} INFO - [2024-05-06T15:42:14.568+0000] {dagbag.py:540} INFO - Filling up the DagBag from /opt/airflow/dags/crud_table.py
[2024-05-06T15:42:15.507+0000] {processor.py:840} INFO - DAG(s) 'snowflake_crud_example' retrieved from /opt/airflow/dags/crud_table.py
[2024-05-06T15:42:15.523+0000] {logging_mixin.py:188} INFO - [2024-05-06T15:42:15.523+0000] {dag.py:3096} INFO - Sync 1 DAGs
[2024-05-06T15:42:15.534+0000] {logging_mixin.py:188} INFO - [2024-05-06T15:42:15.534+0000] {dag.py:3954} INFO - Setting next_dagrun for snowflake_crud_example to None, run_after=None
[2024-05-06T15:42:15.558+0000] {processor.py:183} INFO - Processing /opt/airflow/dags/crud_table.py took 1.001 seconds
[2024-05-06T15:42:46.066+0000] {processor.py:161} INFO - Started process (PID=1301) to work on /opt/airflow/dags/crud_table.py
[2024-05-06T15:42:46.068+0000] {processor.py:830} INFO - Processing file /opt/airflow/dags/crud_table.py for tasks to queue
[2024-05-06T15:42:46.071+0000] {logging_mixin.py:188} INFO - [2024-05-06T15:42:46.070+0000] {dagbag.py:540} INFO - Filling up the DagBag from /opt/airflow/dags/crud_table.py
[2024-05-06T15:42:46.772+0000] {processor.py:840} INFO - DAG(s) 'snowflake_crud_example' retrieved from /opt/airflow/dags/crud_table.py
[2024-05-06T15:42:46.791+0000] {logging_mixin.py:188} INFO - [2024-05-06T15:42:46.790+0000] {dag.py:3096} INFO - Sync 1 DAGs
[2024-05-06T15:42:46.803+0000] {logging_mixin.py:188} INFO - [2024-05-06T15:42:46.803+0000] {dag.py:3954} INFO - Setting next_dagrun for snowflake_crud_example to None, run_after=None
[2024-05-06T15:42:46.828+0000] {processor.py:183} INFO - Processing /opt/airflow/dags/crud_table.py took 0.773 seconds
[2024-05-06T15:43:17.771+0000] {processor.py:161} INFO - Started process (PID=1370) to work on /opt/airflow/dags/crud_table.py
[2024-05-06T15:43:17.772+0000] {processor.py:830} INFO - Processing file /opt/airflow/dags/crud_table.py for tasks to queue
[2024-05-06T15:43:17.774+0000] {logging_mixin.py:188} INFO - [2024-05-06T15:43:17.774+0000] {dagbag.py:540} INFO - Filling up the DagBag from /opt/airflow/dags/crud_table.py
[2024-05-06T15:43:18.396+0000] {processor.py:840} INFO - DAG(s) 'snowflake_crud_example' retrieved from /opt/airflow/dags/crud_table.py
[2024-05-06T15:43:18.415+0000] {logging_mixin.py:188} INFO - [2024-05-06T15:43:18.414+0000] {dag.py:3096} INFO - Sync 1 DAGs
[2024-05-06T15:43:18.427+0000] {logging_mixin.py:188} INFO - [2024-05-06T15:43:18.427+0000] {dag.py:3954} INFO - Setting next_dagrun for snowflake_crud_example to None, run_after=None
[2024-05-06T15:43:18.451+0000] {processor.py:183} INFO - Processing /opt/airflow/dags/crud_table.py took 0.686 seconds
[2024-05-06T15:43:49.191+0000] {processor.py:161} INFO - Started process (PID=1437) to work on /opt/airflow/dags/crud_table.py
[2024-05-06T15:43:49.192+0000] {processor.py:830} INFO - Processing file /opt/airflow/dags/crud_table.py for tasks to queue
[2024-05-06T15:43:49.193+0000] {logging_mixin.py:188} INFO - [2024-05-06T15:43:49.193+0000] {dagbag.py:540} INFO - Filling up the DagBag from /opt/airflow/dags/crud_table.py
[2024-05-06T15:43:49.847+0000] {processor.py:840} INFO - DAG(s) 'snowflake_crud_example' retrieved from /opt/airflow/dags/crud_table.py
[2024-05-06T15:43:49.866+0000] {logging_mixin.py:188} INFO - [2024-05-06T15:43:49.866+0000] {dag.py:3096} INFO - Sync 1 DAGs
[2024-05-06T15:43:49.877+0000] {logging_mixin.py:188} INFO - [2024-05-06T15:43:49.877+0000] {dag.py:3954} INFO - Setting next_dagrun for snowflake_crud_example to None, run_after=None
[2024-05-06T15:43:49.901+0000] {processor.py:183} INFO - Processing /opt/airflow/dags/crud_table.py took 0.717 seconds
[2024-05-06T15:44:20.718+0000] {processor.py:161} INFO - Started process (PID=1506) to work on /opt/airflow/dags/crud_table.py
[2024-05-06T15:44:20.719+0000] {processor.py:830} INFO - Processing file /opt/airflow/dags/crud_table.py for tasks to queue
[2024-05-06T15:44:20.721+0000] {logging_mixin.py:188} INFO - [2024-05-06T15:44:20.721+0000] {dagbag.py:540} INFO - Filling up the DagBag from /opt/airflow/dags/crud_table.py
[2024-05-06T15:44:21.383+0000] {processor.py:840} INFO - DAG(s) 'snowflake_crud_example' retrieved from /opt/airflow/dags/crud_table.py
[2024-05-06T15:44:21.402+0000] {logging_mixin.py:188} INFO - [2024-05-06T15:44:21.401+0000] {dag.py:3096} INFO - Sync 1 DAGs
[2024-05-06T15:44:21.413+0000] {logging_mixin.py:188} INFO - [2024-05-06T15:44:21.413+0000] {dag.py:3954} INFO - Setting next_dagrun for snowflake_crud_example to None, run_after=None
[2024-05-06T15:44:21.435+0000] {processor.py:183} INFO - Processing /opt/airflow/dags/crud_table.py took 0.723 seconds
[2024-05-06T15:44:52.003+0000] {processor.py:161} INFO - Started process (PID=1574) to work on /opt/airflow/dags/crud_table.py
[2024-05-06T15:44:52.004+0000] {processor.py:830} INFO - Processing file /opt/airflow/dags/crud_table.py for tasks to queue
[2024-05-06T15:44:52.008+0000] {logging_mixin.py:188} INFO - [2024-05-06T15:44:52.007+0000] {dagbag.py:540} INFO - Filling up the DagBag from /opt/airflow/dags/crud_table.py
[2024-05-06T15:44:52.689+0000] {processor.py:840} INFO - DAG(s) 'snowflake_crud_example' retrieved from /opt/airflow/dags/crud_table.py
[2024-05-06T15:44:52.707+0000] {logging_mixin.py:188} INFO - [2024-05-06T15:44:52.707+0000] {dag.py:3096} INFO - Sync 1 DAGs
[2024-05-06T15:44:52.722+0000] {logging_mixin.py:188} INFO - [2024-05-06T15:44:52.721+0000] {dag.py:3954} INFO - Setting next_dagrun for snowflake_crud_example to None, run_after=None
[2024-05-06T15:44:52.742+0000] {processor.py:183} INFO - Processing /opt/airflow/dags/crud_table.py took 0.746 seconds
[2024-05-06T15:45:23.631+0000] {processor.py:161} INFO - Started process (PID=1642) to work on /opt/airflow/dags/crud_table.py
[2024-05-06T15:45:23.632+0000] {processor.py:830} INFO - Processing file /opt/airflow/dags/crud_table.py for tasks to queue
[2024-05-06T15:45:23.634+0000] {logging_mixin.py:188} INFO - [2024-05-06T15:45:23.634+0000] {dagbag.py:540} INFO - Filling up the DagBag from /opt/airflow/dags/crud_table.py
[2024-05-06T15:45:24.293+0000] {processor.py:840} INFO - DAG(s) 'snowflake_crud_example' retrieved from /opt/airflow/dags/crud_table.py
[2024-05-06T15:45:24.313+0000] {logging_mixin.py:188} INFO - [2024-05-06T15:45:24.312+0000] {dag.py:3096} INFO - Sync 1 DAGs
[2024-05-06T15:45:24.326+0000] {logging_mixin.py:188} INFO - [2024-05-06T15:45:24.326+0000] {dag.py:3954} INFO - Setting next_dagrun for snowflake_crud_example to None, run_after=None
[2024-05-06T15:45:24.355+0000] {processor.py:183} INFO - Processing /opt/airflow/dags/crud_table.py took 0.731 seconds
[2024-05-06T15:45:54.938+0000] {processor.py:161} INFO - Started process (PID=1710) to work on /opt/airflow/dags/crud_table.py
[2024-05-06T15:45:54.939+0000] {processor.py:830} INFO - Processing file /opt/airflow/dags/crud_table.py for tasks to queue
[2024-05-06T15:45:54.942+0000] {logging_mixin.py:188} INFO - [2024-05-06T15:45:54.941+0000] {dagbag.py:540} INFO - Filling up the DagBag from /opt/airflow/dags/crud_table.py
[2024-05-06T15:45:55.975+0000] {processor.py:840} INFO - DAG(s) 'snowflake_crud_example' retrieved from /opt/airflow/dags/crud_table.py
[2024-05-06T15:45:56.001+0000] {logging_mixin.py:188} INFO - [2024-05-06T15:45:56.000+0000] {dag.py:3096} INFO - Sync 1 DAGs
[2024-05-06T15:45:56.021+0000] {logging_mixin.py:188} INFO - [2024-05-06T15:45:56.021+0000] {dag.py:3954} INFO - Setting next_dagrun for snowflake_crud_example to None, run_after=None
[2024-05-06T15:45:56.055+0000] {processor.py:183} INFO - Processing /opt/airflow/dags/crud_table.py took 1.125 seconds
[2024-05-06T15:46:26.152+0000] {processor.py:161} INFO - Started process (PID=1778) to work on /opt/airflow/dags/crud_table.py
[2024-05-06T15:46:26.153+0000] {processor.py:830} INFO - Processing file /opt/airflow/dags/crud_table.py for tasks to queue
[2024-05-06T15:46:26.157+0000] {logging_mixin.py:188} INFO - [2024-05-06T15:46:26.156+0000] {dagbag.py:540} INFO - Filling up the DagBag from /opt/airflow/dags/crud_table.py
[2024-05-06T15:46:26.934+0000] {processor.py:840} INFO - DAG(s) 'snowflake_crud_example' retrieved from /opt/airflow/dags/crud_table.py
[2024-05-06T15:46:26.958+0000] {logging_mixin.py:188} INFO - [2024-05-06T15:46:26.958+0000] {dag.py:3096} INFO - Sync 1 DAGs
[2024-05-06T15:46:26.971+0000] {logging_mixin.py:188} INFO - [2024-05-06T15:46:26.971+0000] {dag.py:3954} INFO - Setting next_dagrun for snowflake_crud_example to None, run_after=None
[2024-05-06T15:46:26.994+0000] {processor.py:183} INFO - Processing /opt/airflow/dags/crud_table.py took 0.851 seconds
[2024-05-06T15:46:57.835+0000] {processor.py:161} INFO - Started process (PID=1848) to work on /opt/airflow/dags/crud_table.py
[2024-05-06T15:46:57.837+0000] {processor.py:830} INFO - Processing file /opt/airflow/dags/crud_table.py for tasks to queue
[2024-05-06T15:46:57.841+0000] {logging_mixin.py:188} INFO - [2024-05-06T15:46:57.840+0000] {dagbag.py:540} INFO - Filling up the DagBag from /opt/airflow/dags/crud_table.py
[2024-05-06T15:47:01.125+0000] {processor.py:840} INFO - DAG(s) 'snowflake_crud_example' retrieved from /opt/airflow/dags/crud_table.py
[2024-05-06T15:47:01.224+0000] {logging_mixin.py:188} INFO - [2024-05-06T15:47:01.223+0000] {dag.py:3096} INFO - Sync 1 DAGs
[2024-05-06T15:47:01.311+0000] {logging_mixin.py:188} INFO - [2024-05-06T15:47:01.310+0000] {dag.py:3954} INFO - Setting next_dagrun for snowflake_crud_example to None, run_after=None
[2024-05-06T15:47:01.476+0000] {processor.py:183} INFO - Processing /opt/airflow/dags/crud_table.py took 3.665 seconds
[2024-05-06T15:47:32.301+0000] {processor.py:161} INFO - Started process (PID=1916) to work on /opt/airflow/dags/crud_table.py
[2024-05-06T15:47:32.302+0000] {processor.py:830} INFO - Processing file /opt/airflow/dags/crud_table.py for tasks to queue
[2024-05-06T15:47:32.304+0000] {logging_mixin.py:188} INFO - [2024-05-06T15:47:32.304+0000] {dagbag.py:540} INFO - Filling up the DagBag from /opt/airflow/dags/crud_table.py
[2024-05-06T15:47:32.964+0000] {processor.py:840} INFO - DAG(s) 'snowflake_crud_example' retrieved from /opt/airflow/dags/crud_table.py
[2024-05-06T15:47:32.983+0000] {logging_mixin.py:188} INFO - [2024-05-06T15:47:32.982+0000] {dag.py:3096} INFO - Sync 1 DAGs
[2024-05-06T15:47:32.997+0000] {logging_mixin.py:188} INFO - [2024-05-06T15:47:32.996+0000] {dag.py:3954} INFO - Setting next_dagrun for snowflake_crud_example to None, run_after=None
[2024-05-06T15:47:33.023+0000] {processor.py:183} INFO - Processing /opt/airflow/dags/crud_table.py took 0.731 seconds
[2024-05-06T15:48:03.784+0000] {processor.py:161} INFO - Started process (PID=1984) to work on /opt/airflow/dags/crud_table.py
[2024-05-06T15:48:03.785+0000] {processor.py:830} INFO - Processing file /opt/airflow/dags/crud_table.py for tasks to queue
[2024-05-06T15:48:03.787+0000] {logging_mixin.py:188} INFO - [2024-05-06T15:48:03.786+0000] {dagbag.py:540} INFO - Filling up the DagBag from /opt/airflow/dags/crud_table.py
[2024-05-06T15:48:04.420+0000] {processor.py:840} INFO - DAG(s) 'snowflake_crud_example' retrieved from /opt/airflow/dags/crud_table.py
[2024-05-06T15:48:04.440+0000] {logging_mixin.py:188} INFO - [2024-05-06T15:48:04.440+0000] {dag.py:3096} INFO - Sync 1 DAGs
[2024-05-06T15:48:04.452+0000] {logging_mixin.py:188} INFO - [2024-05-06T15:48:04.452+0000] {dag.py:3954} INFO - Setting next_dagrun for snowflake_crud_example to None, run_after=None
[2024-05-06T15:48:04.477+0000] {processor.py:183} INFO - Processing /opt/airflow/dags/crud_table.py took 0.700 seconds
[2024-05-06T15:48:35.228+0000] {processor.py:161} INFO - Started process (PID=2053) to work on /opt/airflow/dags/crud_table.py
[2024-05-06T15:48:35.230+0000] {processor.py:830} INFO - Processing file /opt/airflow/dags/crud_table.py for tasks to queue
[2024-05-06T15:48:35.232+0000] {logging_mixin.py:188} INFO - [2024-05-06T15:48:35.232+0000] {dagbag.py:540} INFO - Filling up the DagBag from /opt/airflow/dags/crud_table.py
[2024-05-06T15:48:35.912+0000] {processor.py:840} INFO - DAG(s) 'snowflake_crud_example' retrieved from /opt/airflow/dags/crud_table.py
[2024-05-06T15:48:35.930+0000] {logging_mixin.py:188} INFO - [2024-05-06T15:48:35.930+0000] {dag.py:3096} INFO - Sync 1 DAGs
[2024-05-06T15:48:35.945+0000] {logging_mixin.py:188} INFO - [2024-05-06T15:48:35.945+0000] {dag.py:3954} INFO - Setting next_dagrun for snowflake_crud_example to None, run_after=None
[2024-05-06T15:48:35.965+0000] {processor.py:183} INFO - Processing /opt/airflow/dags/crud_table.py took 0.745 seconds
[2024-05-06T15:49:06.070+0000] {processor.py:161} INFO - Started process (PID=2124) to work on /opt/airflow/dags/crud_table.py
[2024-05-06T15:49:06.071+0000] {processor.py:830} INFO - Processing file /opt/airflow/dags/crud_table.py for tasks to queue
[2024-05-06T15:49:06.073+0000] {logging_mixin.py:188} INFO - [2024-05-06T15:49:06.073+0000] {dagbag.py:540} INFO - Filling up the DagBag from /opt/airflow/dags/crud_table.py
[2024-05-06T15:49:06.792+0000] {processor.py:840} INFO - DAG(s) 'snowflake_crud_example' retrieved from /opt/airflow/dags/crud_table.py
[2024-05-06T15:49:06.812+0000] {logging_mixin.py:188} INFO - [2024-05-06T15:49:06.812+0000] {dag.py:3096} INFO - Sync 1 DAGs
[2024-05-06T15:49:06.826+0000] {logging_mixin.py:188} INFO - [2024-05-06T15:49:06.826+0000] {dag.py:3954} INFO - Setting next_dagrun for snowflake_crud_example to None, run_after=None
[2024-05-06T15:49:06.854+0000] {processor.py:183} INFO - Processing /opt/airflow/dags/crud_table.py took 0.792 seconds
[2024-05-06T15:49:37.114+0000] {processor.py:161} INFO - Started process (PID=2191) to work on /opt/airflow/dags/crud_table.py
[2024-05-06T15:49:37.115+0000] {processor.py:830} INFO - Processing file /opt/airflow/dags/crud_table.py for tasks to queue
[2024-05-06T15:49:37.117+0000] {logging_mixin.py:188} INFO - [2024-05-06T15:49:37.117+0000] {dagbag.py:540} INFO - Filling up the DagBag from /opt/airflow/dags/crud_table.py
[2024-05-06T15:49:37.773+0000] {processor.py:840} INFO - DAG(s) 'snowflake_crud_example' retrieved from /opt/airflow/dags/crud_table.py
[2024-05-06T15:49:37.792+0000] {logging_mixin.py:188} INFO - [2024-05-06T15:49:37.791+0000] {dag.py:3096} INFO - Sync 1 DAGs
[2024-05-06T15:49:37.804+0000] {logging_mixin.py:188} INFO - [2024-05-06T15:49:37.804+0000] {dag.py:3954} INFO - Setting next_dagrun for snowflake_crud_example to None, run_after=None
[2024-05-06T15:49:37.830+0000] {processor.py:183} INFO - Processing /opt/airflow/dags/crud_table.py took 0.722 seconds
[2024-05-06T15:50:08.590+0000] {processor.py:161} INFO - Started process (PID=2260) to work on /opt/airflow/dags/crud_table.py
[2024-05-06T15:50:08.592+0000] {processor.py:830} INFO - Processing file /opt/airflow/dags/crud_table.py for tasks to queue
[2024-05-06T15:50:08.594+0000] {logging_mixin.py:188} INFO - [2024-05-06T15:50:08.594+0000] {dagbag.py:540} INFO - Filling up the DagBag from /opt/airflow/dags/crud_table.py
[2024-05-06T15:50:09.295+0000] {processor.py:840} INFO - DAG(s) 'snowflake_crud_example' retrieved from /opt/airflow/dags/crud_table.py
[2024-05-06T15:50:09.315+0000] {logging_mixin.py:188} INFO - [2024-05-06T15:50:09.315+0000] {dag.py:3096} INFO - Sync 1 DAGs
[2024-05-06T15:50:09.331+0000] {logging_mixin.py:188} INFO - [2024-05-06T15:50:09.331+0000] {dag.py:3954} INFO - Setting next_dagrun for snowflake_crud_example to None, run_after=None
[2024-05-06T15:50:09.350+0000] {processor.py:183} INFO - Processing /opt/airflow/dags/crud_table.py took 0.765 seconds
[2024-05-06T15:50:39.616+0000] {processor.py:161} INFO - Started process (PID=2331) to work on /opt/airflow/dags/crud_table.py
[2024-05-06T15:50:39.617+0000] {processor.py:830} INFO - Processing file /opt/airflow/dags/crud_table.py for tasks to queue
[2024-05-06T15:50:39.619+0000] {logging_mixin.py:188} INFO - [2024-05-06T15:50:39.619+0000] {dagbag.py:540} INFO - Filling up the DagBag from /opt/airflow/dags/crud_table.py
[2024-05-06T15:50:40.318+0000] {processor.py:840} INFO - DAG(s) 'snowflake_crud_example' retrieved from /opt/airflow/dags/crud_table.py
[2024-05-06T15:50:40.338+0000] {logging_mixin.py:188} INFO - [2024-05-06T15:50:40.338+0000] {dag.py:3096} INFO - Sync 1 DAGs
[2024-05-06T15:50:40.355+0000] {logging_mixin.py:188} INFO - [2024-05-06T15:50:40.354+0000] {dag.py:3954} INFO - Setting next_dagrun for snowflake_crud_example to None, run_after=None
[2024-05-06T15:50:40.374+0000] {processor.py:183} INFO - Processing /opt/airflow/dags/crud_table.py took 0.765 seconds
[2024-05-06T15:51:10.452+0000] {processor.py:161} INFO - Started process (PID=2401) to work on /opt/airflow/dags/crud_table.py
[2024-05-06T15:51:10.453+0000] {processor.py:830} INFO - Processing file /opt/airflow/dags/crud_table.py for tasks to queue
[2024-05-06T15:51:10.455+0000] {logging_mixin.py:188} INFO - [2024-05-06T15:51:10.454+0000] {dagbag.py:540} INFO - Filling up the DagBag from /opt/airflow/dags/crud_table.py
[2024-05-06T15:51:11.095+0000] {processor.py:840} INFO - DAG(s) 'snowflake_crud_example' retrieved from /opt/airflow/dags/crud_table.py
[2024-05-06T15:51:11.114+0000] {logging_mixin.py:188} INFO - [2024-05-06T15:51:11.113+0000] {dag.py:3096} INFO - Sync 1 DAGs
[2024-05-06T15:51:11.125+0000] {logging_mixin.py:188} INFO - [2024-05-06T15:51:11.125+0000] {dag.py:3954} INFO - Setting next_dagrun for snowflake_crud_example to None, run_after=None
[2024-05-06T15:51:11.148+0000] {processor.py:183} INFO - Processing /opt/airflow/dags/crud_table.py took 0.701 seconds
[2024-05-06T15:51:41.210+0000] {processor.py:161} INFO - Started process (PID=2469) to work on /opt/airflow/dags/crud_table.py
[2024-05-06T15:51:41.211+0000] {processor.py:830} INFO - Processing file /opt/airflow/dags/crud_table.py for tasks to queue
[2024-05-06T15:51:41.213+0000] {logging_mixin.py:188} INFO - [2024-05-06T15:51:41.213+0000] {dagbag.py:540} INFO - Filling up the DagBag from /opt/airflow/dags/crud_table.py
[2024-05-06T15:51:41.852+0000] {processor.py:840} INFO - DAG(s) 'snowflake_crud_example' retrieved from /opt/airflow/dags/crud_table.py
[2024-05-06T15:51:41.871+0000] {logging_mixin.py:188} INFO - [2024-05-06T15:51:41.871+0000] {dag.py:3096} INFO - Sync 1 DAGs
[2024-05-06T15:51:41.883+0000] {logging_mixin.py:188} INFO - [2024-05-06T15:51:41.883+0000] {dag.py:3954} INFO - Setting next_dagrun for snowflake_crud_example to None, run_after=None
[2024-05-06T15:51:41.902+0000] {processor.py:183} INFO - Processing /opt/airflow/dags/crud_table.py took 0.699 seconds
[2024-05-06T15:52:12.019+0000] {processor.py:161} INFO - Started process (PID=2541) to work on /opt/airflow/dags/crud_table.py
[2024-05-06T15:52:12.020+0000] {processor.py:830} INFO - Processing file /opt/airflow/dags/crud_table.py for tasks to queue
[2024-05-06T15:52:12.022+0000] {logging_mixin.py:188} INFO - [2024-05-06T15:52:12.022+0000] {dagbag.py:540} INFO - Filling up the DagBag from /opt/airflow/dags/crud_table.py
[2024-05-06T15:52:12.680+0000] {processor.py:840} INFO - DAG(s) 'snowflake_crud_example' retrieved from /opt/airflow/dags/crud_table.py
[2024-05-06T15:52:12.699+0000] {logging_mixin.py:188} INFO - [2024-05-06T15:52:12.698+0000] {dag.py:3096} INFO - Sync 1 DAGs
[2024-05-06T15:52:12.712+0000] {logging_mixin.py:188} INFO - [2024-05-06T15:52:12.712+0000] {dag.py:3954} INFO - Setting next_dagrun for snowflake_crud_example to None, run_after=None
[2024-05-06T15:52:12.745+0000] {processor.py:183} INFO - Processing /opt/airflow/dags/crud_table.py took 0.733 seconds
[2024-05-06T15:52:43.237+0000] {processor.py:161} INFO - Started process (PID=2608) to work on /opt/airflow/dags/crud_table.py
[2024-05-06T15:52:43.238+0000] {processor.py:830} INFO - Processing file /opt/airflow/dags/crud_table.py for tasks to queue
[2024-05-06T15:52:43.240+0000] {logging_mixin.py:188} INFO - [2024-05-06T15:52:43.240+0000] {dagbag.py:540} INFO - Filling up the DagBag from /opt/airflow/dags/crud_table.py
[2024-05-06T15:52:44.186+0000] {processor.py:840} INFO - DAG(s) 'snowflake_crud_example' retrieved from /opt/airflow/dags/crud_table.py
[2024-05-06T15:52:44.210+0000] {logging_mixin.py:188} INFO - [2024-05-06T15:52:44.209+0000] {dag.py:3096} INFO - Sync 1 DAGs
[2024-05-06T15:52:44.231+0000] {logging_mixin.py:188} INFO - [2024-05-06T15:52:44.230+0000] {dag.py:3954} INFO - Setting next_dagrun for snowflake_crud_example to None, run_after=None
[2024-05-06T15:52:44.405+0000] {processor.py:183} INFO - Processing /opt/airflow/dags/crud_table.py took 1.175 seconds
[2024-05-06T15:53:15.280+0000] {processor.py:161} INFO - Started process (PID=2681) to work on /opt/airflow/dags/crud_table.py
[2024-05-06T15:53:15.281+0000] {processor.py:830} INFO - Processing file /opt/airflow/dags/crud_table.py for tasks to queue
[2024-05-06T15:53:15.283+0000] {logging_mixin.py:188} INFO - [2024-05-06T15:53:15.282+0000] {dagbag.py:540} INFO - Filling up the DagBag from /opt/airflow/dags/crud_table.py
[2024-05-06T15:53:16.119+0000] {processor.py:840} INFO - DAG(s) 'snowflake_crud_example' retrieved from /opt/airflow/dags/crud_table.py
[2024-05-06T15:53:16.140+0000] {logging_mixin.py:188} INFO - [2024-05-06T15:53:16.139+0000] {dag.py:3096} INFO - Sync 1 DAGs
[2024-05-06T15:53:16.155+0000] {logging_mixin.py:188} INFO - [2024-05-06T15:53:16.155+0000] {dag.py:3954} INFO - Setting next_dagrun for snowflake_crud_example to None, run_after=None
[2024-05-06T15:53:16.193+0000] {processor.py:183} INFO - Processing /opt/airflow/dags/crud_table.py took 0.919 seconds
[2024-05-06T15:53:46.854+0000] {processor.py:161} INFO - Started process (PID=2759) to work on /opt/airflow/dags/crud_table.py
[2024-05-06T15:53:46.855+0000] {processor.py:830} INFO - Processing file /opt/airflow/dags/crud_table.py for tasks to queue
[2024-05-06T15:53:46.857+0000] {logging_mixin.py:188} INFO - [2024-05-06T15:53:46.857+0000] {dagbag.py:540} INFO - Filling up the DagBag from /opt/airflow/dags/crud_table.py
[2024-05-06T15:53:47.525+0000] {processor.py:840} INFO - DAG(s) 'snowflake_crud_example' retrieved from /opt/airflow/dags/crud_table.py
[2024-05-06T15:53:47.544+0000] {logging_mixin.py:188} INFO - [2024-05-06T15:53:47.544+0000] {dag.py:3096} INFO - Sync 1 DAGs
[2024-05-06T15:53:47.557+0000] {logging_mixin.py:188} INFO - [2024-05-06T15:53:47.557+0000] {dag.py:3954} INFO - Setting next_dagrun for snowflake_crud_example to None, run_after=None
[2024-05-06T15:53:47.583+0000] {processor.py:183} INFO - Processing /opt/airflow/dags/crud_table.py took 0.734 seconds
[2024-05-06T15:54:18.111+0000] {processor.py:161} INFO - Started process (PID=2826) to work on /opt/airflow/dags/crud_table.py
[2024-05-06T15:54:18.112+0000] {processor.py:830} INFO - Processing file /opt/airflow/dags/crud_table.py for tasks to queue
[2024-05-06T15:54:18.114+0000] {logging_mixin.py:188} INFO - [2024-05-06T15:54:18.114+0000] {dagbag.py:540} INFO - Filling up the DagBag from /opt/airflow/dags/crud_table.py
[2024-05-06T15:54:18.807+0000] {processor.py:840} INFO - DAG(s) 'snowflake_crud_example' retrieved from /opt/airflow/dags/crud_table.py
[2024-05-06T15:54:18.825+0000] {logging_mixin.py:188} INFO - [2024-05-06T15:54:18.824+0000] {dag.py:3096} INFO - Sync 1 DAGs
[2024-05-06T15:54:18.837+0000] {logging_mixin.py:188} INFO - [2024-05-06T15:54:18.837+0000] {dag.py:3954} INFO - Setting next_dagrun for snowflake_crud_example to None, run_after=None
[2024-05-06T15:54:18.860+0000] {processor.py:183} INFO - Processing /opt/airflow/dags/crud_table.py took 0.755 seconds
[2024-05-06T15:54:49.761+0000] {processor.py:161} INFO - Started process (PID=2893) to work on /opt/airflow/dags/crud_table.py
[2024-05-06T15:54:49.762+0000] {processor.py:830} INFO - Processing file /opt/airflow/dags/crud_table.py for tasks to queue
[2024-05-06T15:54:49.764+0000] {logging_mixin.py:188} INFO - [2024-05-06T15:54:49.763+0000] {dagbag.py:540} INFO - Filling up the DagBag from /opt/airflow/dags/crud_table.py
[2024-05-06T15:54:50.471+0000] {processor.py:840} INFO - DAG(s) 'snowflake_crud_example' retrieved from /opt/airflow/dags/crud_table.py
[2024-05-06T15:54:50.617+0000] {logging_mixin.py:188} INFO - [2024-05-06T15:54:50.617+0000] {dag.py:3096} INFO - Sync 1 DAGs
[2024-05-06T15:54:50.630+0000] {logging_mixin.py:188} INFO - [2024-05-06T15:54:50.630+0000] {dag.py:3954} INFO - Setting next_dagrun for snowflake_crud_example to None, run_after=None
[2024-05-06T15:54:50.655+0000] {processor.py:183} INFO - Processing /opt/airflow/dags/crud_table.py took 0.901 seconds
[2024-05-06T15:55:21.557+0000] {processor.py:161} INFO - Started process (PID=2960) to work on /opt/airflow/dags/crud_table.py
[2024-05-06T15:55:21.558+0000] {processor.py:830} INFO - Processing file /opt/airflow/dags/crud_table.py for tasks to queue
[2024-05-06T15:55:21.560+0000] {logging_mixin.py:188} INFO - [2024-05-06T15:55:21.559+0000] {dagbag.py:540} INFO - Filling up the DagBag from /opt/airflow/dags/crud_table.py
[2024-05-06T15:55:22.145+0000] {processor.py:840} INFO - DAG(s) 'snowflake_crud_example' retrieved from /opt/airflow/dags/crud_table.py
[2024-05-06T15:55:22.163+0000] {logging_mixin.py:188} INFO - [2024-05-06T15:55:22.163+0000] {dag.py:3096} INFO - Sync 1 DAGs
[2024-05-06T15:55:22.290+0000] {logging_mixin.py:188} INFO - [2024-05-06T15:55:22.290+0000] {dag.py:3954} INFO - Setting next_dagrun for snowflake_crud_example to None, run_after=None
[2024-05-06T15:55:22.324+0000] {processor.py:183} INFO - Processing /opt/airflow/dags/crud_table.py took 0.774 seconds
[2024-05-06T15:55:53.271+0000] {processor.py:161} INFO - Started process (PID=3027) to work on /opt/airflow/dags/crud_table.py
[2024-05-06T15:55:53.272+0000] {processor.py:830} INFO - Processing file /opt/airflow/dags/crud_table.py for tasks to queue
[2024-05-06T15:55:53.274+0000] {logging_mixin.py:188} INFO - [2024-05-06T15:55:53.274+0000] {dagbag.py:540} INFO - Filling up the DagBag from /opt/airflow/dags/crud_table.py
[2024-05-06T15:55:53.925+0000] {processor.py:840} INFO - DAG(s) 'snowflake_crud_example' retrieved from /opt/airflow/dags/crud_table.py
[2024-05-06T15:55:53.945+0000] {logging_mixin.py:188} INFO - [2024-05-06T15:55:53.944+0000] {dag.py:3096} INFO - Sync 1 DAGs
[2024-05-06T15:55:54.091+0000] {logging_mixin.py:188} INFO - [2024-05-06T15:55:54.091+0000] {dag.py:3954} INFO - Setting next_dagrun for snowflake_crud_example to None, run_after=None
[2024-05-06T15:55:54.112+0000] {processor.py:183} INFO - Processing /opt/airflow/dags/crud_table.py took 0.847 seconds
[2024-05-06T15:56:24.234+0000] {processor.py:161} INFO - Started process (PID=3096) to work on /opt/airflow/dags/crud_table.py
[2024-05-06T15:56:24.235+0000] {processor.py:830} INFO - Processing file /opt/airflow/dags/crud_table.py for tasks to queue
[2024-05-06T15:56:24.237+0000] {logging_mixin.py:188} INFO - [2024-05-06T15:56:24.237+0000] {dagbag.py:540} INFO - Filling up the DagBag from /opt/airflow/dags/crud_table.py
[2024-05-06T15:56:24.863+0000] {processor.py:840} INFO - DAG(s) 'snowflake_crud_example' retrieved from /opt/airflow/dags/crud_table.py
[2024-05-06T15:56:24.880+0000] {logging_mixin.py:188} INFO - [2024-05-06T15:56:24.879+0000] {dag.py:3096} INFO - Sync 1 DAGs
[2024-05-06T15:56:24.893+0000] {logging_mixin.py:188} INFO - [2024-05-06T15:56:24.893+0000] {dag.py:3954} INFO - Setting next_dagrun for snowflake_crud_example to None, run_after=None
[2024-05-06T15:56:24.926+0000] {processor.py:183} INFO - Processing /opt/airflow/dags/crud_table.py took 0.698 seconds
[2024-05-06T15:56:55.001+0000] {processor.py:161} INFO - Started process (PID=3163) to work on /opt/airflow/dags/crud_table.py
[2024-05-06T15:56:55.003+0000] {processor.py:830} INFO - Processing file /opt/airflow/dags/crud_table.py for tasks to queue
[2024-05-06T15:56:55.005+0000] {logging_mixin.py:188} INFO - [2024-05-06T15:56:55.005+0000] {dagbag.py:540} INFO - Filling up the DagBag from /opt/airflow/dags/crud_table.py
[2024-05-06T15:56:55.979+0000] {processor.py:840} INFO - DAG(s) 'snowflake_crud_example' retrieved from /opt/airflow/dags/crud_table.py
[2024-05-06T15:56:55.999+0000] {logging_mixin.py:188} INFO - [2024-05-06T15:56:55.998+0000] {dag.py:3096} INFO - Sync 1 DAGs
[2024-05-06T15:56:56.012+0000] {logging_mixin.py:188} INFO - [2024-05-06T15:56:56.011+0000] {dag.py:3954} INFO - Setting next_dagrun for snowflake_crud_example to None, run_after=None
[2024-05-06T15:56:56.046+0000] {processor.py:183} INFO - Processing /opt/airflow/dags/crud_table.py took 1.052 seconds
[2024-05-06T15:57:26.183+0000] {processor.py:161} INFO - Started process (PID=3230) to work on /opt/airflow/dags/crud_table.py
[2024-05-06T15:57:26.185+0000] {processor.py:830} INFO - Processing file /opt/airflow/dags/crud_table.py for tasks to queue
[2024-05-06T15:57:26.186+0000] {logging_mixin.py:188} INFO - [2024-05-06T15:57:26.186+0000] {dagbag.py:540} INFO - Filling up the DagBag from /opt/airflow/dags/crud_table.py
[2024-05-06T15:57:26.837+0000] {processor.py:840} INFO - DAG(s) 'snowflake_crud_example' retrieved from /opt/airflow/dags/crud_table.py
[2024-05-06T15:57:27.001+0000] {logging_mixin.py:188} INFO - [2024-05-06T15:57:27.001+0000] {dag.py:3096} INFO - Sync 1 DAGs
[2024-05-06T15:57:27.012+0000] {logging_mixin.py:188} INFO - [2024-05-06T15:57:27.012+0000] {dag.py:3954} INFO - Setting next_dagrun for snowflake_crud_example to None, run_after=None
[2024-05-06T15:57:27.038+0000] {processor.py:183} INFO - Processing /opt/airflow/dags/crud_table.py took 0.860 seconds
[2024-05-06T15:57:57.683+0000] {processor.py:161} INFO - Started process (PID=3297) to work on /opt/airflow/dags/crud_table.py
[2024-05-06T15:57:57.684+0000] {processor.py:830} INFO - Processing file /opt/airflow/dags/crud_table.py for tasks to queue
[2024-05-06T15:57:57.687+0000] {logging_mixin.py:188} INFO - [2024-05-06T15:57:57.687+0000] {dagbag.py:540} INFO - Filling up the DagBag from /opt/airflow/dags/crud_table.py
[2024-05-06T15:57:58.450+0000] {processor.py:840} INFO - DAG(s) 'snowflake_crud_example' retrieved from /opt/airflow/dags/crud_table.py
[2024-05-06T15:57:58.614+0000] {logging_mixin.py:188} INFO - [2024-05-06T15:57:58.613+0000] {dag.py:3096} INFO - Sync 1 DAGs
[2024-05-06T15:57:58.626+0000] {logging_mixin.py:188} INFO - [2024-05-06T15:57:58.626+0000] {dag.py:3954} INFO - Setting next_dagrun for snowflake_crud_example to None, run_after=None
[2024-05-06T15:57:58.653+0000] {processor.py:183} INFO - Processing /opt/airflow/dags/crud_table.py took 0.976 seconds
[2024-05-06T15:58:29.243+0000] {processor.py:161} INFO - Started process (PID=3366) to work on /opt/airflow/dags/crud_table.py
[2024-05-06T15:58:29.244+0000] {processor.py:830} INFO - Processing file /opt/airflow/dags/crud_table.py for tasks to queue
[2024-05-06T15:58:29.247+0000] {logging_mixin.py:188} INFO - [2024-05-06T15:58:29.247+0000] {dagbag.py:540} INFO - Filling up the DagBag from /opt/airflow/dags/crud_table.py
[2024-05-06T15:58:30.175+0000] {processor.py:840} INFO - DAG(s) 'snowflake_crud_example' retrieved from /opt/airflow/dags/crud_table.py
[2024-05-06T15:58:30.191+0000] {logging_mixin.py:188} INFO - [2024-05-06T15:58:30.190+0000] {dag.py:3096} INFO - Sync 1 DAGs
[2024-05-06T15:58:30.206+0000] {logging_mixin.py:188} INFO - [2024-05-06T15:58:30.206+0000] {dag.py:3954} INFO - Setting next_dagrun for snowflake_crud_example to None, run_after=None
[2024-05-06T15:58:30.228+0000] {processor.py:183} INFO - Processing /opt/airflow/dags/crud_table.py took 0.991 seconds
[2024-05-06T15:59:00.408+0000] {processor.py:161} INFO - Started process (PID=3433) to work on /opt/airflow/dags/crud_table.py
[2024-05-06T15:59:00.409+0000] {processor.py:830} INFO - Processing file /opt/airflow/dags/crud_table.py for tasks to queue
[2024-05-06T15:59:00.412+0000] {logging_mixin.py:188} INFO - [2024-05-06T15:59:00.412+0000] {dagbag.py:540} INFO - Filling up the DagBag from /opt/airflow/dags/crud_table.py
[2024-05-06T15:59:01.468+0000] {processor.py:840} INFO - DAG(s) 'snowflake_crud_example' retrieved from /opt/airflow/dags/crud_table.py
[2024-05-06T15:59:01.492+0000] {logging_mixin.py:188} INFO - [2024-05-06T15:59:01.492+0000] {dag.py:3096} INFO - Sync 1 DAGs
[2024-05-06T15:59:01.510+0000] {logging_mixin.py:188} INFO - [2024-05-06T15:59:01.509+0000] {dag.py:3954} INFO - Setting next_dagrun for snowflake_crud_example to None, run_after=None
[2024-05-06T15:59:01.537+0000] {processor.py:183} INFO - Processing /opt/airflow/dags/crud_table.py took 1.136 seconds
[2024-05-06T15:59:31.757+0000] {processor.py:161} INFO - Started process (PID=3501) to work on /opt/airflow/dags/crud_table.py
[2024-05-06T15:59:31.759+0000] {processor.py:830} INFO - Processing file /opt/airflow/dags/crud_table.py for tasks to queue
[2024-05-06T15:59:31.761+0000] {logging_mixin.py:188} INFO - [2024-05-06T15:59:31.761+0000] {dagbag.py:540} INFO - Filling up the DagBag from /opt/airflow/dags/crud_table.py
[2024-05-06T15:59:32.714+0000] {processor.py:840} INFO - DAG(s) 'snowflake_crud_example' retrieved from /opt/airflow/dags/crud_table.py
[2024-05-06T15:59:32.733+0000] {logging_mixin.py:188} INFO - [2024-05-06T15:59:32.732+0000] {dag.py:3096} INFO - Sync 1 DAGs
[2024-05-06T15:59:32.747+0000] {logging_mixin.py:188} INFO - [2024-05-06T15:59:32.747+0000] {dag.py:3954} INFO - Setting next_dagrun for snowflake_crud_example to None, run_after=None
[2024-05-06T15:59:32.775+0000] {processor.py:183} INFO - Processing /opt/airflow/dags/crud_table.py took 1.027 seconds
[2024-05-06T16:00:03.513+0000] {processor.py:161} INFO - Started process (PID=3568) to work on /opt/airflow/dags/crud_table.py
[2024-05-06T16:00:03.514+0000] {processor.py:830} INFO - Processing file /opt/airflow/dags/crud_table.py for tasks to queue
[2024-05-06T16:00:03.517+0000] {logging_mixin.py:188} INFO - [2024-05-06T16:00:03.516+0000] {dagbag.py:540} INFO - Filling up the DagBag from /opt/airflow/dags/crud_table.py
[2024-05-06T16:00:04.736+0000] {processor.py:840} INFO - DAG(s) 'snowflake_crud_example' retrieved from /opt/airflow/dags/crud_table.py
[2024-05-06T16:00:04.764+0000] {logging_mixin.py:188} INFO - [2024-05-06T16:00:04.763+0000] {dag.py:3096} INFO - Sync 1 DAGs
[2024-05-06T16:00:04.785+0000] {logging_mixin.py:188} INFO - [2024-05-06T16:00:04.785+0000] {dag.py:3954} INFO - Setting next_dagrun for snowflake_crud_example to None, run_after=None
[2024-05-06T16:00:04.820+0000] {processor.py:183} INFO - Processing /opt/airflow/dags/crud_table.py took 1.316 seconds
[2024-05-06T16:00:35.325+0000] {processor.py:161} INFO - Started process (PID=3635) to work on /opt/airflow/dags/crud_table.py
[2024-05-06T16:00:35.326+0000] {processor.py:830} INFO - Processing file /opt/airflow/dags/crud_table.py for tasks to queue
[2024-05-06T16:00:35.328+0000] {logging_mixin.py:188} INFO - [2024-05-06T16:00:35.328+0000] {dagbag.py:540} INFO - Filling up the DagBag from /opt/airflow/dags/crud_table.py
[2024-05-06T16:00:36.127+0000] {processor.py:840} INFO - DAG(s) 'snowflake_crud_example' retrieved from /opt/airflow/dags/crud_table.py
[2024-05-06T16:00:36.145+0000] {logging_mixin.py:188} INFO - [2024-05-06T16:00:36.144+0000] {dag.py:3096} INFO - Sync 1 DAGs
[2024-05-06T16:00:36.155+0000] {logging_mixin.py:188} INFO - [2024-05-06T16:00:36.154+0000] {dag.py:3954} INFO - Setting next_dagrun for snowflake_crud_example to None, run_after=None
[2024-05-06T16:00:36.179+0000] {processor.py:183} INFO - Processing /opt/airflow/dags/crud_table.py took 0.860 seconds
[2024-05-06T16:01:07.047+0000] {processor.py:161} INFO - Started process (PID=3707) to work on /opt/airflow/dags/crud_table.py
[2024-05-06T16:01:07.048+0000] {processor.py:830} INFO - Processing file /opt/airflow/dags/crud_table.py for tasks to queue
[2024-05-06T16:01:07.050+0000] {logging_mixin.py:188} INFO - [2024-05-06T16:01:07.050+0000] {dagbag.py:540} INFO - Filling up the DagBag from /opt/airflow/dags/crud_table.py
[2024-05-06T16:01:07.853+0000] {processor.py:840} INFO - DAG(s) 'snowflake_crud_example' retrieved from /opt/airflow/dags/crud_table.py
[2024-05-06T16:01:07.871+0000] {logging_mixin.py:188} INFO - [2024-05-06T16:01:07.870+0000] {dag.py:3096} INFO - Sync 1 DAGs
[2024-05-06T16:01:07.883+0000] {logging_mixin.py:188} INFO - [2024-05-06T16:01:07.883+0000] {dag.py:3954} INFO - Setting next_dagrun for snowflake_crud_example to None, run_after=None
[2024-05-06T16:01:07.908+0000] {processor.py:183} INFO - Processing /opt/airflow/dags/crud_table.py took 0.868 seconds
[2024-05-06T16:01:38.657+0000] {processor.py:161} INFO - Started process (PID=3775) to work on /opt/airflow/dags/crud_table.py
[2024-05-06T16:01:38.658+0000] {processor.py:830} INFO - Processing file /opt/airflow/dags/crud_table.py for tasks to queue
[2024-05-06T16:01:38.660+0000] {logging_mixin.py:188} INFO - [2024-05-06T16:01:38.660+0000] {dagbag.py:540} INFO - Filling up the DagBag from /opt/airflow/dags/crud_table.py
[2024-05-06T16:01:39.595+0000] {processor.py:840} INFO - DAG(s) 'snowflake_crud_example' retrieved from /opt/airflow/dags/crud_table.py
[2024-05-06T16:01:39.613+0000] {logging_mixin.py:188} INFO - [2024-05-06T16:01:39.612+0000] {dag.py:3096} INFO - Sync 1 DAGs
[2024-05-06T16:01:39.626+0000] {logging_mixin.py:188} INFO - [2024-05-06T16:01:39.625+0000] {dag.py:3954} INFO - Setting next_dagrun for snowflake_crud_example to None, run_after=None
[2024-05-06T16:01:39.650+0000] {processor.py:183} INFO - Processing /opt/airflow/dags/crud_table.py took 1.000 seconds
[2024-05-06T16:02:10.158+0000] {processor.py:161} INFO - Started process (PID=3844) to work on /opt/airflow/dags/crud_table.py
[2024-05-06T16:02:10.163+0000] {processor.py:830} INFO - Processing file /opt/airflow/dags/crud_table.py for tasks to queue
[2024-05-06T16:02:10.166+0000] {logging_mixin.py:188} INFO - [2024-05-06T16:02:10.166+0000] {dagbag.py:540} INFO - Filling up the DagBag from /opt/airflow/dags/crud_table.py
[2024-05-06T16:02:11.066+0000] {processor.py:840} INFO - DAG(s) 'snowflake_crud_example' retrieved from /opt/airflow/dags/crud_table.py
[2024-05-06T16:02:11.082+0000] {logging_mixin.py:188} INFO - [2024-05-06T16:02:11.082+0000] {dag.py:3096} INFO - Sync 1 DAGs
[2024-05-06T16:02:11.093+0000] {logging_mixin.py:188} INFO - [2024-05-06T16:02:11.093+0000] {dag.py:3954} INFO - Setting next_dagrun for snowflake_crud_example to None, run_after=None
[2024-05-06T16:02:11.116+0000] {processor.py:183} INFO - Processing /opt/airflow/dags/crud_table.py took 0.968 seconds
[2024-05-06T16:02:41.838+0000] {processor.py:161} INFO - Started process (PID=3912) to work on /opt/airflow/dags/crud_table.py
[2024-05-06T16:02:41.839+0000] {processor.py:830} INFO - Processing file /opt/airflow/dags/crud_table.py for tasks to queue
[2024-05-06T16:02:41.841+0000] {logging_mixin.py:188} INFO - [2024-05-06T16:02:41.841+0000] {dagbag.py:540} INFO - Filling up the DagBag from /opt/airflow/dags/crud_table.py
[2024-05-06T16:02:42.566+0000] {processor.py:840} INFO - DAG(s) 'snowflake_crud_example' retrieved from /opt/airflow/dags/crud_table.py
[2024-05-06T16:02:42.581+0000] {logging_mixin.py:188} INFO - [2024-05-06T16:02:42.581+0000] {dag.py:3096} INFO - Sync 1 DAGs
[2024-05-06T16:02:42.591+0000] {logging_mixin.py:188} INFO - [2024-05-06T16:02:42.591+0000] {dag.py:3954} INFO - Setting next_dagrun for snowflake_crud_example to None, run_after=None
[2024-05-06T16:02:42.621+0000] {processor.py:183} INFO - Processing /opt/airflow/dags/crud_table.py took 0.790 seconds
[2024-05-06T16:03:13.179+0000] {processor.py:161} INFO - Started process (PID=3981) to work on /opt/airflow/dags/crud_table.py
[2024-05-06T16:03:13.180+0000] {processor.py:830} INFO - Processing file /opt/airflow/dags/crud_table.py for tasks to queue
[2024-05-06T16:03:13.183+0000] {logging_mixin.py:188} INFO - [2024-05-06T16:03:13.182+0000] {dagbag.py:540} INFO - Filling up the DagBag from /opt/airflow/dags/crud_table.py
[2024-05-06T16:03:13.986+0000] {processor.py:840} INFO - DAG(s) 'snowflake_crud_example' retrieved from /opt/airflow/dags/crud_table.py
[2024-05-06T16:03:14.002+0000] {logging_mixin.py:188} INFO - [2024-05-06T16:03:14.001+0000] {dag.py:3096} INFO - Sync 1 DAGs
[2024-05-06T16:03:14.012+0000] {logging_mixin.py:188} INFO - [2024-05-06T16:03:14.011+0000] {dag.py:3954} INFO - Setting next_dagrun for snowflake_crud_example to None, run_after=None
[2024-05-06T16:03:14.037+0000] {processor.py:183} INFO - Processing /opt/airflow/dags/crud_table.py took 0.864 seconds
[2024-05-06T16:03:44.606+0000] {processor.py:161} INFO - Started process (PID=4048) to work on /opt/airflow/dags/crud_table.py
[2024-05-06T16:03:44.608+0000] {processor.py:830} INFO - Processing file /opt/airflow/dags/crud_table.py for tasks to queue
[2024-05-06T16:03:44.610+0000] {logging_mixin.py:188} INFO - [2024-05-06T16:03:44.610+0000] {dagbag.py:540} INFO - Filling up the DagBag from /opt/airflow/dags/crud_table.py
[2024-05-06T16:03:45.353+0000] {processor.py:840} INFO - DAG(s) 'snowflake_crud_example' retrieved from /opt/airflow/dags/crud_table.py
[2024-05-06T16:03:45.370+0000] {logging_mixin.py:188} INFO - [2024-05-06T16:03:45.369+0000] {dag.py:3096} INFO - Sync 1 DAGs
[2024-05-06T16:03:45.380+0000] {logging_mixin.py:188} INFO - [2024-05-06T16:03:45.380+0000] {dag.py:3954} INFO - Setting next_dagrun for snowflake_crud_example to None, run_after=None
[2024-05-06T16:03:45.400+0000] {processor.py:183} INFO - Processing /opt/airflow/dags/crud_table.py took 0.799 seconds
[2024-05-06T16:04:15.961+0000] {processor.py:161} INFO - Started process (PID=4115) to work on /opt/airflow/dags/crud_table.py
[2024-05-06T16:04:15.972+0000] {processor.py:830} INFO - Processing file /opt/airflow/dags/crud_table.py for tasks to queue
[2024-05-06T16:04:15.976+0000] {logging_mixin.py:188} INFO - [2024-05-06T16:04:15.975+0000] {dagbag.py:540} INFO - Filling up the DagBag from /opt/airflow/dags/crud_table.py
[2024-05-06T16:04:17.673+0000] {processor.py:840} INFO - DAG(s) 'snowflake_crud_example' retrieved from /opt/airflow/dags/crud_table.py
[2024-05-06T16:04:17.695+0000] {logging_mixin.py:188} INFO - [2024-05-06T16:04:17.694+0000] {dag.py:3096} INFO - Sync 1 DAGs
[2024-05-06T16:04:17.710+0000] {logging_mixin.py:188} INFO - [2024-05-06T16:04:17.709+0000] {dag.py:3954} INFO - Setting next_dagrun for snowflake_crud_example to None, run_after=None
[2024-05-06T16:04:17.735+0000] {processor.py:183} INFO - Processing /opt/airflow/dags/crud_table.py took 1.794 seconds
[2024-05-06T16:04:48.540+0000] {processor.py:161} INFO - Started process (PID=4190) to work on /opt/airflow/dags/crud_table.py
[2024-05-06T16:04:48.541+0000] {processor.py:830} INFO - Processing file /opt/airflow/dags/crud_table.py for tasks to queue
[2024-05-06T16:04:48.542+0000] {logging_mixin.py:188} INFO - [2024-05-06T16:04:48.542+0000] {dagbag.py:540} INFO - Filling up the DagBag from /opt/airflow/dags/crud_table.py
[2024-05-06T16:04:49.311+0000] {processor.py:840} INFO - DAG(s) 'snowflake_crud_example' retrieved from /opt/airflow/dags/crud_table.py
[2024-05-06T16:04:49.332+0000] {logging_mixin.py:188} INFO - [2024-05-06T16:04:49.332+0000] {dag.py:3096} INFO - Sync 1 DAGs
[2024-05-06T16:04:49.352+0000] {logging_mixin.py:188} INFO - [2024-05-06T16:04:49.352+0000] {dag.py:3954} INFO - Setting next_dagrun for snowflake_crud_example to None, run_after=None
[2024-05-06T16:04:49.373+0000] {processor.py:183} INFO - Processing /opt/airflow/dags/crud_table.py took 0.839 seconds
[2024-05-06T16:05:19.820+0000] {processor.py:161} INFO - Started process (PID=4256) to work on /opt/airflow/dags/crud_table.py
[2024-05-06T16:05:19.821+0000] {processor.py:830} INFO - Processing file /opt/airflow/dags/crud_table.py for tasks to queue
[2024-05-06T16:05:19.824+0000] {logging_mixin.py:188} INFO - [2024-05-06T16:05:19.823+0000] {dagbag.py:540} INFO - Filling up the DagBag from /opt/airflow/dags/crud_table.py
[2024-05-06T16:05:20.628+0000] {processor.py:840} INFO - DAG(s) 'snowflake_crud_example' retrieved from /opt/airflow/dags/crud_table.py
[2024-05-06T16:05:20.645+0000] {logging_mixin.py:188} INFO - [2024-05-06T16:05:20.644+0000] {dag.py:3096} INFO - Sync 1 DAGs
[2024-05-06T16:05:20.656+0000] {logging_mixin.py:188} INFO - [2024-05-06T16:05:20.655+0000] {dag.py:3954} INFO - Setting next_dagrun for snowflake_crud_example to None, run_after=None
[2024-05-06T16:05:20.687+0000] {processor.py:183} INFO - Processing /opt/airflow/dags/crud_table.py took 0.874 seconds
[2024-05-06T16:05:51.322+0000] {processor.py:161} INFO - Started process (PID=4325) to work on /opt/airflow/dags/crud_table.py
[2024-05-06T16:05:51.323+0000] {processor.py:830} INFO - Processing file /opt/airflow/dags/crud_table.py for tasks to queue
[2024-05-06T16:05:51.325+0000] {logging_mixin.py:188} INFO - [2024-05-06T16:05:51.325+0000] {dagbag.py:540} INFO - Filling up the DagBag from /opt/airflow/dags/crud_table.py
[2024-05-06T16:05:52.522+0000] {processor.py:840} INFO - DAG(s) 'snowflake_crud_example' retrieved from /opt/airflow/dags/crud_table.py
[2024-05-06T16:05:52.550+0000] {logging_mixin.py:188} INFO - [2024-05-06T16:05:52.550+0000] {dag.py:3096} INFO - Sync 1 DAGs
[2024-05-06T16:05:52.573+0000] {logging_mixin.py:188} INFO - [2024-05-06T16:05:52.573+0000] {dag.py:3954} INFO - Setting next_dagrun for snowflake_crud_example to None, run_after=None
[2024-05-06T16:05:52.611+0000] {processor.py:183} INFO - Processing /opt/airflow/dags/crud_table.py took 1.295 seconds
[2024-05-06T16:06:23.389+0000] {processor.py:161} INFO - Started process (PID=4397) to work on /opt/airflow/dags/crud_table.py
[2024-05-06T16:06:23.390+0000] {processor.py:830} INFO - Processing file /opt/airflow/dags/crud_table.py for tasks to queue
[2024-05-06T16:06:23.392+0000] {logging_mixin.py:188} INFO - [2024-05-06T16:06:23.392+0000] {dagbag.py:540} INFO - Filling up the DagBag from /opt/airflow/dags/crud_table.py
[2024-05-06T16:06:24.184+0000] {processor.py:840} INFO - DAG(s) 'snowflake_crud_example' retrieved from /opt/airflow/dags/crud_table.py
[2024-05-06T16:06:24.201+0000] {logging_mixin.py:188} INFO - [2024-05-06T16:06:24.200+0000] {dag.py:3096} INFO - Sync 1 DAGs
[2024-05-06T16:06:24.212+0000] {logging_mixin.py:188} INFO - [2024-05-06T16:06:24.212+0000] {dag.py:3954} INFO - Setting next_dagrun for snowflake_crud_example to None, run_after=None
[2024-05-06T16:06:24.231+0000] {processor.py:183} INFO - Processing /opt/airflow/dags/crud_table.py took 0.848 seconds
[2024-05-06T16:06:54.393+0000] {processor.py:161} INFO - Started process (PID=4469) to work on /opt/airflow/dags/crud_table.py
[2024-05-06T16:06:54.395+0000] {processor.py:830} INFO - Processing file /opt/airflow/dags/crud_table.py for tasks to queue
[2024-05-06T16:06:54.397+0000] {logging_mixin.py:188} INFO - [2024-05-06T16:06:54.396+0000] {dagbag.py:540} INFO - Filling up the DagBag from /opt/airflow/dags/crud_table.py
[2024-05-06T16:06:55.158+0000] {processor.py:840} INFO - DAG(s) 'snowflake_crud_example' retrieved from /opt/airflow/dags/crud_table.py
[2024-05-06T16:06:55.178+0000] {logging_mixin.py:188} INFO - [2024-05-06T16:06:55.177+0000] {dag.py:3096} INFO - Sync 1 DAGs
[2024-05-06T16:06:55.190+0000] {logging_mixin.py:188} INFO - [2024-05-06T16:06:55.190+0000] {dag.py:3954} INFO - Setting next_dagrun for snowflake_crud_example to None, run_after=None
[2024-05-06T16:06:55.212+0000] {processor.py:183} INFO - Processing /opt/airflow/dags/crud_table.py took 0.825 seconds
[2024-05-06T16:07:25.421+0000] {processor.py:161} INFO - Started process (PID=4535) to work on /opt/airflow/dags/crud_table.py
[2024-05-06T16:07:25.422+0000] {processor.py:830} INFO - Processing file /opt/airflow/dags/crud_table.py for tasks to queue
[2024-05-06T16:07:25.425+0000] {logging_mixin.py:188} INFO - [2024-05-06T16:07:25.424+0000] {dagbag.py:540} INFO - Filling up the DagBag from /opt/airflow/dags/crud_table.py
[2024-05-06T16:07:26.288+0000] {processor.py:840} INFO - DAG(s) 'snowflake_crud_example' retrieved from /opt/airflow/dags/crud_table.py
[2024-05-06T16:07:26.307+0000] {logging_mixin.py:188} INFO - [2024-05-06T16:07:26.307+0000] {dag.py:3096} INFO - Sync 1 DAGs
[2024-05-06T16:07:26.320+0000] {logging_mixin.py:188} INFO - [2024-05-06T16:07:26.320+0000] {dag.py:3954} INFO - Setting next_dagrun for snowflake_crud_example to None, run_after=None
[2024-05-06T16:07:26.339+0000] {processor.py:183} INFO - Processing /opt/airflow/dags/crud_table.py took 0.925 seconds
[2024-05-06T16:07:57.101+0000] {processor.py:161} INFO - Started process (PID=4602) to work on /opt/airflow/dags/crud_table.py
[2024-05-06T16:07:57.103+0000] {processor.py:830} INFO - Processing file /opt/airflow/dags/crud_table.py for tasks to queue
[2024-05-06T16:07:57.105+0000] {logging_mixin.py:188} INFO - [2024-05-06T16:07:57.105+0000] {dagbag.py:540} INFO - Filling up the DagBag from /opt/airflow/dags/crud_table.py
[2024-05-06T16:07:58.061+0000] {processor.py:840} INFO - DAG(s) 'snowflake_crud_example' retrieved from /opt/airflow/dags/crud_table.py
[2024-05-06T16:07:58.082+0000] {logging_mixin.py:188} INFO - [2024-05-06T16:07:58.081+0000] {dag.py:3096} INFO - Sync 1 DAGs
[2024-05-06T16:07:58.097+0000] {logging_mixin.py:188} INFO - [2024-05-06T16:07:58.097+0000] {dag.py:3954} INFO - Setting next_dagrun for snowflake_crud_example to None, run_after=None
[2024-05-06T16:07:58.115+0000] {processor.py:183} INFO - Processing /opt/airflow/dags/crud_table.py took 1.020 seconds
[2024-05-06T16:08:28.471+0000] {processor.py:161} INFO - Started process (PID=4668) to work on /opt/airflow/dags/crud_table.py
[2024-05-06T16:08:28.472+0000] {processor.py:830} INFO - Processing file /opt/airflow/dags/crud_table.py for tasks to queue
[2024-05-06T16:08:28.474+0000] {logging_mixin.py:188} INFO - [2024-05-06T16:08:28.474+0000] {dagbag.py:540} INFO - Filling up the DagBag from /opt/airflow/dags/crud_table.py
[2024-05-06T16:08:29.328+0000] {processor.py:840} INFO - DAG(s) 'snowflake_crud_example' retrieved from /opt/airflow/dags/crud_table.py
[2024-05-06T16:08:29.350+0000] {logging_mixin.py:188} INFO - [2024-05-06T16:08:29.349+0000] {dag.py:3096} INFO - Sync 1 DAGs
[2024-05-06T16:08:29.364+0000] {logging_mixin.py:188} INFO - [2024-05-06T16:08:29.364+0000] {dag.py:3954} INFO - Setting next_dagrun for snowflake_crud_example to None, run_after=None
[2024-05-06T16:08:29.389+0000] {processor.py:183} INFO - Processing /opt/airflow/dags/crud_table.py took 0.923 seconds
[2024-05-06T16:09:00.120+0000] {processor.py:161} INFO - Started process (PID=4735) to work on /opt/airflow/dags/crud_table.py
[2024-05-06T16:09:00.121+0000] {processor.py:830} INFO - Processing file /opt/airflow/dags/crud_table.py for tasks to queue
[2024-05-06T16:09:00.124+0000] {logging_mixin.py:188} INFO - [2024-05-06T16:09:00.123+0000] {dagbag.py:540} INFO - Filling up the DagBag from /opt/airflow/dags/crud_table.py
[2024-05-06T16:09:00.894+0000] {processor.py:840} INFO - DAG(s) 'snowflake_crud_example' retrieved from /opt/airflow/dags/crud_table.py
[2024-05-06T16:09:00.912+0000] {logging_mixin.py:188} INFO - [2024-05-06T16:09:00.912+0000] {dag.py:3096} INFO - Sync 1 DAGs
[2024-05-06T16:09:00.930+0000] {logging_mixin.py:188} INFO - [2024-05-06T16:09:00.930+0000] {dag.py:3954} INFO - Setting next_dagrun for snowflake_crud_example to None, run_after=None
[2024-05-06T16:09:00.956+0000] {processor.py:183} INFO - Processing /opt/airflow/dags/crud_table.py took 0.842 seconds
[2024-05-06T16:09:31.423+0000] {processor.py:161} INFO - Started process (PID=4801) to work on /opt/airflow/dags/crud_table.py
[2024-05-06T16:09:31.424+0000] {processor.py:830} INFO - Processing file /opt/airflow/dags/crud_table.py for tasks to queue
[2024-05-06T16:09:31.426+0000] {logging_mixin.py:188} INFO - [2024-05-06T16:09:31.425+0000] {dagbag.py:540} INFO - Filling up the DagBag from /opt/airflow/dags/crud_table.py
[2024-05-06T16:09:32.200+0000] {processor.py:840} INFO - DAG(s) 'snowflake_crud_example' retrieved from /opt/airflow/dags/crud_table.py
[2024-05-06T16:09:32.220+0000] {logging_mixin.py:188} INFO - [2024-05-06T16:09:32.219+0000] {dag.py:3096} INFO - Sync 1 DAGs
[2024-05-06T16:09:32.232+0000] {logging_mixin.py:188} INFO - [2024-05-06T16:09:32.231+0000] {dag.py:3954} INFO - Setting next_dagrun for snowflake_crud_example to None, run_after=None
[2024-05-06T16:09:32.259+0000] {processor.py:183} INFO - Processing /opt/airflow/dags/crud_table.py took 0.843 seconds
[2024-05-06T16:10:02.905+0000] {processor.py:161} INFO - Started process (PID=4871) to work on /opt/airflow/dags/crud_table.py
[2024-05-06T16:10:02.906+0000] {processor.py:830} INFO - Processing file /opt/airflow/dags/crud_table.py for tasks to queue
[2024-05-06T16:10:02.908+0000] {logging_mixin.py:188} INFO - [2024-05-06T16:10:02.908+0000] {dagbag.py:540} INFO - Filling up the DagBag from /opt/airflow/dags/crud_table.py
[2024-05-06T16:10:03.641+0000] {processor.py:840} INFO - DAG(s) 'snowflake_crud_example' retrieved from /opt/airflow/dags/crud_table.py
[2024-05-06T16:10:03.657+0000] {logging_mixin.py:188} INFO - [2024-05-06T16:10:03.657+0000] {dag.py:3096} INFO - Sync 1 DAGs
[2024-05-06T16:10:03.676+0000] {logging_mixin.py:188} INFO - [2024-05-06T16:10:03.676+0000] {dag.py:3954} INFO - Setting next_dagrun for snowflake_crud_example to None, run_after=None
[2024-05-06T16:10:03.711+0000] {processor.py:183} INFO - Processing /opt/airflow/dags/crud_table.py took 0.811 seconds
[2024-05-06T16:10:34.080+0000] {processor.py:161} INFO - Started process (PID=4939) to work on /opt/airflow/dags/crud_table.py
[2024-05-06T16:10:34.082+0000] {processor.py:830} INFO - Processing file /opt/airflow/dags/crud_table.py for tasks to queue
[2024-05-06T16:10:34.085+0000] {logging_mixin.py:188} INFO - [2024-05-06T16:10:34.084+0000] {dagbag.py:540} INFO - Filling up the DagBag from /opt/airflow/dags/crud_table.py
[2024-05-06T16:10:34.778+0000] {processor.py:840} INFO - DAG(s) 'snowflake_crud_example' retrieved from /opt/airflow/dags/crud_table.py
[2024-05-06T16:10:34.794+0000] {logging_mixin.py:188} INFO - [2024-05-06T16:10:34.793+0000] {dag.py:3096} INFO - Sync 1 DAGs
[2024-05-06T16:10:34.804+0000] {logging_mixin.py:188} INFO - [2024-05-06T16:10:34.804+0000] {dag.py:3954} INFO - Setting next_dagrun for snowflake_crud_example to None, run_after=None
[2024-05-06T16:10:34.823+0000] {processor.py:183} INFO - Processing /opt/airflow/dags/crud_table.py took 0.751 seconds
[2024-05-06T16:11:05.487+0000] {processor.py:161} INFO - Started process (PID=5006) to work on /opt/airflow/dags/crud_table.py
[2024-05-06T16:11:05.488+0000] {processor.py:830} INFO - Processing file /opt/airflow/dags/crud_table.py for tasks to queue
[2024-05-06T16:11:05.491+0000] {logging_mixin.py:188} INFO - [2024-05-06T16:11:05.491+0000] {dagbag.py:540} INFO - Filling up the DagBag from /opt/airflow/dags/crud_table.py
[2024-05-06T16:11:06.277+0000] {processor.py:840} INFO - DAG(s) 'snowflake_crud_example' retrieved from /opt/airflow/dags/crud_table.py
[2024-05-06T16:11:06.296+0000] {logging_mixin.py:188} INFO - [2024-05-06T16:11:06.295+0000] {dag.py:3096} INFO - Sync 1 DAGs
[2024-05-06T16:11:06.307+0000] {logging_mixin.py:188} INFO - [2024-05-06T16:11:06.307+0000] {dag.py:3954} INFO - Setting next_dagrun for snowflake_crud_example to None, run_after=None
[2024-05-06T16:11:06.333+0000] {processor.py:183} INFO - Processing /opt/airflow/dags/crud_table.py took 0.856 seconds
[2024-05-06T16:11:37.040+0000] {processor.py:161} INFO - Started process (PID=5076) to work on /opt/airflow/dags/crud_table.py
[2024-05-06T16:11:37.041+0000] {processor.py:830} INFO - Processing file /opt/airflow/dags/crud_table.py for tasks to queue
[2024-05-06T16:11:37.044+0000] {logging_mixin.py:188} INFO - [2024-05-06T16:11:37.043+0000] {dagbag.py:540} INFO - Filling up the DagBag from /opt/airflow/dags/crud_table.py
[2024-05-06T16:11:37.866+0000] {processor.py:840} INFO - DAG(s) 'snowflake_crud_example' retrieved from /opt/airflow/dags/crud_table.py
[2024-05-06T16:11:37.886+0000] {logging_mixin.py:188} INFO - [2024-05-06T16:11:37.886+0000] {dag.py:3096} INFO - Sync 1 DAGs
[2024-05-06T16:11:37.902+0000] {logging_mixin.py:188} INFO - [2024-05-06T16:11:37.902+0000] {dag.py:3954} INFO - Setting next_dagrun for snowflake_crud_example to None, run_after=None
[2024-05-06T16:11:37.930+0000] {processor.py:183} INFO - Processing /opt/airflow/dags/crud_table.py took 0.897 seconds
[2024-05-06T16:12:08.319+0000] {processor.py:161} INFO - Started process (PID=5143) to work on /opt/airflow/dags/crud_table.py
[2024-05-06T16:12:08.320+0000] {processor.py:830} INFO - Processing file /opt/airflow/dags/crud_table.py for tasks to queue
[2024-05-06T16:12:08.322+0000] {logging_mixin.py:188} INFO - [2024-05-06T16:12:08.322+0000] {dagbag.py:540} INFO - Filling up the DagBag from /opt/airflow/dags/crud_table.py
[2024-05-06T16:12:09.213+0000] {processor.py:840} INFO - DAG(s) 'snowflake_crud_example' retrieved from /opt/airflow/dags/crud_table.py
[2024-05-06T16:12:09.228+0000] {logging_mixin.py:188} INFO - [2024-05-06T16:12:09.228+0000] {dag.py:3096} INFO - Sync 1 DAGs
[2024-05-06T16:12:09.240+0000] {logging_mixin.py:188} INFO - [2024-05-06T16:12:09.240+0000] {dag.py:3954} INFO - Setting next_dagrun for snowflake_crud_example to None, run_after=None
[2024-05-06T16:12:09.259+0000] {processor.py:183} INFO - Processing /opt/airflow/dags/crud_table.py took 0.950 seconds
[2024-05-06T16:12:40.055+0000] {processor.py:161} INFO - Started process (PID=5210) to work on /opt/airflow/dags/crud_table.py
[2024-05-06T16:12:40.055+0000] {processor.py:830} INFO - Processing file /opt/airflow/dags/crud_table.py for tasks to queue
[2024-05-06T16:12:40.058+0000] {logging_mixin.py:188} INFO - [2024-05-06T16:12:40.057+0000] {dagbag.py:540} INFO - Filling up the DagBag from /opt/airflow/dags/crud_table.py
[2024-05-06T16:12:41.000+0000] {processor.py:840} INFO - DAG(s) 'snowflake_crud_example' retrieved from /opt/airflow/dags/crud_table.py
[2024-05-06T16:12:41.027+0000] {logging_mixin.py:188} INFO - [2024-05-06T16:12:41.027+0000] {dag.py:3096} INFO - Sync 1 DAGs
[2024-05-06T16:12:41.050+0000] {logging_mixin.py:188} INFO - [2024-05-06T16:12:41.050+0000] {dag.py:3954} INFO - Setting next_dagrun for snowflake_crud_example to None, run_after=None
[2024-05-06T16:12:41.084+0000] {processor.py:183} INFO - Processing /opt/airflow/dags/crud_table.py took 1.036 seconds
[2024-05-06T16:13:11.234+0000] {processor.py:161} INFO - Started process (PID=5277) to work on /opt/airflow/dags/crud_table.py
[2024-05-06T16:13:11.235+0000] {processor.py:830} INFO - Processing file /opt/airflow/dags/crud_table.py for tasks to queue
[2024-05-06T16:13:11.237+0000] {logging_mixin.py:188} INFO - [2024-05-06T16:13:11.237+0000] {dagbag.py:540} INFO - Filling up the DagBag from /opt/airflow/dags/crud_table.py
[2024-05-06T16:13:12.192+0000] {processor.py:840} INFO - DAG(s) 'snowflake_crud_example' retrieved from /opt/airflow/dags/crud_table.py
[2024-05-06T16:13:12.220+0000] {logging_mixin.py:188} INFO - [2024-05-06T16:13:12.220+0000] {dag.py:3096} INFO - Sync 1 DAGs
[2024-05-06T16:13:12.246+0000] {logging_mixin.py:188} INFO - [2024-05-06T16:13:12.245+0000] {dag.py:3954} INFO - Setting next_dagrun for snowflake_crud_example to None, run_after=None
[2024-05-06T16:13:12.271+0000] {processor.py:183} INFO - Processing /opt/airflow/dags/crud_table.py took 1.043 seconds
[2024-05-06T16:13:42.763+0000] {processor.py:161} INFO - Started process (PID=5344) to work on /opt/airflow/dags/crud_table.py
[2024-05-06T16:13:42.764+0000] {processor.py:830} INFO - Processing file /opt/airflow/dags/crud_table.py for tasks to queue
[2024-05-06T16:13:42.767+0000] {logging_mixin.py:188} INFO - [2024-05-06T16:13:42.767+0000] {dagbag.py:540} INFO - Filling up the DagBag from /opt/airflow/dags/crud_table.py
[2024-05-06T16:13:43.692+0000] {processor.py:840} INFO - DAG(s) 'snowflake_crud_example' retrieved from /opt/airflow/dags/crud_table.py
[2024-05-06T16:13:43.709+0000] {logging_mixin.py:188} INFO - [2024-05-06T16:13:43.709+0000] {dag.py:3096} INFO - Sync 1 DAGs
[2024-05-06T16:13:43.730+0000] {logging_mixin.py:188} INFO - [2024-05-06T16:13:43.730+0000] {dag.py:3954} INFO - Setting next_dagrun for snowflake_crud_example to None, run_after=None
[2024-05-06T16:13:43.752+0000] {processor.py:183} INFO - Processing /opt/airflow/dags/crud_table.py took 0.998 seconds
[2024-05-06T16:14:14.101+0000] {processor.py:161} INFO - Started process (PID=5411) to work on /opt/airflow/dags/crud_table.py
[2024-05-06T16:14:14.109+0000] {processor.py:830} INFO - Processing file /opt/airflow/dags/crud_table.py for tasks to queue
[2024-05-06T16:14:14.119+0000] {logging_mixin.py:188} INFO - [2024-05-06T16:14:14.118+0000] {dagbag.py:540} INFO - Filling up the DagBag from /opt/airflow/dags/crud_table.py
[2024-05-06T16:14:18.665+0000] {processor.py:840} INFO - DAG(s) 'snowflake_crud_example' retrieved from /opt/airflow/dags/crud_table.py
[2024-05-06T16:14:18.725+0000] {logging_mixin.py:188} INFO - [2024-05-06T16:14:18.724+0000] {dag.py:3096} INFO - Sync 1 DAGs
[2024-05-06T16:14:18.776+0000] {logging_mixin.py:188} INFO - [2024-05-06T16:14:18.775+0000] {dag.py:3954} INFO - Setting next_dagrun for snowflake_crud_example to None, run_after=None
[2024-05-06T16:14:18.873+0000] {processor.py:183} INFO - Processing /opt/airflow/dags/crud_table.py took 4.798 seconds
[2024-05-06T16:14:49.063+0000] {processor.py:161} INFO - Started process (PID=5483) to work on /opt/airflow/dags/crud_table.py
[2024-05-06T16:14:49.066+0000] {processor.py:830} INFO - Processing file /opt/airflow/dags/crud_table.py for tasks to queue
[2024-05-06T16:14:49.070+0000] {logging_mixin.py:188} INFO - [2024-05-06T16:14:49.069+0000] {dagbag.py:540} INFO - Filling up the DagBag from /opt/airflow/dags/crud_table.py
[2024-05-06T16:14:50.965+0000] {processor.py:840} INFO - DAG(s) 'snowflake_crud_example' retrieved from /opt/airflow/dags/crud_table.py
[2024-05-06T16:14:50.995+0000] {logging_mixin.py:188} INFO - [2024-05-06T16:14:50.994+0000] {dag.py:3096} INFO - Sync 1 DAGs
[2024-05-06T16:14:51.016+0000] {logging_mixin.py:188} INFO - [2024-05-06T16:14:51.016+0000] {dag.py:3954} INFO - Setting next_dagrun for snowflake_crud_example to None, run_after=None
[2024-05-06T16:14:51.058+0000] {processor.py:183} INFO - Processing /opt/airflow/dags/crud_table.py took 2.011 seconds
[2024-05-06T16:15:21.296+0000] {processor.py:161} INFO - Started process (PID=5550) to work on /opt/airflow/dags/crud_table.py
[2024-05-06T16:15:21.298+0000] {processor.py:830} INFO - Processing file /opt/airflow/dags/crud_table.py for tasks to queue
[2024-05-06T16:15:21.301+0000] {logging_mixin.py:188} INFO - [2024-05-06T16:15:21.300+0000] {dagbag.py:540} INFO - Filling up the DagBag from /opt/airflow/dags/crud_table.py
[2024-05-06T16:15:22.118+0000] {processor.py:840} INFO - DAG(s) 'snowflake_crud_example' retrieved from /opt/airflow/dags/crud_table.py
[2024-05-06T16:15:22.144+0000] {logging_mixin.py:188} INFO - [2024-05-06T16:15:22.142+0000] {dag.py:3096} INFO - Sync 1 DAGs
[2024-05-06T16:15:22.171+0000] {logging_mixin.py:188} INFO - [2024-05-06T16:15:22.170+0000] {dag.py:3954} INFO - Setting next_dagrun for snowflake_crud_example to None, run_after=None
[2024-05-06T16:15:22.199+0000] {processor.py:183} INFO - Processing /opt/airflow/dags/crud_table.py took 0.910 seconds
[2024-05-06T16:15:52.708+0000] {processor.py:161} INFO - Started process (PID=5617) to work on /opt/airflow/dags/crud_table.py
[2024-05-06T16:15:52.709+0000] {processor.py:830} INFO - Processing file /opt/airflow/dags/crud_table.py for tasks to queue
[2024-05-06T16:15:52.710+0000] {logging_mixin.py:188} INFO - [2024-05-06T16:15:52.710+0000] {dagbag.py:540} INFO - Filling up the DagBag from /opt/airflow/dags/crud_table.py
[2024-05-06T16:15:53.492+0000] {processor.py:840} INFO - DAG(s) 'snowflake_crud_example' retrieved from /opt/airflow/dags/crud_table.py
[2024-05-06T16:15:53.509+0000] {logging_mixin.py:188} INFO - [2024-05-06T16:15:53.509+0000] {dag.py:3096} INFO - Sync 1 DAGs
[2024-05-06T16:15:53.520+0000] {logging_mixin.py:188} INFO - [2024-05-06T16:15:53.519+0000] {dag.py:3954} INFO - Setting next_dagrun for snowflake_crud_example to None, run_after=None
[2024-05-06T16:15:53.540+0000] {processor.py:183} INFO - Processing /opt/airflow/dags/crud_table.py took 0.839 seconds
[2024-05-06T16:16:23.866+0000] {processor.py:161} INFO - Started process (PID=5686) to work on /opt/airflow/dags/crud_table.py
[2024-05-06T16:16:23.867+0000] {processor.py:830} INFO - Processing file /opt/airflow/dags/crud_table.py for tasks to queue
[2024-05-06T16:16:23.868+0000] {logging_mixin.py:188} INFO - [2024-05-06T16:16:23.868+0000] {dagbag.py:540} INFO - Filling up the DagBag from /opt/airflow/dags/crud_table.py
[2024-05-06T16:16:24.808+0000] {processor.py:840} INFO - DAG(s) 'snowflake_crud_example' retrieved from /opt/airflow/dags/crud_table.py
[2024-05-06T16:16:24.825+0000] {logging_mixin.py:188} INFO - [2024-05-06T16:16:24.825+0000] {dag.py:3096} INFO - Sync 1 DAGs
[2024-05-06T16:16:24.842+0000] {logging_mixin.py:188} INFO - [2024-05-06T16:16:24.842+0000] {dag.py:3954} INFO - Setting next_dagrun for snowflake_crud_example to None, run_after=None
[2024-05-06T16:16:24.860+0000] {processor.py:183} INFO - Processing /opt/airflow/dags/crud_table.py took 1.001 seconds
[2024-05-06T16:16:55.219+0000] {processor.py:161} INFO - Started process (PID=5759) to work on /opt/airflow/dags/crud_table.py
[2024-05-06T16:16:55.220+0000] {processor.py:830} INFO - Processing file /opt/airflow/dags/crud_table.py for tasks to queue
[2024-05-06T16:16:55.222+0000] {logging_mixin.py:188} INFO - [2024-05-06T16:16:55.221+0000] {dagbag.py:540} INFO - Filling up the DagBag from /opt/airflow/dags/crud_table.py
[2024-05-06T16:16:56.198+0000] {processor.py:840} INFO - DAG(s) 'snowflake_crud_example' retrieved from /opt/airflow/dags/crud_table.py
[2024-05-06T16:16:56.215+0000] {logging_mixin.py:188} INFO - [2024-05-06T16:16:56.215+0000] {dag.py:3096} INFO - Sync 1 DAGs
[2024-05-06T16:16:56.228+0000] {logging_mixin.py:188} INFO - [2024-05-06T16:16:56.228+0000] {dag.py:3954} INFO - Setting next_dagrun for snowflake_crud_example to None, run_after=None
[2024-05-06T16:16:56.280+0000] {processor.py:183} INFO - Processing /opt/airflow/dags/crud_table.py took 1.068 seconds
[2024-05-06T16:17:26.498+0000] {processor.py:161} INFO - Started process (PID=5832) to work on /opt/airflow/dags/crud_table.py
[2024-05-06T16:17:26.500+0000] {processor.py:830} INFO - Processing file /opt/airflow/dags/crud_table.py for tasks to queue
[2024-05-06T16:17:26.503+0000] {logging_mixin.py:188} INFO - [2024-05-06T16:17:26.502+0000] {dagbag.py:540} INFO - Filling up the DagBag from /opt/airflow/dags/crud_table.py
[2024-05-06T16:17:27.813+0000] {processor.py:840} INFO - DAG(s) 'snowflake_crud_example' retrieved from /opt/airflow/dags/crud_table.py
[2024-05-06T16:17:27.838+0000] {logging_mixin.py:188} INFO - [2024-05-06T16:17:27.837+0000] {dag.py:3096} INFO - Sync 1 DAGs
[2024-05-06T16:17:27.854+0000] {logging_mixin.py:188} INFO - [2024-05-06T16:17:27.854+0000] {dag.py:3954} INFO - Setting next_dagrun for snowflake_crud_example to None, run_after=None
[2024-05-06T16:17:27.887+0000] {processor.py:183} INFO - Processing /opt/airflow/dags/crud_table.py took 1.401 seconds
[2024-05-06T16:17:58.129+0000] {processor.py:161} INFO - Started process (PID=5902) to work on /opt/airflow/dags/crud_table.py
[2024-05-06T16:17:58.130+0000] {processor.py:830} INFO - Processing file /opt/airflow/dags/crud_table.py for tasks to queue
[2024-05-06T16:17:58.132+0000] {logging_mixin.py:188} INFO - [2024-05-06T16:17:58.132+0000] {dagbag.py:540} INFO - Filling up the DagBag from /opt/airflow/dags/crud_table.py
[2024-05-06T16:17:58.957+0000] {processor.py:840} INFO - DAG(s) 'snowflake_crud_example' retrieved from /opt/airflow/dags/crud_table.py
[2024-05-06T16:17:58.978+0000] {logging_mixin.py:188} INFO - [2024-05-06T16:17:58.978+0000] {dag.py:3096} INFO - Sync 1 DAGs
[2024-05-06T16:17:58.990+0000] {logging_mixin.py:188} INFO - [2024-05-06T16:17:58.990+0000] {dag.py:3954} INFO - Setting next_dagrun for snowflake_crud_example to None, run_after=None
[2024-05-06T16:17:59.009+0000] {processor.py:183} INFO - Processing /opt/airflow/dags/crud_table.py took 0.887 seconds
[2024-05-06T16:18:29.301+0000] {processor.py:161} INFO - Started process (PID=5973) to work on /opt/airflow/dags/crud_table.py
[2024-05-06T16:18:29.302+0000] {processor.py:830} INFO - Processing file /opt/airflow/dags/crud_table.py for tasks to queue
[2024-05-06T16:18:29.304+0000] {logging_mixin.py:188} INFO - [2024-05-06T16:18:29.304+0000] {dagbag.py:540} INFO - Filling up the DagBag from /opt/airflow/dags/crud_table.py
[2024-05-06T16:18:30.343+0000] {processor.py:840} INFO - DAG(s) 'snowflake_crud_example' retrieved from /opt/airflow/dags/crud_table.py
[2024-05-06T16:18:30.362+0000] {logging_mixin.py:188} INFO - [2024-05-06T16:18:30.362+0000] {dag.py:3096} INFO - Sync 1 DAGs
[2024-05-06T16:18:30.376+0000] {logging_mixin.py:188} INFO - [2024-05-06T16:18:30.376+0000] {dag.py:3954} INFO - Setting next_dagrun for snowflake_crud_example to None, run_after=None
[2024-05-06T16:18:30.402+0000] {processor.py:183} INFO - Processing /opt/airflow/dags/crud_table.py took 1.108 seconds
[2024-05-06T16:19:00.556+0000] {processor.py:161} INFO - Started process (PID=6048) to work on /opt/airflow/dags/crud_table.py
[2024-05-06T16:19:00.557+0000] {processor.py:830} INFO - Processing file /opt/airflow/dags/crud_table.py for tasks to queue
[2024-05-06T16:19:00.558+0000] {logging_mixin.py:188} INFO - [2024-05-06T16:19:00.558+0000] {dagbag.py:540} INFO - Filling up the DagBag from /opt/airflow/dags/crud_table.py
[2024-05-06T16:19:01.289+0000] {processor.py:840} INFO - DAG(s) 'snowflake_crud_example' retrieved from /opt/airflow/dags/crud_table.py
[2024-05-06T16:19:01.305+0000] {logging_mixin.py:188} INFO - [2024-05-06T16:19:01.305+0000] {dag.py:3096} INFO - Sync 1 DAGs
[2024-05-06T16:19:01.317+0000] {logging_mixin.py:188} INFO - [2024-05-06T16:19:01.317+0000] {dag.py:3954} INFO - Setting next_dagrun for snowflake_crud_example to None, run_after=None
[2024-05-06T16:19:01.338+0000] {processor.py:183} INFO - Processing /opt/airflow/dags/crud_table.py took 0.788 seconds
[2024-05-06T16:19:32.064+0000] {processor.py:161} INFO - Started process (PID=6116) to work on /opt/airflow/dags/crud_table.py
[2024-05-06T16:19:32.065+0000] {processor.py:830} INFO - Processing file /opt/airflow/dags/crud_table.py for tasks to queue
[2024-05-06T16:19:32.067+0000] {logging_mixin.py:188} INFO - [2024-05-06T16:19:32.067+0000] {dagbag.py:540} INFO - Filling up the DagBag from /opt/airflow/dags/crud_table.py
[2024-05-06T16:19:32.807+0000] {processor.py:840} INFO - DAG(s) 'snowflake_crud_example' retrieved from /opt/airflow/dags/crud_table.py
[2024-05-06T16:19:32.824+0000] {logging_mixin.py:188} INFO - [2024-05-06T16:19:32.823+0000] {dag.py:3096} INFO - Sync 1 DAGs
[2024-05-06T16:19:32.834+0000] {logging_mixin.py:188} INFO - [2024-05-06T16:19:32.834+0000] {dag.py:3954} INFO - Setting next_dagrun for snowflake_crud_example to None, run_after=None
[2024-05-06T16:19:32.853+0000] {processor.py:183} INFO - Processing /opt/airflow/dags/crud_table.py took 0.795 seconds
[2024-05-06T16:20:03.459+0000] {processor.py:161} INFO - Started process (PID=6186) to work on /opt/airflow/dags/crud_table.py
[2024-05-06T16:20:03.460+0000] {processor.py:830} INFO - Processing file /opt/airflow/dags/crud_table.py for tasks to queue
[2024-05-06T16:20:03.462+0000] {logging_mixin.py:188} INFO - [2024-05-06T16:20:03.462+0000] {dagbag.py:540} INFO - Filling up the DagBag from /opt/airflow/dags/crud_table.py
[2024-05-06T16:20:04.211+0000] {processor.py:840} INFO - DAG(s) 'snowflake_crud_example' retrieved from /opt/airflow/dags/crud_table.py
[2024-05-06T16:20:04.227+0000] {logging_mixin.py:188} INFO - [2024-05-06T16:20:04.227+0000] {dag.py:3096} INFO - Sync 1 DAGs
[2024-05-06T16:20:04.237+0000] {logging_mixin.py:188} INFO - [2024-05-06T16:20:04.237+0000] {dag.py:3954} INFO - Setting next_dagrun for snowflake_crud_example to None, run_after=None
[2024-05-06T16:20:04.260+0000] {processor.py:183} INFO - Processing /opt/airflow/dags/crud_table.py took 0.807 seconds
[2024-05-06T16:20:34.977+0000] {processor.py:161} INFO - Started process (PID=6253) to work on /opt/airflow/dags/crud_table.py
[2024-05-06T16:20:34.978+0000] {processor.py:830} INFO - Processing file /opt/airflow/dags/crud_table.py for tasks to queue
[2024-05-06T16:20:34.980+0000] {logging_mixin.py:188} INFO - [2024-05-06T16:20:34.980+0000] {dagbag.py:540} INFO - Filling up the DagBag from /opt/airflow/dags/crud_table.py
[2024-05-06T16:20:35.977+0000] {processor.py:840} INFO - DAG(s) 'snowflake_crud_example' retrieved from /opt/airflow/dags/crud_table.py
[2024-05-06T16:20:35.995+0000] {logging_mixin.py:188} INFO - [2024-05-06T16:20:35.994+0000] {dag.py:3096} INFO - Sync 1 DAGs
[2024-05-06T16:20:36.011+0000] {logging_mixin.py:188} INFO - [2024-05-06T16:20:36.011+0000] {dag.py:3954} INFO - Setting next_dagrun for snowflake_crud_example to None, run_after=None
[2024-05-06T16:20:36.040+0000] {processor.py:183} INFO - Processing /opt/airflow/dags/crud_table.py took 1.070 seconds
[2024-05-06T16:21:06.255+0000] {processor.py:161} INFO - Started process (PID=6320) to work on /opt/airflow/dags/crud_table.py
[2024-05-06T16:21:06.256+0000] {processor.py:830} INFO - Processing file /opt/airflow/dags/crud_table.py for tasks to queue
[2024-05-06T16:21:06.258+0000] {logging_mixin.py:188} INFO - [2024-05-06T16:21:06.258+0000] {dagbag.py:540} INFO - Filling up the DagBag from /opt/airflow/dags/crud_table.py
[2024-05-06T16:21:07.043+0000] {processor.py:840} INFO - DAG(s) 'snowflake_crud_example' retrieved from /opt/airflow/dags/crud_table.py
[2024-05-06T16:21:07.060+0000] {logging_mixin.py:188} INFO - [2024-05-06T16:21:07.059+0000] {dag.py:3096} INFO - Sync 1 DAGs
[2024-05-06T16:21:07.075+0000] {logging_mixin.py:188} INFO - [2024-05-06T16:21:07.075+0000] {dag.py:3954} INFO - Setting next_dagrun for snowflake_crud_example to None, run_after=None
[2024-05-06T16:21:07.094+0000] {processor.py:183} INFO - Processing /opt/airflow/dags/crud_table.py took 0.846 seconds
[2024-05-06T16:21:37.873+0000] {processor.py:161} INFO - Started process (PID=6389) to work on /opt/airflow/dags/crud_table.py
[2024-05-06T16:21:37.874+0000] {processor.py:830} INFO - Processing file /opt/airflow/dags/crud_table.py for tasks to queue
[2024-05-06T16:21:37.876+0000] {logging_mixin.py:188} INFO - [2024-05-06T16:21:37.876+0000] {dagbag.py:540} INFO - Filling up the DagBag from /opt/airflow/dags/crud_table.py
[2024-05-06T16:21:38.717+0000] {processor.py:840} INFO - DAG(s) 'snowflake_crud_example' retrieved from /opt/airflow/dags/crud_table.py
[2024-05-06T16:21:38.732+0000] {logging_mixin.py:188} INFO - [2024-05-06T16:21:38.731+0000] {dag.py:3096} INFO - Sync 1 DAGs
[2024-05-06T16:21:38.743+0000] {logging_mixin.py:188} INFO - [2024-05-06T16:21:38.743+0000] {dag.py:3954} INFO - Setting next_dagrun for snowflake_crud_example to None, run_after=None
[2024-05-06T16:21:38.765+0000] {processor.py:183} INFO - Processing /opt/airflow/dags/crud_table.py took 0.898 seconds
