[2024-05-06T15:37:31.568+0000] {processor.py:161} INFO - Started process (PID=617) to work on /opt/airflow/dags/latihan.py
[2024-05-06T15:37:31.569+0000] {processor.py:830} INFO - Processing file /opt/airflow/dags/latihan.py for tasks to queue
[2024-05-06T15:37:31.572+0000] {logging_mixin.py:188} INFO - [2024-05-06T15:37:31.572+0000] {dagbag.py:540} INFO - Filling up the DagBag from /opt/airflow/dags/latihan.py
[2024-05-06T15:37:32.992+0000] {processor.py:840} INFO - DAG(s) 'snowflake_connector3' retrieved from /opt/airflow/dags/latihan.py
[2024-05-06T15:37:33.088+0000] {logging_mixin.py:188} INFO - [2024-05-06T15:37:33.087+0000] {override.py:1829} INFO - Created Permission View: can read on DAG:snowflake_connector3
[2024-05-06T15:37:33.100+0000] {logging_mixin.py:188} INFO - [2024-05-06T15:37:33.100+0000] {override.py:1829} INFO - Created Permission View: can edit on DAG:snowflake_connector3
[2024-05-06T15:37:33.109+0000] {logging_mixin.py:188} INFO - [2024-05-06T15:37:33.109+0000] {override.py:1829} INFO - Created Permission View: can delete on DAG:snowflake_connector3
[2024-05-06T15:37:33.110+0000] {logging_mixin.py:188} INFO - [2024-05-06T15:37:33.110+0000] {dag.py:3096} INFO - Sync 1 DAGs
[2024-05-06T15:37:33.120+0000] {logging_mixin.py:188} INFO - [2024-05-06T15:37:33.120+0000] {dag.py:3118} INFO - Creating ORM DAG for snowflake_connector3
[2024-05-06T15:37:33.121+0000] {logging_mixin.py:188} INFO - [2024-05-06T15:37:33.121+0000] {dag.py:3954} INFO - Setting next_dagrun for snowflake_connector3 to None, run_after=None
[2024-05-06T15:37:33.139+0000] {processor.py:183} INFO - Processing /opt/airflow/dags/latihan.py took 1.577 seconds
[2024-05-06T15:38:03.376+0000] {processor.py:161} INFO - Started process (PID=684) to work on /opt/airflow/dags/latihan.py
[2024-05-06T15:38:03.377+0000] {processor.py:830} INFO - Processing file /opt/airflow/dags/latihan.py for tasks to queue
[2024-05-06T15:38:03.378+0000] {logging_mixin.py:188} INFO - [2024-05-06T15:38:03.378+0000] {dagbag.py:540} INFO - Filling up the DagBag from /opt/airflow/dags/latihan.py
[2024-05-06T15:38:04.701+0000] {processor.py:840} INFO - DAG(s) 'snowflake_connector3' retrieved from /opt/airflow/dags/latihan.py
[2024-05-06T15:38:04.720+0000] {logging_mixin.py:188} INFO - [2024-05-06T15:38:04.719+0000] {dag.py:3096} INFO - Sync 1 DAGs
[2024-05-06T15:38:04.736+0000] {logging_mixin.py:188} INFO - [2024-05-06T15:38:04.735+0000] {dag.py:3954} INFO - Setting next_dagrun for snowflake_connector3 to None, run_after=None
[2024-05-06T15:38:04.759+0000] {processor.py:183} INFO - Processing /opt/airflow/dags/latihan.py took 1.389 seconds
[2024-05-06T15:38:35.030+0000] {processor.py:161} INFO - Started process (PID=753) to work on /opt/airflow/dags/latihan.py
[2024-05-06T15:38:35.031+0000] {processor.py:830} INFO - Processing file /opt/airflow/dags/latihan.py for tasks to queue
[2024-05-06T15:38:35.032+0000] {logging_mixin.py:188} INFO - [2024-05-06T15:38:35.032+0000] {dagbag.py:540} INFO - Filling up the DagBag from /opt/airflow/dags/latihan.py
[2024-05-06T15:38:36.565+0000] {processor.py:840} INFO - DAG(s) 'snowflake_connector3' retrieved from /opt/airflow/dags/latihan.py
[2024-05-06T15:38:36.582+0000] {logging_mixin.py:188} INFO - [2024-05-06T15:38:36.581+0000] {dag.py:3096} INFO - Sync 1 DAGs
[2024-05-06T15:38:36.595+0000] {logging_mixin.py:188} INFO - [2024-05-06T15:38:36.595+0000] {dag.py:3954} INFO - Setting next_dagrun for snowflake_connector3 to None, run_after=None
[2024-05-06T15:38:36.620+0000] {processor.py:183} INFO - Processing /opt/airflow/dags/latihan.py took 1.598 seconds
[2024-05-06T15:39:07.273+0000] {processor.py:161} INFO - Started process (PID=821) to work on /opt/airflow/dags/latihan.py
[2024-05-06T15:39:07.274+0000] {processor.py:830} INFO - Processing file /opt/airflow/dags/latihan.py for tasks to queue
[2024-05-06T15:39:07.276+0000] {logging_mixin.py:188} INFO - [2024-05-06T15:39:07.276+0000] {dagbag.py:540} INFO - Filling up the DagBag from /opt/airflow/dags/latihan.py
[2024-05-06T15:39:08.627+0000] {processor.py:840} INFO - DAG(s) 'snowflake_connector3' retrieved from /opt/airflow/dags/latihan.py
[2024-05-06T15:39:08.642+0000] {logging_mixin.py:188} INFO - [2024-05-06T15:39:08.642+0000] {dag.py:3096} INFO - Sync 1 DAGs
[2024-05-06T15:39:08.653+0000] {logging_mixin.py:188} INFO - [2024-05-06T15:39:08.653+0000] {dag.py:3954} INFO - Setting next_dagrun for snowflake_connector3 to None, run_after=None
[2024-05-06T15:39:08.677+0000] {processor.py:183} INFO - Processing /opt/airflow/dags/latihan.py took 1.410 seconds
[2024-05-06T15:39:39.135+0000] {processor.py:161} INFO - Started process (PID=890) to work on /opt/airflow/dags/latihan.py
[2024-05-06T15:39:39.137+0000] {processor.py:830} INFO - Processing file /opt/airflow/dags/latihan.py for tasks to queue
[2024-05-06T15:39:39.139+0000] {logging_mixin.py:188} INFO - [2024-05-06T15:39:39.138+0000] {dagbag.py:540} INFO - Filling up the DagBag from /opt/airflow/dags/latihan.py
[2024-05-06T15:39:40.423+0000] {processor.py:840} INFO - DAG(s) 'snowflake_connector3' retrieved from /opt/airflow/dags/latihan.py
[2024-05-06T15:39:40.441+0000] {logging_mixin.py:188} INFO - [2024-05-06T15:39:40.440+0000] {dag.py:3096} INFO - Sync 1 DAGs
[2024-05-06T15:39:40.453+0000] {logging_mixin.py:188} INFO - [2024-05-06T15:39:40.453+0000] {dag.py:3954} INFO - Setting next_dagrun for snowflake_connector3 to None, run_after=None
[2024-05-06T15:39:40.474+0000] {processor.py:183} INFO - Processing /opt/airflow/dags/latihan.py took 1.345 seconds
[2024-05-06T15:40:11.332+0000] {processor.py:161} INFO - Started process (PID=960) to work on /opt/airflow/dags/latihan.py
[2024-05-06T15:40:11.333+0000] {processor.py:830} INFO - Processing file /opt/airflow/dags/latihan.py for tasks to queue
[2024-05-06T15:40:11.335+0000] {logging_mixin.py:188} INFO - [2024-05-06T15:40:11.334+0000] {dagbag.py:540} INFO - Filling up the DagBag from /opt/airflow/dags/latihan.py
[2024-05-06T15:40:12.605+0000] {processor.py:840} INFO - DAG(s) 'snowflake_connector3' retrieved from /opt/airflow/dags/latihan.py
[2024-05-06T15:40:12.620+0000] {logging_mixin.py:188} INFO - [2024-05-06T15:40:12.620+0000] {dag.py:3096} INFO - Sync 1 DAGs
[2024-05-06T15:40:12.631+0000] {logging_mixin.py:188} INFO - [2024-05-06T15:40:12.631+0000] {dag.py:3954} INFO - Setting next_dagrun for snowflake_connector3 to None, run_after=None
[2024-05-06T15:40:12.655+0000] {processor.py:183} INFO - Processing /opt/airflow/dags/latihan.py took 1.330 seconds
[2024-05-06T15:40:42.803+0000] {processor.py:161} INFO - Started process (PID=1029) to work on /opt/airflow/dags/latihan.py
[2024-05-06T15:40:42.804+0000] {processor.py:830} INFO - Processing file /opt/airflow/dags/latihan.py for tasks to queue
[2024-05-06T15:40:42.806+0000] {logging_mixin.py:188} INFO - [2024-05-06T15:40:42.806+0000] {dagbag.py:540} INFO - Filling up the DagBag from /opt/airflow/dags/latihan.py
[2024-05-06T15:40:44.004+0000] {processor.py:840} INFO - DAG(s) 'snowflake_connector3' retrieved from /opt/airflow/dags/latihan.py
[2024-05-06T15:40:44.021+0000] {logging_mixin.py:188} INFO - [2024-05-06T15:40:44.021+0000] {dag.py:3096} INFO - Sync 1 DAGs
[2024-05-06T15:40:44.032+0000] {logging_mixin.py:188} INFO - [2024-05-06T15:40:44.032+0000] {dag.py:3954} INFO - Setting next_dagrun for snowflake_connector3 to None, run_after=None
[2024-05-06T15:40:44.052+0000] {processor.py:183} INFO - Processing /opt/airflow/dags/latihan.py took 1.254 seconds
[2024-05-06T15:41:14.186+0000] {processor.py:161} INFO - Started process (PID=1099) to work on /opt/airflow/dags/latihan.py
[2024-05-06T15:41:14.188+0000] {processor.py:830} INFO - Processing file /opt/airflow/dags/latihan.py for tasks to queue
[2024-05-06T15:41:14.190+0000] {logging_mixin.py:188} INFO - [2024-05-06T15:41:14.190+0000] {dagbag.py:540} INFO - Filling up the DagBag from /opt/airflow/dags/latihan.py
[2024-05-06T15:41:15.502+0000] {processor.py:840} INFO - DAG(s) 'snowflake_connector3' retrieved from /opt/airflow/dags/latihan.py
[2024-05-06T15:41:15.517+0000] {logging_mixin.py:188} INFO - [2024-05-06T15:41:15.517+0000] {dag.py:3096} INFO - Sync 1 DAGs
[2024-05-06T15:41:15.528+0000] {logging_mixin.py:188} INFO - [2024-05-06T15:41:15.528+0000] {dag.py:3954} INFO - Setting next_dagrun for snowflake_connector3 to None, run_after=None
[2024-05-06T15:41:15.545+0000] {processor.py:183} INFO - Processing /opt/airflow/dags/latihan.py took 1.365 seconds
[2024-05-06T15:41:45.788+0000] {processor.py:161} INFO - Started process (PID=1172) to work on /opt/airflow/dags/latihan.py
[2024-05-06T15:41:45.789+0000] {processor.py:830} INFO - Processing file /opt/airflow/dags/latihan.py for tasks to queue
[2024-05-06T15:41:45.791+0000] {logging_mixin.py:188} INFO - [2024-05-06T15:41:45.791+0000] {dagbag.py:540} INFO - Filling up the DagBag from /opt/airflow/dags/latihan.py
[2024-05-06T15:41:47.051+0000] {processor.py:840} INFO - DAG(s) 'snowflake_connector3' retrieved from /opt/airflow/dags/latihan.py
[2024-05-06T15:41:47.068+0000] {logging_mixin.py:188} INFO - [2024-05-06T15:41:47.067+0000] {dag.py:3096} INFO - Sync 1 DAGs
[2024-05-06T15:41:47.081+0000] {logging_mixin.py:188} INFO - [2024-05-06T15:41:47.081+0000] {dag.py:3954} INFO - Setting next_dagrun for snowflake_connector3 to None, run_after=None
[2024-05-06T15:41:47.100+0000] {processor.py:183} INFO - Processing /opt/airflow/dags/latihan.py took 1.318 seconds
[2024-05-06T15:42:17.639+0000] {processor.py:161} INFO - Started process (PID=1239) to work on /opt/airflow/dags/latihan.py
[2024-05-06T15:42:17.641+0000] {processor.py:830} INFO - Processing file /opt/airflow/dags/latihan.py for tasks to queue
[2024-05-06T15:42:17.643+0000] {logging_mixin.py:188} INFO - [2024-05-06T15:42:17.642+0000] {dagbag.py:540} INFO - Filling up the DagBag from /opt/airflow/dags/latihan.py
[2024-05-06T15:42:19.110+0000] {processor.py:840} INFO - DAG(s) 'snowflake_connector3' retrieved from /opt/airflow/dags/latihan.py
[2024-05-06T15:42:19.129+0000] {logging_mixin.py:188} INFO - [2024-05-06T15:42:19.129+0000] {dag.py:3096} INFO - Sync 1 DAGs
[2024-05-06T15:42:19.143+0000] {logging_mixin.py:188} INFO - [2024-05-06T15:42:19.142+0000] {dag.py:3954} INFO - Setting next_dagrun for snowflake_connector3 to None, run_after=None
[2024-05-06T15:42:19.172+0000] {processor.py:183} INFO - Processing /opt/airflow/dags/latihan.py took 1.540 seconds
[2024-05-06T15:42:49.487+0000] {processor.py:161} INFO - Started process (PID=1308) to work on /opt/airflow/dags/latihan.py
[2024-05-06T15:42:49.488+0000] {processor.py:830} INFO - Processing file /opt/airflow/dags/latihan.py for tasks to queue
[2024-05-06T15:42:49.491+0000] {logging_mixin.py:188} INFO - [2024-05-06T15:42:49.490+0000] {dagbag.py:540} INFO - Filling up the DagBag from /opt/airflow/dags/latihan.py
[2024-05-06T15:42:51.217+0000] {processor.py:840} INFO - DAG(s) 'snowflake_connector3' retrieved from /opt/airflow/dags/latihan.py
[2024-05-06T15:42:51.238+0000] {logging_mixin.py:188} INFO - [2024-05-06T15:42:51.238+0000] {dag.py:3096} INFO - Sync 1 DAGs
[2024-05-06T15:42:51.254+0000] {logging_mixin.py:188} INFO - [2024-05-06T15:42:51.253+0000] {dag.py:3954} INFO - Setting next_dagrun for snowflake_connector3 to None, run_after=None
[2024-05-06T15:42:51.283+0000] {processor.py:183} INFO - Processing /opt/airflow/dags/latihan.py took 1.806 seconds
[2024-05-06T15:43:21.775+0000] {processor.py:161} INFO - Started process (PID=1377) to work on /opt/airflow/dags/latihan.py
[2024-05-06T15:43:21.777+0000] {processor.py:830} INFO - Processing file /opt/airflow/dags/latihan.py for tasks to queue
[2024-05-06T15:43:21.780+0000] {logging_mixin.py:188} INFO - [2024-05-06T15:43:21.780+0000] {dagbag.py:540} INFO - Filling up the DagBag from /opt/airflow/dags/latihan.py
[2024-05-06T15:43:23.243+0000] {processor.py:840} INFO - DAG(s) 'snowflake_connector3' retrieved from /opt/airflow/dags/latihan.py
[2024-05-06T15:43:23.266+0000] {logging_mixin.py:188} INFO - [2024-05-06T15:43:23.266+0000] {dag.py:3096} INFO - Sync 1 DAGs
[2024-05-06T15:43:23.282+0000] {logging_mixin.py:188} INFO - [2024-05-06T15:43:23.282+0000] {dag.py:3954} INFO - Setting next_dagrun for snowflake_connector3 to None, run_after=None
[2024-05-06T15:43:23.309+0000] {processor.py:183} INFO - Processing /opt/airflow/dags/latihan.py took 1.542 seconds
[2024-05-06T15:43:53.469+0000] {processor.py:161} INFO - Started process (PID=1448) to work on /opt/airflow/dags/latihan.py
[2024-05-06T15:43:53.470+0000] {processor.py:830} INFO - Processing file /opt/airflow/dags/latihan.py for tasks to queue
[2024-05-06T15:43:53.472+0000] {logging_mixin.py:188} INFO - [2024-05-06T15:43:53.472+0000] {dagbag.py:540} INFO - Filling up the DagBag from /opt/airflow/dags/latihan.py
[2024-05-06T15:43:54.634+0000] {processor.py:840} INFO - DAG(s) 'snowflake_connector3' retrieved from /opt/airflow/dags/latihan.py
[2024-05-06T15:43:54.650+0000] {logging_mixin.py:188} INFO - [2024-05-06T15:43:54.650+0000] {dag.py:3096} INFO - Sync 1 DAGs
[2024-05-06T15:43:54.661+0000] {logging_mixin.py:188} INFO - [2024-05-06T15:43:54.661+0000] {dag.py:3954} INFO - Setting next_dagrun for snowflake_connector3 to None, run_after=None
[2024-05-06T15:43:54.683+0000] {processor.py:183} INFO - Processing /opt/airflow/dags/latihan.py took 1.220 seconds
[2024-05-06T15:44:24.757+0000] {processor.py:161} INFO - Started process (PID=1516) to work on /opt/airflow/dags/latihan.py
[2024-05-06T15:44:24.758+0000] {processor.py:830} INFO - Processing file /opt/airflow/dags/latihan.py for tasks to queue
[2024-05-06T15:44:24.761+0000] {logging_mixin.py:188} INFO - [2024-05-06T15:44:24.761+0000] {dagbag.py:540} INFO - Filling up the DagBag from /opt/airflow/dags/latihan.py
[2024-05-06T15:44:25.839+0000] {processor.py:840} INFO - DAG(s) 'snowflake_connector3' retrieved from /opt/airflow/dags/latihan.py
[2024-05-06T15:44:25.856+0000] {logging_mixin.py:188} INFO - [2024-05-06T15:44:25.855+0000] {dag.py:3096} INFO - Sync 1 DAGs
[2024-05-06T15:44:25.867+0000] {logging_mixin.py:188} INFO - [2024-05-06T15:44:25.866+0000] {dag.py:3954} INFO - Setting next_dagrun for snowflake_connector3 to None, run_after=None
[2024-05-06T15:44:25.890+0000] {processor.py:183} INFO - Processing /opt/airflow/dags/latihan.py took 1.139 seconds
[2024-05-06T15:44:56.076+0000] {processor.py:161} INFO - Started process (PID=1583) to work on /opt/airflow/dags/latihan.py
[2024-05-06T15:44:56.077+0000] {processor.py:830} INFO - Processing file /opt/airflow/dags/latihan.py for tasks to queue
[2024-05-06T15:44:56.080+0000] {logging_mixin.py:188} INFO - [2024-05-06T15:44:56.080+0000] {dagbag.py:540} INFO - Filling up the DagBag from /opt/airflow/dags/latihan.py
[2024-05-06T15:44:57.449+0000] {processor.py:840} INFO - DAG(s) 'snowflake_connector3' retrieved from /opt/airflow/dags/latihan.py
[2024-05-06T15:44:57.494+0000] {logging_mixin.py:188} INFO - [2024-05-06T15:44:57.493+0000] {dag.py:3096} INFO - Sync 1 DAGs
[2024-05-06T15:44:57.529+0000] {logging_mixin.py:188} INFO - [2024-05-06T15:44:57.528+0000] {dag.py:3954} INFO - Setting next_dagrun for snowflake_connector3 to None, run_after=None
[2024-05-06T15:44:57.565+0000] {processor.py:183} INFO - Processing /opt/airflow/dags/latihan.py took 1.497 seconds
[2024-05-06T15:45:27.744+0000] {processor.py:161} INFO - Started process (PID=1650) to work on /opt/airflow/dags/latihan.py
[2024-05-06T15:45:27.745+0000] {processor.py:830} INFO - Processing file /opt/airflow/dags/latihan.py for tasks to queue
[2024-05-06T15:45:27.747+0000] {logging_mixin.py:188} INFO - [2024-05-06T15:45:27.747+0000] {dagbag.py:540} INFO - Filling up the DagBag from /opt/airflow/dags/latihan.py
[2024-05-06T15:45:29.298+0000] {processor.py:840} INFO - DAG(s) 'snowflake_connector3' retrieved from /opt/airflow/dags/latihan.py
[2024-05-06T15:45:29.323+0000] {logging_mixin.py:188} INFO - [2024-05-06T15:45:29.322+0000] {dag.py:3096} INFO - Sync 1 DAGs
[2024-05-06T15:45:29.342+0000] {logging_mixin.py:188} INFO - [2024-05-06T15:45:29.341+0000] {dag.py:3954} INFO - Setting next_dagrun for snowflake_connector3 to None, run_after=None
[2024-05-06T15:45:29.368+0000] {processor.py:183} INFO - Processing /opt/airflow/dags/latihan.py took 1.632 seconds
[2024-05-06T15:46:00.315+0000] {processor.py:161} INFO - Started process (PID=1719) to work on /opt/airflow/dags/latihan.py
[2024-05-06T15:46:00.316+0000] {processor.py:830} INFO - Processing file /opt/airflow/dags/latihan.py for tasks to queue
[2024-05-06T15:46:00.320+0000] {logging_mixin.py:188} INFO - [2024-05-06T15:46:00.319+0000] {dagbag.py:540} INFO - Filling up the DagBag from /opt/airflow/dags/latihan.py
[2024-05-06T15:46:02.264+0000] {processor.py:840} INFO - DAG(s) 'snowflake_connector3' retrieved from /opt/airflow/dags/latihan.py
[2024-05-06T15:46:02.285+0000] {logging_mixin.py:188} INFO - [2024-05-06T15:46:02.285+0000] {dag.py:3096} INFO - Sync 1 DAGs
[2024-05-06T15:46:02.300+0000] {logging_mixin.py:188} INFO - [2024-05-06T15:46:02.300+0000] {dag.py:3954} INFO - Setting next_dagrun for snowflake_connector3 to None, run_after=None
[2024-05-06T15:46:02.342+0000] {processor.py:183} INFO - Processing /opt/airflow/dags/latihan.py took 2.040 seconds
[2024-05-06T15:46:32.999+0000] {processor.py:161} INFO - Started process (PID=1790) to work on /opt/airflow/dags/latihan.py
[2024-05-06T15:46:33.001+0000] {processor.py:830} INFO - Processing file /opt/airflow/dags/latihan.py for tasks to queue
[2024-05-06T15:46:33.005+0000] {logging_mixin.py:188} INFO - [2024-05-06T15:46:33.004+0000] {dagbag.py:540} INFO - Filling up the DagBag from /opt/airflow/dags/latihan.py
[2024-05-06T15:46:35.708+0000] {processor.py:840} INFO - DAG(s) 'snowflake_connector3' retrieved from /opt/airflow/dags/latihan.py
[2024-05-06T15:46:35.751+0000] {logging_mixin.py:188} INFO - [2024-05-06T15:46:35.750+0000] {dag.py:3096} INFO - Sync 1 DAGs
[2024-05-06T15:46:35.807+0000] {logging_mixin.py:188} INFO - [2024-05-06T15:46:35.807+0000] {dag.py:3954} INFO - Setting next_dagrun for snowflake_connector3 to None, run_after=None
[2024-05-06T15:46:35.866+0000] {processor.py:183} INFO - Processing /opt/airflow/dags/latihan.py took 2.877 seconds
[2024-05-06T15:47:06.034+0000] {processor.py:161} INFO - Started process (PID=1866) to work on /opt/airflow/dags/latihan.py
[2024-05-06T15:47:06.036+0000] {processor.py:830} INFO - Processing file /opt/airflow/dags/latihan.py for tasks to queue
[2024-05-06T15:47:06.041+0000] {logging_mixin.py:188} INFO - [2024-05-06T15:47:06.040+0000] {dagbag.py:540} INFO - Filling up the DagBag from /opt/airflow/dags/latihan.py
[2024-05-06T15:47:08.346+0000] {processor.py:840} INFO - DAG(s) 'snowflake_connector3' retrieved from /opt/airflow/dags/latihan.py
[2024-05-06T15:47:08.371+0000] {logging_mixin.py:188} INFO - [2024-05-06T15:47:08.370+0000] {dag.py:3096} INFO - Sync 1 DAGs
[2024-05-06T15:47:08.396+0000] {logging_mixin.py:188} INFO - [2024-05-06T15:47:08.396+0000] {dag.py:3954} INFO - Setting next_dagrun for snowflake_connector3 to None, run_after=None
[2024-05-06T15:47:08.430+0000] {processor.py:183} INFO - Processing /opt/airflow/dags/latihan.py took 2.409 seconds
[2024-05-06T15:47:38.864+0000] {processor.py:161} INFO - Started process (PID=1941) to work on /opt/airflow/dags/latihan.py
[2024-05-06T15:47:38.865+0000] {processor.py:830} INFO - Processing file /opt/airflow/dags/latihan.py for tasks to queue
[2024-05-06T15:47:38.867+0000] {logging_mixin.py:188} INFO - [2024-05-06T15:47:38.867+0000] {dagbag.py:540} INFO - Filling up the DagBag from /opt/airflow/dags/latihan.py
[2024-05-06T15:47:40.481+0000] {processor.py:840} INFO - DAG(s) 'snowflake_connector3' retrieved from /opt/airflow/dags/latihan.py
[2024-05-06T15:47:40.502+0000] {logging_mixin.py:188} INFO - [2024-05-06T15:47:40.502+0000] {dag.py:3096} INFO - Sync 1 DAGs
[2024-05-06T15:47:40.517+0000] {logging_mixin.py:188} INFO - [2024-05-06T15:47:40.517+0000] {dag.py:3954} INFO - Setting next_dagrun for snowflake_connector3 to None, run_after=None
[2024-05-06T15:47:40.546+0000] {processor.py:183} INFO - Processing /opt/airflow/dags/latihan.py took 1.688 seconds
[2024-05-06T15:48:11.058+0000] {processor.py:161} INFO - Started process (PID=2018) to work on /opt/airflow/dags/latihan.py
[2024-05-06T15:48:11.059+0000] {processor.py:830} INFO - Processing file /opt/airflow/dags/latihan.py for tasks to queue
[2024-05-06T15:48:11.061+0000] {logging_mixin.py:188} INFO - [2024-05-06T15:48:11.061+0000] {dagbag.py:540} INFO - Filling up the DagBag from /opt/airflow/dags/latihan.py
[2024-05-06T15:48:12.180+0000] {processor.py:840} INFO - DAG(s) 'snowflake_connector3' retrieved from /opt/airflow/dags/latihan.py
[2024-05-06T15:48:12.203+0000] {logging_mixin.py:188} INFO - [2024-05-06T15:48:12.202+0000] {dag.py:3096} INFO - Sync 1 DAGs
[2024-05-06T15:48:12.215+0000] {logging_mixin.py:188} INFO - [2024-05-06T15:48:12.215+0000] {dag.py:3954} INFO - Setting next_dagrun for snowflake_connector3 to None, run_after=None
[2024-05-06T15:48:12.238+0000] {processor.py:183} INFO - Processing /opt/airflow/dags/latihan.py took 1.187 seconds
[2024-05-06T15:48:42.455+0000] {processor.py:161} INFO - Started process (PID=2086) to work on /opt/airflow/dags/latihan.py
[2024-05-06T15:48:42.456+0000] {processor.py:830} INFO - Processing file /opt/airflow/dags/latihan.py for tasks to queue
[2024-05-06T15:48:42.458+0000] {logging_mixin.py:188} INFO - [2024-05-06T15:48:42.457+0000] {dagbag.py:540} INFO - Filling up the DagBag from /opt/airflow/dags/latihan.py
[2024-05-06T15:48:43.552+0000] {processor.py:840} INFO - DAG(s) 'snowflake_connector3' retrieved from /opt/airflow/dags/latihan.py
[2024-05-06T15:48:43.570+0000] {logging_mixin.py:188} INFO - [2024-05-06T15:48:43.570+0000] {dag.py:3096} INFO - Sync 1 DAGs
[2024-05-06T15:48:43.582+0000] {logging_mixin.py:188} INFO - [2024-05-06T15:48:43.582+0000] {dag.py:3954} INFO - Setting next_dagrun for snowflake_connector3 to None, run_after=None
[2024-05-06T15:48:43.607+0000] {processor.py:183} INFO - Processing /opt/airflow/dags/latihan.py took 1.159 seconds
[2024-05-06T15:49:13.862+0000] {processor.py:161} INFO - Started process (PID=2153) to work on /opt/airflow/dags/latihan.py
[2024-05-06T15:49:13.863+0000] {processor.py:830} INFO - Processing file /opt/airflow/dags/latihan.py for tasks to queue
[2024-05-06T15:49:13.865+0000] {logging_mixin.py:188} INFO - [2024-05-06T15:49:13.865+0000] {dagbag.py:540} INFO - Filling up the DagBag from /opt/airflow/dags/latihan.py
[2024-05-06T15:49:14.981+0000] {processor.py:840} INFO - DAG(s) 'snowflake_connector3' retrieved from /opt/airflow/dags/latihan.py
[2024-05-06T15:49:15.001+0000] {logging_mixin.py:188} INFO - [2024-05-06T15:49:15.001+0000] {dag.py:3096} INFO - Sync 1 DAGs
[2024-05-06T15:49:15.013+0000] {logging_mixin.py:188} INFO - [2024-05-06T15:49:15.012+0000] {dag.py:3954} INFO - Setting next_dagrun for snowflake_connector3 to None, run_after=None
[2024-05-06T15:49:15.031+0000] {processor.py:183} INFO - Processing /opt/airflow/dags/latihan.py took 1.174 seconds
[2024-05-06T15:49:45.237+0000] {processor.py:161} INFO - Started process (PID=2220) to work on /opt/airflow/dags/latihan.py
[2024-05-06T15:49:45.238+0000] {processor.py:830} INFO - Processing file /opt/airflow/dags/latihan.py for tasks to queue
[2024-05-06T15:49:45.240+0000] {logging_mixin.py:188} INFO - [2024-05-06T15:49:45.240+0000] {dagbag.py:540} INFO - Filling up the DagBag from /opt/airflow/dags/latihan.py
[2024-05-06T15:49:46.360+0000] {processor.py:840} INFO - DAG(s) 'snowflake_connector3' retrieved from /opt/airflow/dags/latihan.py
[2024-05-06T15:49:46.378+0000] {logging_mixin.py:188} INFO - [2024-05-06T15:49:46.378+0000] {dag.py:3096} INFO - Sync 1 DAGs
[2024-05-06T15:49:46.389+0000] {logging_mixin.py:188} INFO - [2024-05-06T15:49:46.389+0000] {dag.py:3954} INFO - Setting next_dagrun for snowflake_connector3 to None, run_after=None
[2024-05-06T15:49:46.417+0000] {processor.py:183} INFO - Processing /opt/airflow/dags/latihan.py took 1.185 seconds
[2024-05-06T15:50:16.935+0000] {processor.py:161} INFO - Started process (PID=2293) to work on /opt/airflow/dags/latihan.py
[2024-05-06T15:50:16.937+0000] {processor.py:830} INFO - Processing file /opt/airflow/dags/latihan.py for tasks to queue
[2024-05-06T15:50:16.939+0000] {logging_mixin.py:188} INFO - [2024-05-06T15:50:16.938+0000] {dagbag.py:540} INFO - Filling up the DagBag from /opt/airflow/dags/latihan.py
[2024-05-06T15:50:18.081+0000] {processor.py:840} INFO - DAG(s) 'snowflake_connector3' retrieved from /opt/airflow/dags/latihan.py
[2024-05-06T15:50:18.098+0000] {logging_mixin.py:188} INFO - [2024-05-06T15:50:18.098+0000] {dag.py:3096} INFO - Sync 1 DAGs
[2024-05-06T15:50:18.111+0000] {logging_mixin.py:188} INFO - [2024-05-06T15:50:18.110+0000] {dag.py:3954} INFO - Setting next_dagrun for snowflake_connector3 to None, run_after=None
[2024-05-06T15:50:18.139+0000] {processor.py:183} INFO - Processing /opt/airflow/dags/latihan.py took 1.210 seconds
[2024-05-06T15:50:48.282+0000] {processor.py:161} INFO - Started process (PID=2360) to work on /opt/airflow/dags/latihan.py
[2024-05-06T15:50:48.283+0000] {processor.py:830} INFO - Processing file /opt/airflow/dags/latihan.py for tasks to queue
[2024-05-06T15:50:48.285+0000] {logging_mixin.py:188} INFO - [2024-05-06T15:50:48.285+0000] {dagbag.py:540} INFO - Filling up the DagBag from /opt/airflow/dags/latihan.py
[2024-05-06T15:50:49.364+0000] {processor.py:840} INFO - DAG(s) 'snowflake_connector3' retrieved from /opt/airflow/dags/latihan.py
[2024-05-06T15:50:49.383+0000] {logging_mixin.py:188} INFO - [2024-05-06T15:50:49.382+0000] {dag.py:3096} INFO - Sync 1 DAGs
[2024-05-06T15:50:49.394+0000] {logging_mixin.py:188} INFO - [2024-05-06T15:50:49.394+0000] {dag.py:3954} INFO - Setting next_dagrun for snowflake_connector3 to None, run_after=None
[2024-05-06T15:50:49.439+0000] {processor.py:183} INFO - Processing /opt/airflow/dags/latihan.py took 1.162 seconds
[2024-05-06T15:51:20.013+0000] {processor.py:161} INFO - Started process (PID=2429) to work on /opt/airflow/dags/latihan.py
[2024-05-06T15:51:20.014+0000] {processor.py:830} INFO - Processing file /opt/airflow/dags/latihan.py for tasks to queue
[2024-05-06T15:51:20.017+0000] {logging_mixin.py:188} INFO - [2024-05-06T15:51:20.017+0000] {dagbag.py:540} INFO - Filling up the DagBag from /opt/airflow/dags/latihan.py
[2024-05-06T15:51:21.125+0000] {processor.py:840} INFO - DAG(s) 'snowflake_connector3' retrieved from /opt/airflow/dags/latihan.py
[2024-05-06T15:51:21.143+0000] {logging_mixin.py:188} INFO - [2024-05-06T15:51:21.143+0000] {dag.py:3096} INFO - Sync 1 DAGs
[2024-05-06T15:51:21.158+0000] {logging_mixin.py:188} INFO - [2024-05-06T15:51:21.157+0000] {dag.py:3954} INFO - Setting next_dagrun for snowflake_connector3 to None, run_after=None
[2024-05-06T15:51:21.186+0000] {processor.py:183} INFO - Processing /opt/airflow/dags/latihan.py took 1.179 seconds
[2024-05-06T15:51:51.685+0000] {processor.py:161} INFO - Started process (PID=2496) to work on /opt/airflow/dags/latihan.py
[2024-05-06T15:51:51.687+0000] {processor.py:830} INFO - Processing file /opt/airflow/dags/latihan.py for tasks to queue
[2024-05-06T15:51:51.691+0000] {logging_mixin.py:188} INFO - [2024-05-06T15:51:51.690+0000] {dagbag.py:540} INFO - Filling up the DagBag from /opt/airflow/dags/latihan.py
[2024-05-06T15:51:52.958+0000] {processor.py:840} INFO - DAG(s) 'snowflake_connector3' retrieved from /opt/airflow/dags/latihan.py
[2024-05-06T15:51:52.987+0000] {logging_mixin.py:188} INFO - [2024-05-06T15:51:52.987+0000] {dag.py:3096} INFO - Sync 1 DAGs
[2024-05-06T15:51:53.004+0000] {logging_mixin.py:188} INFO - [2024-05-06T15:51:53.004+0000] {dag.py:3954} INFO - Setting next_dagrun for snowflake_connector3 to None, run_after=None
[2024-05-06T15:51:53.031+0000] {processor.py:183} INFO - Processing /opt/airflow/dags/latihan.py took 1.356 seconds
[2024-05-06T15:52:23.603+0000] {processor.py:161} INFO - Started process (PID=2565) to work on /opt/airflow/dags/latihan.py
[2024-05-06T15:52:23.612+0000] {processor.py:830} INFO - Processing file /opt/airflow/dags/latihan.py for tasks to queue
[2024-05-06T15:52:23.623+0000] {logging_mixin.py:188} INFO - [2024-05-06T15:52:23.618+0000] {dagbag.py:540} INFO - Filling up the DagBag from /opt/airflow/dags/latihan.py
[2024-05-06T15:52:27.360+0000] {processor.py:840} INFO - DAG(s) 'snowflake_connector3' retrieved from /opt/airflow/dags/latihan.py
[2024-05-06T15:52:27.391+0000] {logging_mixin.py:188} INFO - [2024-05-06T15:52:27.390+0000] {dag.py:3096} INFO - Sync 1 DAGs
[2024-05-06T15:52:27.411+0000] {logging_mixin.py:188} INFO - [2024-05-06T15:52:27.411+0000] {dag.py:3954} INFO - Setting next_dagrun for snowflake_connector3 to None, run_after=None
[2024-05-06T15:52:27.448+0000] {processor.py:183} INFO - Processing /opt/airflow/dags/latihan.py took 3.882 seconds
[2024-05-06T15:52:57.985+0000] {processor.py:161} INFO - Started process (PID=2639) to work on /opt/airflow/dags/latihan.py
[2024-05-06T15:52:57.986+0000] {processor.py:830} INFO - Processing file /opt/airflow/dags/latihan.py for tasks to queue
[2024-05-06T15:52:57.990+0000] {logging_mixin.py:188} INFO - [2024-05-06T15:52:57.990+0000] {dagbag.py:540} INFO - Filling up the DagBag from /opt/airflow/dags/latihan.py
[2024-05-06T15:52:59.522+0000] {processor.py:840} INFO - DAG(s) 'snowflake_connector3' retrieved from /opt/airflow/dags/latihan.py
[2024-05-06T15:52:59.542+0000] {logging_mixin.py:188} INFO - [2024-05-06T15:52:59.541+0000] {dag.py:3096} INFO - Sync 1 DAGs
[2024-05-06T15:52:59.557+0000] {logging_mixin.py:188} INFO - [2024-05-06T15:52:59.557+0000] {dag.py:3954} INFO - Setting next_dagrun for snowflake_connector3 to None, run_after=None
[2024-05-06T15:52:59.585+0000] {processor.py:183} INFO - Processing /opt/airflow/dags/latihan.py took 1.621 seconds
[2024-05-06T15:53:29.667+0000] {processor.py:161} INFO - Started process (PID=2708) to work on /opt/airflow/dags/latihan.py
[2024-05-06T15:53:29.669+0000] {processor.py:830} INFO - Processing file /opt/airflow/dags/latihan.py for tasks to queue
[2024-05-06T15:53:29.671+0000] {logging_mixin.py:188} INFO - [2024-05-06T15:53:29.671+0000] {dagbag.py:540} INFO - Filling up the DagBag from /opt/airflow/dags/latihan.py
[2024-05-06T15:53:30.902+0000] {processor.py:840} INFO - DAG(s) 'snowflake_connector3' retrieved from /opt/airflow/dags/latihan.py
[2024-05-06T15:53:30.924+0000] {logging_mixin.py:188} INFO - [2024-05-06T15:53:30.923+0000] {dag.py:3096} INFO - Sync 1 DAGs
[2024-05-06T15:53:31.080+0000] {logging_mixin.py:188} INFO - [2024-05-06T15:53:31.080+0000] {dag.py:3954} INFO - Setting next_dagrun for snowflake_connector3 to None, run_after=None
[2024-05-06T15:53:31.100+0000] {processor.py:183} INFO - Processing /opt/airflow/dags/latihan.py took 1.438 seconds
[2024-05-06T15:54:01.841+0000] {processor.py:161} INFO - Started process (PID=2775) to work on /opt/airflow/dags/latihan.py
[2024-05-06T15:54:01.842+0000] {processor.py:830} INFO - Processing file /opt/airflow/dags/latihan.py for tasks to queue
[2024-05-06T15:54:01.844+0000] {logging_mixin.py:188} INFO - [2024-05-06T15:54:01.844+0000] {dagbag.py:540} INFO - Filling up the DagBag from /opt/airflow/dags/latihan.py
[2024-05-06T15:54:02.968+0000] {processor.py:840} INFO - DAG(s) 'snowflake_connector3' retrieved from /opt/airflow/dags/latihan.py
[2024-05-06T15:54:02.995+0000] {logging_mixin.py:188} INFO - [2024-05-06T15:54:02.995+0000] {dag.py:3096} INFO - Sync 1 DAGs
[2024-05-06T15:54:03.013+0000] {logging_mixin.py:188} INFO - [2024-05-06T15:54:03.013+0000] {dag.py:3954} INFO - Setting next_dagrun for snowflake_connector3 to None, run_after=None
[2024-05-06T15:54:03.162+0000] {processor.py:183} INFO - Processing /opt/airflow/dags/latihan.py took 1.330 seconds
[2024-05-06T15:54:33.333+0000] {processor.py:161} INFO - Started process (PID=2844) to work on /opt/airflow/dags/latihan.py
[2024-05-06T15:54:33.334+0000] {processor.py:830} INFO - Processing file /opt/airflow/dags/latihan.py for tasks to queue
[2024-05-06T15:54:33.337+0000] {logging_mixin.py:188} INFO - [2024-05-06T15:54:33.336+0000] {dagbag.py:540} INFO - Filling up the DagBag from /opt/airflow/dags/latihan.py
[2024-05-06T15:54:34.519+0000] {processor.py:840} INFO - DAG(s) 'snowflake_connector3' retrieved from /opt/airflow/dags/latihan.py
[2024-05-06T15:54:34.541+0000] {logging_mixin.py:188} INFO - [2024-05-06T15:54:34.541+0000] {dag.py:3096} INFO - Sync 1 DAGs
[2024-05-06T15:54:34.561+0000] {logging_mixin.py:188} INFO - [2024-05-06T15:54:34.560+0000] {dag.py:3954} INFO - Setting next_dagrun for snowflake_connector3 to None, run_after=None
[2024-05-06T15:54:34.589+0000] {processor.py:183} INFO - Processing /opt/airflow/dags/latihan.py took 1.263 seconds
[2024-05-06T15:55:04.673+0000] {processor.py:161} INFO - Started process (PID=2913) to work on /opt/airflow/dags/latihan.py
[2024-05-06T15:55:04.674+0000] {processor.py:830} INFO - Processing file /opt/airflow/dags/latihan.py for tasks to queue
[2024-05-06T15:55:04.676+0000] {logging_mixin.py:188} INFO - [2024-05-06T15:55:04.676+0000] {dagbag.py:540} INFO - Filling up the DagBag from /opt/airflow/dags/latihan.py
[2024-05-06T15:55:05.743+0000] {processor.py:840} INFO - DAG(s) 'snowflake_connector3' retrieved from /opt/airflow/dags/latihan.py
[2024-05-06T15:55:05.760+0000] {logging_mixin.py:188} INFO - [2024-05-06T15:55:05.760+0000] {dag.py:3096} INFO - Sync 1 DAGs
[2024-05-06T15:55:05.771+0000] {logging_mixin.py:188} INFO - [2024-05-06T15:55:05.770+0000] {dag.py:3954} INFO - Setting next_dagrun for snowflake_connector3 to None, run_after=None
[2024-05-06T15:55:05.801+0000] {processor.py:183} INFO - Processing /opt/airflow/dags/latihan.py took 1.138 seconds
[2024-05-06T15:55:36.445+0000] {processor.py:161} INFO - Started process (PID=2981) to work on /opt/airflow/dags/latihan.py
[2024-05-06T15:55:36.446+0000] {processor.py:830} INFO - Processing file /opt/airflow/dags/latihan.py for tasks to queue
[2024-05-06T15:55:36.448+0000] {logging_mixin.py:188} INFO - [2024-05-06T15:55:36.448+0000] {dagbag.py:540} INFO - Filling up the DagBag from /opt/airflow/dags/latihan.py
[2024-05-06T15:55:37.714+0000] {processor.py:840} INFO - DAG(s) 'snowflake_connector3' retrieved from /opt/airflow/dags/latihan.py
[2024-05-06T15:55:37.732+0000] {logging_mixin.py:188} INFO - [2024-05-06T15:55:37.732+0000] {dag.py:3096} INFO - Sync 1 DAGs
[2024-05-06T15:55:37.743+0000] {logging_mixin.py:188} INFO - [2024-05-06T15:55:37.743+0000] {dag.py:3954} INFO - Setting next_dagrun for snowflake_connector3 to None, run_after=None
[2024-05-06T15:55:37.768+0000] {processor.py:183} INFO - Processing /opt/airflow/dags/latihan.py took 1.329 seconds
[2024-05-06T15:56:07.884+0000] {processor.py:161} INFO - Started process (PID=3048) to work on /opt/airflow/dags/latihan.py
[2024-05-06T15:56:07.889+0000] {processor.py:830} INFO - Processing file /opt/airflow/dags/latihan.py for tasks to queue
[2024-05-06T15:56:07.892+0000] {logging_mixin.py:188} INFO - [2024-05-06T15:56:07.891+0000] {dagbag.py:540} INFO - Filling up the DagBag from /opt/airflow/dags/latihan.py
[2024-05-06T15:56:09.801+0000] {processor.py:840} INFO - DAG(s) 'snowflake_connector3' retrieved from /opt/airflow/dags/latihan.py
[2024-05-06T15:56:10.003+0000] {logging_mixin.py:188} INFO - [2024-05-06T15:56:10.002+0000] {dag.py:3096} INFO - Sync 1 DAGs
[2024-05-06T15:56:10.026+0000] {logging_mixin.py:188} INFO - [2024-05-06T15:56:10.026+0000] {dag.py:3954} INFO - Setting next_dagrun for snowflake_connector3 to None, run_after=None
[2024-05-06T15:56:10.144+0000] {processor.py:183} INFO - Processing /opt/airflow/dags/latihan.py took 2.285 seconds
[2024-05-06T15:56:40.315+0000] {processor.py:161} INFO - Started process (PID=3115) to work on /opt/airflow/dags/latihan.py
[2024-05-06T15:56:40.317+0000] {processor.py:830} INFO - Processing file /opt/airflow/dags/latihan.py for tasks to queue
[2024-05-06T15:56:40.322+0000] {logging_mixin.py:188} INFO - [2024-05-06T15:56:40.321+0000] {dagbag.py:540} INFO - Filling up the DagBag from /opt/airflow/dags/latihan.py
[2024-05-06T15:56:42.244+0000] {processor.py:840} INFO - DAG(s) 'snowflake_connector3' retrieved from /opt/airflow/dags/latihan.py
[2024-05-06T15:56:42.262+0000] {logging_mixin.py:188} INFO - [2024-05-06T15:56:42.262+0000] {dag.py:3096} INFO - Sync 1 DAGs
[2024-05-06T15:56:42.399+0000] {logging_mixin.py:188} INFO - [2024-05-06T15:56:42.398+0000] {dag.py:3954} INFO - Setting next_dagrun for snowflake_connector3 to None, run_after=None
[2024-05-06T15:56:42.423+0000] {processor.py:183} INFO - Processing /opt/airflow/dags/latihan.py took 2.122 seconds
[2024-05-06T15:57:12.599+0000] {processor.py:161} INFO - Started process (PID=3183) to work on /opt/airflow/dags/latihan.py
[2024-05-06T15:57:12.600+0000] {processor.py:830} INFO - Processing file /opt/airflow/dags/latihan.py for tasks to queue
[2024-05-06T15:57:12.602+0000] {logging_mixin.py:188} INFO - [2024-05-06T15:57:12.602+0000] {dagbag.py:540} INFO - Filling up the DagBag from /opt/airflow/dags/latihan.py
[2024-05-06T15:57:13.848+0000] {processor.py:840} INFO - DAG(s) 'snowflake_connector3' retrieved from /opt/airflow/dags/latihan.py
[2024-05-06T15:57:13.864+0000] {logging_mixin.py:188} INFO - [2024-05-06T15:57:13.864+0000] {dag.py:3096} INFO - Sync 1 DAGs
[2024-05-06T15:57:13.874+0000] {logging_mixin.py:188} INFO - [2024-05-06T15:57:13.874+0000] {dag.py:3954} INFO - Setting next_dagrun for snowflake_connector3 to None, run_after=None
[2024-05-06T15:57:13.900+0000] {processor.py:183} INFO - Processing /opt/airflow/dags/latihan.py took 1.307 seconds
[2024-05-06T15:57:44.327+0000] {processor.py:161} INFO - Started process (PID=3255) to work on /opt/airflow/dags/latihan.py
[2024-05-06T15:57:44.328+0000] {processor.py:830} INFO - Processing file /opt/airflow/dags/latihan.py for tasks to queue
[2024-05-06T15:57:44.330+0000] {logging_mixin.py:188} INFO - [2024-05-06T15:57:44.330+0000] {dagbag.py:540} INFO - Filling up the DagBag from /opt/airflow/dags/latihan.py
[2024-05-06T15:57:45.594+0000] {processor.py:840} INFO - DAG(s) 'snowflake_connector3' retrieved from /opt/airflow/dags/latihan.py
[2024-05-06T15:57:45.611+0000] {logging_mixin.py:188} INFO - [2024-05-06T15:57:45.610+0000] {dag.py:3096} INFO - Sync 1 DAGs
[2024-05-06T15:57:45.621+0000] {logging_mixin.py:188} INFO - [2024-05-06T15:57:45.621+0000] {dag.py:3954} INFO - Setting next_dagrun for snowflake_connector3 to None, run_after=None
[2024-05-06T15:57:45.641+0000] {processor.py:183} INFO - Processing /opt/airflow/dags/latihan.py took 1.321 seconds
[2024-05-06T15:58:16.369+0000] {processor.py:161} INFO - Started process (PID=3330) to work on /opt/airflow/dags/latihan.py
[2024-05-06T15:58:16.370+0000] {processor.py:830} INFO - Processing file /opt/airflow/dags/latihan.py for tasks to queue
[2024-05-06T15:58:16.372+0000] {logging_mixin.py:188} INFO - [2024-05-06T15:58:16.371+0000] {dagbag.py:540} INFO - Filling up the DagBag from /opt/airflow/dags/latihan.py
[2024-05-06T15:58:18.109+0000] {processor.py:840} INFO - DAG(s) 'snowflake_connector3' retrieved from /opt/airflow/dags/latihan.py
[2024-05-06T15:58:18.128+0000] {logging_mixin.py:188} INFO - [2024-05-06T15:58:18.128+0000] {dag.py:3096} INFO - Sync 1 DAGs
[2024-05-06T15:58:18.141+0000] {logging_mixin.py:188} INFO - [2024-05-06T15:58:18.141+0000] {dag.py:3954} INFO - Setting next_dagrun for snowflake_connector3 to None, run_after=None
[2024-05-06T15:58:18.162+0000] {processor.py:183} INFO - Processing /opt/airflow/dags/latihan.py took 1.800 seconds
[2024-05-06T15:58:48.566+0000] {processor.py:161} INFO - Started process (PID=3404) to work on /opt/airflow/dags/latihan.py
[2024-05-06T15:58:48.567+0000] {processor.py:830} INFO - Processing file /opt/airflow/dags/latihan.py for tasks to queue
[2024-05-06T15:58:48.569+0000] {logging_mixin.py:188} INFO - [2024-05-06T15:58:48.569+0000] {dagbag.py:540} INFO - Filling up the DagBag from /opt/airflow/dags/latihan.py
[2024-05-06T15:58:50.510+0000] {processor.py:840} INFO - DAG(s) 'snowflake_connector3' retrieved from /opt/airflow/dags/latihan.py
[2024-05-06T15:58:50.530+0000] {logging_mixin.py:188} INFO - [2024-05-06T15:58:50.530+0000] {dag.py:3096} INFO - Sync 1 DAGs
[2024-05-06T15:58:50.544+0000] {logging_mixin.py:188} INFO - [2024-05-06T15:58:50.543+0000] {dag.py:3954} INFO - Setting next_dagrun for snowflake_connector3 to None, run_after=None
[2024-05-06T15:58:50.567+0000] {processor.py:183} INFO - Processing /opt/airflow/dags/latihan.py took 2.009 seconds
[2024-05-06T15:59:21.529+0000] {processor.py:161} INFO - Started process (PID=3480) to work on /opt/airflow/dags/latihan.py
[2024-05-06T15:59:21.530+0000] {processor.py:830} INFO - Processing file /opt/airflow/dags/latihan.py for tasks to queue
[2024-05-06T15:59:21.532+0000] {logging_mixin.py:188} INFO - [2024-05-06T15:59:21.532+0000] {dagbag.py:540} INFO - Filling up the DagBag from /opt/airflow/dags/latihan.py
[2024-05-06T15:59:23.388+0000] {processor.py:840} INFO - DAG(s) 'snowflake_connector3' retrieved from /opt/airflow/dags/latihan.py
[2024-05-06T15:59:23.408+0000] {logging_mixin.py:188} INFO - [2024-05-06T15:59:23.407+0000] {dag.py:3096} INFO - Sync 1 DAGs
[2024-05-06T15:59:23.424+0000] {logging_mixin.py:188} INFO - [2024-05-06T15:59:23.423+0000] {dag.py:3954} INFO - Setting next_dagrun for snowflake_connector3 to None, run_after=None
[2024-05-06T15:59:23.453+0000] {processor.py:183} INFO - Processing /opt/airflow/dags/latihan.py took 1.932 seconds
[2024-05-06T15:59:54.121+0000] {processor.py:161} INFO - Started process (PID=3557) to work on /opt/airflow/dags/latihan.py
[2024-05-06T15:59:54.123+0000] {processor.py:830} INFO - Processing file /opt/airflow/dags/latihan.py for tasks to queue
[2024-05-06T15:59:54.125+0000] {logging_mixin.py:188} INFO - [2024-05-06T15:59:54.125+0000] {dagbag.py:540} INFO - Filling up the DagBag from /opt/airflow/dags/latihan.py
[2024-05-06T15:59:57.084+0000] {processor.py:840} INFO - DAG(s) 'snowflake_connector3' retrieved from /opt/airflow/dags/latihan.py
[2024-05-06T15:59:57.217+0000] {logging_mixin.py:188} INFO - [2024-05-06T15:59:57.188+0000] {dag.py:3096} INFO - Sync 1 DAGs
[2024-05-06T15:59:57.307+0000] {logging_mixin.py:188} INFO - [2024-05-06T15:59:57.302+0000] {dag.py:3954} INFO - Setting next_dagrun for snowflake_connector3 to None, run_after=None
[2024-05-06T15:59:57.393+0000] {processor.py:183} INFO - Processing /opt/airflow/dags/latihan.py took 3.280 seconds
[2024-05-06T16:00:27.702+0000] {processor.py:161} INFO - Started process (PID=3624) to work on /opt/airflow/dags/latihan.py
[2024-05-06T16:00:27.704+0000] {processor.py:830} INFO - Processing file /opt/airflow/dags/latihan.py for tasks to queue
[2024-05-06T16:00:27.706+0000] {logging_mixin.py:188} INFO - [2024-05-06T16:00:27.705+0000] {dagbag.py:540} INFO - Filling up the DagBag from /opt/airflow/dags/latihan.py
[2024-05-06T16:00:28.986+0000] {processor.py:840} INFO - DAG(s) 'snowflake_connector3' retrieved from /opt/airflow/dags/latihan.py
[2024-05-06T16:00:29.010+0000] {logging_mixin.py:188} INFO - [2024-05-06T16:00:29.009+0000] {dag.py:3096} INFO - Sync 1 DAGs
[2024-05-06T16:00:29.027+0000] {logging_mixin.py:188} INFO - [2024-05-06T16:00:29.027+0000] {dag.py:3954} INFO - Setting next_dagrun for snowflake_connector3 to None, run_after=None
[2024-05-06T16:00:29.055+0000] {processor.py:183} INFO - Processing /opt/airflow/dags/latihan.py took 1.358 seconds
[2024-05-06T16:00:59.316+0000] {processor.py:161} INFO - Started process (PID=3691) to work on /opt/airflow/dags/latihan.py
[2024-05-06T16:00:59.319+0000] {processor.py:830} INFO - Processing file /opt/airflow/dags/latihan.py for tasks to queue
[2024-05-06T16:00:59.323+0000] {logging_mixin.py:188} INFO - [2024-05-06T16:00:59.322+0000] {dagbag.py:540} INFO - Filling up the DagBag from /opt/airflow/dags/latihan.py
[2024-05-06T16:01:01.134+0000] {processor.py:840} INFO - DAG(s) 'snowflake_connector3' retrieved from /opt/airflow/dags/latihan.py
[2024-05-06T16:01:01.161+0000] {logging_mixin.py:188} INFO - [2024-05-06T16:01:01.161+0000] {dag.py:3096} INFO - Sync 1 DAGs
[2024-05-06T16:01:01.180+0000] {logging_mixin.py:188} INFO - [2024-05-06T16:01:01.180+0000] {dag.py:3954} INFO - Setting next_dagrun for snowflake_connector3 to None, run_after=None
[2024-05-06T16:01:01.206+0000] {processor.py:183} INFO - Processing /opt/airflow/dags/latihan.py took 1.903 seconds
[2024-05-06T16:01:31.936+0000] {processor.py:161} INFO - Started process (PID=3760) to work on /opt/airflow/dags/latihan.py
[2024-05-06T16:01:31.937+0000] {processor.py:830} INFO - Processing file /opt/airflow/dags/latihan.py for tasks to queue
[2024-05-06T16:01:31.940+0000] {logging_mixin.py:188} INFO - [2024-05-06T16:01:31.939+0000] {dagbag.py:540} INFO - Filling up the DagBag from /opt/airflow/dags/latihan.py
[2024-05-06T16:01:33.341+0000] {processor.py:840} INFO - DAG(s) 'snowflake_connector3' retrieved from /opt/airflow/dags/latihan.py
[2024-05-06T16:01:33.358+0000] {logging_mixin.py:188} INFO - [2024-05-06T16:01:33.358+0000] {dag.py:3096} INFO - Sync 1 DAGs
[2024-05-06T16:01:33.371+0000] {logging_mixin.py:188} INFO - [2024-05-06T16:01:33.371+0000] {dag.py:3954} INFO - Setting next_dagrun for snowflake_connector3 to None, run_after=None
[2024-05-06T16:01:33.397+0000] {processor.py:183} INFO - Processing /opt/airflow/dags/latihan.py took 1.469 seconds
[2024-05-06T16:02:03.965+0000] {processor.py:161} INFO - Started process (PID=3829) to work on /opt/airflow/dags/latihan.py
[2024-05-06T16:02:03.966+0000] {processor.py:830} INFO - Processing file /opt/airflow/dags/latihan.py for tasks to queue
[2024-05-06T16:02:03.969+0000] {logging_mixin.py:188} INFO - [2024-05-06T16:02:03.969+0000] {dagbag.py:540} INFO - Filling up the DagBag from /opt/airflow/dags/latihan.py
[2024-05-06T16:02:05.479+0000] {processor.py:840} INFO - DAG(s) 'snowflake_connector3' retrieved from /opt/airflow/dags/latihan.py
[2024-05-06T16:02:05.498+0000] {logging_mixin.py:188} INFO - [2024-05-06T16:02:05.497+0000] {dag.py:3096} INFO - Sync 1 DAGs
[2024-05-06T16:02:05.511+0000] {logging_mixin.py:188} INFO - [2024-05-06T16:02:05.510+0000] {dag.py:3954} INFO - Setting next_dagrun for snowflake_connector3 to None, run_after=None
[2024-05-06T16:02:05.537+0000] {processor.py:183} INFO - Processing /opt/airflow/dags/latihan.py took 1.579 seconds
[2024-05-06T16:02:35.956+0000] {processor.py:161} INFO - Started process (PID=3897) to work on /opt/airflow/dags/latihan.py
[2024-05-06T16:02:35.957+0000] {processor.py:830} INFO - Processing file /opt/airflow/dags/latihan.py for tasks to queue
[2024-05-06T16:02:35.960+0000] {logging_mixin.py:188} INFO - [2024-05-06T16:02:35.959+0000] {dagbag.py:540} INFO - Filling up the DagBag from /opt/airflow/dags/latihan.py
[2024-05-06T16:02:37.434+0000] {processor.py:840} INFO - DAG(s) 'snowflake_connector3' retrieved from /opt/airflow/dags/latihan.py
[2024-05-06T16:02:37.454+0000] {logging_mixin.py:188} INFO - [2024-05-06T16:02:37.454+0000] {dag.py:3096} INFO - Sync 1 DAGs
[2024-05-06T16:02:37.470+0000] {logging_mixin.py:188} INFO - [2024-05-06T16:02:37.470+0000] {dag.py:3954} INFO - Setting next_dagrun for snowflake_connector3 to None, run_after=None
[2024-05-06T16:02:37.491+0000] {processor.py:183} INFO - Processing /opt/airflow/dags/latihan.py took 1.542 seconds
[2024-05-06T16:03:08.353+0000] {processor.py:161} INFO - Started process (PID=3969) to work on /opt/airflow/dags/latihan.py
[2024-05-06T16:03:08.354+0000] {processor.py:830} INFO - Processing file /opt/airflow/dags/latihan.py for tasks to queue
[2024-05-06T16:03:08.356+0000] {logging_mixin.py:188} INFO - [2024-05-06T16:03:08.356+0000] {dagbag.py:540} INFO - Filling up the DagBag from /opt/airflow/dags/latihan.py
[2024-05-06T16:03:09.730+0000] {processor.py:840} INFO - DAG(s) 'snowflake_connector3' retrieved from /opt/airflow/dags/latihan.py
[2024-05-06T16:03:09.752+0000] {logging_mixin.py:188} INFO - [2024-05-06T16:03:09.751+0000] {dag.py:3096} INFO - Sync 1 DAGs
[2024-05-06T16:03:09.767+0000] {logging_mixin.py:188} INFO - [2024-05-06T16:03:09.767+0000] {dag.py:3954} INFO - Setting next_dagrun for snowflake_connector3 to None, run_after=None
[2024-05-06T16:03:09.788+0000] {processor.py:183} INFO - Processing /opt/airflow/dags/latihan.py took 1.441 seconds
[2024-05-06T16:03:39.925+0000] {processor.py:161} INFO - Started process (PID=4040) to work on /opt/airflow/dags/latihan.py
[2024-05-06T16:03:39.926+0000] {processor.py:830} INFO - Processing file /opt/airflow/dags/latihan.py for tasks to queue
[2024-05-06T16:03:39.928+0000] {logging_mixin.py:188} INFO - [2024-05-06T16:03:39.927+0000] {dagbag.py:540} INFO - Filling up the DagBag from /opt/airflow/dags/latihan.py
[2024-05-06T16:03:41.763+0000] {processor.py:840} INFO - DAG(s) 'snowflake_connector3' retrieved from /opt/airflow/dags/latihan.py
[2024-05-06T16:03:41.782+0000] {logging_mixin.py:188} INFO - [2024-05-06T16:03:41.782+0000] {dag.py:3096} INFO - Sync 1 DAGs
[2024-05-06T16:03:41.795+0000] {logging_mixin.py:188} INFO - [2024-05-06T16:03:41.795+0000] {dag.py:3954} INFO - Setting next_dagrun for snowflake_connector3 to None, run_after=None
[2024-05-06T16:03:41.822+0000] {processor.py:183} INFO - Processing /opt/airflow/dags/latihan.py took 1.904 seconds
[2024-05-06T16:04:12.606+0000] {processor.py:161} INFO - Started process (PID=4110) to work on /opt/airflow/dags/latihan.py
[2024-05-06T16:04:12.607+0000] {processor.py:830} INFO - Processing file /opt/airflow/dags/latihan.py for tasks to queue
[2024-05-06T16:04:12.609+0000] {logging_mixin.py:188} INFO - [2024-05-06T16:04:12.609+0000] {dagbag.py:540} INFO - Filling up the DagBag from /opt/airflow/dags/latihan.py
[2024-05-06T16:04:13.964+0000] {processor.py:840} INFO - DAG(s) 'snowflake_connector3' retrieved from /opt/airflow/dags/latihan.py
[2024-05-06T16:04:13.987+0000] {logging_mixin.py:188} INFO - [2024-05-06T16:04:13.987+0000] {dag.py:3096} INFO - Sync 1 DAGs
[2024-05-06T16:04:14.004+0000] {logging_mixin.py:188} INFO - [2024-05-06T16:04:14.004+0000] {dag.py:3954} INFO - Setting next_dagrun for snowflake_connector3 to None, run_after=None
[2024-05-06T16:04:14.034+0000] {processor.py:183} INFO - Processing /opt/airflow/dags/latihan.py took 1.435 seconds
[2024-05-06T16:04:44.106+0000] {processor.py:161} INFO - Started process (PID=4179) to work on /opt/airflow/dags/latihan.py
[2024-05-06T16:04:44.107+0000] {processor.py:830} INFO - Processing file /opt/airflow/dags/latihan.py for tasks to queue
[2024-05-06T16:04:44.110+0000] {logging_mixin.py:188} INFO - [2024-05-06T16:04:44.109+0000] {dagbag.py:540} INFO - Filling up the DagBag from /opt/airflow/dags/latihan.py
[2024-05-06T16:04:45.411+0000] {processor.py:840} INFO - DAG(s) 'snowflake_connector3' retrieved from /opt/airflow/dags/latihan.py
[2024-05-06T16:04:45.426+0000] {logging_mixin.py:188} INFO - [2024-05-06T16:04:45.426+0000] {dag.py:3096} INFO - Sync 1 DAGs
[2024-05-06T16:04:45.437+0000] {logging_mixin.py:188} INFO - [2024-05-06T16:04:45.437+0000] {dag.py:3954} INFO - Setting next_dagrun for snowflake_connector3 to None, run_after=None
[2024-05-06T16:04:45.466+0000] {processor.py:183} INFO - Processing /opt/airflow/dags/latihan.py took 1.365 seconds
[2024-05-06T16:05:16.340+0000] {processor.py:161} INFO - Started process (PID=4246) to work on /opt/airflow/dags/latihan.py
[2024-05-06T16:05:16.342+0000] {processor.py:830} INFO - Processing file /opt/airflow/dags/latihan.py for tasks to queue
[2024-05-06T16:05:16.345+0000] {logging_mixin.py:188} INFO - [2024-05-06T16:05:16.345+0000] {dagbag.py:540} INFO - Filling up the DagBag from /opt/airflow/dags/latihan.py
[2024-05-06T16:05:18.158+0000] {processor.py:840} INFO - DAG(s) 'snowflake_connector3' retrieved from /opt/airflow/dags/latihan.py
[2024-05-06T16:05:18.177+0000] {logging_mixin.py:188} INFO - [2024-05-06T16:05:18.176+0000] {dag.py:3096} INFO - Sync 1 DAGs
[2024-05-06T16:05:18.193+0000] {logging_mixin.py:188} INFO - [2024-05-06T16:05:18.192+0000] {dag.py:3954} INFO - Setting next_dagrun for snowflake_connector3 to None, run_after=None
[2024-05-06T16:05:18.221+0000] {processor.py:183} INFO - Processing /opt/airflow/dags/latihan.py took 1.886 seconds
[2024-05-06T16:05:48.485+0000] {processor.py:161} INFO - Started process (PID=4318) to work on /opt/airflow/dags/latihan.py
[2024-05-06T16:05:48.486+0000] {processor.py:830} INFO - Processing file /opt/airflow/dags/latihan.py for tasks to queue
[2024-05-06T16:05:48.491+0000] {logging_mixin.py:188} INFO - [2024-05-06T16:05:48.490+0000] {dagbag.py:540} INFO - Filling up the DagBag from /opt/airflow/dags/latihan.py
[2024-05-06T16:05:50.173+0000] {processor.py:840} INFO - DAG(s) 'snowflake_connector3' retrieved from /opt/airflow/dags/latihan.py
[2024-05-06T16:05:50.211+0000] {logging_mixin.py:188} INFO - [2024-05-06T16:05:50.210+0000] {dag.py:3096} INFO - Sync 1 DAGs
[2024-05-06T16:05:50.230+0000] {logging_mixin.py:188} INFO - [2024-05-06T16:05:50.230+0000] {dag.py:3954} INFO - Setting next_dagrun for snowflake_connector3 to None, run_after=None
[2024-05-06T16:05:50.257+0000] {processor.py:183} INFO - Processing /opt/airflow/dags/latihan.py took 1.779 seconds
[2024-05-06T16:06:20.661+0000] {processor.py:161} INFO - Started process (PID=4385) to work on /opt/airflow/dags/latihan.py
[2024-05-06T16:06:20.662+0000] {processor.py:830} INFO - Processing file /opt/airflow/dags/latihan.py for tasks to queue
[2024-05-06T16:06:20.664+0000] {logging_mixin.py:188} INFO - [2024-05-06T16:06:20.664+0000] {dagbag.py:540} INFO - Filling up the DagBag from /opt/airflow/dags/latihan.py
[2024-05-06T16:06:21.851+0000] {processor.py:840} INFO - DAG(s) 'snowflake_connector3' retrieved from /opt/airflow/dags/latihan.py
[2024-05-06T16:06:21.866+0000] {logging_mixin.py:188} INFO - [2024-05-06T16:06:21.865+0000] {dag.py:3096} INFO - Sync 1 DAGs
[2024-05-06T16:06:21.876+0000] {logging_mixin.py:188} INFO - [2024-05-06T16:06:21.876+0000] {dag.py:3954} INFO - Setting next_dagrun for snowflake_connector3 to None, run_after=None
[2024-05-06T16:06:21.899+0000] {processor.py:183} INFO - Processing /opt/airflow/dags/latihan.py took 1.245 seconds
[2024-05-06T16:06:52.004+0000] {processor.py:161} INFO - Started process (PID=4453) to work on /opt/airflow/dags/latihan.py
[2024-05-06T16:06:52.005+0000] {processor.py:830} INFO - Processing file /opt/airflow/dags/latihan.py for tasks to queue
[2024-05-06T16:06:52.008+0000] {logging_mixin.py:188} INFO - [2024-05-06T16:06:52.008+0000] {dagbag.py:540} INFO - Filling up the DagBag from /opt/airflow/dags/latihan.py
[2024-05-06T16:06:53.459+0000] {processor.py:840} INFO - DAG(s) 'snowflake_connector3' retrieved from /opt/airflow/dags/latihan.py
[2024-05-06T16:06:53.475+0000] {logging_mixin.py:188} INFO - [2024-05-06T16:06:53.475+0000] {dag.py:3096} INFO - Sync 1 DAGs
[2024-05-06T16:06:53.486+0000] {logging_mixin.py:188} INFO - [2024-05-06T16:06:53.486+0000] {dag.py:3954} INFO - Setting next_dagrun for snowflake_connector3 to None, run_after=None
[2024-05-06T16:06:53.524+0000] {processor.py:183} INFO - Processing /opt/airflow/dags/latihan.py took 1.529 seconds
[2024-05-06T16:07:24.335+0000] {processor.py:161} INFO - Started process (PID=4527) to work on /opt/airflow/dags/latihan.py
[2024-05-06T16:07:24.336+0000] {processor.py:830} INFO - Processing file /opt/airflow/dags/latihan.py for tasks to queue
[2024-05-06T16:07:24.337+0000] {logging_mixin.py:188} INFO - [2024-05-06T16:07:24.337+0000] {dagbag.py:540} INFO - Filling up the DagBag from /opt/airflow/dags/latihan.py
[2024-05-06T16:07:25.974+0000] {processor.py:840} INFO - DAG(s) 'snowflake_connector3' retrieved from /opt/airflow/dags/latihan.py
[2024-05-06T16:07:25.990+0000] {logging_mixin.py:188} INFO - [2024-05-06T16:07:25.990+0000] {dag.py:3096} INFO - Sync 1 DAGs
[2024-05-06T16:07:26.002+0000] {logging_mixin.py:188} INFO - [2024-05-06T16:07:26.002+0000] {dag.py:3954} INFO - Setting next_dagrun for snowflake_connector3 to None, run_after=None
[2024-05-06T16:07:26.023+0000] {processor.py:183} INFO - Processing /opt/airflow/dags/latihan.py took 1.695 seconds
[2024-05-06T16:07:56.177+0000] {processor.py:161} INFO - Started process (PID=4600) to work on /opt/airflow/dags/latihan.py
[2024-05-06T16:07:56.178+0000] {processor.py:830} INFO - Processing file /opt/airflow/dags/latihan.py for tasks to queue
[2024-05-06T16:07:56.180+0000] {logging_mixin.py:188} INFO - [2024-05-06T16:07:56.180+0000] {dagbag.py:540} INFO - Filling up the DagBag from /opt/airflow/dags/latihan.py
[2024-05-06T16:07:57.490+0000] {processor.py:840} INFO - DAG(s) 'snowflake_connector3' retrieved from /opt/airflow/dags/latihan.py
[2024-05-06T16:07:57.509+0000] {logging_mixin.py:188} INFO - [2024-05-06T16:07:57.508+0000] {dag.py:3096} INFO - Sync 1 DAGs
[2024-05-06T16:07:57.526+0000] {logging_mixin.py:188} INFO - [2024-05-06T16:07:57.525+0000] {dag.py:3954} INFO - Setting next_dagrun for snowflake_connector3 to None, run_after=None
[2024-05-06T16:07:57.553+0000] {processor.py:183} INFO - Processing /opt/airflow/dags/latihan.py took 1.381 seconds
[2024-05-06T16:08:28.464+0000] {processor.py:161} INFO - Started process (PID=4667) to work on /opt/airflow/dags/latihan.py
[2024-05-06T16:08:28.465+0000] {processor.py:830} INFO - Processing file /opt/airflow/dags/latihan.py for tasks to queue
[2024-05-06T16:08:28.467+0000] {logging_mixin.py:188} INFO - [2024-05-06T16:08:28.466+0000] {dagbag.py:540} INFO - Filling up the DagBag from /opt/airflow/dags/latihan.py
[2024-05-06T16:08:29.940+0000] {processor.py:840} INFO - DAG(s) 'snowflake_connector3' retrieved from /opt/airflow/dags/latihan.py
[2024-05-06T16:08:29.958+0000] {logging_mixin.py:188} INFO - [2024-05-06T16:08:29.957+0000] {dag.py:3096} INFO - Sync 1 DAGs
[2024-05-06T16:08:29.972+0000] {logging_mixin.py:188} INFO - [2024-05-06T16:08:29.971+0000] {dag.py:3954} INFO - Setting next_dagrun for snowflake_connector3 to None, run_after=None
[2024-05-06T16:08:29.995+0000] {processor.py:183} INFO - Processing /opt/airflow/dags/latihan.py took 1.539 seconds
[2024-05-06T16:09:00.117+0000] {processor.py:161} INFO - Started process (PID=4734) to work on /opt/airflow/dags/latihan.py
[2024-05-06T16:09:00.118+0000] {processor.py:830} INFO - Processing file /opt/airflow/dags/latihan.py for tasks to queue
[2024-05-06T16:09:00.120+0000] {logging_mixin.py:188} INFO - [2024-05-06T16:09:00.120+0000] {dagbag.py:540} INFO - Filling up the DagBag from /opt/airflow/dags/latihan.py
[2024-05-06T16:09:01.431+0000] {processor.py:840} INFO - DAG(s) 'snowflake_connector3' retrieved from /opt/airflow/dags/latihan.py
[2024-05-06T16:09:01.449+0000] {logging_mixin.py:188} INFO - [2024-05-06T16:09:01.449+0000] {dag.py:3096} INFO - Sync 1 DAGs
[2024-05-06T16:09:01.459+0000] {logging_mixin.py:188} INFO - [2024-05-06T16:09:01.459+0000] {dag.py:3954} INFO - Setting next_dagrun for snowflake_connector3 to None, run_after=None
[2024-05-06T16:09:01.489+0000] {processor.py:183} INFO - Processing /opt/airflow/dags/latihan.py took 1.378 seconds
[2024-05-06T16:09:31.835+0000] {processor.py:161} INFO - Started process (PID=4806) to work on /opt/airflow/dags/latihan.py
[2024-05-06T16:09:31.836+0000] {processor.py:830} INFO - Processing file /opt/airflow/dags/latihan.py for tasks to queue
[2024-05-06T16:09:31.838+0000] {logging_mixin.py:188} INFO - [2024-05-06T16:09:31.837+0000] {dagbag.py:540} INFO - Filling up the DagBag from /opt/airflow/dags/latihan.py
[2024-05-06T16:09:33.321+0000] {processor.py:840} INFO - DAG(s) 'snowflake_connector3' retrieved from /opt/airflow/dags/latihan.py
[2024-05-06T16:09:33.340+0000] {logging_mixin.py:188} INFO - [2024-05-06T16:09:33.340+0000] {dag.py:3096} INFO - Sync 1 DAGs
[2024-05-06T16:09:33.353+0000] {logging_mixin.py:188} INFO - [2024-05-06T16:09:33.352+0000] {dag.py:3954} INFO - Setting next_dagrun for snowflake_connector3 to None, run_after=None
[2024-05-06T16:09:33.379+0000] {processor.py:183} INFO - Processing /opt/airflow/dags/latihan.py took 1.550 seconds
[2024-05-06T16:10:03.801+0000] {processor.py:161} INFO - Started process (PID=4876) to work on /opt/airflow/dags/latihan.py
[2024-05-06T16:10:03.802+0000] {processor.py:830} INFO - Processing file /opt/airflow/dags/latihan.py for tasks to queue
[2024-05-06T16:10:03.805+0000] {logging_mixin.py:188} INFO - [2024-05-06T16:10:03.804+0000] {dagbag.py:540} INFO - Filling up the DagBag from /opt/airflow/dags/latihan.py
[2024-05-06T16:10:05.216+0000] {processor.py:840} INFO - DAG(s) 'snowflake_connector3' retrieved from /opt/airflow/dags/latihan.py
[2024-05-06T16:10:05.234+0000] {logging_mixin.py:188} INFO - [2024-05-06T16:10:05.234+0000] {dag.py:3096} INFO - Sync 1 DAGs
[2024-05-06T16:10:05.250+0000] {logging_mixin.py:188} INFO - [2024-05-06T16:10:05.250+0000] {dag.py:3954} INFO - Setting next_dagrun for snowflake_connector3 to None, run_after=None
[2024-05-06T16:10:05.281+0000] {processor.py:183} INFO - Processing /opt/airflow/dags/latihan.py took 1.485 seconds
[2024-05-06T16:10:35.441+0000] {processor.py:161} INFO - Started process (PID=4946) to work on /opt/airflow/dags/latihan.py
[2024-05-06T16:10:35.442+0000] {processor.py:830} INFO - Processing file /opt/airflow/dags/latihan.py for tasks to queue
[2024-05-06T16:10:35.444+0000] {logging_mixin.py:188} INFO - [2024-05-06T16:10:35.444+0000] {dagbag.py:540} INFO - Filling up the DagBag from /opt/airflow/dags/latihan.py
[2024-05-06T16:10:36.773+0000] {processor.py:840} INFO - DAG(s) 'snowflake_connector3' retrieved from /opt/airflow/dags/latihan.py
[2024-05-06T16:10:36.789+0000] {logging_mixin.py:188} INFO - [2024-05-06T16:10:36.788+0000] {dag.py:3096} INFO - Sync 1 DAGs
[2024-05-06T16:10:36.800+0000] {logging_mixin.py:188} INFO - [2024-05-06T16:10:36.800+0000] {dag.py:3954} INFO - Setting next_dagrun for snowflake_connector3 to None, run_after=None
[2024-05-06T16:10:36.818+0000] {processor.py:183} INFO - Processing /opt/airflow/dags/latihan.py took 1.383 seconds
[2024-05-06T16:11:07.048+0000] {processor.py:161} INFO - Started process (PID=5021) to work on /opt/airflow/dags/latihan.py
[2024-05-06T16:11:07.049+0000] {processor.py:830} INFO - Processing file /opt/airflow/dags/latihan.py for tasks to queue
[2024-05-06T16:11:07.051+0000] {logging_mixin.py:188} INFO - [2024-05-06T16:11:07.050+0000] {dagbag.py:540} INFO - Filling up the DagBag from /opt/airflow/dags/latihan.py
[2024-05-06T16:11:09.195+0000] {processor.py:840} INFO - DAG(s) 'snowflake_connector3' retrieved from /opt/airflow/dags/latihan.py
[2024-05-06T16:11:09.216+0000] {logging_mixin.py:188} INFO - [2024-05-06T16:11:09.215+0000] {dag.py:3096} INFO - Sync 1 DAGs
[2024-05-06T16:11:09.231+0000] {logging_mixin.py:188} INFO - [2024-05-06T16:11:09.230+0000] {dag.py:3954} INFO - Setting next_dagrun for snowflake_connector3 to None, run_after=None
[2024-05-06T16:11:09.259+0000] {processor.py:183} INFO - Processing /opt/airflow/dags/latihan.py took 2.218 seconds
[2024-05-06T16:11:40.012+0000] {processor.py:161} INFO - Started process (PID=5096) to work on /opt/airflow/dags/latihan.py
[2024-05-06T16:11:40.013+0000] {processor.py:830} INFO - Processing file /opt/airflow/dags/latihan.py for tasks to queue
[2024-05-06T16:11:40.015+0000] {logging_mixin.py:188} INFO - [2024-05-06T16:11:40.015+0000] {dagbag.py:540} INFO - Filling up the DagBag from /opt/airflow/dags/latihan.py
[2024-05-06T16:11:41.258+0000] {processor.py:840} INFO - DAG(s) 'snowflake_connector3' retrieved from /opt/airflow/dags/latihan.py
[2024-05-06T16:11:41.275+0000] {logging_mixin.py:188} INFO - [2024-05-06T16:11:41.274+0000] {dag.py:3096} INFO - Sync 1 DAGs
[2024-05-06T16:11:41.287+0000] {logging_mixin.py:188} INFO - [2024-05-06T16:11:41.287+0000] {dag.py:3954} INFO - Setting next_dagrun for snowflake_connector3 to None, run_after=None
[2024-05-06T16:11:41.312+0000] {processor.py:183} INFO - Processing /opt/airflow/dags/latihan.py took 1.306 seconds
[2024-05-06T16:12:11.494+0000] {processor.py:161} INFO - Started process (PID=5163) to work on /opt/airflow/dags/latihan.py
[2024-05-06T16:12:11.495+0000] {processor.py:830} INFO - Processing file /opt/airflow/dags/latihan.py for tasks to queue
[2024-05-06T16:12:11.497+0000] {logging_mixin.py:188} INFO - [2024-05-06T16:12:11.497+0000] {dagbag.py:540} INFO - Filling up the DagBag from /opt/airflow/dags/latihan.py
[2024-05-06T16:12:12.771+0000] {processor.py:840} INFO - DAG(s) 'snowflake_connector3' retrieved from /opt/airflow/dags/latihan.py
[2024-05-06T16:12:12.789+0000] {logging_mixin.py:188} INFO - [2024-05-06T16:12:12.788+0000] {dag.py:3096} INFO - Sync 1 DAGs
[2024-05-06T16:12:12.801+0000] {logging_mixin.py:188} INFO - [2024-05-06T16:12:12.801+0000] {dag.py:3954} INFO - Setting next_dagrun for snowflake_connector3 to None, run_after=None
[2024-05-06T16:12:12.826+0000] {processor.py:183} INFO - Processing /opt/airflow/dags/latihan.py took 1.337 seconds
[2024-05-06T16:12:43.397+0000] {processor.py:161} INFO - Started process (PID=5230) to work on /opt/airflow/dags/latihan.py
[2024-05-06T16:12:43.398+0000] {processor.py:830} INFO - Processing file /opt/airflow/dags/latihan.py for tasks to queue
[2024-05-06T16:12:43.400+0000] {logging_mixin.py:188} INFO - [2024-05-06T16:12:43.400+0000] {dagbag.py:540} INFO - Filling up the DagBag from /opt/airflow/dags/latihan.py
[2024-05-06T16:12:44.578+0000] {processor.py:840} INFO - DAG(s) 'snowflake_connector3' retrieved from /opt/airflow/dags/latihan.py
[2024-05-06T16:12:44.592+0000] {logging_mixin.py:188} INFO - [2024-05-06T16:12:44.592+0000] {dag.py:3096} INFO - Sync 1 DAGs
[2024-05-06T16:12:44.604+0000] {logging_mixin.py:188} INFO - [2024-05-06T16:12:44.603+0000] {dag.py:3954} INFO - Setting next_dagrun for snowflake_connector3 to None, run_after=None
[2024-05-06T16:12:44.625+0000] {processor.py:183} INFO - Processing /opt/airflow/dags/latihan.py took 1.234 seconds
[2024-05-06T16:13:15.624+0000] {processor.py:161} INFO - Started process (PID=5299) to work on /opt/airflow/dags/latihan.py
[2024-05-06T16:13:15.625+0000] {processor.py:830} INFO - Processing file /opt/airflow/dags/latihan.py for tasks to queue
[2024-05-06T16:13:15.627+0000] {logging_mixin.py:188} INFO - [2024-05-06T16:13:15.627+0000] {dagbag.py:540} INFO - Filling up the DagBag from /opt/airflow/dags/latihan.py
[2024-05-06T16:13:17.093+0000] {processor.py:840} INFO - DAG(s) 'snowflake_connector3' retrieved from /opt/airflow/dags/latihan.py
[2024-05-06T16:13:17.146+0000] {logging_mixin.py:188} INFO - [2024-05-06T16:13:17.145+0000] {dag.py:3096} INFO - Sync 1 DAGs
[2024-05-06T16:13:17.185+0000] {logging_mixin.py:188} INFO - [2024-05-06T16:13:17.184+0000] {dag.py:3954} INFO - Setting next_dagrun for snowflake_connector3 to None, run_after=None
[2024-05-06T16:13:17.248+0000] {processor.py:183} INFO - Processing /opt/airflow/dags/latihan.py took 1.629 seconds
[2024-05-06T16:13:48.161+0000] {processor.py:161} INFO - Started process (PID=5374) to work on /opt/airflow/dags/latihan.py
[2024-05-06T16:13:48.162+0000] {processor.py:830} INFO - Processing file /opt/airflow/dags/latihan.py for tasks to queue
[2024-05-06T16:13:48.164+0000] {logging_mixin.py:188} INFO - [2024-05-06T16:13:48.163+0000] {dagbag.py:540} INFO - Filling up the DagBag from /opt/airflow/dags/latihan.py
[2024-05-06T16:13:49.435+0000] {processor.py:840} INFO - DAG(s) 'snowflake_connector3' retrieved from /opt/airflow/dags/latihan.py
[2024-05-06T16:13:49.452+0000] {logging_mixin.py:188} INFO - [2024-05-06T16:13:49.452+0000] {dag.py:3096} INFO - Sync 1 DAGs
[2024-05-06T16:13:49.464+0000] {logging_mixin.py:188} INFO - [2024-05-06T16:13:49.464+0000] {dag.py:3954} INFO - Setting next_dagrun for snowflake_connector3 to None, run_after=None
[2024-05-06T16:13:49.487+0000] {processor.py:183} INFO - Processing /opt/airflow/dags/latihan.py took 1.334 seconds
[2024-05-06T16:14:21.192+0000] {processor.py:161} INFO - Started process (PID=5432) to work on /opt/airflow/dags/latihan.py
[2024-05-06T16:14:21.194+0000] {processor.py:830} INFO - Processing file /opt/airflow/dags/latihan.py for tasks to queue
[2024-05-06T16:14:21.200+0000] {logging_mixin.py:188} INFO - [2024-05-06T16:14:21.199+0000] {dagbag.py:540} INFO - Filling up the DagBag from /opt/airflow/dags/latihan.py
[2024-05-06T16:14:23.998+0000] {processor.py:840} INFO - DAG(s) 'snowflake_connector3' retrieved from /opt/airflow/dags/latihan.py
[2024-05-06T16:14:24.021+0000] {logging_mixin.py:188} INFO - [2024-05-06T16:14:24.021+0000] {dag.py:3096} INFO - Sync 1 DAGs
[2024-05-06T16:14:24.036+0000] {logging_mixin.py:188} INFO - [2024-05-06T16:14:24.036+0000] {dag.py:3954} INFO - Setting next_dagrun for snowflake_connector3 to None, run_after=None
[2024-05-06T16:14:24.061+0000] {processor.py:183} INFO - Processing /opt/airflow/dags/latihan.py took 2.884 seconds
[2024-05-06T16:14:54.296+0000] {processor.py:161} INFO - Started process (PID=5511) to work on /opt/airflow/dags/latihan.py
[2024-05-06T16:14:54.298+0000] {processor.py:830} INFO - Processing file /opt/airflow/dags/latihan.py for tasks to queue
[2024-05-06T16:14:54.304+0000] {logging_mixin.py:188} INFO - [2024-05-06T16:14:54.303+0000] {dagbag.py:540} INFO - Filling up the DagBag from /opt/airflow/dags/latihan.py
[2024-05-06T16:14:57.323+0000] {processor.py:840} INFO - DAG(s) 'snowflake_connector3' retrieved from /opt/airflow/dags/latihan.py
[2024-05-06T16:14:57.347+0000] {logging_mixin.py:188} INFO - [2024-05-06T16:14:57.347+0000] {dag.py:3096} INFO - Sync 1 DAGs
[2024-05-06T16:14:57.364+0000] {logging_mixin.py:188} INFO - [2024-05-06T16:14:57.363+0000] {dag.py:3954} INFO - Setting next_dagrun for snowflake_connector3 to None, run_after=None
[2024-05-06T16:14:57.392+0000] {processor.py:183} INFO - Processing /opt/airflow/dags/latihan.py took 3.108 seconds
[2024-05-06T16:15:27.562+0000] {processor.py:161} INFO - Started process (PID=5586) to work on /opt/airflow/dags/latihan.py
[2024-05-06T16:15:27.563+0000] {processor.py:830} INFO - Processing file /opt/airflow/dags/latihan.py for tasks to queue
[2024-05-06T16:15:27.565+0000] {logging_mixin.py:188} INFO - [2024-05-06T16:15:27.565+0000] {dagbag.py:540} INFO - Filling up the DagBag from /opt/airflow/dags/latihan.py
[2024-05-06T16:15:29.322+0000] {processor.py:840} INFO - DAG(s) 'snowflake_connector3' retrieved from /opt/airflow/dags/latihan.py
[2024-05-06T16:15:29.343+0000] {logging_mixin.py:188} INFO - [2024-05-06T16:15:29.342+0000] {dag.py:3096} INFO - Sync 1 DAGs
[2024-05-06T16:15:29.357+0000] {logging_mixin.py:188} INFO - [2024-05-06T16:15:29.357+0000] {dag.py:3954} INFO - Setting next_dagrun for snowflake_connector3 to None, run_after=None
[2024-05-06T16:15:29.388+0000] {processor.py:183} INFO - Processing /opt/airflow/dags/latihan.py took 1.834 seconds
[2024-05-06T16:15:59.516+0000] {processor.py:161} INFO - Started process (PID=5653) to work on /opt/airflow/dags/latihan.py
[2024-05-06T16:15:59.517+0000] {processor.py:830} INFO - Processing file /opt/airflow/dags/latihan.py for tasks to queue
[2024-05-06T16:15:59.519+0000] {logging_mixin.py:188} INFO - [2024-05-06T16:15:59.519+0000] {dagbag.py:540} INFO - Filling up the DagBag from /opt/airflow/dags/latihan.py
[2024-05-06T16:16:00.881+0000] {processor.py:840} INFO - DAG(s) 'snowflake_connector3' retrieved from /opt/airflow/dags/latihan.py
[2024-05-06T16:16:00.902+0000] {logging_mixin.py:188} INFO - [2024-05-06T16:16:00.902+0000] {dag.py:3096} INFO - Sync 1 DAGs
[2024-05-06T16:16:00.917+0000] {logging_mixin.py:188} INFO - [2024-05-06T16:16:00.917+0000] {dag.py:3954} INFO - Setting next_dagrun for snowflake_connector3 to None, run_after=None
[2024-05-06T16:16:00.939+0000] {processor.py:183} INFO - Processing /opt/airflow/dags/latihan.py took 1.431 seconds
[2024-05-06T16:16:31.447+0000] {processor.py:161} INFO - Started process (PID=5720) to work on /opt/airflow/dags/latihan.py
[2024-05-06T16:16:31.449+0000] {processor.py:830} INFO - Processing file /opt/airflow/dags/latihan.py for tasks to queue
[2024-05-06T16:16:31.452+0000] {logging_mixin.py:188} INFO - [2024-05-06T16:16:31.451+0000] {dagbag.py:540} INFO - Filling up the DagBag from /opt/airflow/dags/latihan.py
[2024-05-06T16:16:32.665+0000] {processor.py:840} INFO - DAG(s) 'snowflake_connector3' retrieved from /opt/airflow/dags/latihan.py
[2024-05-06T16:16:32.682+0000] {logging_mixin.py:188} INFO - [2024-05-06T16:16:32.682+0000] {dag.py:3096} INFO - Sync 1 DAGs
[2024-05-06T16:16:32.694+0000] {logging_mixin.py:188} INFO - [2024-05-06T16:16:32.694+0000] {dag.py:3954} INFO - Setting next_dagrun for snowflake_connector3 to None, run_after=None
[2024-05-06T16:16:32.713+0000] {processor.py:183} INFO - Processing /opt/airflow/dags/latihan.py took 1.272 seconds
[2024-05-06T16:17:03.577+0000] {processor.py:161} INFO - Started process (PID=5789) to work on /opt/airflow/dags/latihan.py
[2024-05-06T16:17:03.578+0000] {processor.py:830} INFO - Processing file /opt/airflow/dags/latihan.py for tasks to queue
[2024-05-06T16:17:03.580+0000] {logging_mixin.py:188} INFO - [2024-05-06T16:17:03.580+0000] {dagbag.py:540} INFO - Filling up the DagBag from /opt/airflow/dags/latihan.py
[2024-05-06T16:17:04.895+0000] {processor.py:840} INFO - DAG(s) 'snowflake_connector3' retrieved from /opt/airflow/dags/latihan.py
[2024-05-06T16:17:04.913+0000] {logging_mixin.py:188} INFO - [2024-05-06T16:17:04.913+0000] {dag.py:3096} INFO - Sync 1 DAGs
[2024-05-06T16:17:04.925+0000] {logging_mixin.py:188} INFO - [2024-05-06T16:17:04.925+0000] {dag.py:3954} INFO - Setting next_dagrun for snowflake_connector3 to None, run_after=None
[2024-05-06T16:17:04.947+0000] {processor.py:183} INFO - Processing /opt/airflow/dags/latihan.py took 1.378 seconds
[2024-05-06T16:17:35.152+0000] {processor.py:161} INFO - Started process (PID=5856) to work on /opt/airflow/dags/latihan.py
[2024-05-06T16:17:35.153+0000] {processor.py:830} INFO - Processing file /opt/airflow/dags/latihan.py for tasks to queue
[2024-05-06T16:17:35.155+0000] {logging_mixin.py:188} INFO - [2024-05-06T16:17:35.155+0000] {dagbag.py:540} INFO - Filling up the DagBag from /opt/airflow/dags/latihan.py
[2024-05-06T16:17:36.370+0000] {processor.py:840} INFO - DAG(s) 'snowflake_connector3' retrieved from /opt/airflow/dags/latihan.py
[2024-05-06T16:17:36.387+0000] {logging_mixin.py:188} INFO - [2024-05-06T16:17:36.386+0000] {dag.py:3096} INFO - Sync 1 DAGs
[2024-05-06T16:17:36.398+0000] {logging_mixin.py:188} INFO - [2024-05-06T16:17:36.398+0000] {dag.py:3954} INFO - Setting next_dagrun for snowflake_connector3 to None, run_after=None
[2024-05-06T16:17:36.419+0000] {processor.py:183} INFO - Processing /opt/airflow/dags/latihan.py took 1.273 seconds
[2024-05-06T16:18:06.746+0000] {processor.py:161} INFO - Started process (PID=5923) to work on /opt/airflow/dags/latihan.py
[2024-05-06T16:18:06.747+0000] {processor.py:830} INFO - Processing file /opt/airflow/dags/latihan.py for tasks to queue
[2024-05-06T16:18:06.749+0000] {logging_mixin.py:188} INFO - [2024-05-06T16:18:06.748+0000] {dagbag.py:540} INFO - Filling up the DagBag from /opt/airflow/dags/latihan.py
[2024-05-06T16:18:08.037+0000] {processor.py:840} INFO - DAG(s) 'snowflake_connector3' retrieved from /opt/airflow/dags/latihan.py
[2024-05-06T16:18:08.054+0000] {logging_mixin.py:188} INFO - [2024-05-06T16:18:08.054+0000] {dag.py:3096} INFO - Sync 1 DAGs
[2024-05-06T16:18:08.065+0000] {logging_mixin.py:188} INFO - [2024-05-06T16:18:08.065+0000] {dag.py:3954} INFO - Setting next_dagrun for snowflake_connector3 to None, run_after=None
[2024-05-06T16:18:08.089+0000] {processor.py:183} INFO - Processing /opt/airflow/dags/latihan.py took 1.349 seconds
[2024-05-06T16:18:38.976+0000] {processor.py:161} INFO - Started process (PID=5994) to work on /opt/airflow/dags/latihan.py
[2024-05-06T16:18:38.977+0000] {processor.py:830} INFO - Processing file /opt/airflow/dags/latihan.py for tasks to queue
[2024-05-06T16:18:38.979+0000] {logging_mixin.py:188} INFO - [2024-05-06T16:18:38.978+0000] {dagbag.py:540} INFO - Filling up the DagBag from /opt/airflow/dags/latihan.py
[2024-05-06T16:18:40.243+0000] {processor.py:840} INFO - DAG(s) 'snowflake_connector3' retrieved from /opt/airflow/dags/latihan.py
[2024-05-06T16:18:40.259+0000] {logging_mixin.py:188} INFO - [2024-05-06T16:18:40.259+0000] {dag.py:3096} INFO - Sync 1 DAGs
[2024-05-06T16:18:40.271+0000] {logging_mixin.py:188} INFO - [2024-05-06T16:18:40.271+0000] {dag.py:3954} INFO - Setting next_dagrun for snowflake_connector3 to None, run_after=None
[2024-05-06T16:18:40.296+0000] {processor.py:183} INFO - Processing /opt/airflow/dags/latihan.py took 1.327 seconds
[2024-05-06T16:19:11.013+0000] {processor.py:161} INFO - Started process (PID=6068) to work on /opt/airflow/dags/latihan.py
[2024-05-06T16:19:11.014+0000] {processor.py:830} INFO - Processing file /opt/airflow/dags/latihan.py for tasks to queue
[2024-05-06T16:19:11.016+0000] {logging_mixin.py:188} INFO - [2024-05-06T16:19:11.016+0000] {dagbag.py:540} INFO - Filling up the DagBag from /opt/airflow/dags/latihan.py
[2024-05-06T16:19:12.409+0000] {processor.py:840} INFO - DAG(s) 'snowflake_connector3' retrieved from /opt/airflow/dags/latihan.py
[2024-05-06T16:19:12.426+0000] {logging_mixin.py:188} INFO - [2024-05-06T16:19:12.425+0000] {dag.py:3096} INFO - Sync 1 DAGs
[2024-05-06T16:19:12.438+0000] {logging_mixin.py:188} INFO - [2024-05-06T16:19:12.438+0000] {dag.py:3954} INFO - Setting next_dagrun for snowflake_connector3 to None, run_after=None
[2024-05-06T16:19:12.457+0000] {processor.py:183} INFO - Processing /opt/airflow/dags/latihan.py took 1.451 seconds
[2024-05-06T16:19:42.761+0000] {processor.py:161} INFO - Started process (PID=6139) to work on /opt/airflow/dags/latihan.py
[2024-05-06T16:19:42.762+0000] {processor.py:830} INFO - Processing file /opt/airflow/dags/latihan.py for tasks to queue
[2024-05-06T16:19:42.764+0000] {logging_mixin.py:188} INFO - [2024-05-06T16:19:42.764+0000] {dagbag.py:540} INFO - Filling up the DagBag from /opt/airflow/dags/latihan.py
[2024-05-06T16:19:44.072+0000] {processor.py:840} INFO - DAG(s) 'snowflake_connector3' retrieved from /opt/airflow/dags/latihan.py
[2024-05-06T16:19:44.090+0000] {logging_mixin.py:188} INFO - [2024-05-06T16:19:44.089+0000] {dag.py:3096} INFO - Sync 1 DAGs
[2024-05-06T16:19:44.103+0000] {logging_mixin.py:188} INFO - [2024-05-06T16:19:44.103+0000] {dag.py:3954} INFO - Setting next_dagrun for snowflake_connector3 to None, run_after=None
[2024-05-06T16:19:44.123+0000] {processor.py:183} INFO - Processing /opt/airflow/dags/latihan.py took 1.369 seconds
[2024-05-06T16:20:14.855+0000] {processor.py:161} INFO - Started process (PID=6206) to work on /opt/airflow/dags/latihan.py
[2024-05-06T16:20:14.857+0000] {processor.py:830} INFO - Processing file /opt/airflow/dags/latihan.py for tasks to queue
[2024-05-06T16:20:14.859+0000] {logging_mixin.py:188} INFO - [2024-05-06T16:20:14.858+0000] {dagbag.py:540} INFO - Filling up the DagBag from /opt/airflow/dags/latihan.py
[2024-05-06T16:20:16.079+0000] {processor.py:840} INFO - DAG(s) 'snowflake_connector3' retrieved from /opt/airflow/dags/latihan.py
[2024-05-06T16:20:16.095+0000] {logging_mixin.py:188} INFO - [2024-05-06T16:20:16.094+0000] {dag.py:3096} INFO - Sync 1 DAGs
[2024-05-06T16:20:16.106+0000] {logging_mixin.py:188} INFO - [2024-05-06T16:20:16.106+0000] {dag.py:3954} INFO - Setting next_dagrun for snowflake_connector3 to None, run_after=None
[2024-05-06T16:20:16.130+0000] {processor.py:183} INFO - Processing /opt/airflow/dags/latihan.py took 1.281 seconds
[2024-05-06T16:20:46.272+0000] {processor.py:161} INFO - Started process (PID=6278) to work on /opt/airflow/dags/latihan.py
[2024-05-06T16:20:46.274+0000] {processor.py:830} INFO - Processing file /opt/airflow/dags/latihan.py for tasks to queue
[2024-05-06T16:20:46.276+0000] {logging_mixin.py:188} INFO - [2024-05-06T16:20:46.275+0000] {dagbag.py:540} INFO - Filling up the DagBag from /opt/airflow/dags/latihan.py
[2024-05-06T16:20:47.753+0000] {processor.py:840} INFO - DAG(s) 'snowflake_connector3' retrieved from /opt/airflow/dags/latihan.py
[2024-05-06T16:20:47.771+0000] {logging_mixin.py:188} INFO - [2024-05-06T16:20:47.771+0000] {dag.py:3096} INFO - Sync 1 DAGs
[2024-05-06T16:20:47.784+0000] {logging_mixin.py:188} INFO - [2024-05-06T16:20:47.784+0000] {dag.py:3954} INFO - Setting next_dagrun for snowflake_connector3 to None, run_after=None
[2024-05-06T16:20:47.810+0000] {processor.py:183} INFO - Processing /opt/airflow/dags/latihan.py took 1.544 seconds
[2024-05-06T16:21:18.060+0000] {processor.py:161} INFO - Started process (PID=6344) to work on /opt/airflow/dags/latihan.py
[2024-05-06T16:21:18.061+0000] {processor.py:830} INFO - Processing file /opt/airflow/dags/latihan.py for tasks to queue
[2024-05-06T16:21:18.064+0000] {logging_mixin.py:188} INFO - [2024-05-06T16:21:18.063+0000] {dagbag.py:540} INFO - Filling up the DagBag from /opt/airflow/dags/latihan.py
[2024-05-06T16:21:21.411+0000] {processor.py:840} INFO - DAG(s) 'snowflake_connector3' retrieved from /opt/airflow/dags/latihan.py
[2024-05-06T16:21:21.436+0000] {logging_mixin.py:188} INFO - [2024-05-06T16:21:21.436+0000] {dag.py:3096} INFO - Sync 1 DAGs
[2024-05-06T16:21:21.455+0000] {logging_mixin.py:188} INFO - [2024-05-06T16:21:21.455+0000] {dag.py:3954} INFO - Setting next_dagrun for snowflake_connector3 to None, run_after=None
[2024-05-06T16:21:21.493+0000] {processor.py:183} INFO - Processing /opt/airflow/dags/latihan.py took 3.441 seconds
[2024-05-06T16:21:51.611+0000] {processor.py:161} INFO - Started process (PID=6418) to work on /opt/airflow/dags/latihan.py
[2024-05-06T16:21:51.616+0000] {processor.py:830} INFO - Processing file /opt/airflow/dags/latihan.py for tasks to queue
[2024-05-06T16:21:51.620+0000] {logging_mixin.py:188} INFO - [2024-05-06T16:21:51.620+0000] {dagbag.py:540} INFO - Filling up the DagBag from /opt/airflow/dags/latihan.py
[2024-05-06T16:21:53.220+0000] {processor.py:840} INFO - DAG(s) 'snowflake_connector3' retrieved from /opt/airflow/dags/latihan.py
[2024-05-06T16:21:53.238+0000] {logging_mixin.py:188} INFO - [2024-05-06T16:21:53.237+0000] {dag.py:3096} INFO - Sync 1 DAGs
[2024-05-06T16:21:53.252+0000] {logging_mixin.py:188} INFO - [2024-05-06T16:21:53.251+0000] {dag.py:3954} INFO - Setting next_dagrun for snowflake_connector3 to None, run_after=None
[2024-05-06T16:21:53.276+0000] {processor.py:183} INFO - Processing /opt/airflow/dags/latihan.py took 1.678 seconds
