[2024-05-07T08:21:40.439+0000] {local_task_job_runner.py:120} INFO - ::group::Pre task execution logs
[2024-05-07T08:21:40.467+0000] {taskinstance.py:2073} INFO - Dependencies all met for dep_context=non-requeueable deps ti=<TaskInstance: snowflake_crud_example.create_table manual__2024-05-07T08:21:37.378201+00:00 [queued]>
[2024-05-07T08:21:40.477+0000] {taskinstance.py:2073} INFO - Dependencies all met for dep_context=requeueable deps ti=<TaskInstance: snowflake_crud_example.create_table manual__2024-05-07T08:21:37.378201+00:00 [queued]>
[2024-05-07T08:21:40.478+0000] {taskinstance.py:2303} INFO - Starting attempt 1 of 1
[2024-05-07T08:21:41.578+0000] {taskinstance.py:2327} INFO - Executing <Task(SnowflakeOperator): create_table> on 2024-05-07 08:21:37.378201+00:00
[2024-05-07T08:21:41.585+0000] {warnings.py:110} WARNING - /home/***/.local/lib/python3.12/site-packages/***/task/task_runner/standard_task_runner.py:61: DeprecationWarning: This process (pid=950) is multi-threaded, use of fork() may lead to deadlocks in the child.
  pid = os.fork()

[2024-05-07T08:21:41.586+0000] {standard_task_runner.py:63} INFO - Started process 952 to run task
[2024-05-07T08:21:41.586+0000] {standard_task_runner.py:90} INFO - Running: ['***', 'tasks', 'run', 'snowflake_crud_example', 'create_table', 'manual__2024-05-07T08:21:37.378201+00:00', '--job-id', '182', '--raw', '--subdir', 'DAGS_FOLDER/crud_table.py', '--cfg-path', '/tmp/tmpevhn2j88']
[2024-05-07T08:21:41.587+0000] {standard_task_runner.py:91} INFO - Job 182: Subtask create_table
[2024-05-07T08:21:41.634+0000] {task_command.py:426} INFO - Running <TaskInstance: snowflake_crud_example.create_table manual__2024-05-07T08:21:37.378201+00:00 [running]> on host 3078ffe3180a
[2024-05-07T08:21:41.716+0000] {taskinstance.py:2644} INFO - Exporting env vars: AIRFLOW_CTX_DAG_OWNER='***' AIRFLOW_CTX_DAG_ID='snowflake_crud_example' AIRFLOW_CTX_TASK_ID='create_table' AIRFLOW_CTX_EXECUTION_DATE='2024-05-07T08:21:37.378201+00:00' AIRFLOW_CTX_TRY_NUMBER='1' AIRFLOW_CTX_DAG_RUN_ID='manual__2024-05-07T08:21:37.378201+00:00'
[2024-05-07T08:21:41.717+0000] {taskinstance.py:430} INFO - ::endgroup::
[2024-05-07T08:21:41.718+0000] {sql.py:276} INFO - Executing: 
 create or replace table dbt_snowflake.public.customer (
 cust_id int,
 first_name varchar(50),
 last_name varchar(50),
 email varchar(50),
 city varchar(50)
 );
[2024-05-07T08:21:41.728+0000] {base.py:84} INFO - Using connection ID 'snowflake_conn' for task execution.
[2024-05-07T08:21:41.738+0000] {base.py:84} INFO - Using connection ID 'snowflake_conn' for task execution.
[2024-05-07T08:21:41.739+0000] {connection.py:386} INFO - Snowflake Connector for Python Version: 3.7.1, Python Version: 3.12.2, Platform: Linux-5.15.146.1-microsoft-standard-WSL2-x86_64-with-glibc2.36
[2024-05-07T08:21:41.740+0000] {connection.py:1211} INFO - This connection is in OCSP Fail Open Mode. TLS Certificates would be checked for validity and revocation status. Any other Certificate Revocation related exceptions or OCSP Responder failures would be disregarded in favor of connectivity.
[2024-05-07T08:21:41.741+0000] {connection.py:1221} INFO - THIS CONNECTION IS IN INSECURE MODE. IT MEANS THE CERTIFICATE WILL BE VALIDATED BUT THE CERTIFICATE REVOCATION STATUS WILL NOT BE CHECKED.
[2024-05-07T08:21:41.999+0000] {ssl_wrap_socket.py:100} INFO - THIS CONNECTION IS IN INSECURE MODE. IT MEANS THE CERTIFICATE WILL BE VALIDATED BUT THE CERTIFICATE REVOCATION STATUS WILL NOT BE CHECKED.
[2024-05-07T08:21:42.517+0000] {cursor.py:1032} INFO - query: [ALTER SESSION SET autocommit=False]
[2024-05-07T08:21:42.926+0000] {cursor.py:1045} INFO - query execution done
[2024-05-07T08:21:42.929+0000] {cursor.py:1205} INFO - Number of results in first chunk: 1
[2024-05-07T08:21:42.930+0000] {sql.py:457} INFO - Running statement: create or replace table dbt_snowflake.public.customer (
 cust_id int,
 first_name varchar(50),
 last_name varchar(50),
 email varchar(50),
 city varchar(50)
 );, parameters: None
[2024-05-07T08:21:42.932+0000] {cursor.py:1032} INFO - query: [create or replace table dbt_snowflake.public.customer ( cust_id int, first_name ...]
[2024-05-07T08:21:43.442+0000] {cursor.py:1045} INFO - query execution done
[2024-05-07T08:21:43.446+0000] {cursor.py:1205} INFO - Number of results in first chunk: 1
[2024-05-07T08:21:43.450+0000] {sql.py:466} INFO - Rows affected: 1
[2024-05-07T08:21:43.454+0000] {warnings.py:110} WARNING - /home/***/.local/lib/python3.12/site-packages/***/providers/snowflake/hooks/snowflake.py:393: AirflowProviderDeprecationWarning: Call to deprecated method _make_common_data_structure. (The `_make_serializable` method is deprecated and support will be removed in a future version of the common.sql provider. Please update the DbApiHook's provider to a version based on common.sql >= 1.9.1.)
  result = self._make_common_data_structure(handler(cur))  # type: ignore[attr-defined]

[2024-05-07T08:21:43.457+0000] {snowflake.py:402} INFO - Rows affected: 1
[2024-05-07T08:21:43.458+0000] {snowflake.py:403} INFO - Snowflake query id: 01b42a35-0002-1380-0002-b462000c9146
[2024-05-07T08:21:43.460+0000] {cursor.py:1032} INFO - query: [COMMIT]
[2024-05-07T08:21:43.796+0000] {cursor.py:1045} INFO - query execution done
[2024-05-07T08:21:43.799+0000] {cursor.py:1205} INFO - Number of results in first chunk: 1
[2024-05-07T08:21:43.801+0000] {connection.py:734} INFO - closed
[2024-05-07T08:21:44.129+0000] {connection.py:740} INFO - No async queries seem to be running, deleting session
[2024-05-07T08:21:44.469+0000] {taskinstance.py:441} INFO - ::group::Post task execution logs
[2024-05-07T08:21:44.518+0000] {taskinstance.py:1205} INFO - Marking task as SUCCESS. dag_id=snowflake_crud_example, task_id=create_table, execution_date=20240507T082137, start_date=20240507T082140, end_date=20240507T082144
[2024-05-07T08:21:44.545+0000] {local_task_job_runner.py:240} INFO - Task exited with return code 0
[2024-05-07T08:21:44.556+0000] {warnings.py:110} WARNING - /home/***/.local/lib/python3.12/site-packages/***/models/baseoperator.py:1296: AirflowProviderDeprecationWarning: Call to deprecated class SnowflakeOperator. (This class is deprecated. Please use `***.providers.common.sql.operators.sql.SQLExecuteQueryOperator`. Also, you can provide `hook_params={'warehouse': <warehouse>, 'database': <database>, 'role': <role>, 'schema': <schema>, 'authenticator': <authenticator>,'session_parameters': <session_parameters>}`.)
  result = cls.__new__(cls)

[2024-05-07T08:21:44.573+0000] {taskinstance.py:3482} INFO - 1 downstream tasks scheduled from follow-on schedule check
[2024-05-07T08:21:44.576+0000] {local_task_job_runner.py:222} INFO - ::endgroup::
