[2024-05-12T06:27:25.446+0000] {processor.py:161} INFO - Started process (PID=42) to work on /opt/airflow/dags/create_table.py
[2024-05-12T06:27:25.449+0000] {processor.py:830} INFO - Processing file /opt/airflow/dags/create_table.py for tasks to queue
[2024-05-12T06:27:25.452+0000] {logging_mixin.py:188} INFO - [2024-05-12T06:27:25.451+0000] {dagbag.py:540} INFO - Filling up the DagBag from /opt/airflow/dags/create_table.py
[2024-05-12T06:27:27.003+0000] {processor.py:840} INFO - DAG(s) 'example' retrieved from /opt/airflow/dags/create_table.py
[2024-05-12T06:27:27.030+0000] {logging_mixin.py:188} INFO - [2024-05-12T06:27:27.029+0000] {dag.py:3096} INFO - Sync 1 DAGs
[2024-05-12T06:27:27.058+0000] {logging_mixin.py:188} INFO - [2024-05-12T06:27:27.058+0000] {dag.py:3954} INFO - Setting next_dagrun for example to None, run_after=None
[2024-05-12T06:27:27.083+0000] {processor.py:183} INFO - Processing /opt/airflow/dags/create_table.py took 1.652 seconds
[2024-05-12T06:41:02.221+0000] {processor.py:161} INFO - Started process (PID=41) to work on /opt/airflow/dags/create_table.py
[2024-05-12T06:41:02.233+0000] {processor.py:830} INFO - Processing file /opt/airflow/dags/create_table.py for tasks to queue
[2024-05-12T06:41:02.238+0000] {logging_mixin.py:188} INFO - [2024-05-12T06:41:02.237+0000] {dagbag.py:540} INFO - Filling up the DagBag from /opt/airflow/dags/create_table.py
[2024-05-12T06:42:13.958+0000] {processor.py:161} INFO - Started process (PID=42) to work on /opt/airflow/dags/create_table.py
[2024-05-12T06:42:13.960+0000] {processor.py:830} INFO - Processing file /opt/airflow/dags/create_table.py for tasks to queue
[2024-05-12T06:42:13.972+0000] {logging_mixin.py:188} INFO - [2024-05-12T06:42:13.971+0000] {dagbag.py:540} INFO - Filling up the DagBag from /opt/airflow/dags/create_table.py
[2024-05-12T06:42:17.684+0000] {processor.py:840} INFO - DAG(s) 'example' retrieved from /opt/airflow/dags/create_table.py
[2024-05-12T06:42:18.271+0000] {logging_mixin.py:188} INFO - [2024-05-12T06:42:18.268+0000] {dag.py:3096} INFO - Sync 1 DAGs
[2024-05-12T06:42:18.326+0000] {logging_mixin.py:188} INFO - [2024-05-12T06:42:18.325+0000] {dag.py:3954} INFO - Setting next_dagrun for example to None, run_after=None
[2024-05-12T06:42:18.373+0000] {processor.py:183} INFO - Processing /opt/airflow/dags/create_table.py took 4.445 seconds
[2024-05-12T06:55:00.482+0000] {processor.py:161} INFO - Started process (PID=42) to work on /opt/airflow/dags/create_table.py
[2024-05-12T06:55:00.509+0000] {processor.py:830} INFO - Processing file /opt/airflow/dags/create_table.py for tasks to queue
[2024-05-12T06:55:00.515+0000] {logging_mixin.py:188} INFO - [2024-05-12T06:55:00.514+0000] {dagbag.py:540} INFO - Filling up the DagBag from /opt/airflow/dags/create_table.py
[2024-05-12T07:07:50.354+0000] {processor.py:161} INFO - Started process (PID=41) to work on /opt/airflow/dags/create_table.py
[2024-05-12T07:07:50.357+0000] {processor.py:830} INFO - Processing file /opt/airflow/dags/create_table.py for tasks to queue
[2024-05-12T07:07:50.361+0000] {logging_mixin.py:188} INFO - [2024-05-12T07:07:50.360+0000] {dagbag.py:540} INFO - Filling up the DagBag from /opt/airflow/dags/create_table.py
[2024-05-12T07:30:01.709+0000] {processor.py:161} INFO - Started process (PID=48) to work on /opt/airflow/dags/create_table.py
[2024-05-12T07:30:01.742+0000] {processor.py:830} INFO - Processing file /opt/airflow/dags/create_table.py for tasks to queue
[2024-05-12T07:30:01.746+0000] {logging_mixin.py:188} INFO - [2024-05-12T07:30:01.746+0000] {dagbag.py:540} INFO - Filling up the DagBag from /opt/airflow/dags/create_table.py
[2024-05-12T07:30:04.464+0000] {processor.py:840} INFO - DAG(s) 'example' retrieved from /opt/airflow/dags/create_table.py
[2024-05-12T07:30:04.719+0000] {logging_mixin.py:188} INFO - [2024-05-12T07:30:04.718+0000] {dag.py:3096} INFO - Sync 1 DAGs
[2024-05-12T07:30:04.743+0000] {logging_mixin.py:188} INFO - [2024-05-12T07:30:04.743+0000] {dag.py:3954} INFO - Setting next_dagrun for example to None, run_after=None
[2024-05-12T07:30:04.800+0000] {processor.py:183} INFO - Processing /opt/airflow/dags/create_table.py took 3.106 seconds
[2024-05-12T07:30:35.257+0000] {processor.py:161} INFO - Started process (PID=118) to work on /opt/airflow/dags/create_table.py
[2024-05-12T07:30:35.260+0000] {processor.py:830} INFO - Processing file /opt/airflow/dags/create_table.py for tasks to queue
[2024-05-12T07:30:35.263+0000] {logging_mixin.py:188} INFO - [2024-05-12T07:30:35.262+0000] {dagbag.py:540} INFO - Filling up the DagBag from /opt/airflow/dags/create_table.py
[2024-05-12T07:30:36.667+0000] {processor.py:840} INFO - DAG(s) 'example' retrieved from /opt/airflow/dags/create_table.py
[2024-05-12T07:30:36.691+0000] {logging_mixin.py:188} INFO - [2024-05-12T07:30:36.690+0000] {dag.py:3096} INFO - Sync 1 DAGs
[2024-05-12T07:30:36.704+0000] {logging_mixin.py:188} INFO - [2024-05-12T07:30:36.704+0000] {dag.py:3954} INFO - Setting next_dagrun for example to None, run_after=None
[2024-05-12T07:30:36.728+0000] {processor.py:183} INFO - Processing /opt/airflow/dags/create_table.py took 1.494 seconds
[2024-05-12T07:31:07.171+0000] {processor.py:161} INFO - Started process (PID=189) to work on /opt/airflow/dags/create_table.py
[2024-05-12T07:31:07.172+0000] {processor.py:830} INFO - Processing file /opt/airflow/dags/create_table.py for tasks to queue
[2024-05-12T07:31:07.175+0000] {logging_mixin.py:188} INFO - [2024-05-12T07:31:07.175+0000] {dagbag.py:540} INFO - Filling up the DagBag from /opt/airflow/dags/create_table.py
[2024-05-12T07:31:08.166+0000] {processor.py:840} INFO - DAG(s) 'example' retrieved from /opt/airflow/dags/create_table.py
[2024-05-12T07:31:08.301+0000] {logging_mixin.py:188} INFO - [2024-05-12T07:31:08.301+0000] {dag.py:3096} INFO - Sync 1 DAGs
[2024-05-12T07:31:08.328+0000] {logging_mixin.py:188} INFO - [2024-05-12T07:31:08.327+0000] {dag.py:3954} INFO - Setting next_dagrun for example to None, run_after=None
[2024-05-12T07:31:08.366+0000] {processor.py:183} INFO - Processing /opt/airflow/dags/create_table.py took 1.201 seconds
[2024-05-12T07:31:39.624+0000] {processor.py:161} INFO - Started process (PID=254) to work on /opt/airflow/dags/create_table.py
[2024-05-12T07:31:39.625+0000] {processor.py:830} INFO - Processing file /opt/airflow/dags/create_table.py for tasks to queue
[2024-05-12T07:31:39.629+0000] {logging_mixin.py:188} INFO - [2024-05-12T07:31:39.628+0000] {dagbag.py:540} INFO - Filling up the DagBag from /opt/airflow/dags/create_table.py
[2024-05-12T07:31:41.242+0000] {processor.py:840} INFO - DAG(s) 'example' retrieved from /opt/airflow/dags/create_table.py
[2024-05-12T07:31:41.424+0000] {logging_mixin.py:188} INFO - [2024-05-12T07:31:41.423+0000] {dag.py:3096} INFO - Sync 1 DAGs
[2024-05-12T07:31:41.446+0000] {logging_mixin.py:188} INFO - [2024-05-12T07:31:41.445+0000] {dag.py:3954} INFO - Setting next_dagrun for example to None, run_after=None
[2024-05-12T07:31:41.479+0000] {processor.py:183} INFO - Processing /opt/airflow/dags/create_table.py took 1.866 seconds
[2024-05-12T07:32:12.437+0000] {processor.py:161} INFO - Started process (PID=326) to work on /opt/airflow/dags/create_table.py
[2024-05-12T07:32:12.438+0000] {processor.py:830} INFO - Processing file /opt/airflow/dags/create_table.py for tasks to queue
[2024-05-12T07:32:12.443+0000] {logging_mixin.py:188} INFO - [2024-05-12T07:32:12.442+0000] {dagbag.py:540} INFO - Filling up the DagBag from /opt/airflow/dags/create_table.py
[2024-05-12T07:32:13.415+0000] {processor.py:840} INFO - DAG(s) 'example' retrieved from /opt/airflow/dags/create_table.py
[2024-05-12T07:32:13.435+0000] {logging_mixin.py:188} INFO - [2024-05-12T07:32:13.435+0000] {dag.py:3096} INFO - Sync 1 DAGs
[2024-05-12T07:32:13.449+0000] {logging_mixin.py:188} INFO - [2024-05-12T07:32:13.449+0000] {dag.py:3954} INFO - Setting next_dagrun for example to None, run_after=None
[2024-05-12T07:32:13.473+0000] {processor.py:183} INFO - Processing /opt/airflow/dags/create_table.py took 1.048 seconds
[2024-05-12T07:32:44.449+0000] {processor.py:161} INFO - Started process (PID=393) to work on /opt/airflow/dags/create_table.py
[2024-05-12T07:32:44.451+0000] {processor.py:830} INFO - Processing file /opt/airflow/dags/create_table.py for tasks to queue
[2024-05-12T07:32:44.453+0000] {logging_mixin.py:188} INFO - [2024-05-12T07:32:44.453+0000] {dagbag.py:540} INFO - Filling up the DagBag from /opt/airflow/dags/create_table.py
[2024-05-12T07:32:45.564+0000] {processor.py:840} INFO - DAG(s) 'example' retrieved from /opt/airflow/dags/create_table.py
[2024-05-12T07:32:45.599+0000] {logging_mixin.py:188} INFO - [2024-05-12T07:32:45.598+0000] {dag.py:3096} INFO - Sync 1 DAGs
[2024-05-12T07:32:45.624+0000] {logging_mixin.py:188} INFO - [2024-05-12T07:32:45.623+0000] {dag.py:3954} INFO - Setting next_dagrun for example to None, run_after=None
[2024-05-12T07:32:45.672+0000] {processor.py:183} INFO - Processing /opt/airflow/dags/create_table.py took 1.231 seconds
[2024-05-12T07:33:16.740+0000] {processor.py:161} INFO - Started process (PID=460) to work on /opt/airflow/dags/create_table.py
[2024-05-12T07:33:16.747+0000] {processor.py:830} INFO - Processing file /opt/airflow/dags/create_table.py for tasks to queue
[2024-05-12T07:33:16.754+0000] {logging_mixin.py:188} INFO - [2024-05-12T07:33:16.753+0000] {dagbag.py:540} INFO - Filling up the DagBag from /opt/airflow/dags/create_table.py
[2024-05-12T07:33:19.611+0000] {processor.py:840} INFO - DAG(s) 'example' retrieved from /opt/airflow/dags/create_table.py
[2024-05-12T07:33:19.645+0000] {logging_mixin.py:188} INFO - [2024-05-12T07:33:19.644+0000] {dag.py:3096} INFO - Sync 1 DAGs
[2024-05-12T07:33:19.683+0000] {logging_mixin.py:188} INFO - [2024-05-12T07:33:19.683+0000] {dag.py:3954} INFO - Setting next_dagrun for example to None, run_after=None
[2024-05-12T07:33:19.740+0000] {processor.py:183} INFO - Processing /opt/airflow/dags/create_table.py took 3.022 seconds
[2024-05-12T07:33:49.872+0000] {processor.py:161} INFO - Started process (PID=531) to work on /opt/airflow/dags/create_table.py
[2024-05-12T07:33:49.873+0000] {processor.py:830} INFO - Processing file /opt/airflow/dags/create_table.py for tasks to queue
[2024-05-12T07:33:49.876+0000] {logging_mixin.py:188} INFO - [2024-05-12T07:33:49.875+0000] {dagbag.py:540} INFO - Filling up the DagBag from /opt/airflow/dags/create_table.py
[2024-05-12T07:33:51.077+0000] {processor.py:840} INFO - DAG(s) 'example' retrieved from /opt/airflow/dags/create_table.py
[2024-05-12T07:33:51.096+0000] {logging_mixin.py:188} INFO - [2024-05-12T07:33:51.095+0000] {dag.py:3096} INFO - Sync 1 DAGs
[2024-05-12T07:33:51.112+0000] {logging_mixin.py:188} INFO - [2024-05-12T07:33:51.112+0000] {dag.py:3954} INFO - Setting next_dagrun for example to None, run_after=None
[2024-05-12T07:33:51.141+0000] {processor.py:183} INFO - Processing /opt/airflow/dags/create_table.py took 1.280 seconds
[2024-05-12T07:34:21.755+0000] {processor.py:161} INFO - Started process (PID=600) to work on /opt/airflow/dags/create_table.py
[2024-05-12T07:34:21.757+0000] {processor.py:830} INFO - Processing file /opt/airflow/dags/create_table.py for tasks to queue
[2024-05-12T07:34:21.764+0000] {logging_mixin.py:188} INFO - [2024-05-12T07:34:21.763+0000] {dagbag.py:540} INFO - Filling up the DagBag from /opt/airflow/dags/create_table.py
[2024-05-12T07:34:23.152+0000] {processor.py:840} INFO - DAG(s) 'example' retrieved from /opt/airflow/dags/create_table.py
[2024-05-12T07:34:23.189+0000] {logging_mixin.py:188} INFO - [2024-05-12T07:34:23.188+0000] {dag.py:3096} INFO - Sync 1 DAGs
[2024-05-12T07:34:23.210+0000] {logging_mixin.py:188} INFO - [2024-05-12T07:34:23.210+0000] {dag.py:3954} INFO - Setting next_dagrun for example to None, run_after=None
[2024-05-12T07:34:23.251+0000] {processor.py:183} INFO - Processing /opt/airflow/dags/create_table.py took 1.505 seconds
[2024-05-12T07:34:53.400+0000] {processor.py:161} INFO - Started process (PID=670) to work on /opt/airflow/dags/create_table.py
[2024-05-12T07:34:53.401+0000] {processor.py:830} INFO - Processing file /opt/airflow/dags/create_table.py for tasks to queue
[2024-05-12T07:34:53.404+0000] {logging_mixin.py:188} INFO - [2024-05-12T07:34:53.404+0000] {dagbag.py:540} INFO - Filling up the DagBag from /opt/airflow/dags/create_table.py
[2024-05-12T07:34:54.208+0000] {processor.py:840} INFO - DAG(s) 'example' retrieved from /opt/airflow/dags/create_table.py
[2024-05-12T07:34:54.224+0000] {logging_mixin.py:188} INFO - [2024-05-12T07:34:54.223+0000] {dag.py:3096} INFO - Sync 1 DAGs
[2024-05-12T07:34:54.233+0000] {logging_mixin.py:188} INFO - [2024-05-12T07:34:54.233+0000] {dag.py:3954} INFO - Setting next_dagrun for example to None, run_after=None
[2024-05-12T07:34:54.253+0000] {processor.py:183} INFO - Processing /opt/airflow/dags/create_table.py took 0.859 seconds
[2024-05-12T07:35:24.453+0000] {processor.py:161} INFO - Started process (PID=743) to work on /opt/airflow/dags/create_table.py
[2024-05-12T07:35:24.454+0000] {processor.py:830} INFO - Processing file /opt/airflow/dags/create_table.py for tasks to queue
[2024-05-12T07:35:24.457+0000] {logging_mixin.py:188} INFO - [2024-05-12T07:35:24.456+0000] {dagbag.py:540} INFO - Filling up the DagBag from /opt/airflow/dags/create_table.py
[2024-05-12T07:35:25.542+0000] {processor.py:840} INFO - DAG(s) 'example' retrieved from /opt/airflow/dags/create_table.py
[2024-05-12T07:35:25.572+0000] {logging_mixin.py:188} INFO - [2024-05-12T07:35:25.572+0000] {dag.py:3096} INFO - Sync 1 DAGs
[2024-05-12T07:35:25.592+0000] {logging_mixin.py:188} INFO - [2024-05-12T07:35:25.592+0000] {dag.py:3954} INFO - Setting next_dagrun for example to None, run_after=None
[2024-05-12T07:35:25.641+0000] {processor.py:183} INFO - Processing /opt/airflow/dags/create_table.py took 1.198 seconds
[2024-05-12T07:35:56.178+0000] {processor.py:161} INFO - Started process (PID=812) to work on /opt/airflow/dags/create_table.py
[2024-05-12T07:35:56.179+0000] {processor.py:830} INFO - Processing file /opt/airflow/dags/create_table.py for tasks to queue
[2024-05-12T07:35:56.181+0000] {logging_mixin.py:188} INFO - [2024-05-12T07:35:56.181+0000] {dagbag.py:540} INFO - Filling up the DagBag from /opt/airflow/dags/create_table.py
[2024-05-12T07:35:57.027+0000] {processor.py:840} INFO - DAG(s) 'example' retrieved from /opt/airflow/dags/create_table.py
[2024-05-12T07:35:57.045+0000] {logging_mixin.py:188} INFO - [2024-05-12T07:35:57.045+0000] {dag.py:3096} INFO - Sync 1 DAGs
[2024-05-12T07:35:57.059+0000] {logging_mixin.py:188} INFO - [2024-05-12T07:35:57.058+0000] {dag.py:3954} INFO - Setting next_dagrun for example to None, run_after=None
[2024-05-12T07:35:57.088+0000] {processor.py:183} INFO - Processing /opt/airflow/dags/create_table.py took 0.916 seconds
[2024-05-12T07:36:27.194+0000] {processor.py:161} INFO - Started process (PID=883) to work on /opt/airflow/dags/create_table.py
[2024-05-12T07:36:27.196+0000] {processor.py:830} INFO - Processing file /opt/airflow/dags/create_table.py for tasks to queue
[2024-05-12T07:36:27.200+0000] {logging_mixin.py:188} INFO - [2024-05-12T07:36:27.199+0000] {dagbag.py:540} INFO - Filling up the DagBag from /opt/airflow/dags/create_table.py
[2024-05-12T07:36:29.112+0000] {processor.py:840} INFO - DAG(s) 'example' retrieved from /opt/airflow/dags/create_table.py
[2024-05-12T07:36:29.141+0000] {logging_mixin.py:188} INFO - [2024-05-12T07:36:29.140+0000] {dag.py:3096} INFO - Sync 1 DAGs
[2024-05-12T07:36:29.162+0000] {logging_mixin.py:188} INFO - [2024-05-12T07:36:29.162+0000] {dag.py:3954} INFO - Setting next_dagrun for example to None, run_after=None
[2024-05-12T07:36:29.193+0000] {processor.py:183} INFO - Processing /opt/airflow/dags/create_table.py took 2.008 seconds
[2024-05-12T07:36:59.743+0000] {processor.py:161} INFO - Started process (PID=952) to work on /opt/airflow/dags/create_table.py
[2024-05-12T07:36:59.744+0000] {processor.py:830} INFO - Processing file /opt/airflow/dags/create_table.py for tasks to queue
[2024-05-12T07:36:59.746+0000] {logging_mixin.py:188} INFO - [2024-05-12T07:36:59.745+0000] {dagbag.py:540} INFO - Filling up the DagBag from /opt/airflow/dags/create_table.py
[2024-05-12T07:37:01.659+0000] {processor.py:840} INFO - DAG(s) 'example' retrieved from /opt/airflow/dags/create_table.py
[2024-05-12T07:37:01.705+0000] {logging_mixin.py:188} INFO - [2024-05-12T07:37:01.704+0000] {dag.py:3096} INFO - Sync 1 DAGs
[2024-05-12T07:37:01.742+0000] {logging_mixin.py:188} INFO - [2024-05-12T07:37:01.741+0000] {dag.py:3954} INFO - Setting next_dagrun for example to None, run_after=None
[2024-05-12T07:37:01.797+0000] {processor.py:183} INFO - Processing /opt/airflow/dags/create_table.py took 2.061 seconds
