[2024-05-12T06:27:20.750+0000] {processor.py:161} INFO - Started process (PID=36) to work on /opt/airflow/dags/crud_table.py
[2024-05-12T06:27:20.752+0000] {processor.py:830} INFO - Processing file /opt/airflow/dags/crud_table.py for tasks to queue
[2024-05-12T06:27:20.756+0000] {logging_mixin.py:188} INFO - [2024-05-12T06:27:20.755+0000] {dagbag.py:540} INFO - Filling up the DagBag from /opt/airflow/dags/crud_table.py
[2024-05-12T06:27:25.067+0000] {processor.py:840} INFO - DAG(s) 'snowflake_crud_example' retrieved from /opt/airflow/dags/crud_table.py
[2024-05-12T06:27:25.191+0000] {logging_mixin.py:188} INFO - [2024-05-12T06:27:25.190+0000] {dag.py:3096} INFO - Sync 1 DAGs
[2024-05-12T06:27:25.225+0000] {logging_mixin.py:188} INFO - [2024-05-12T06:27:25.224+0000] {dag.py:3954} INFO - Setting next_dagrun for snowflake_crud_example to None, run_after=None
[2024-05-12T06:27:25.321+0000] {processor.py:183} INFO - Processing /opt/airflow/dags/crud_table.py took 4.583 seconds
[2024-05-12T06:27:55.716+0000] {processor.py:161} INFO - Started process (PID=103) to work on /opt/airflow/dags/crud_table.py
[2024-05-12T06:27:55.741+0000] {processor.py:830} INFO - Processing file /opt/airflow/dags/crud_table.py for tasks to queue
[2024-05-12T06:27:55.760+0000] {logging_mixin.py:188} INFO - [2024-05-12T06:27:55.759+0000] {dagbag.py:540} INFO - Filling up the DagBag from /opt/airflow/dags/crud_table.py
[2024-05-12T06:40:57.625+0000] {processor.py:161} INFO - Started process (PID=35) to work on /opt/airflow/dags/crud_table.py
[2024-05-12T06:40:57.627+0000] {processor.py:830} INFO - Processing file /opt/airflow/dags/crud_table.py for tasks to queue
[2024-05-12T06:40:57.630+0000] {logging_mixin.py:188} INFO - [2024-05-12T06:40:57.629+0000] {dagbag.py:540} INFO - Filling up the DagBag from /opt/airflow/dags/crud_table.py
[2024-05-12T06:41:01.009+0000] {processor.py:840} INFO - DAG(s) 'snowflake_crud_example' retrieved from /opt/airflow/dags/crud_table.py
[2024-05-12T06:41:01.945+0000] {logging_mixin.py:188} INFO - [2024-05-12T06:41:01.944+0000] {dag.py:3096} INFO - Sync 1 DAGs
[2024-05-12T06:41:02.013+0000] {logging_mixin.py:188} INFO - [2024-05-12T06:41:02.012+0000] {dag.py:3954} INFO - Setting next_dagrun for snowflake_crud_example to None, run_after=None
[2024-05-12T06:41:02.121+0000] {processor.py:183} INFO - Processing /opt/airflow/dags/crud_table.py took 4.507 seconds
[2024-05-12T06:42:09.143+0000] {processor.py:161} INFO - Started process (PID=36) to work on /opt/airflow/dags/crud_table.py
[2024-05-12T06:42:09.144+0000] {processor.py:830} INFO - Processing file /opt/airflow/dags/crud_table.py for tasks to queue
[2024-05-12T06:42:09.149+0000] {logging_mixin.py:188} INFO - [2024-05-12T06:42:09.149+0000] {dagbag.py:540} INFO - Filling up the DagBag from /opt/airflow/dags/crud_table.py
[2024-05-12T06:42:13.436+0000] {processor.py:840} INFO - DAG(s) 'snowflake_crud_example' retrieved from /opt/airflow/dags/crud_table.py
[2024-05-12T06:42:13.607+0000] {logging_mixin.py:188} INFO - [2024-05-12T06:42:13.606+0000] {dag.py:3096} INFO - Sync 1 DAGs
[2024-05-12T06:42:13.662+0000] {logging_mixin.py:188} INFO - [2024-05-12T06:42:13.661+0000] {dag.py:3954} INFO - Setting next_dagrun for snowflake_crud_example to None, run_after=None
[2024-05-12T06:42:13.756+0000] {processor.py:183} INFO - Processing /opt/airflow/dags/crud_table.py took 4.630 seconds
[2024-05-12T06:53:47.421+0000] {processor.py:161} INFO - Started process (PID=36) to work on /opt/airflow/dags/crud_table.py
[2024-05-12T06:53:47.423+0000] {processor.py:830} INFO - Processing file /opt/airflow/dags/crud_table.py for tasks to queue
[2024-05-12T06:53:47.430+0000] {logging_mixin.py:188} INFO - [2024-05-12T06:53:47.429+0000] {dagbag.py:540} INFO - Filling up the DagBag from /opt/airflow/dags/crud_table.py
[2024-05-12T06:54:55.297+0000] {processor.py:161} INFO - Started process (PID=36) to work on /opt/airflow/dags/crud_table.py
[2024-05-12T06:54:55.299+0000] {processor.py:830} INFO - Processing file /opt/airflow/dags/crud_table.py for tasks to queue
[2024-05-12T06:54:55.303+0000] {logging_mixin.py:188} INFO - [2024-05-12T06:54:55.302+0000] {dagbag.py:540} INFO - Filling up the DagBag from /opt/airflow/dags/crud_table.py
[2024-05-12T06:54:59.160+0000] {processor.py:840} INFO - DAG(s) 'snowflake_crud_example' retrieved from /opt/airflow/dags/crud_table.py
[2024-05-12T06:55:00.043+0000] {logging_mixin.py:188} INFO - [2024-05-12T06:55:00.042+0000] {dag.py:3096} INFO - Sync 1 DAGs
[2024-05-12T06:55:00.094+0000] {logging_mixin.py:188} INFO - [2024-05-12T06:55:00.094+0000] {dag.py:3954} INFO - Setting next_dagrun for snowflake_crud_example to None, run_after=None
[2024-05-12T06:55:00.221+0000] {processor.py:183} INFO - Processing /opt/airflow/dags/crud_table.py took 4.939 seconds
[2024-05-12T07:05:22.837+0000] {processor.py:161} INFO - Started process (PID=30) to work on /opt/airflow/dags/crud_table.py
[2024-05-12T07:05:22.839+0000] {processor.py:830} INFO - Processing file /opt/airflow/dags/crud_table.py for tasks to queue
[2024-05-12T07:05:22.844+0000] {logging_mixin.py:188} INFO - [2024-05-12T07:05:22.843+0000] {dagbag.py:540} INFO - Filling up the DagBag from /opt/airflow/dags/crud_table.py
[2024-05-12T07:06:35.041+0000] {processor.py:161} INFO - Started process (PID=35) to work on /opt/airflow/dags/crud_table.py
[2024-05-12T07:06:35.043+0000] {processor.py:830} INFO - Processing file /opt/airflow/dags/crud_table.py for tasks to queue
[2024-05-12T07:06:35.046+0000] {logging_mixin.py:188} INFO - [2024-05-12T07:06:35.046+0000] {dagbag.py:540} INFO - Filling up the DagBag from /opt/airflow/dags/crud_table.py
[2024-05-12T07:07:46.224+0000] {processor.py:161} INFO - Started process (PID=35) to work on /opt/airflow/dags/crud_table.py
[2024-05-12T07:07:46.226+0000] {processor.py:830} INFO - Processing file /opt/airflow/dags/crud_table.py for tasks to queue
[2024-05-12T07:07:46.231+0000] {logging_mixin.py:188} INFO - [2024-05-12T07:07:46.230+0000] {dagbag.py:540} INFO - Filling up the DagBag from /opt/airflow/dags/crud_table.py
[2024-05-12T07:07:50.040+0000] {processor.py:840} INFO - DAG(s) 'snowflake_crud_example' retrieved from /opt/airflow/dags/crud_table.py
[2024-05-12T07:07:50.151+0000] {logging_mixin.py:188} INFO - [2024-05-12T07:07:50.150+0000] {dag.py:3096} INFO - Sync 1 DAGs
[2024-05-12T07:07:50.185+0000] {logging_mixin.py:188} INFO - [2024-05-12T07:07:50.185+0000] {dag.py:3954} INFO - Setting next_dagrun for snowflake_crud_example to None, run_after=None
[2024-05-12T07:07:50.263+0000] {processor.py:183} INFO - Processing /opt/airflow/dags/crud_table.py took 4.055 seconds
[2024-05-12T07:12:12.943+0000] {processor.py:161} INFO - Started process (PID=34) to work on /opt/airflow/dags/crud_table.py
[2024-05-12T07:12:12.947+0000] {processor.py:830} INFO - Processing file /opt/airflow/dags/crud_table.py for tasks to queue
[2024-05-12T07:12:12.952+0000] {logging_mixin.py:188} INFO - [2024-05-12T07:12:12.951+0000] {dagbag.py:540} INFO - Filling up the DagBag from /opt/airflow/dags/crud_table.py
[2024-05-12T07:14:24.419+0000] {processor.py:161} INFO - Started process (PID=36) to work on /opt/airflow/dags/crud_table.py
[2024-05-12T07:14:24.423+0000] {processor.py:830} INFO - Processing file /opt/airflow/dags/crud_table.py for tasks to queue
[2024-05-12T07:14:24.430+0000] {logging_mixin.py:188} INFO - [2024-05-12T07:14:24.429+0000] {dagbag.py:540} INFO - Filling up the DagBag from /opt/airflow/dags/crud_table.py
[2024-05-12T07:29:52.753+0000] {processor.py:161} INFO - Started process (PID=42) to work on /opt/airflow/dags/crud_table.py
[2024-05-12T07:29:52.791+0000] {processor.py:830} INFO - Processing file /opt/airflow/dags/crud_table.py for tasks to queue
[2024-05-12T07:29:52.822+0000] {logging_mixin.py:188} INFO - [2024-05-12T07:29:52.819+0000] {dagbag.py:540} INFO - Filling up the DagBag from /opt/airflow/dags/crud_table.py
[2024-05-12T07:30:01.077+0000] {processor.py:840} INFO - DAG(s) 'snowflake_crud_example' retrieved from /opt/airflow/dags/crud_table.py
[2024-05-12T07:30:01.348+0000] {logging_mixin.py:188} INFO - [2024-05-12T07:30:01.347+0000] {dag.py:3096} INFO - Sync 1 DAGs
[2024-05-12T07:30:01.424+0000] {logging_mixin.py:188} INFO - [2024-05-12T07:30:01.423+0000] {dag.py:3954} INFO - Setting next_dagrun for snowflake_crud_example to None, run_after=None
[2024-05-12T07:30:01.539+0000] {processor.py:183} INFO - Processing /opt/airflow/dags/crud_table.py took 8.815 seconds
[2024-05-12T07:30:31.869+0000] {processor.py:161} INFO - Started process (PID=109) to work on /opt/airflow/dags/crud_table.py
[2024-05-12T07:30:31.871+0000] {processor.py:830} INFO - Processing file /opt/airflow/dags/crud_table.py for tasks to queue
[2024-05-12T07:30:31.873+0000] {logging_mixin.py:188} INFO - [2024-05-12T07:30:31.873+0000] {dagbag.py:540} INFO - Filling up the DagBag from /opt/airflow/dags/crud_table.py
[2024-05-12T07:30:32.898+0000] {processor.py:840} INFO - DAG(s) 'snowflake_crud_example' retrieved from /opt/airflow/dags/crud_table.py
[2024-05-12T07:30:32.915+0000] {logging_mixin.py:188} INFO - [2024-05-12T07:30:32.915+0000] {dag.py:3096} INFO - Sync 1 DAGs
[2024-05-12T07:30:32.927+0000] {logging_mixin.py:188} INFO - [2024-05-12T07:30:32.926+0000] {dag.py:3954} INFO - Setting next_dagrun for snowflake_crud_example to None, run_after=None
[2024-05-12T07:30:32.945+0000] {processor.py:183} INFO - Processing /opt/airflow/dags/crud_table.py took 1.084 seconds
[2024-05-12T07:31:03.917+0000] {processor.py:161} INFO - Started process (PID=176) to work on /opt/airflow/dags/crud_table.py
[2024-05-12T07:31:03.918+0000] {processor.py:830} INFO - Processing file /opt/airflow/dags/crud_table.py for tasks to queue
[2024-05-12T07:31:03.920+0000] {logging_mixin.py:188} INFO - [2024-05-12T07:31:03.920+0000] {dagbag.py:540} INFO - Filling up the DagBag from /opt/airflow/dags/crud_table.py
[2024-05-12T07:31:04.811+0000] {processor.py:840} INFO - DAG(s) 'snowflake_crud_example' retrieved from /opt/airflow/dags/crud_table.py
[2024-05-12T07:31:04.906+0000] {logging_mixin.py:188} INFO - [2024-05-12T07:31:04.905+0000] {dag.py:3096} INFO - Sync 1 DAGs
[2024-05-12T07:31:04.917+0000] {logging_mixin.py:188} INFO - [2024-05-12T07:31:04.917+0000] {dag.py:3954} INFO - Setting next_dagrun for snowflake_crud_example to None, run_after=None
[2024-05-12T07:31:04.943+0000] {processor.py:183} INFO - Processing /opt/airflow/dags/crud_table.py took 1.031 seconds
[2024-05-12T07:31:35.746+0000] {processor.py:161} INFO - Started process (PID=242) to work on /opt/airflow/dags/crud_table.py
[2024-05-12T07:31:35.749+0000] {processor.py:830} INFO - Processing file /opt/airflow/dags/crud_table.py for tasks to queue
[2024-05-12T07:31:35.758+0000] {logging_mixin.py:188} INFO - [2024-05-12T07:31:35.757+0000] {dagbag.py:540} INFO - Filling up the DagBag from /opt/airflow/dags/crud_table.py
[2024-05-12T07:31:38.388+0000] {processor.py:840} INFO - DAG(s) 'snowflake_crud_example' retrieved from /opt/airflow/dags/crud_table.py
[2024-05-12T07:31:38.611+0000] {logging_mixin.py:188} INFO - [2024-05-12T07:31:38.610+0000] {dag.py:3096} INFO - Sync 1 DAGs
[2024-05-12T07:31:38.634+0000] {logging_mixin.py:188} INFO - [2024-05-12T07:31:38.634+0000] {dag.py:3954} INFO - Setting next_dagrun for snowflake_crud_example to None, run_after=None
[2024-05-12T07:31:38.674+0000] {processor.py:183} INFO - Processing /opt/airflow/dags/crud_table.py took 2.948 seconds
[2024-05-12T07:32:09.036+0000] {processor.py:161} INFO - Started process (PID=312) to work on /opt/airflow/dags/crud_table.py
[2024-05-12T07:32:09.038+0000] {processor.py:830} INFO - Processing file /opt/airflow/dags/crud_table.py for tasks to queue
[2024-05-12T07:32:09.040+0000] {logging_mixin.py:188} INFO - [2024-05-12T07:32:09.040+0000] {dagbag.py:540} INFO - Filling up the DagBag from /opt/airflow/dags/crud_table.py
[2024-05-12T07:32:10.272+0000] {processor.py:840} INFO - DAG(s) 'snowflake_crud_example' retrieved from /opt/airflow/dags/crud_table.py
[2024-05-12T07:32:10.294+0000] {logging_mixin.py:188} INFO - [2024-05-12T07:32:10.293+0000] {dag.py:3096} INFO - Sync 1 DAGs
[2024-05-12T07:32:10.314+0000] {logging_mixin.py:188} INFO - [2024-05-12T07:32:10.314+0000] {dag.py:3954} INFO - Setting next_dagrun for snowflake_crud_example to None, run_after=None
[2024-05-12T07:32:10.342+0000] {processor.py:183} INFO - Processing /opt/airflow/dags/crud_table.py took 1.311 seconds
[2024-05-12T07:32:40.524+0000] {processor.py:161} INFO - Started process (PID=380) to work on /opt/airflow/dags/crud_table.py
[2024-05-12T07:32:40.525+0000] {processor.py:830} INFO - Processing file /opt/airflow/dags/crud_table.py for tasks to queue
[2024-05-12T07:32:40.528+0000] {logging_mixin.py:188} INFO - [2024-05-12T07:32:40.527+0000] {dagbag.py:540} INFO - Filling up the DagBag from /opt/airflow/dags/crud_table.py
[2024-05-12T07:32:41.826+0000] {processor.py:840} INFO - DAG(s) 'snowflake_crud_example' retrieved from /opt/airflow/dags/crud_table.py
[2024-05-12T07:32:41.849+0000] {logging_mixin.py:188} INFO - [2024-05-12T07:32:41.849+0000] {dag.py:3096} INFO - Sync 1 DAGs
[2024-05-12T07:32:41.868+0000] {logging_mixin.py:188} INFO - [2024-05-12T07:32:41.868+0000] {dag.py:3954} INFO - Setting next_dagrun for snowflake_crud_example to None, run_after=None
[2024-05-12T07:32:41.895+0000] {processor.py:183} INFO - Processing /opt/airflow/dags/crud_table.py took 1.380 seconds
[2024-05-12T07:33:12.734+0000] {processor.py:161} INFO - Started process (PID=450) to work on /opt/airflow/dags/crud_table.py
[2024-05-12T07:33:12.737+0000] {processor.py:830} INFO - Processing file /opt/airflow/dags/crud_table.py for tasks to queue
[2024-05-12T07:33:12.754+0000] {logging_mixin.py:188} INFO - [2024-05-12T07:33:12.753+0000] {dagbag.py:540} INFO - Filling up the DagBag from /opt/airflow/dags/crud_table.py
[2024-05-12T07:33:16.234+0000] {processor.py:840} INFO - DAG(s) 'snowflake_crud_example' retrieved from /opt/airflow/dags/crud_table.py
[2024-05-12T07:33:16.344+0000] {logging_mixin.py:188} INFO - [2024-05-12T07:33:16.339+0000] {dag.py:3096} INFO - Sync 1 DAGs
[2024-05-12T07:33:16.414+0000] {logging_mixin.py:188} INFO - [2024-05-12T07:33:16.414+0000] {dag.py:3954} INFO - Setting next_dagrun for snowflake_crud_example to None, run_after=None
[2024-05-12T07:33:16.522+0000] {processor.py:183} INFO - Processing /opt/airflow/dags/crud_table.py took 3.825 seconds
[2024-05-12T07:33:47.188+0000] {processor.py:161} INFO - Started process (PID=522) to work on /opt/airflow/dags/crud_table.py
[2024-05-12T07:33:47.189+0000] {processor.py:830} INFO - Processing file /opt/airflow/dags/crud_table.py for tasks to queue
[2024-05-12T07:33:47.192+0000] {logging_mixin.py:188} INFO - [2024-05-12T07:33:47.191+0000] {dagbag.py:540} INFO - Filling up the DagBag from /opt/airflow/dags/crud_table.py
[2024-05-12T07:33:48.706+0000] {processor.py:840} INFO - DAG(s) 'snowflake_crud_example' retrieved from /opt/airflow/dags/crud_table.py
[2024-05-12T07:33:48.738+0000] {logging_mixin.py:188} INFO - [2024-05-12T07:33:48.737+0000] {dag.py:3096} INFO - Sync 1 DAGs
[2024-05-12T07:33:48.760+0000] {logging_mixin.py:188} INFO - [2024-05-12T07:33:48.760+0000] {dag.py:3954} INFO - Setting next_dagrun for snowflake_crud_example to None, run_after=None
[2024-05-12T07:33:48.790+0000] {processor.py:183} INFO - Processing /opt/airflow/dags/crud_table.py took 1.612 seconds
[2024-05-12T07:34:19.477+0000] {processor.py:161} INFO - Started process (PID=595) to work on /opt/airflow/dags/crud_table.py
[2024-05-12T07:34:19.480+0000] {processor.py:830} INFO - Processing file /opt/airflow/dags/crud_table.py for tasks to queue
[2024-05-12T07:34:19.483+0000] {logging_mixin.py:188} INFO - [2024-05-12T07:34:19.482+0000] {dagbag.py:540} INFO - Filling up the DagBag from /opt/airflow/dags/crud_table.py
[2024-05-12T07:34:20.285+0000] {processor.py:840} INFO - DAG(s) 'snowflake_crud_example' retrieved from /opt/airflow/dags/crud_table.py
[2024-05-12T07:34:20.302+0000] {logging_mixin.py:188} INFO - [2024-05-12T07:34:20.302+0000] {dag.py:3096} INFO - Sync 1 DAGs
[2024-05-12T07:34:20.312+0000] {logging_mixin.py:188} INFO - [2024-05-12T07:34:20.311+0000] {dag.py:3954} INFO - Setting next_dagrun for snowflake_crud_example to None, run_after=None
[2024-05-12T07:34:20.335+0000] {processor.py:183} INFO - Processing /opt/airflow/dags/crud_table.py took 0.866 seconds
[2024-05-12T07:34:50.895+0000] {processor.py:161} INFO - Started process (PID=662) to work on /opt/airflow/dags/crud_table.py
[2024-05-12T07:34:50.896+0000] {processor.py:830} INFO - Processing file /opt/airflow/dags/crud_table.py for tasks to queue
[2024-05-12T07:34:50.898+0000] {logging_mixin.py:188} INFO - [2024-05-12T07:34:50.898+0000] {dagbag.py:540} INFO - Filling up the DagBag from /opt/airflow/dags/crud_table.py
[2024-05-12T07:34:51.661+0000] {processor.py:840} INFO - DAG(s) 'snowflake_crud_example' retrieved from /opt/airflow/dags/crud_table.py
[2024-05-12T07:34:51.677+0000] {logging_mixin.py:188} INFO - [2024-05-12T07:34:51.677+0000] {dag.py:3096} INFO - Sync 1 DAGs
[2024-05-12T07:34:51.687+0000] {logging_mixin.py:188} INFO - [2024-05-12T07:34:51.687+0000] {dag.py:3954} INFO - Setting next_dagrun for snowflake_crud_example to None, run_after=None
[2024-05-12T07:34:51.714+0000] {processor.py:183} INFO - Processing /opt/airflow/dags/crud_table.py took 0.825 seconds
[2024-05-12T07:35:22.489+0000] {processor.py:161} INFO - Started process (PID=731) to work on /opt/airflow/dags/crud_table.py
[2024-05-12T07:35:22.491+0000] {processor.py:830} INFO - Processing file /opt/airflow/dags/crud_table.py for tasks to queue
[2024-05-12T07:35:22.493+0000] {logging_mixin.py:188} INFO - [2024-05-12T07:35:22.493+0000] {dagbag.py:540} INFO - Filling up the DagBag from /opt/airflow/dags/crud_table.py
[2024-05-12T07:35:23.511+0000] {processor.py:840} INFO - DAG(s) 'snowflake_crud_example' retrieved from /opt/airflow/dags/crud_table.py
[2024-05-12T07:35:23.529+0000] {logging_mixin.py:188} INFO - [2024-05-12T07:35:23.529+0000] {dag.py:3096} INFO - Sync 1 DAGs
[2024-05-12T07:35:23.540+0000] {logging_mixin.py:188} INFO - [2024-05-12T07:35:23.540+0000] {dag.py:3954} INFO - Setting next_dagrun for snowflake_crud_example to None, run_after=None
[2024-05-12T07:35:23.569+0000] {processor.py:183} INFO - Processing /opt/airflow/dags/crud_table.py took 1.086 seconds
[2024-05-12T07:35:54.229+0000] {processor.py:161} INFO - Started process (PID=801) to work on /opt/airflow/dags/crud_table.py
[2024-05-12T07:35:54.230+0000] {processor.py:830} INFO - Processing file /opt/airflow/dags/crud_table.py for tasks to queue
[2024-05-12T07:35:54.232+0000] {logging_mixin.py:188} INFO - [2024-05-12T07:35:54.232+0000] {dagbag.py:540} INFO - Filling up the DagBag from /opt/airflow/dags/crud_table.py
[2024-05-12T07:35:54.996+0000] {processor.py:840} INFO - DAG(s) 'snowflake_crud_example' retrieved from /opt/airflow/dags/crud_table.py
[2024-05-12T07:35:55.011+0000] {logging_mixin.py:188} INFO - [2024-05-12T07:35:55.011+0000] {dag.py:3096} INFO - Sync 1 DAGs
[2024-05-12T07:35:55.022+0000] {logging_mixin.py:188} INFO - [2024-05-12T07:35:55.022+0000] {dag.py:3954} INFO - Setting next_dagrun for snowflake_crud_example to None, run_after=None
[2024-05-12T07:35:55.045+0000] {processor.py:183} INFO - Processing /opt/airflow/dags/crud_table.py took 0.821 seconds
[2024-05-12T07:36:25.279+0000] {processor.py:161} INFO - Started process (PID=874) to work on /opt/airflow/dags/crud_table.py
[2024-05-12T07:36:25.280+0000] {processor.py:830} INFO - Processing file /opt/airflow/dags/crud_table.py for tasks to queue
[2024-05-12T07:36:25.283+0000] {logging_mixin.py:188} INFO - [2024-05-12T07:36:25.282+0000] {dagbag.py:540} INFO - Filling up the DagBag from /opt/airflow/dags/crud_table.py
[2024-05-12T07:36:26.664+0000] {processor.py:840} INFO - DAG(s) 'snowflake_crud_example' retrieved from /opt/airflow/dags/crud_table.py
[2024-05-12T07:36:26.703+0000] {logging_mixin.py:188} INFO - [2024-05-12T07:36:26.702+0000] {dag.py:3096} INFO - Sync 1 DAGs
[2024-05-12T07:36:26.727+0000] {logging_mixin.py:188} INFO - [2024-05-12T07:36:26.726+0000] {dag.py:3954} INFO - Setting next_dagrun for snowflake_crud_example to None, run_after=None
[2024-05-12T07:36:26.762+0000] {processor.py:183} INFO - Processing /opt/airflow/dags/crud_table.py took 1.493 seconds
[2024-05-12T07:36:57.554+0000] {processor.py:161} INFO - Started process (PID=943) to work on /opt/airflow/dags/crud_table.py
[2024-05-12T07:36:57.555+0000] {processor.py:830} INFO - Processing file /opt/airflow/dags/crud_table.py for tasks to queue
[2024-05-12T07:36:57.557+0000] {logging_mixin.py:188} INFO - [2024-05-12T07:36:57.557+0000] {dagbag.py:540} INFO - Filling up the DagBag from /opt/airflow/dags/crud_table.py
[2024-05-12T07:36:58.372+0000] {processor.py:840} INFO - DAG(s) 'snowflake_crud_example' retrieved from /opt/airflow/dags/crud_table.py
[2024-05-12T07:36:58.389+0000] {logging_mixin.py:188} INFO - [2024-05-12T07:36:58.389+0000] {dag.py:3096} INFO - Sync 1 DAGs
[2024-05-12T07:36:58.400+0000] {logging_mixin.py:188} INFO - [2024-05-12T07:36:58.400+0000] {dag.py:3954} INFO - Setting next_dagrun for snowflake_crud_example to None, run_after=None
[2024-05-12T07:36:58.422+0000] {processor.py:183} INFO - Processing /opt/airflow/dags/crud_table.py took 0.873 seconds
