[2024-05-12T06:27:20.792+0000] {processor.py:161} INFO - Started process (PID=37) to work on /opt/airflow/dags/latihan.py
[2024-05-12T06:27:20.794+0000] {processor.py:830} INFO - Processing file /opt/airflow/dags/latihan.py for tasks to queue
[2024-05-12T06:27:20.797+0000] {logging_mixin.py:188} INFO - [2024-05-12T06:27:20.797+0000] {dagbag.py:540} INFO - Filling up the DagBag from /opt/airflow/dags/latihan.py
[2024-05-12T06:27:25.618+0000] {processor.py:840} INFO - DAG(s) 'snowflake_connector3' retrieved from /opt/airflow/dags/latihan.py
[2024-05-12T06:27:25.692+0000] {logging_mixin.py:188} INFO - [2024-05-12T06:27:25.691+0000] {dag.py:3096} INFO - Sync 1 DAGs
[2024-05-12T06:27:25.717+0000] {logging_mixin.py:188} INFO - [2024-05-12T06:27:25.716+0000] {dag.py:3954} INFO - Setting next_dagrun for snowflake_connector3 to None, run_after=None
[2024-05-12T06:27:25.762+0000] {processor.py:183} INFO - Processing /opt/airflow/dags/latihan.py took 4.980 seconds
[2024-05-12T06:27:56.294+0000] {processor.py:161} INFO - Started process (PID=104) to work on /opt/airflow/dags/latihan.py
[2024-05-12T06:27:56.296+0000] {processor.py:830} INFO - Processing file /opt/airflow/dags/latihan.py for tasks to queue
[2024-05-12T06:27:56.314+0000] {logging_mixin.py:188} INFO - [2024-05-12T06:27:56.313+0000] {dagbag.py:540} INFO - Filling up the DagBag from /opt/airflow/dags/latihan.py
[2024-05-12T06:40:57.648+0000] {processor.py:161} INFO - Started process (PID=36) to work on /opt/airflow/dags/latihan.py
[2024-05-12T06:40:57.650+0000] {processor.py:830} INFO - Processing file /opt/airflow/dags/latihan.py for tasks to queue
[2024-05-12T06:40:57.656+0000] {logging_mixin.py:188} INFO - [2024-05-12T06:40:57.655+0000] {dagbag.py:540} INFO - Filling up the DagBag from /opt/airflow/dags/latihan.py
[2024-05-12T06:41:01.858+0000] {processor.py:840} INFO - DAG(s) 'snowflake_connector3' retrieved from /opt/airflow/dags/latihan.py
[2024-05-12T06:41:02.267+0000] {logging_mixin.py:188} INFO - [2024-05-12T06:41:02.266+0000] {dag.py:3096} INFO - Sync 1 DAGs
[2024-05-12T06:41:02.293+0000] {logging_mixin.py:188} INFO - [2024-05-12T06:41:02.293+0000] {dag.py:3954} INFO - Setting next_dagrun for snowflake_connector3 to None, run_after=None
[2024-05-12T06:41:02.341+0000] {processor.py:183} INFO - Processing /opt/airflow/dags/latihan.py took 4.709 seconds
[2024-05-12T06:42:09.168+0000] {processor.py:161} INFO - Started process (PID=37) to work on /opt/airflow/dags/latihan.py
[2024-05-12T06:42:09.170+0000] {processor.py:830} INFO - Processing file /opt/airflow/dags/latihan.py for tasks to queue
[2024-05-12T06:42:09.176+0000] {logging_mixin.py:188} INFO - [2024-05-12T06:42:09.175+0000] {dagbag.py:540} INFO - Filling up the DagBag from /opt/airflow/dags/latihan.py
[2024-05-12T06:42:13.920+0000] {processor.py:840} INFO - DAG(s) 'snowflake_connector3' retrieved from /opt/airflow/dags/latihan.py
[2024-05-12T06:42:14.096+0000] {logging_mixin.py:188} INFO - [2024-05-12T06:42:14.095+0000] {dag.py:3096} INFO - Sync 1 DAGs
[2024-05-12T06:42:14.170+0000] {logging_mixin.py:188} INFO - [2024-05-12T06:42:14.170+0000] {dag.py:3954} INFO - Setting next_dagrun for snowflake_connector3 to None, run_after=None
[2024-05-12T06:42:14.276+0000] {processor.py:183} INFO - Processing /opt/airflow/dags/latihan.py took 5.122 seconds
[2024-05-12T06:53:47.469+0000] {processor.py:161} INFO - Started process (PID=37) to work on /opt/airflow/dags/latihan.py
[2024-05-12T06:53:47.471+0000] {processor.py:830} INFO - Processing file /opt/airflow/dags/latihan.py for tasks to queue
[2024-05-12T06:53:47.475+0000] {logging_mixin.py:188} INFO - [2024-05-12T06:53:47.475+0000] {dagbag.py:540} INFO - Filling up the DagBag from /opt/airflow/dags/latihan.py
[2024-05-12T06:54:55.311+0000] {processor.py:161} INFO - Started process (PID=37) to work on /opt/airflow/dags/latihan.py
[2024-05-12T06:54:55.313+0000] {processor.py:830} INFO - Processing file /opt/airflow/dags/latihan.py for tasks to queue
[2024-05-12T06:54:55.316+0000] {logging_mixin.py:188} INFO - [2024-05-12T06:54:55.316+0000] {dagbag.py:540} INFO - Filling up the DagBag from /opt/airflow/dags/latihan.py
[2024-05-12T06:54:59.940+0000] {processor.py:840} INFO - DAG(s) 'snowflake_connector3' retrieved from /opt/airflow/dags/latihan.py
[2024-05-12T06:55:00.482+0000] {logging_mixin.py:188} INFO - [2024-05-12T06:55:00.480+0000] {dag.py:3096} INFO - Sync 1 DAGs
[2024-05-12T06:55:00.518+0000] {logging_mixin.py:188} INFO - [2024-05-12T06:55:00.518+0000] {dag.py:3954} INFO - Setting next_dagrun for snowflake_connector3 to None, run_after=None
[2024-05-12T06:55:00.576+0000] {processor.py:183} INFO - Processing /opt/airflow/dags/latihan.py took 5.277 seconds
[2024-05-12T07:05:22.857+0000] {processor.py:161} INFO - Started process (PID=31) to work on /opt/airflow/dags/latihan.py
[2024-05-12T07:05:22.864+0000] {processor.py:830} INFO - Processing file /opt/airflow/dags/latihan.py for tasks to queue
[2024-05-12T07:05:22.870+0000] {logging_mixin.py:188} INFO - [2024-05-12T07:05:22.869+0000] {dagbag.py:540} INFO - Filling up the DagBag from /opt/airflow/dags/latihan.py
[2024-05-12T07:06:35.062+0000] {processor.py:161} INFO - Started process (PID=36) to work on /opt/airflow/dags/latihan.py
[2024-05-12T07:06:35.065+0000] {processor.py:830} INFO - Processing file /opt/airflow/dags/latihan.py for tasks to queue
[2024-05-12T07:06:35.069+0000] {logging_mixin.py:188} INFO - [2024-05-12T07:06:35.069+0000] {dagbag.py:540} INFO - Filling up the DagBag from /opt/airflow/dags/latihan.py
[2024-05-12T07:07:46.244+0000] {processor.py:161} INFO - Started process (PID=36) to work on /opt/airflow/dags/latihan.py
[2024-05-12T07:07:46.252+0000] {processor.py:830} INFO - Processing file /opt/airflow/dags/latihan.py for tasks to queue
[2024-05-12T07:07:46.256+0000] {logging_mixin.py:188} INFO - [2024-05-12T07:07:46.255+0000] {dagbag.py:540} INFO - Filling up the DagBag from /opt/airflow/dags/latihan.py
[2024-05-12T07:07:50.536+0000] {processor.py:840} INFO - DAG(s) 'snowflake_connector3' retrieved from /opt/airflow/dags/latihan.py
[2024-05-12T07:07:50.632+0000] {logging_mixin.py:188} INFO - [2024-05-12T07:07:50.629+0000] {dag.py:3096} INFO - Sync 1 DAGs
[2024-05-12T07:07:50.690+0000] {logging_mixin.py:188} INFO - [2024-05-12T07:07:50.689+0000] {dag.py:3954} INFO - Setting next_dagrun for snowflake_connector3 to None, run_after=None
[2024-05-12T07:07:50.740+0000] {processor.py:183} INFO - Processing /opt/airflow/dags/latihan.py took 4.510 seconds
[2024-05-12T07:12:12.998+0000] {processor.py:161} INFO - Started process (PID=35) to work on /opt/airflow/dags/latihan.py
[2024-05-12T07:12:13.004+0000] {processor.py:830} INFO - Processing file /opt/airflow/dags/latihan.py for tasks to queue
[2024-05-12T07:12:13.024+0000] {logging_mixin.py:188} INFO - [2024-05-12T07:12:13.023+0000] {dagbag.py:540} INFO - Filling up the DagBag from /opt/airflow/dags/latihan.py
[2024-05-12T07:14:24.469+0000] {processor.py:161} INFO - Started process (PID=37) to work on /opt/airflow/dags/latihan.py
[2024-05-12T07:14:24.475+0000] {processor.py:830} INFO - Processing file /opt/airflow/dags/latihan.py for tasks to queue
[2024-05-12T07:14:24.480+0000] {logging_mixin.py:188} INFO - [2024-05-12T07:14:24.479+0000] {dagbag.py:540} INFO - Filling up the DagBag from /opt/airflow/dags/latihan.py
[2024-05-12T07:29:52.825+0000] {processor.py:161} INFO - Started process (PID=43) to work on /opt/airflow/dags/latihan.py
[2024-05-12T07:29:52.832+0000] {processor.py:830} INFO - Processing file /opt/airflow/dags/latihan.py for tasks to queue
[2024-05-12T07:29:52.840+0000] {logging_mixin.py:188} INFO - [2024-05-12T07:29:52.840+0000] {dagbag.py:540} INFO - Filling up the DagBag from /opt/airflow/dags/latihan.py
[2024-05-12T07:30:01.556+0000] {processor.py:840} INFO - DAG(s) 'snowflake_connector3' retrieved from /opt/airflow/dags/latihan.py
[2024-05-12T07:30:01.649+0000] {logging_mixin.py:188} INFO - [2024-05-12T07:30:01.648+0000] {dag.py:3096} INFO - Sync 1 DAGs
[2024-05-12T07:30:01.683+0000] {logging_mixin.py:188} INFO - [2024-05-12T07:30:01.683+0000] {dag.py:3954} INFO - Setting next_dagrun for snowflake_connector3 to None, run_after=None
[2024-05-12T07:30:01.755+0000] {processor.py:183} INFO - Processing /opt/airflow/dags/latihan.py took 8.951 seconds
[2024-05-12T07:30:31.880+0000] {processor.py:161} INFO - Started process (PID=110) to work on /opt/airflow/dags/latihan.py
[2024-05-12T07:30:31.882+0000] {processor.py:830} INFO - Processing file /opt/airflow/dags/latihan.py for tasks to queue
[2024-05-12T07:30:31.885+0000] {logging_mixin.py:188} INFO - [2024-05-12T07:30:31.884+0000] {dagbag.py:540} INFO - Filling up the DagBag from /opt/airflow/dags/latihan.py
[2024-05-12T07:30:33.413+0000] {processor.py:840} INFO - DAG(s) 'snowflake_connector3' retrieved from /opt/airflow/dags/latihan.py
[2024-05-12T07:30:33.431+0000] {logging_mixin.py:188} INFO - [2024-05-12T07:30:33.430+0000] {dag.py:3096} INFO - Sync 1 DAGs
[2024-05-12T07:30:33.443+0000] {logging_mixin.py:188} INFO - [2024-05-12T07:30:33.442+0000] {dag.py:3954} INFO - Setting next_dagrun for snowflake_connector3 to None, run_after=None
[2024-05-12T07:30:33.463+0000] {processor.py:183} INFO - Processing /opt/airflow/dags/latihan.py took 1.593 seconds
[2024-05-12T07:31:03.924+0000] {processor.py:161} INFO - Started process (PID=177) to work on /opt/airflow/dags/latihan.py
[2024-05-12T07:31:03.925+0000] {processor.py:830} INFO - Processing file /opt/airflow/dags/latihan.py for tasks to queue
[2024-05-12T07:31:03.926+0000] {logging_mixin.py:188} INFO - [2024-05-12T07:31:03.926+0000] {dagbag.py:540} INFO - Filling up the DagBag from /opt/airflow/dags/latihan.py
[2024-05-12T07:31:05.456+0000] {processor.py:840} INFO - DAG(s) 'snowflake_connector3' retrieved from /opt/airflow/dags/latihan.py
[2024-05-12T07:31:05.625+0000] {logging_mixin.py:188} INFO - [2024-05-12T07:31:05.624+0000] {dag.py:3096} INFO - Sync 1 DAGs
[2024-05-12T07:31:05.642+0000] {logging_mixin.py:188} INFO - [2024-05-12T07:31:05.642+0000] {dag.py:3954} INFO - Setting next_dagrun for snowflake_connector3 to None, run_after=None
[2024-05-12T07:31:05.676+0000] {processor.py:183} INFO - Processing /opt/airflow/dags/latihan.py took 1.758 seconds
[2024-05-12T07:31:36.573+0000] {processor.py:161} INFO - Started process (PID=247) to work on /opt/airflow/dags/latihan.py
[2024-05-12T07:31:36.575+0000] {processor.py:830} INFO - Processing file /opt/airflow/dags/latihan.py for tasks to queue
[2024-05-12T07:31:36.583+0000] {logging_mixin.py:188} INFO - [2024-05-12T07:31:36.579+0000] {dagbag.py:540} INFO - Filling up the DagBag from /opt/airflow/dags/latihan.py
[2024-05-12T07:31:40.151+0000] {processor.py:840} INFO - DAG(s) 'snowflake_connector3' retrieved from /opt/airflow/dags/latihan.py
[2024-05-12T07:31:40.308+0000] {logging_mixin.py:188} INFO - [2024-05-12T07:31:40.308+0000] {dag.py:3096} INFO - Sync 1 DAGs
[2024-05-12T07:31:40.324+0000] {logging_mixin.py:188} INFO - [2024-05-12T07:31:40.324+0000] {dag.py:3954} INFO - Setting next_dagrun for snowflake_connector3 to None, run_after=None
[2024-05-12T07:31:40.359+0000] {processor.py:183} INFO - Processing /opt/airflow/dags/latihan.py took 3.808 seconds
[2024-05-12T07:32:10.485+0000] {processor.py:161} INFO - Started process (PID=319) to work on /opt/airflow/dags/latihan.py
[2024-05-12T07:32:10.487+0000] {processor.py:830} INFO - Processing file /opt/airflow/dags/latihan.py for tasks to queue
[2024-05-12T07:32:10.490+0000] {logging_mixin.py:188} INFO - [2024-05-12T07:32:10.489+0000] {dagbag.py:540} INFO - Filling up the DagBag from /opt/airflow/dags/latihan.py
[2024-05-12T07:32:12.303+0000] {processor.py:840} INFO - DAG(s) 'snowflake_connector3' retrieved from /opt/airflow/dags/latihan.py
[2024-05-12T07:32:12.330+0000] {logging_mixin.py:188} INFO - [2024-05-12T07:32:12.329+0000] {dag.py:3096} INFO - Sync 1 DAGs
[2024-05-12T07:32:12.351+0000] {logging_mixin.py:188} INFO - [2024-05-12T07:32:12.351+0000] {dag.py:3954} INFO - Setting next_dagrun for snowflake_connector3 to None, run_after=None
[2024-05-12T07:32:12.378+0000] {processor.py:183} INFO - Processing /opt/airflow/dags/latihan.py took 1.902 seconds
[2024-05-12T07:32:43.093+0000] {processor.py:161} INFO - Started process (PID=388) to work on /opt/airflow/dags/latihan.py
[2024-05-12T07:32:43.094+0000] {processor.py:830} INFO - Processing file /opt/airflow/dags/latihan.py for tasks to queue
[2024-05-12T07:32:43.096+0000] {logging_mixin.py:188} INFO - [2024-05-12T07:32:43.096+0000] {dagbag.py:540} INFO - Filling up the DagBag from /opt/airflow/dags/latihan.py
[2024-05-12T07:32:44.883+0000] {processor.py:840} INFO - DAG(s) 'snowflake_connector3' retrieved from /opt/airflow/dags/latihan.py
[2024-05-12T07:32:44.903+0000] {logging_mixin.py:188} INFO - [2024-05-12T07:32:44.903+0000] {dag.py:3096} INFO - Sync 1 DAGs
[2024-05-12T07:32:44.917+0000] {logging_mixin.py:188} INFO - [2024-05-12T07:32:44.917+0000] {dag.py:3954} INFO - Setting next_dagrun for snowflake_connector3 to None, run_after=None
[2024-05-12T07:32:44.944+0000] {processor.py:183} INFO - Processing /opt/airflow/dags/latihan.py took 1.859 seconds
[2024-05-12T07:33:15.201+0000] {processor.py:161} INFO - Started process (PID=457) to work on /opt/airflow/dags/latihan.py
[2024-05-12T07:33:15.209+0000] {processor.py:830} INFO - Processing file /opt/airflow/dags/latihan.py for tasks to queue
[2024-05-12T07:33:15.213+0000] {logging_mixin.py:188} INFO - [2024-05-12T07:33:15.213+0000] {dagbag.py:540} INFO - Filling up the DagBag from /opt/airflow/dags/latihan.py
[2024-05-12T07:33:20.199+0000] {processor.py:840} INFO - DAG(s) 'snowflake_connector3' retrieved from /opt/airflow/dags/latihan.py
[2024-05-12T07:33:20.238+0000] {logging_mixin.py:188} INFO - [2024-05-12T07:33:20.237+0000] {dag.py:3096} INFO - Sync 1 DAGs
[2024-05-12T07:33:20.268+0000] {logging_mixin.py:188} INFO - [2024-05-12T07:33:20.267+0000] {dag.py:3954} INFO - Setting next_dagrun for snowflake_connector3 to None, run_after=None
[2024-05-12T07:33:20.313+0000] {processor.py:183} INFO - Processing /opt/airflow/dags/latihan.py took 5.137 seconds
[2024-05-12T07:33:50.678+0000] {processor.py:161} INFO - Started process (PID=535) to work on /opt/airflow/dags/latihan.py
[2024-05-12T07:33:50.680+0000] {processor.py:830} INFO - Processing file /opt/airflow/dags/latihan.py for tasks to queue
[2024-05-12T07:33:50.684+0000] {logging_mixin.py:188} INFO - [2024-05-12T07:33:50.683+0000] {dagbag.py:540} INFO - Filling up the DagBag from /opt/airflow/dags/latihan.py
[2024-05-12T07:33:53.287+0000] {processor.py:840} INFO - DAG(s) 'snowflake_connector3' retrieved from /opt/airflow/dags/latihan.py
[2024-05-12T07:33:53.317+0000] {logging_mixin.py:188} INFO - [2024-05-12T07:33:53.316+0000] {dag.py:3096} INFO - Sync 1 DAGs
[2024-05-12T07:33:53.342+0000] {logging_mixin.py:188} INFO - [2024-05-12T07:33:53.342+0000] {dag.py:3954} INFO - Setting next_dagrun for snowflake_connector3 to None, run_after=None
[2024-05-12T07:33:53.371+0000] {processor.py:183} INFO - Processing /opt/airflow/dags/latihan.py took 2.702 seconds
[2024-05-12T07:34:23.688+0000] {processor.py:161} INFO - Started process (PID=612) to work on /opt/airflow/dags/latihan.py
[2024-05-12T07:34:23.690+0000] {processor.py:830} INFO - Processing file /opt/airflow/dags/latihan.py for tasks to queue
[2024-05-12T07:34:23.692+0000] {logging_mixin.py:188} INFO - [2024-05-12T07:34:23.692+0000] {dagbag.py:540} INFO - Filling up the DagBag from /opt/airflow/dags/latihan.py
[2024-05-12T07:34:26.950+0000] {processor.py:840} INFO - DAG(s) 'snowflake_connector3' retrieved from /opt/airflow/dags/latihan.py
[2024-05-12T07:34:26.992+0000] {logging_mixin.py:188} INFO - [2024-05-12T07:34:26.991+0000] {dag.py:3096} INFO - Sync 1 DAGs
[2024-05-12T07:34:27.020+0000] {logging_mixin.py:188} INFO - [2024-05-12T07:34:27.019+0000] {dag.py:3954} INFO - Setting next_dagrun for snowflake_connector3 to None, run_after=None
[2024-05-12T07:34:27.099+0000] {processor.py:183} INFO - Processing /opt/airflow/dags/latihan.py took 3.427 seconds
[2024-05-12T07:34:57.292+0000] {processor.py:161} INFO - Started process (PID=689) to work on /opt/airflow/dags/latihan.py
[2024-05-12T07:34:57.293+0000] {processor.py:830} INFO - Processing file /opt/airflow/dags/latihan.py for tasks to queue
[2024-05-12T07:34:57.296+0000] {logging_mixin.py:188} INFO - [2024-05-12T07:34:57.296+0000] {dagbag.py:540} INFO - Filling up the DagBag from /opt/airflow/dags/latihan.py
[2024-05-12T07:34:59.063+0000] {processor.py:840} INFO - DAG(s) 'snowflake_connector3' retrieved from /opt/airflow/dags/latihan.py
[2024-05-12T07:34:59.088+0000] {logging_mixin.py:188} INFO - [2024-05-12T07:34:59.088+0000] {dag.py:3096} INFO - Sync 1 DAGs
[2024-05-12T07:34:59.105+0000] {logging_mixin.py:188} INFO - [2024-05-12T07:34:59.105+0000] {dag.py:3954} INFO - Setting next_dagrun for snowflake_connector3 to None, run_after=None
[2024-05-12T07:34:59.136+0000] {processor.py:183} INFO - Processing /opt/airflow/dags/latihan.py took 1.849 seconds
[2024-05-12T07:35:29.475+0000] {processor.py:161} INFO - Started process (PID=761) to work on /opt/airflow/dags/latihan.py
[2024-05-12T07:35:29.477+0000] {processor.py:830} INFO - Processing file /opt/airflow/dags/latihan.py for tasks to queue
[2024-05-12T07:35:29.479+0000] {logging_mixin.py:188} INFO - [2024-05-12T07:35:29.478+0000] {dagbag.py:540} INFO - Filling up the DagBag from /opt/airflow/dags/latihan.py
[2024-05-12T07:35:31.882+0000] {processor.py:840} INFO - DAG(s) 'snowflake_connector3' retrieved from /opt/airflow/dags/latihan.py
[2024-05-12T07:35:31.904+0000] {logging_mixin.py:188} INFO - [2024-05-12T07:35:31.903+0000] {dag.py:3096} INFO - Sync 1 DAGs
[2024-05-12T07:35:31.921+0000] {logging_mixin.py:188} INFO - [2024-05-12T07:35:31.921+0000] {dag.py:3954} INFO - Setting next_dagrun for snowflake_connector3 to None, run_after=None
[2024-05-12T07:35:31.949+0000] {processor.py:183} INFO - Processing /opt/airflow/dags/latihan.py took 2.482 seconds
[2024-05-12T07:36:02.408+0000] {processor.py:161} INFO - Started process (PID=839) to work on /opt/airflow/dags/latihan.py
[2024-05-12T07:36:02.408+0000] {processor.py:830} INFO - Processing file /opt/airflow/dags/latihan.py for tasks to queue
[2024-05-12T07:36:02.410+0000] {logging_mixin.py:188} INFO - [2024-05-12T07:36:02.410+0000] {dagbag.py:540} INFO - Filling up the DagBag from /opt/airflow/dags/latihan.py
[2024-05-12T07:36:04.274+0000] {processor.py:840} INFO - DAG(s) 'snowflake_connector3' retrieved from /opt/airflow/dags/latihan.py
[2024-05-12T07:36:04.295+0000] {logging_mixin.py:188} INFO - [2024-05-12T07:36:04.294+0000] {dag.py:3096} INFO - Sync 1 DAGs
[2024-05-12T07:36:04.311+0000] {logging_mixin.py:188} INFO - [2024-05-12T07:36:04.311+0000] {dag.py:3954} INFO - Setting next_dagrun for snowflake_connector3 to None, run_after=None
[2024-05-12T07:36:04.338+0000] {processor.py:183} INFO - Processing /opt/airflow/dags/latihan.py took 1.936 seconds
[2024-05-12T07:36:35.096+0000] {processor.py:161} INFO - Started process (PID=907) to work on /opt/airflow/dags/latihan.py
[2024-05-12T07:36:35.097+0000] {processor.py:830} INFO - Processing file /opt/airflow/dags/latihan.py for tasks to queue
[2024-05-12T07:36:35.099+0000] {logging_mixin.py:188} INFO - [2024-05-12T07:36:35.099+0000] {dagbag.py:540} INFO - Filling up the DagBag from /opt/airflow/dags/latihan.py
[2024-05-12T07:36:36.672+0000] {processor.py:840} INFO - DAG(s) 'snowflake_connector3' retrieved from /opt/airflow/dags/latihan.py
[2024-05-12T07:36:36.692+0000] {logging_mixin.py:188} INFO - [2024-05-12T07:36:36.692+0000] {dag.py:3096} INFO - Sync 1 DAGs
[2024-05-12T07:36:36.706+0000] {logging_mixin.py:188} INFO - [2024-05-12T07:36:36.705+0000] {dag.py:3954} INFO - Setting next_dagrun for snowflake_connector3 to None, run_after=None
[2024-05-12T07:36:36.730+0000] {processor.py:183} INFO - Processing /opt/airflow/dags/latihan.py took 1.640 seconds
