[2024-05-07T07:38:14.415+0000] {local_task_job_runner.py:120} INFO - ::group::Pre task execution logs
[2024-05-07T07:38:14.439+0000] {taskinstance.py:2073} INFO - Dependencies all met for dep_context=non-requeueable deps ti=<TaskInstance: snowflake_connector3.snowfalke_task1 manual__2024-05-07T07:38:11.093844+00:00 [queued]>
[2024-05-07T07:38:14.449+0000] {taskinstance.py:2073} INFO - Dependencies all met for dep_context=requeueable deps ti=<TaskInstance: snowflake_connector3.snowfalke_task1 manual__2024-05-07T07:38:11.093844+00:00 [queued]>
[2024-05-07T07:38:14.449+0000] {taskinstance.py:2303} INFO - Starting attempt 1 of 1
[2024-05-07T07:38:14.470+0000] {taskinstance.py:2327} INFO - Executing <Task(SnowflakeOperator): snowfalke_task1> on 2024-05-07 07:38:11.093844+00:00
[2024-05-07T07:38:14.476+0000] {warnings.py:110} WARNING - /home/***/.local/lib/python3.12/site-packages/***/task/task_runner/standard_task_runner.py:61: DeprecationWarning: This process (pid=391) is multi-threaded, use of fork() may lead to deadlocks in the child.
  pid = os.fork()

[2024-05-07T07:38:14.478+0000] {standard_task_runner.py:63} INFO - Started process 393 to run task
[2024-05-07T07:38:14.478+0000] {standard_task_runner.py:90} INFO - Running: ['***', 'tasks', 'run', 'snowflake_connector3', 'snowfalke_task1', 'manual__2024-05-07T07:38:11.093844+00:00', '--job-id', '178', '--raw', '--subdir', 'DAGS_FOLDER/latihan.py', '--cfg-path', '/tmp/tmpp6v13b5i']
[2024-05-07T07:38:14.481+0000] {standard_task_runner.py:91} INFO - Job 178: Subtask snowfalke_task1
[2024-05-07T07:38:14.526+0000] {task_command.py:426} INFO - Running <TaskInstance: snowflake_connector3.snowfalke_task1 manual__2024-05-07T07:38:11.093844+00:00 [running]> on host 3078ffe3180a
[2024-05-07T07:38:14.625+0000] {taskinstance.py:2644} INFO - Exporting env vars: AIRFLOW_CTX_DAG_OWNER='Airflow' AIRFLOW_CTX_DAG_ID='snowflake_connector3' AIRFLOW_CTX_TASK_ID='snowfalke_task1' AIRFLOW_CTX_EXECUTION_DATE='2024-05-07T07:38:11.093844+00:00' AIRFLOW_CTX_TRY_NUMBER='1' AIRFLOW_CTX_DAG_RUN_ID='manual__2024-05-07T07:38:11.093844+00:00'
[2024-05-07T07:38:14.626+0000] {taskinstance.py:430} INFO - ::endgroup::
[2024-05-07T07:38:14.627+0000] {sql.py:276} INFO - Executing: ['select 1;', 'show tables in database dbt_dev;']
[2024-05-07T07:38:14.638+0000] {base.py:84} INFO - Using connection ID 'snowflake_conn' for task execution.
[2024-05-07T07:38:14.646+0000] {base.py:84} INFO - Using connection ID 'snowflake_conn' for task execution.
[2024-05-07T07:38:14.647+0000] {connection.py:386} INFO - Snowflake Connector for Python Version: 3.7.1, Python Version: 3.12.2, Platform: Linux-5.15.146.1-microsoft-standard-WSL2-x86_64-with-glibc2.36
[2024-05-07T07:38:14.648+0000] {connection.py:1211} INFO - This connection is in OCSP Fail Open Mode. TLS Certificates would be checked for validity and revocation status. Any other Certificate Revocation related exceptions or OCSP Responder failures would be disregarded in favor of connectivity.
[2024-05-07T07:38:14.649+0000] {connection.py:1221} INFO - THIS CONNECTION IS IN INSECURE MODE. IT MEANS THE CERTIFICATE WILL BE VALIDATED BUT THE CERTIFICATE REVOCATION STATUS WILL NOT BE CHECKED.
[2024-05-07T07:38:14.906+0000] {ssl_wrap_socket.py:100} INFO - THIS CONNECTION IS IN INSECURE MODE. IT MEANS THE CERTIFICATE WILL BE VALIDATED BUT THE CERTIFICATE REVOCATION STATUS WILL NOT BE CHECKED.
[2024-05-07T07:38:15.627+0000] {cursor.py:1032} INFO - query: [ALTER SESSION SET autocommit=False]
[2024-05-07T07:38:16.056+0000] {cursor.py:1045} INFO - query execution done
[2024-05-07T07:38:16.057+0000] {cursor.py:1205} INFO - Number of results in first chunk: 1
[2024-05-07T07:38:16.058+0000] {sql.py:457} INFO - Running statement: select 1;, parameters: None
[2024-05-07T07:38:16.059+0000] {cursor.py:1032} INFO - query: [select 1;]
[2024-05-07T07:38:16.485+0000] {cursor.py:1045} INFO - query execution done
[2024-05-07T07:38:16.487+0000] {cursor.py:1205} INFO - Number of results in first chunk: 1
[2024-05-07T07:38:16.487+0000] {sql.py:466} INFO - Rows affected: 1
[2024-05-07T07:38:16.489+0000] {warnings.py:110} WARNING - /home/***/.local/lib/python3.12/site-packages/***/providers/snowflake/hooks/snowflake.py:393: AirflowProviderDeprecationWarning: Call to deprecated method _make_common_data_structure. (The `_make_serializable` method is deprecated and support will be removed in a future version of the common.sql provider. Please update the DbApiHook's provider to a version based on common.sql >= 1.9.1.)
  result = self._make_common_data_structure(handler(cur))  # type: ignore[attr-defined]

[2024-05-07T07:38:16.489+0000] {snowflake.py:402} INFO - Rows affected: 1
[2024-05-07T07:38:16.490+0000] {snowflake.py:403} INFO - Snowflake query id: 01b42a0a-0002-1380-0002-b462000c90fa
[2024-05-07T07:38:16.491+0000] {sql.py:457} INFO - Running statement: show tables in database dbt_dev;, parameters: None
[2024-05-07T07:38:16.491+0000] {cursor.py:1032} INFO - query: [show tables in database dbt_dev;]
[2024-05-07T07:38:16.890+0000] {cursor.py:1045} INFO - query execution done
[2024-05-07T07:38:16.892+0000] {cursor.py:1205} INFO - Number of results in first chunk: 1
[2024-05-07T07:38:16.892+0000] {sql.py:466} INFO - Rows affected: 1
[2024-05-07T07:38:16.893+0000] {snowflake.py:402} INFO - Rows affected: 1
[2024-05-07T07:38:16.894+0000] {snowflake.py:403} INFO - Snowflake query id: 01b42a0a-0002-1345-0002-b462000c8172
[2024-05-07T07:38:16.894+0000] {cursor.py:1032} INFO - query: [COMMIT]
[2024-05-07T07:38:17.255+0000] {cursor.py:1045} INFO - query execution done
[2024-05-07T07:38:17.256+0000] {cursor.py:1205} INFO - Number of results in first chunk: 1
[2024-05-07T07:38:17.257+0000] {connection.py:734} INFO - closed
[2024-05-07T07:38:17.565+0000] {connection.py:740} INFO - No async queries seem to be running, deleting session
[2024-05-07T07:38:17.884+0000] {taskinstance.py:441} INFO - ::group::Post task execution logs
[2024-05-07T07:38:17.923+0000] {taskinstance.py:1205} INFO - Marking task as SUCCESS. dag_id=snowflake_connector3, task_id=snowfalke_task1, execution_date=20240507T073811, start_date=20240507T073814, end_date=20240507T073817
[2024-05-07T07:38:17.986+0000] {local_task_job_runner.py:240} INFO - Task exited with return code 0
[2024-05-07T07:38:18.001+0000] {warnings.py:110} WARNING - /home/***/.local/lib/python3.12/site-packages/***/models/baseoperator.py:1296: AirflowProviderDeprecationWarning: Call to deprecated class SnowflakeOperator. (This class is deprecated. Please use `***.providers.common.sql.operators.sql.SQLExecuteQueryOperator`. Also, you can provide `hook_params={'warehouse': <warehouse>, 'database': <database>, 'role': <role>, 'schema': <schema>, 'authenticator': <authenticator>,'session_parameters': <session_parameters>}`.)
  result = cls.__new__(cls)

[2024-05-07T07:38:18.016+0000] {taskinstance.py:3482} INFO - 1 downstream tasks scheduled from follow-on schedule check
[2024-05-07T07:38:18.019+0000] {local_task_job_runner.py:222} INFO - ::endgroup::
