[2024-05-12T06:27:30.600+0000] {processor.py:161} INFO - Started process (PID=81) to work on /home/airflow/.local/lib/python3.12/site-packages/airflow/example_dags/example_python_operator.py
[2024-05-12T06:27:30.601+0000] {processor.py:830} INFO - Processing file /home/airflow/.local/lib/python3.12/site-packages/airflow/example_dags/example_python_operator.py for tasks to queue
[2024-05-12T06:27:30.604+0000] {logging_mixin.py:188} INFO - [2024-05-12T06:27:30.604+0000] {dagbag.py:540} INFO - Filling up the DagBag from /home/airflow/.local/lib/python3.12/site-packages/airflow/example_dags/example_python_operator.py
[2024-05-12T06:27:30.616+0000] {processor.py:840} INFO - DAG(s) 'example_python_operator' retrieved from /home/airflow/.local/lib/python3.12/site-packages/airflow/example_dags/example_python_operator.py
[2024-05-12T06:27:30.753+0000] {logging_mixin.py:188} INFO - [2024-05-12T06:27:30.753+0000] {dag.py:3096} INFO - Sync 1 DAGs
[2024-05-12T06:27:30.766+0000] {logging_mixin.py:188} INFO - [2024-05-12T06:27:30.766+0000] {dag.py:3954} INFO - Setting next_dagrun for example_python_operator to None, run_after=None
[2024-05-12T06:27:30.789+0000] {processor.py:183} INFO - Processing /home/airflow/.local/lib/python3.12/site-packages/airflow/example_dags/example_python_operator.py took 0.195 seconds
[2024-05-12T07:30:14.119+0000] {processor.py:161} INFO - Started process (PID=87) to work on /home/airflow/.local/lib/python3.12/site-packages/airflow/example_dags/example_python_operator.py
[2024-05-12T07:30:14.124+0000] {processor.py:830} INFO - Processing file /home/airflow/.local/lib/python3.12/site-packages/airflow/example_dags/example_python_operator.py for tasks to queue
[2024-05-12T07:30:14.127+0000] {logging_mixin.py:188} INFO - [2024-05-12T07:30:14.127+0000] {dagbag.py:540} INFO - Filling up the DagBag from /home/airflow/.local/lib/python3.12/site-packages/airflow/example_dags/example_python_operator.py
[2024-05-12T07:30:14.144+0000] {processor.py:840} INFO - DAG(s) 'example_python_operator' retrieved from /home/airflow/.local/lib/python3.12/site-packages/airflow/example_dags/example_python_operator.py
[2024-05-12T07:30:14.319+0000] {logging_mixin.py:188} INFO - [2024-05-12T07:30:14.318+0000] {dag.py:3096} INFO - Sync 1 DAGs
[2024-05-12T07:30:14.338+0000] {logging_mixin.py:188} INFO - [2024-05-12T07:30:14.337+0000] {dag.py:3954} INFO - Setting next_dagrun for example_python_operator to None, run_after=None
[2024-05-12T07:30:14.366+0000] {processor.py:183} INFO - Processing /home/airflow/.local/lib/python3.12/site-packages/airflow/example_dags/example_python_operator.py took 0.258 seconds
[2024-05-12T07:30:44.928+0000] {processor.py:161} INFO - Started process (PID=154) to work on /home/airflow/.local/lib/python3.12/site-packages/airflow/example_dags/example_python_operator.py
[2024-05-12T07:30:44.930+0000] {processor.py:830} INFO - Processing file /home/airflow/.local/lib/python3.12/site-packages/airflow/example_dags/example_python_operator.py for tasks to queue
[2024-05-12T07:30:44.934+0000] {logging_mixin.py:188} INFO - [2024-05-12T07:30:44.934+0000] {dagbag.py:540} INFO - Filling up the DagBag from /home/airflow/.local/lib/python3.12/site-packages/airflow/example_dags/example_python_operator.py
[2024-05-12T07:30:44.963+0000] {processor.py:840} INFO - DAG(s) 'example_python_operator' retrieved from /home/airflow/.local/lib/python3.12/site-packages/airflow/example_dags/example_python_operator.py
[2024-05-12T07:30:45.018+0000] {logging_mixin.py:188} INFO - [2024-05-12T07:30:45.017+0000] {dag.py:3096} INFO - Sync 1 DAGs
[2024-05-12T07:30:45.052+0000] {logging_mixin.py:188} INFO - [2024-05-12T07:30:45.052+0000] {dag.py:3954} INFO - Setting next_dagrun for example_python_operator to None, run_after=None
[2024-05-12T07:30:45.096+0000] {processor.py:183} INFO - Processing /home/airflow/.local/lib/python3.12/site-packages/airflow/example_dags/example_python_operator.py took 0.181 seconds
[2024-05-12T07:31:15.930+0000] {processor.py:161} INFO - Started process (PID=221) to work on /home/airflow/.local/lib/python3.12/site-packages/airflow/example_dags/example_python_operator.py
[2024-05-12T07:31:15.931+0000] {processor.py:830} INFO - Processing file /home/airflow/.local/lib/python3.12/site-packages/airflow/example_dags/example_python_operator.py for tasks to queue
[2024-05-12T07:31:15.934+0000] {logging_mixin.py:188} INFO - [2024-05-12T07:31:15.934+0000] {dagbag.py:540} INFO - Filling up the DagBag from /home/airflow/.local/lib/python3.12/site-packages/airflow/example_dags/example_python_operator.py
[2024-05-12T07:31:15.953+0000] {processor.py:840} INFO - DAG(s) 'example_python_operator' retrieved from /home/airflow/.local/lib/python3.12/site-packages/airflow/example_dags/example_python_operator.py
[2024-05-12T07:31:15.972+0000] {logging_mixin.py:188} INFO - [2024-05-12T07:31:15.971+0000] {dag.py:3096} INFO - Sync 1 DAGs
[2024-05-12T07:31:15.991+0000] {logging_mixin.py:188} INFO - [2024-05-12T07:31:15.991+0000] {dag.py:3954} INFO - Setting next_dagrun for example_python_operator to None, run_after=None
[2024-05-12T07:31:16.023+0000] {processor.py:183} INFO - Processing /home/airflow/.local/lib/python3.12/site-packages/airflow/example_dags/example_python_operator.py took 0.105 seconds
[2024-05-12T07:31:46.505+0000] {processor.py:161} INFO - Started process (PID=287) to work on /home/airflow/.local/lib/python3.12/site-packages/airflow/example_dags/example_python_operator.py
[2024-05-12T07:31:46.507+0000] {processor.py:830} INFO - Processing file /home/airflow/.local/lib/python3.12/site-packages/airflow/example_dags/example_python_operator.py for tasks to queue
[2024-05-12T07:31:46.510+0000] {logging_mixin.py:188} INFO - [2024-05-12T07:31:46.510+0000] {dagbag.py:540} INFO - Filling up the DagBag from /home/airflow/.local/lib/python3.12/site-packages/airflow/example_dags/example_python_operator.py
[2024-05-12T07:31:46.527+0000] {processor.py:840} INFO - DAG(s) 'example_python_operator' retrieved from /home/airflow/.local/lib/python3.12/site-packages/airflow/example_dags/example_python_operator.py
[2024-05-12T07:31:46.543+0000] {logging_mixin.py:188} INFO - [2024-05-12T07:31:46.542+0000] {dag.py:3096} INFO - Sync 1 DAGs
[2024-05-12T07:31:46.563+0000] {logging_mixin.py:188} INFO - [2024-05-12T07:31:46.563+0000] {dag.py:3954} INFO - Setting next_dagrun for example_python_operator to None, run_after=None
[2024-05-12T07:31:46.596+0000] {processor.py:183} INFO - Processing /home/airflow/.local/lib/python3.12/site-packages/airflow/example_dags/example_python_operator.py took 0.101 seconds
[2024-05-12T07:32:17.541+0000] {processor.py:161} INFO - Started process (PID=354) to work on /home/airflow/.local/lib/python3.12/site-packages/airflow/example_dags/example_python_operator.py
[2024-05-12T07:32:17.542+0000] {processor.py:830} INFO - Processing file /home/airflow/.local/lib/python3.12/site-packages/airflow/example_dags/example_python_operator.py for tasks to queue
[2024-05-12T07:32:17.545+0000] {logging_mixin.py:188} INFO - [2024-05-12T07:32:17.544+0000] {dagbag.py:540} INFO - Filling up the DagBag from /home/airflow/.local/lib/python3.12/site-packages/airflow/example_dags/example_python_operator.py
[2024-05-12T07:32:17.559+0000] {processor.py:840} INFO - DAG(s) 'example_python_operator' retrieved from /home/airflow/.local/lib/python3.12/site-packages/airflow/example_dags/example_python_operator.py
[2024-05-12T07:32:17.775+0000] {logging_mixin.py:188} INFO - [2024-05-12T07:32:17.774+0000] {dag.py:3096} INFO - Sync 1 DAGs
[2024-05-12T07:32:17.793+0000] {logging_mixin.py:188} INFO - [2024-05-12T07:32:17.793+0000] {dag.py:3954} INFO - Setting next_dagrun for example_python_operator to None, run_after=None
[2024-05-12T07:32:17.824+0000] {processor.py:183} INFO - Processing /home/airflow/.local/lib/python3.12/site-packages/airflow/example_dags/example_python_operator.py took 0.292 seconds
[2024-05-12T07:32:48.275+0000] {processor.py:161} INFO - Started process (PID=421) to work on /home/airflow/.local/lib/python3.12/site-packages/airflow/example_dags/example_python_operator.py
[2024-05-12T07:32:48.277+0000] {processor.py:830} INFO - Processing file /home/airflow/.local/lib/python3.12/site-packages/airflow/example_dags/example_python_operator.py for tasks to queue
[2024-05-12T07:32:48.281+0000] {logging_mixin.py:188} INFO - [2024-05-12T07:32:48.280+0000] {dagbag.py:540} INFO - Filling up the DagBag from /home/airflow/.local/lib/python3.12/site-packages/airflow/example_dags/example_python_operator.py
[2024-05-12T07:32:48.305+0000] {processor.py:840} INFO - DAG(s) 'example_python_operator' retrieved from /home/airflow/.local/lib/python3.12/site-packages/airflow/example_dags/example_python_operator.py
[2024-05-12T07:32:48.363+0000] {logging_mixin.py:188} INFO - [2024-05-12T07:32:48.362+0000] {dag.py:3096} INFO - Sync 1 DAGs
[2024-05-12T07:32:48.392+0000] {logging_mixin.py:188} INFO - [2024-05-12T07:32:48.392+0000] {dag.py:3954} INFO - Setting next_dagrun for example_python_operator to None, run_after=None
[2024-05-12T07:32:48.433+0000] {processor.py:183} INFO - Processing /home/airflow/.local/lib/python3.12/site-packages/airflow/example_dags/example_python_operator.py took 0.172 seconds
[2024-05-12T07:33:24.510+0000] {processor.py:161} INFO - Started process (PID=494) to work on /home/airflow/.local/lib/python3.12/site-packages/airflow/example_dags/example_python_operator.py
[2024-05-12T07:33:24.516+0000] {processor.py:830} INFO - Processing file /home/airflow/.local/lib/python3.12/site-packages/airflow/example_dags/example_python_operator.py for tasks to queue
[2024-05-12T07:33:24.521+0000] {logging_mixin.py:188} INFO - [2024-05-12T07:33:24.520+0000] {dagbag.py:540} INFO - Filling up the DagBag from /home/airflow/.local/lib/python3.12/site-packages/airflow/example_dags/example_python_operator.py
[2024-05-12T07:33:24.554+0000] {processor.py:840} INFO - DAG(s) 'example_python_operator' retrieved from /home/airflow/.local/lib/python3.12/site-packages/airflow/example_dags/example_python_operator.py
[2024-05-12T07:33:24.624+0000] {logging_mixin.py:188} INFO - [2024-05-12T07:33:24.624+0000] {dag.py:3096} INFO - Sync 1 DAGs
[2024-05-12T07:33:24.659+0000] {logging_mixin.py:188} INFO - [2024-05-12T07:33:24.659+0000] {dag.py:3954} INFO - Setting next_dagrun for example_python_operator to None, run_after=None
[2024-05-12T07:33:24.726+0000] {processor.py:183} INFO - Processing /home/airflow/.local/lib/python3.12/site-packages/airflow/example_dags/example_python_operator.py took 0.237 seconds
[2024-05-12T07:33:54.860+0000] {processor.py:161} INFO - Started process (PID=561) to work on /home/airflow/.local/lib/python3.12/site-packages/airflow/example_dags/example_python_operator.py
[2024-05-12T07:33:54.862+0000] {processor.py:830} INFO - Processing file /home/airflow/.local/lib/python3.12/site-packages/airflow/example_dags/example_python_operator.py for tasks to queue
[2024-05-12T07:33:54.866+0000] {logging_mixin.py:188} INFO - [2024-05-12T07:33:54.865+0000] {dagbag.py:540} INFO - Filling up the DagBag from /home/airflow/.local/lib/python3.12/site-packages/airflow/example_dags/example_python_operator.py
[2024-05-12T07:33:54.888+0000] {processor.py:840} INFO - DAG(s) 'example_python_operator' retrieved from /home/airflow/.local/lib/python3.12/site-packages/airflow/example_dags/example_python_operator.py
[2024-05-12T07:33:54.932+0000] {logging_mixin.py:188} INFO - [2024-05-12T07:33:54.932+0000] {dag.py:3096} INFO - Sync 1 DAGs
[2024-05-12T07:33:54.965+0000] {logging_mixin.py:188} INFO - [2024-05-12T07:33:54.965+0000] {dag.py:3954} INFO - Setting next_dagrun for example_python_operator to None, run_after=None
[2024-05-12T07:33:55.002+0000] {processor.py:183} INFO - Processing /home/airflow/.local/lib/python3.12/site-packages/airflow/example_dags/example_python_operator.py took 0.156 seconds
[2024-05-12T07:34:27.549+0000] {processor.py:161} INFO - Started process (PID=628) to work on /home/airflow/.local/lib/python3.12/site-packages/airflow/example_dags/example_python_operator.py
[2024-05-12T07:34:27.551+0000] {processor.py:830} INFO - Processing file /home/airflow/.local/lib/python3.12/site-packages/airflow/example_dags/example_python_operator.py for tasks to queue
[2024-05-12T07:34:27.556+0000] {logging_mixin.py:188} INFO - [2024-05-12T07:34:27.555+0000] {dagbag.py:540} INFO - Filling up the DagBag from /home/airflow/.local/lib/python3.12/site-packages/airflow/example_dags/example_python_operator.py
[2024-05-12T07:34:27.578+0000] {processor.py:840} INFO - DAG(s) 'example_python_operator' retrieved from /home/airflow/.local/lib/python3.12/site-packages/airflow/example_dags/example_python_operator.py
[2024-05-12T07:34:27.635+0000] {logging_mixin.py:188} INFO - [2024-05-12T07:34:27.634+0000] {dag.py:3096} INFO - Sync 1 DAGs
[2024-05-12T07:34:27.662+0000] {logging_mixin.py:188} INFO - [2024-05-12T07:34:27.662+0000] {dag.py:3954} INFO - Setting next_dagrun for example_python_operator to None, run_after=None
[2024-05-12T07:34:27.708+0000] {processor.py:183} INFO - Processing /home/airflow/.local/lib/python3.12/site-packages/airflow/example_dags/example_python_operator.py took 0.173 seconds
[2024-05-12T07:34:58.643+0000] {processor.py:161} INFO - Started process (PID=694) to work on /home/airflow/.local/lib/python3.12/site-packages/airflow/example_dags/example_python_operator.py
[2024-05-12T07:34:58.645+0000] {processor.py:830} INFO - Processing file /home/airflow/.local/lib/python3.12/site-packages/airflow/example_dags/example_python_operator.py for tasks to queue
[2024-05-12T07:34:58.648+0000] {logging_mixin.py:188} INFO - [2024-05-12T07:34:58.647+0000] {dagbag.py:540} INFO - Filling up the DagBag from /home/airflow/.local/lib/python3.12/site-packages/airflow/example_dags/example_python_operator.py
[2024-05-12T07:34:58.666+0000] {processor.py:840} INFO - DAG(s) 'example_python_operator' retrieved from /home/airflow/.local/lib/python3.12/site-packages/airflow/example_dags/example_python_operator.py
[2024-05-12T07:34:58.698+0000] {logging_mixin.py:188} INFO - [2024-05-12T07:34:58.697+0000] {dag.py:3096} INFO - Sync 1 DAGs
[2024-05-12T07:34:58.717+0000] {logging_mixin.py:188} INFO - [2024-05-12T07:34:58.717+0000] {dag.py:3954} INFO - Setting next_dagrun for example_python_operator to None, run_after=None
[2024-05-12T07:34:58.742+0000] {processor.py:183} INFO - Processing /home/airflow/.local/lib/python3.12/site-packages/airflow/example_dags/example_python_operator.py took 0.109 seconds
[2024-05-12T07:35:29.151+0000] {processor.py:161} INFO - Started process (PID=759) to work on /home/airflow/.local/lib/python3.12/site-packages/airflow/example_dags/example_python_operator.py
[2024-05-12T07:35:29.153+0000] {processor.py:830} INFO - Processing file /home/airflow/.local/lib/python3.12/site-packages/airflow/example_dags/example_python_operator.py for tasks to queue
[2024-05-12T07:35:29.155+0000] {logging_mixin.py:188} INFO - [2024-05-12T07:35:29.154+0000] {dagbag.py:540} INFO - Filling up the DagBag from /home/airflow/.local/lib/python3.12/site-packages/airflow/example_dags/example_python_operator.py
[2024-05-12T07:35:29.169+0000] {processor.py:840} INFO - DAG(s) 'example_python_operator' retrieved from /home/airflow/.local/lib/python3.12/site-packages/airflow/example_dags/example_python_operator.py
[2024-05-12T07:35:29.202+0000] {logging_mixin.py:188} INFO - [2024-05-12T07:35:29.202+0000] {dag.py:3096} INFO - Sync 1 DAGs
[2024-05-12T07:35:29.219+0000] {logging_mixin.py:188} INFO - [2024-05-12T07:35:29.219+0000] {dag.py:3954} INFO - Setting next_dagrun for example_python_operator to None, run_after=None
[2024-05-12T07:35:29.258+0000] {processor.py:183} INFO - Processing /home/airflow/.local/lib/python3.12/site-packages/airflow/example_dags/example_python_operator.py took 0.114 seconds
[2024-05-12T07:35:59.621+0000] {processor.py:161} INFO - Started process (PID=826) to work on /home/airflow/.local/lib/python3.12/site-packages/airflow/example_dags/example_python_operator.py
[2024-05-12T07:35:59.622+0000] {processor.py:830} INFO - Processing file /home/airflow/.local/lib/python3.12/site-packages/airflow/example_dags/example_python_operator.py for tasks to queue
[2024-05-12T07:35:59.624+0000] {logging_mixin.py:188} INFO - [2024-05-12T07:35:59.624+0000] {dagbag.py:540} INFO - Filling up the DagBag from /home/airflow/.local/lib/python3.12/site-packages/airflow/example_dags/example_python_operator.py
[2024-05-12T07:35:59.634+0000] {processor.py:840} INFO - DAG(s) 'example_python_operator' retrieved from /home/airflow/.local/lib/python3.12/site-packages/airflow/example_dags/example_python_operator.py
[2024-05-12T07:35:59.658+0000] {logging_mixin.py:188} INFO - [2024-05-12T07:35:59.658+0000] {dag.py:3096} INFO - Sync 1 DAGs
[2024-05-12T07:35:59.671+0000] {logging_mixin.py:188} INFO - [2024-05-12T07:35:59.671+0000] {dag.py:3954} INFO - Setting next_dagrun for example_python_operator to None, run_after=None
[2024-05-12T07:35:59.696+0000] {processor.py:183} INFO - Processing /home/airflow/.local/lib/python3.12/site-packages/airflow/example_dags/example_python_operator.py took 0.081 seconds
[2024-05-12T07:36:30.020+0000] {processor.py:161} INFO - Started process (PID=893) to work on /home/airflow/.local/lib/python3.12/site-packages/airflow/example_dags/example_python_operator.py
[2024-05-12T07:36:30.022+0000] {processor.py:830} INFO - Processing file /home/airflow/.local/lib/python3.12/site-packages/airflow/example_dags/example_python_operator.py for tasks to queue
[2024-05-12T07:36:30.027+0000] {logging_mixin.py:188} INFO - [2024-05-12T07:36:30.026+0000] {dagbag.py:540} INFO - Filling up the DagBag from /home/airflow/.local/lib/python3.12/site-packages/airflow/example_dags/example_python_operator.py
[2024-05-12T07:36:30.048+0000] {processor.py:840} INFO - DAG(s) 'example_python_operator' retrieved from /home/airflow/.local/lib/python3.12/site-packages/airflow/example_dags/example_python_operator.py
[2024-05-12T07:36:30.085+0000] {logging_mixin.py:188} INFO - [2024-05-12T07:36:30.085+0000] {dag.py:3096} INFO - Sync 1 DAGs
[2024-05-12T07:36:30.104+0000] {logging_mixin.py:188} INFO - [2024-05-12T07:36:30.104+0000] {dag.py:3954} INFO - Setting next_dagrun for example_python_operator to None, run_after=None
[2024-05-12T07:36:30.137+0000] {processor.py:183} INFO - Processing /home/airflow/.local/lib/python3.12/site-packages/airflow/example_dags/example_python_operator.py took 0.131 seconds
[2024-05-12T07:37:01.887+0000] {processor.py:161} INFO - Started process (PID=960) to work on /home/airflow/.local/lib/python3.12/site-packages/airflow/example_dags/example_python_operator.py
[2024-05-12T07:37:01.889+0000] {processor.py:830} INFO - Processing file /home/airflow/.local/lib/python3.12/site-packages/airflow/example_dags/example_python_operator.py for tasks to queue
[2024-05-12T07:37:01.896+0000] {logging_mixin.py:188} INFO - [2024-05-12T07:37:01.894+0000] {dagbag.py:540} INFO - Filling up the DagBag from /home/airflow/.local/lib/python3.12/site-packages/airflow/example_dags/example_python_operator.py
[2024-05-12T07:37:01.921+0000] {processor.py:840} INFO - DAG(s) 'example_python_operator' retrieved from /home/airflow/.local/lib/python3.12/site-packages/airflow/example_dags/example_python_operator.py
[2024-05-12T07:37:01.970+0000] {logging_mixin.py:188} INFO - [2024-05-12T07:37:01.969+0000] {dag.py:3096} INFO - Sync 1 DAGs
[2024-05-12T07:37:01.996+0000] {logging_mixin.py:188} INFO - [2024-05-12T07:37:01.995+0000] {dag.py:3954} INFO - Setting next_dagrun for example_python_operator to None, run_after=None
[2024-05-12T07:37:02.028+0000] {processor.py:183} INFO - Processing /home/airflow/.local/lib/python3.12/site-packages/airflow/example_dags/example_python_operator.py took 0.154 seconds
