[2024-05-12T06:27:27.137+0000] {processor.py:161} INFO - Started process (PID=51) to work on /home/airflow/.local/lib/python3.12/site-packages/airflow/example_dags/example_display_name.py
[2024-05-12T06:27:27.139+0000] {processor.py:830} INFO - Processing file /home/airflow/.local/lib/python3.12/site-packages/airflow/example_dags/example_display_name.py for tasks to queue
[2024-05-12T06:27:27.141+0000] {logging_mixin.py:188} INFO - [2024-05-12T06:27:27.141+0000] {dagbag.py:540} INFO - Filling up the DagBag from /home/airflow/.local/lib/python3.12/site-packages/airflow/example_dags/example_display_name.py
[2024-05-12T06:27:27.154+0000] {processor.py:840} INFO - DAG(s) 'example_display_name' retrieved from /home/airflow/.local/lib/python3.12/site-packages/airflow/example_dags/example_display_name.py
[2024-05-12T06:27:27.190+0000] {logging_mixin.py:188} INFO - [2024-05-12T06:27:27.189+0000] {dag.py:3096} INFO - Sync 1 DAGs
[2024-05-12T06:27:27.217+0000] {logging_mixin.py:188} INFO - [2024-05-12T06:27:27.216+0000] {dag.py:3954} INFO - Setting next_dagrun for example_display_name to None, run_after=None
[2024-05-12T06:27:27.249+0000] {processor.py:183} INFO - Processing /home/airflow/.local/lib/python3.12/site-packages/airflow/example_dags/example_display_name.py took 0.123 seconds
[2024-05-12T06:42:18.173+0000] {processor.py:161} INFO - Started process (PID=51) to work on /home/airflow/.local/lib/python3.12/site-packages/airflow/example_dags/example_display_name.py
[2024-05-12T06:42:18.182+0000] {processor.py:830} INFO - Processing file /home/airflow/.local/lib/python3.12/site-packages/airflow/example_dags/example_display_name.py for tasks to queue
[2024-05-12T06:42:18.187+0000] {logging_mixin.py:188} INFO - [2024-05-12T06:42:18.187+0000] {dagbag.py:540} INFO - Filling up the DagBag from /home/airflow/.local/lib/python3.12/site-packages/airflow/example_dags/example_display_name.py
[2024-05-12T06:42:18.209+0000] {processor.py:840} INFO - DAG(s) 'example_display_name' retrieved from /home/airflow/.local/lib/python3.12/site-packages/airflow/example_dags/example_display_name.py
[2024-05-12T06:42:18.239+0000] {logging_mixin.py:188} INFO - [2024-05-12T06:42:18.239+0000] {dag.py:3096} INFO - Sync 1 DAGs
[2024-05-12T06:42:18.324+0000] {logging_mixin.py:188} INFO - [2024-05-12T06:42:18.323+0000] {dag.py:3954} INFO - Setting next_dagrun for example_display_name to None, run_after=None
[2024-05-12T06:42:18.386+0000] {processor.py:183} INFO - Processing /home/airflow/.local/lib/python3.12/site-packages/airflow/example_dags/example_display_name.py took 0.227 seconds
[2024-05-12T07:30:05.014+0000] {processor.py:161} INFO - Started process (PID=57) to work on /home/airflow/.local/lib/python3.12/site-packages/airflow/example_dags/example_display_name.py
[2024-05-12T07:30:05.032+0000] {processor.py:830} INFO - Processing file /home/airflow/.local/lib/python3.12/site-packages/airflow/example_dags/example_display_name.py for tasks to queue
[2024-05-12T07:30:05.046+0000] {logging_mixin.py:188} INFO - [2024-05-12T07:30:05.046+0000] {dagbag.py:540} INFO - Filling up the DagBag from /home/airflow/.local/lib/python3.12/site-packages/airflow/example_dags/example_display_name.py
[2024-05-12T07:30:05.098+0000] {processor.py:840} INFO - DAG(s) 'example_display_name' retrieved from /home/airflow/.local/lib/python3.12/site-packages/airflow/example_dags/example_display_name.py
[2024-05-12T07:30:05.611+0000] {logging_mixin.py:188} INFO - [2024-05-12T07:30:05.610+0000] {dag.py:3096} INFO - Sync 1 DAGs
[2024-05-12T07:30:05.700+0000] {logging_mixin.py:188} INFO - [2024-05-12T07:30:05.699+0000] {dag.py:3954} INFO - Setting next_dagrun for example_display_name to None, run_after=None
[2024-05-12T07:30:05.827+0000] {processor.py:183} INFO - Processing /home/airflow/.local/lib/python3.12/site-packages/airflow/example_dags/example_display_name.py took 0.836 seconds
[2024-05-12T07:30:35.993+0000] {processor.py:161} INFO - Started process (PID=123) to work on /home/airflow/.local/lib/python3.12/site-packages/airflow/example_dags/example_display_name.py
[2024-05-12T07:30:35.995+0000] {processor.py:830} INFO - Processing file /home/airflow/.local/lib/python3.12/site-packages/airflow/example_dags/example_display_name.py for tasks to queue
[2024-05-12T07:30:35.998+0000] {logging_mixin.py:188} INFO - [2024-05-12T07:30:35.997+0000] {dagbag.py:540} INFO - Filling up the DagBag from /home/airflow/.local/lib/python3.12/site-packages/airflow/example_dags/example_display_name.py
[2024-05-12T07:30:36.008+0000] {processor.py:840} INFO - DAG(s) 'example_display_name' retrieved from /home/airflow/.local/lib/python3.12/site-packages/airflow/example_dags/example_display_name.py
[2024-05-12T07:30:36.040+0000] {logging_mixin.py:188} INFO - [2024-05-12T07:30:36.040+0000] {dag.py:3096} INFO - Sync 1 DAGs
[2024-05-12T07:30:36.065+0000] {logging_mixin.py:188} INFO - [2024-05-12T07:30:36.065+0000] {dag.py:3954} INFO - Setting next_dagrun for example_display_name to None, run_after=None
[2024-05-12T07:30:36.104+0000] {processor.py:183} INFO - Processing /home/airflow/.local/lib/python3.12/site-packages/airflow/example_dags/example_display_name.py took 0.122 seconds
[2024-05-12T07:31:06.158+0000] {processor.py:161} INFO - Started process (PID=188) to work on /home/airflow/.local/lib/python3.12/site-packages/airflow/example_dags/example_display_name.py
[2024-05-12T07:31:06.159+0000] {processor.py:830} INFO - Processing file /home/airflow/.local/lib/python3.12/site-packages/airflow/example_dags/example_display_name.py for tasks to queue
[2024-05-12T07:31:06.162+0000] {logging_mixin.py:188} INFO - [2024-05-12T07:31:06.162+0000] {dagbag.py:540} INFO - Filling up the DagBag from /home/airflow/.local/lib/python3.12/site-packages/airflow/example_dags/example_display_name.py
[2024-05-12T07:31:06.169+0000] {processor.py:840} INFO - DAG(s) 'example_display_name' retrieved from /home/airflow/.local/lib/python3.12/site-packages/airflow/example_dags/example_display_name.py
[2024-05-12T07:31:06.184+0000] {logging_mixin.py:188} INFO - [2024-05-12T07:31:06.184+0000] {dag.py:3096} INFO - Sync 1 DAGs
[2024-05-12T07:31:06.203+0000] {logging_mixin.py:188} INFO - [2024-05-12T07:31:06.203+0000] {dag.py:3954} INFO - Setting next_dagrun for example_display_name to None, run_after=None
[2024-05-12T07:31:06.233+0000] {processor.py:183} INFO - Processing /home/airflow/.local/lib/python3.12/site-packages/airflow/example_dags/example_display_name.py took 0.083 seconds
[2024-05-12T07:31:39.479+0000] {processor.py:161} INFO - Started process (PID=253) to work on /home/airflow/.local/lib/python3.12/site-packages/airflow/example_dags/example_display_name.py
[2024-05-12T07:31:39.481+0000] {processor.py:830} INFO - Processing file /home/airflow/.local/lib/python3.12/site-packages/airflow/example_dags/example_display_name.py for tasks to queue
[2024-05-12T07:31:39.485+0000] {logging_mixin.py:188} INFO - [2024-05-12T07:31:39.484+0000] {dagbag.py:540} INFO - Filling up the DagBag from /home/airflow/.local/lib/python3.12/site-packages/airflow/example_dags/example_display_name.py
[2024-05-12T07:31:39.493+0000] {processor.py:840} INFO - DAG(s) 'example_display_name' retrieved from /home/airflow/.local/lib/python3.12/site-packages/airflow/example_dags/example_display_name.py
[2024-05-12T07:31:39.512+0000] {logging_mixin.py:188} INFO - [2024-05-12T07:31:39.512+0000] {dag.py:3096} INFO - Sync 1 DAGs
[2024-05-12T07:31:39.535+0000] {logging_mixin.py:188} INFO - [2024-05-12T07:31:39.534+0000] {dag.py:3954} INFO - Setting next_dagrun for example_display_name to None, run_after=None
[2024-05-12T07:31:39.571+0000] {processor.py:183} INFO - Processing /home/airflow/.local/lib/python3.12/site-packages/airflow/example_dags/example_display_name.py took 0.105 seconds
[2024-05-12T07:32:10.211+0000] {processor.py:161} INFO - Started process (PID=318) to work on /home/airflow/.local/lib/python3.12/site-packages/airflow/example_dags/example_display_name.py
[2024-05-12T07:32:10.212+0000] {processor.py:830} INFO - Processing file /home/airflow/.local/lib/python3.12/site-packages/airflow/example_dags/example_display_name.py for tasks to queue
[2024-05-12T07:32:10.215+0000] {logging_mixin.py:188} INFO - [2024-05-12T07:32:10.214+0000] {dagbag.py:540} INFO - Filling up the DagBag from /home/airflow/.local/lib/python3.12/site-packages/airflow/example_dags/example_display_name.py
[2024-05-12T07:32:10.222+0000] {processor.py:840} INFO - DAG(s) 'example_display_name' retrieved from /home/airflow/.local/lib/python3.12/site-packages/airflow/example_dags/example_display_name.py
[2024-05-12T07:32:10.386+0000] {logging_mixin.py:188} INFO - [2024-05-12T07:32:10.386+0000] {dag.py:3096} INFO - Sync 1 DAGs
[2024-05-12T07:32:10.402+0000] {logging_mixin.py:188} INFO - [2024-05-12T07:32:10.402+0000] {dag.py:3954} INFO - Setting next_dagrun for example_display_name to None, run_after=None
[2024-05-12T07:32:10.431+0000] {processor.py:183} INFO - Processing /home/airflow/.local/lib/python3.12/site-packages/airflow/example_dags/example_display_name.py took 0.229 seconds
[2024-05-12T07:32:40.869+0000] {processor.py:161} INFO - Started process (PID=384) to work on /home/airflow/.local/lib/python3.12/site-packages/airflow/example_dags/example_display_name.py
[2024-05-12T07:32:40.870+0000] {processor.py:830} INFO - Processing file /home/airflow/.local/lib/python3.12/site-packages/airflow/example_dags/example_display_name.py for tasks to queue
[2024-05-12T07:32:40.873+0000] {logging_mixin.py:188} INFO - [2024-05-12T07:32:40.873+0000] {dagbag.py:540} INFO - Filling up the DagBag from /home/airflow/.local/lib/python3.12/site-packages/airflow/example_dags/example_display_name.py
[2024-05-12T07:32:40.881+0000] {processor.py:840} INFO - DAG(s) 'example_display_name' retrieved from /home/airflow/.local/lib/python3.12/site-packages/airflow/example_dags/example_display_name.py
[2024-05-12T07:32:40.910+0000] {logging_mixin.py:188} INFO - [2024-05-12T07:32:40.910+0000] {dag.py:3096} INFO - Sync 1 DAGs
[2024-05-12T07:32:40.931+0000] {logging_mixin.py:188} INFO - [2024-05-12T07:32:40.930+0000] {dag.py:3954} INFO - Setting next_dagrun for example_display_name to None, run_after=None
[2024-05-12T07:32:40.968+0000] {processor.py:183} INFO - Processing /home/airflow/.local/lib/python3.12/site-packages/airflow/example_dags/example_display_name.py took 0.108 seconds
[2024-05-12T07:33:12.245+0000] {processor.py:161} INFO - Started process (PID=449) to work on /home/airflow/.local/lib/python3.12/site-packages/airflow/example_dags/example_display_name.py
[2024-05-12T07:33:12.261+0000] {processor.py:830} INFO - Processing file /home/airflow/.local/lib/python3.12/site-packages/airflow/example_dags/example_display_name.py for tasks to queue
[2024-05-12T07:33:12.309+0000] {logging_mixin.py:188} INFO - [2024-05-12T07:33:12.308+0000] {dagbag.py:540} INFO - Filling up the DagBag from /home/airflow/.local/lib/python3.12/site-packages/airflow/example_dags/example_display_name.py
[2024-05-12T07:33:12.375+0000] {processor.py:840} INFO - DAG(s) 'example_display_name' retrieved from /home/airflow/.local/lib/python3.12/site-packages/airflow/example_dags/example_display_name.py
[2024-05-12T07:33:12.577+0000] {logging_mixin.py:188} INFO - [2024-05-12T07:33:12.577+0000] {dag.py:3096} INFO - Sync 1 DAGs
[2024-05-12T07:33:12.759+0000] {logging_mixin.py:188} INFO - [2024-05-12T07:33:12.758+0000] {dag.py:3954} INFO - Setting next_dagrun for example_display_name to None, run_after=None
[2024-05-12T07:33:12.926+0000] {processor.py:183} INFO - Processing /home/airflow/.local/lib/python3.12/site-packages/airflow/example_dags/example_display_name.py took 0.775 seconds
[2024-05-12T07:33:43.780+0000] {processor.py:161} INFO - Started process (PID=516) to work on /home/airflow/.local/lib/python3.12/site-packages/airflow/example_dags/example_display_name.py
[2024-05-12T07:33:43.782+0000] {processor.py:830} INFO - Processing file /home/airflow/.local/lib/python3.12/site-packages/airflow/example_dags/example_display_name.py for tasks to queue
[2024-05-12T07:33:43.784+0000] {logging_mixin.py:188} INFO - [2024-05-12T07:33:43.784+0000] {dagbag.py:540} INFO - Filling up the DagBag from /home/airflow/.local/lib/python3.12/site-packages/airflow/example_dags/example_display_name.py
[2024-05-12T07:33:43.790+0000] {processor.py:840} INFO - DAG(s) 'example_display_name' retrieved from /home/airflow/.local/lib/python3.12/site-packages/airflow/example_dags/example_display_name.py
[2024-05-12T07:33:43.813+0000] {logging_mixin.py:188} INFO - [2024-05-12T07:33:43.813+0000] {dag.py:3096} INFO - Sync 1 DAGs
[2024-05-12T07:33:43.826+0000] {logging_mixin.py:188} INFO - [2024-05-12T07:33:43.826+0000] {dag.py:3954} INFO - Setting next_dagrun for example_display_name to None, run_after=None
[2024-05-12T07:33:43.849+0000] {processor.py:183} INFO - Processing /home/airflow/.local/lib/python3.12/site-packages/airflow/example_dags/example_display_name.py took 0.075 seconds
[2024-05-12T07:34:14.016+0000] {processor.py:161} INFO - Started process (PID=583) to work on /home/airflow/.local/lib/python3.12/site-packages/airflow/example_dags/example_display_name.py
[2024-05-12T07:34:14.017+0000] {processor.py:830} INFO - Processing file /home/airflow/.local/lib/python3.12/site-packages/airflow/example_dags/example_display_name.py for tasks to queue
[2024-05-12T07:34:14.020+0000] {logging_mixin.py:188} INFO - [2024-05-12T07:34:14.019+0000] {dagbag.py:540} INFO - Filling up the DagBag from /home/airflow/.local/lib/python3.12/site-packages/airflow/example_dags/example_display_name.py
[2024-05-12T07:34:14.026+0000] {processor.py:840} INFO - DAG(s) 'example_display_name' retrieved from /home/airflow/.local/lib/python3.12/site-packages/airflow/example_dags/example_display_name.py
[2024-05-12T07:34:14.047+0000] {logging_mixin.py:188} INFO - [2024-05-12T07:34:14.046+0000] {dag.py:3096} INFO - Sync 1 DAGs
[2024-05-12T07:34:14.065+0000] {logging_mixin.py:188} INFO - [2024-05-12T07:34:14.065+0000] {dag.py:3954} INFO - Setting next_dagrun for example_display_name to None, run_after=None
[2024-05-12T07:34:14.097+0000] {processor.py:183} INFO - Processing /home/airflow/.local/lib/python3.12/site-packages/airflow/example_dags/example_display_name.py took 0.087 seconds
[2024-05-12T07:34:44.435+0000] {processor.py:161} INFO - Started process (PID=650) to work on /home/airflow/.local/lib/python3.12/site-packages/airflow/example_dags/example_display_name.py
[2024-05-12T07:34:44.437+0000] {processor.py:830} INFO - Processing file /home/airflow/.local/lib/python3.12/site-packages/airflow/example_dags/example_display_name.py for tasks to queue
[2024-05-12T07:34:44.439+0000] {logging_mixin.py:188} INFO - [2024-05-12T07:34:44.439+0000] {dagbag.py:540} INFO - Filling up the DagBag from /home/airflow/.local/lib/python3.12/site-packages/airflow/example_dags/example_display_name.py
[2024-05-12T07:34:44.446+0000] {processor.py:840} INFO - DAG(s) 'example_display_name' retrieved from /home/airflow/.local/lib/python3.12/site-packages/airflow/example_dags/example_display_name.py
[2024-05-12T07:34:44.471+0000] {logging_mixin.py:188} INFO - [2024-05-12T07:34:44.470+0000] {dag.py:3096} INFO - Sync 1 DAGs
[2024-05-12T07:34:44.483+0000] {logging_mixin.py:188} INFO - [2024-05-12T07:34:44.483+0000] {dag.py:3954} INFO - Setting next_dagrun for example_display_name to None, run_after=None
[2024-05-12T07:34:44.503+0000] {processor.py:183} INFO - Processing /home/airflow/.local/lib/python3.12/site-packages/airflow/example_dags/example_display_name.py took 0.076 seconds
[2024-05-12T07:35:14.910+0000] {processor.py:161} INFO - Started process (PID=717) to work on /home/airflow/.local/lib/python3.12/site-packages/airflow/example_dags/example_display_name.py
[2024-05-12T07:35:14.912+0000] {processor.py:830} INFO - Processing file /home/airflow/.local/lib/python3.12/site-packages/airflow/example_dags/example_display_name.py for tasks to queue
[2024-05-12T07:35:14.914+0000] {logging_mixin.py:188} INFO - [2024-05-12T07:35:14.914+0000] {dagbag.py:540} INFO - Filling up the DagBag from /home/airflow/.local/lib/python3.12/site-packages/airflow/example_dags/example_display_name.py
[2024-05-12T07:35:14.922+0000] {processor.py:840} INFO - DAG(s) 'example_display_name' retrieved from /home/airflow/.local/lib/python3.12/site-packages/airflow/example_dags/example_display_name.py
[2024-05-12T07:35:14.956+0000] {logging_mixin.py:188} INFO - [2024-05-12T07:35:14.956+0000] {dag.py:3096} INFO - Sync 1 DAGs
[2024-05-12T07:35:14.979+0000] {logging_mixin.py:188} INFO - [2024-05-12T07:35:14.978+0000] {dag.py:3954} INFO - Setting next_dagrun for example_display_name to None, run_after=None
[2024-05-12T07:35:15.012+0000] {processor.py:183} INFO - Processing /home/airflow/.local/lib/python3.12/site-packages/airflow/example_dags/example_display_name.py took 0.109 seconds
[2024-05-12T07:35:45.552+0000] {processor.py:161} INFO - Started process (PID=784) to work on /home/airflow/.local/lib/python3.12/site-packages/airflow/example_dags/example_display_name.py
[2024-05-12T07:35:45.554+0000] {processor.py:830} INFO - Processing file /home/airflow/.local/lib/python3.12/site-packages/airflow/example_dags/example_display_name.py for tasks to queue
[2024-05-12T07:35:45.557+0000] {logging_mixin.py:188} INFO - [2024-05-12T07:35:45.556+0000] {dagbag.py:540} INFO - Filling up the DagBag from /home/airflow/.local/lib/python3.12/site-packages/airflow/example_dags/example_display_name.py
[2024-05-12T07:35:45.567+0000] {processor.py:840} INFO - DAG(s) 'example_display_name' retrieved from /home/airflow/.local/lib/python3.12/site-packages/airflow/example_dags/example_display_name.py
[2024-05-12T07:35:45.607+0000] {logging_mixin.py:188} INFO - [2024-05-12T07:35:45.606+0000] {dag.py:3096} INFO - Sync 1 DAGs
[2024-05-12T07:35:45.625+0000] {logging_mixin.py:188} INFO - [2024-05-12T07:35:45.625+0000] {dag.py:3954} INFO - Setting next_dagrun for example_display_name to None, run_after=None
[2024-05-12T07:35:45.663+0000] {processor.py:183} INFO - Processing /home/airflow/.local/lib/python3.12/site-packages/airflow/example_dags/example_display_name.py took 0.124 seconds
[2024-05-12T07:36:15.913+0000] {processor.py:161} INFO - Started process (PID=851) to work on /home/airflow/.local/lib/python3.12/site-packages/airflow/example_dags/example_display_name.py
[2024-05-12T07:36:15.915+0000] {processor.py:830} INFO - Processing file /home/airflow/.local/lib/python3.12/site-packages/airflow/example_dags/example_display_name.py for tasks to queue
[2024-05-12T07:36:15.918+0000] {logging_mixin.py:188} INFO - [2024-05-12T07:36:15.917+0000] {dagbag.py:540} INFO - Filling up the DagBag from /home/airflow/.local/lib/python3.12/site-packages/airflow/example_dags/example_display_name.py
[2024-05-12T07:36:15.937+0000] {processor.py:840} INFO - DAG(s) 'example_display_name' retrieved from /home/airflow/.local/lib/python3.12/site-packages/airflow/example_dags/example_display_name.py
[2024-05-12T07:36:15.991+0000] {logging_mixin.py:188} INFO - [2024-05-12T07:36:15.990+0000] {dag.py:3096} INFO - Sync 1 DAGs
[2024-05-12T07:36:16.016+0000] {logging_mixin.py:188} INFO - [2024-05-12T07:36:16.016+0000] {dag.py:3954} INFO - Setting next_dagrun for example_display_name to None, run_after=None
[2024-05-12T07:36:16.056+0000] {processor.py:183} INFO - Processing /home/airflow/.local/lib/python3.12/site-packages/airflow/example_dags/example_display_name.py took 0.159 seconds
[2024-05-12T07:36:46.197+0000] {processor.py:161} INFO - Started process (PID=918) to work on /home/airflow/.local/lib/python3.12/site-packages/airflow/example_dags/example_display_name.py
[2024-05-12T07:36:46.198+0000] {processor.py:830} INFO - Processing file /home/airflow/.local/lib/python3.12/site-packages/airflow/example_dags/example_display_name.py for tasks to queue
[2024-05-12T07:36:46.202+0000] {logging_mixin.py:188} INFO - [2024-05-12T07:36:46.202+0000] {dagbag.py:540} INFO - Filling up the DagBag from /home/airflow/.local/lib/python3.12/site-packages/airflow/example_dags/example_display_name.py
[2024-05-12T07:36:46.211+0000] {processor.py:840} INFO - DAG(s) 'example_display_name' retrieved from /home/airflow/.local/lib/python3.12/site-packages/airflow/example_dags/example_display_name.py
[2024-05-12T07:36:46.247+0000] {logging_mixin.py:188} INFO - [2024-05-12T07:36:46.247+0000] {dag.py:3096} INFO - Sync 1 DAGs
[2024-05-12T07:36:46.269+0000] {logging_mixin.py:188} INFO - [2024-05-12T07:36:46.269+0000] {dag.py:3954} INFO - Setting next_dagrun for example_display_name to None, run_after=None
[2024-05-12T07:36:46.307+0000] {processor.py:183} INFO - Processing /home/airflow/.local/lib/python3.12/site-packages/airflow/example_dags/example_display_name.py took 0.124 seconds
