[2024-05-12T06:27:30.601+0000] {processor.py:161} INFO - Started process (PID=82) to work on /home/airflow/.local/lib/python3.12/site-packages/airflow/example_dags/example_nested_branch_dag.py
[2024-05-12T06:27:30.602+0000] {processor.py:830} INFO - Processing file /home/airflow/.local/lib/python3.12/site-packages/airflow/example_dags/example_nested_branch_dag.py for tasks to queue
[2024-05-12T06:27:30.605+0000] {logging_mixin.py:188} INFO - [2024-05-12T06:27:30.605+0000] {dagbag.py:540} INFO - Filling up the DagBag from /home/airflow/.local/lib/python3.12/site-packages/airflow/example_dags/example_nested_branch_dag.py
[2024-05-12T06:27:30.616+0000] {processor.py:840} INFO - DAG(s) 'example_nested_branch_dag' retrieved from /home/airflow/.local/lib/python3.12/site-packages/airflow/example_dags/example_nested_branch_dag.py
[2024-05-12T06:27:30.646+0000] {logging_mixin.py:188} INFO - [2024-05-12T06:27:30.645+0000] {dag.py:3096} INFO - Sync 1 DAGs
[2024-05-12T06:27:30.674+0000] {logging_mixin.py:188} INFO - [2024-05-12T06:27:30.673+0000] {dag.py:3954} INFO - Setting next_dagrun for example_nested_branch_dag to 2024-05-11 00:00:00+00:00, run_after=2024-05-12 00:00:00+00:00
[2024-05-12T06:27:30.702+0000] {processor.py:183} INFO - Processing /home/airflow/.local/lib/python3.12/site-packages/airflow/example_dags/example_nested_branch_dag.py took 0.107 seconds
[2024-05-12T07:30:14.292+0000] {processor.py:161} INFO - Started process (PID=88) to work on /home/airflow/.local/lib/python3.12/site-packages/airflow/example_dags/example_nested_branch_dag.py
[2024-05-12T07:30:14.300+0000] {processor.py:830} INFO - Processing file /home/airflow/.local/lib/python3.12/site-packages/airflow/example_dags/example_nested_branch_dag.py for tasks to queue
[2024-05-12T07:30:14.304+0000] {logging_mixin.py:188} INFO - [2024-05-12T07:30:14.303+0000] {dagbag.py:540} INFO - Filling up the DagBag from /home/airflow/.local/lib/python3.12/site-packages/airflow/example_dags/example_nested_branch_dag.py
[2024-05-12T07:30:14.320+0000] {processor.py:840} INFO - DAG(s) 'example_nested_branch_dag' retrieved from /home/airflow/.local/lib/python3.12/site-packages/airflow/example_dags/example_nested_branch_dag.py
[2024-05-12T07:30:14.550+0000] {logging_mixin.py:188} INFO - [2024-05-12T07:30:14.550+0000] {dag.py:3096} INFO - Sync 1 DAGs
[2024-05-12T07:30:14.584+0000] {logging_mixin.py:188} INFO - [2024-05-12T07:30:14.584+0000] {dag.py:3954} INFO - Setting next_dagrun for example_nested_branch_dag to 2024-05-11 00:00:00+00:00, run_after=2024-05-12 00:00:00+00:00
[2024-05-12T07:30:14.613+0000] {processor.py:183} INFO - Processing /home/airflow/.local/lib/python3.12/site-packages/airflow/example_dags/example_nested_branch_dag.py took 0.328 seconds
[2024-05-12T07:30:44.968+0000] {processor.py:161} INFO - Started process (PID=155) to work on /home/airflow/.local/lib/python3.12/site-packages/airflow/example_dags/example_nested_branch_dag.py
[2024-05-12T07:30:44.971+0000] {processor.py:830} INFO - Processing file /home/airflow/.local/lib/python3.12/site-packages/airflow/example_dags/example_nested_branch_dag.py for tasks to queue
[2024-05-12T07:30:44.974+0000] {logging_mixin.py:188} INFO - [2024-05-12T07:30:44.974+0000] {dagbag.py:540} INFO - Filling up the DagBag from /home/airflow/.local/lib/python3.12/site-packages/airflow/example_dags/example_nested_branch_dag.py
[2024-05-12T07:30:45.000+0000] {processor.py:840} INFO - DAG(s) 'example_nested_branch_dag' retrieved from /home/airflow/.local/lib/python3.12/site-packages/airflow/example_dags/example_nested_branch_dag.py
[2024-05-12T07:30:45.048+0000] {logging_mixin.py:188} INFO - [2024-05-12T07:30:45.048+0000] {dag.py:3096} INFO - Sync 1 DAGs
[2024-05-12T07:30:45.108+0000] {logging_mixin.py:188} INFO - [2024-05-12T07:30:45.107+0000] {dag.py:3954} INFO - Setting next_dagrun for example_nested_branch_dag to 2024-05-11 00:00:00+00:00, run_after=2024-05-12 00:00:00+00:00
[2024-05-12T07:30:45.155+0000] {processor.py:183} INFO - Processing /home/airflow/.local/lib/python3.12/site-packages/airflow/example_dags/example_nested_branch_dag.py took 0.201 seconds
[2024-05-12T07:31:16.070+0000] {processor.py:161} INFO - Started process (PID=222) to work on /home/airflow/.local/lib/python3.12/site-packages/airflow/example_dags/example_nested_branch_dag.py
[2024-05-12T07:31:16.071+0000] {processor.py:830} INFO - Processing file /home/airflow/.local/lib/python3.12/site-packages/airflow/example_dags/example_nested_branch_dag.py for tasks to queue
[2024-05-12T07:31:16.074+0000] {logging_mixin.py:188} INFO - [2024-05-12T07:31:16.073+0000] {dagbag.py:540} INFO - Filling up the DagBag from /home/airflow/.local/lib/python3.12/site-packages/airflow/example_dags/example_nested_branch_dag.py
[2024-05-12T07:31:16.088+0000] {processor.py:840} INFO - DAG(s) 'example_nested_branch_dag' retrieved from /home/airflow/.local/lib/python3.12/site-packages/airflow/example_dags/example_nested_branch_dag.py
[2024-05-12T07:31:16.105+0000] {logging_mixin.py:188} INFO - [2024-05-12T07:31:16.105+0000] {dag.py:3096} INFO - Sync 1 DAGs
[2024-05-12T07:31:16.140+0000] {logging_mixin.py:188} INFO - [2024-05-12T07:31:16.139+0000] {dag.py:3954} INFO - Setting next_dagrun for example_nested_branch_dag to 2024-05-11 00:00:00+00:00, run_after=2024-05-12 00:00:00+00:00
[2024-05-12T07:31:16.171+0000] {processor.py:183} INFO - Processing /home/airflow/.local/lib/python3.12/site-packages/airflow/example_dags/example_nested_branch_dag.py took 0.109 seconds
[2024-05-12T07:31:46.513+0000] {processor.py:161} INFO - Started process (PID=288) to work on /home/airflow/.local/lib/python3.12/site-packages/airflow/example_dags/example_nested_branch_dag.py
[2024-05-12T07:31:46.515+0000] {processor.py:830} INFO - Processing file /home/airflow/.local/lib/python3.12/site-packages/airflow/example_dags/example_nested_branch_dag.py for tasks to queue
[2024-05-12T07:31:46.517+0000] {logging_mixin.py:188} INFO - [2024-05-12T07:31:46.517+0000] {dagbag.py:540} INFO - Filling up the DagBag from /home/airflow/.local/lib/python3.12/site-packages/airflow/example_dags/example_nested_branch_dag.py
[2024-05-12T07:31:46.531+0000] {processor.py:840} INFO - DAG(s) 'example_nested_branch_dag' retrieved from /home/airflow/.local/lib/python3.12/site-packages/airflow/example_dags/example_nested_branch_dag.py
[2024-05-12T07:31:46.548+0000] {logging_mixin.py:188} INFO - [2024-05-12T07:31:46.547+0000] {dag.py:3096} INFO - Sync 1 DAGs
[2024-05-12T07:31:46.584+0000] {logging_mixin.py:188} INFO - [2024-05-12T07:31:46.584+0000] {dag.py:3954} INFO - Setting next_dagrun for example_nested_branch_dag to 2024-05-11 00:00:00+00:00, run_after=2024-05-12 00:00:00+00:00
[2024-05-12T07:31:46.609+0000] {processor.py:183} INFO - Processing /home/airflow/.local/lib/python3.12/site-packages/airflow/example_dags/example_nested_branch_dag.py took 0.105 seconds
[2024-05-12T07:32:17.873+0000] {processor.py:161} INFO - Started process (PID=355) to work on /home/airflow/.local/lib/python3.12/site-packages/airflow/example_dags/example_nested_branch_dag.py
[2024-05-12T07:32:17.874+0000] {processor.py:830} INFO - Processing file /home/airflow/.local/lib/python3.12/site-packages/airflow/example_dags/example_nested_branch_dag.py for tasks to queue
[2024-05-12T07:32:17.877+0000] {logging_mixin.py:188} INFO - [2024-05-12T07:32:17.876+0000] {dagbag.py:540} INFO - Filling up the DagBag from /home/airflow/.local/lib/python3.12/site-packages/airflow/example_dags/example_nested_branch_dag.py
[2024-05-12T07:32:17.893+0000] {processor.py:840} INFO - DAG(s) 'example_nested_branch_dag' retrieved from /home/airflow/.local/lib/python3.12/site-packages/airflow/example_dags/example_nested_branch_dag.py
[2024-05-12T07:32:18.050+0000] {logging_mixin.py:188} INFO - [2024-05-12T07:32:18.050+0000] {dag.py:3096} INFO - Sync 1 DAGs
[2024-05-12T07:32:18.079+0000] {logging_mixin.py:188} INFO - [2024-05-12T07:32:18.079+0000] {dag.py:3954} INFO - Setting next_dagrun for example_nested_branch_dag to 2024-05-11 00:00:00+00:00, run_after=2024-05-12 00:00:00+00:00
[2024-05-12T07:32:18.108+0000] {processor.py:183} INFO - Processing /home/airflow/.local/lib/python3.12/site-packages/airflow/example_dags/example_nested_branch_dag.py took 0.244 seconds
[2024-05-12T07:32:48.342+0000] {processor.py:161} INFO - Started process (PID=422) to work on /home/airflow/.local/lib/python3.12/site-packages/airflow/example_dags/example_nested_branch_dag.py
[2024-05-12T07:32:48.344+0000] {processor.py:830} INFO - Processing file /home/airflow/.local/lib/python3.12/site-packages/airflow/example_dags/example_nested_branch_dag.py for tasks to queue
[2024-05-12T07:32:48.348+0000] {logging_mixin.py:188} INFO - [2024-05-12T07:32:48.347+0000] {dagbag.py:540} INFO - Filling up the DagBag from /home/airflow/.local/lib/python3.12/site-packages/airflow/example_dags/example_nested_branch_dag.py
[2024-05-12T07:32:48.371+0000] {processor.py:840} INFO - DAG(s) 'example_nested_branch_dag' retrieved from /home/airflow/.local/lib/python3.12/site-packages/airflow/example_dags/example_nested_branch_dag.py
[2024-05-12T07:32:48.415+0000] {logging_mixin.py:188} INFO - [2024-05-12T07:32:48.414+0000] {dag.py:3096} INFO - Sync 1 DAGs
[2024-05-12T07:32:48.472+0000] {logging_mixin.py:188} INFO - [2024-05-12T07:32:48.471+0000] {dag.py:3954} INFO - Setting next_dagrun for example_nested_branch_dag to 2024-05-11 00:00:00+00:00, run_after=2024-05-12 00:00:00+00:00
[2024-05-12T07:32:48.523+0000] {processor.py:183} INFO - Processing /home/airflow/.local/lib/python3.12/site-packages/airflow/example_dags/example_nested_branch_dag.py took 0.194 seconds
[2024-05-12T07:33:24.575+0000] {processor.py:161} INFO - Started process (PID=495) to work on /home/airflow/.local/lib/python3.12/site-packages/airflow/example_dags/example_nested_branch_dag.py
[2024-05-12T07:33:24.577+0000] {processor.py:830} INFO - Processing file /home/airflow/.local/lib/python3.12/site-packages/airflow/example_dags/example_nested_branch_dag.py for tasks to queue
[2024-05-12T07:33:24.583+0000] {logging_mixin.py:188} INFO - [2024-05-12T07:33:24.582+0000] {dagbag.py:540} INFO - Filling up the DagBag from /home/airflow/.local/lib/python3.12/site-packages/airflow/example_dags/example_nested_branch_dag.py
[2024-05-12T07:33:24.617+0000] {processor.py:840} INFO - DAG(s) 'example_nested_branch_dag' retrieved from /home/airflow/.local/lib/python3.12/site-packages/airflow/example_dags/example_nested_branch_dag.py
[2024-05-12T07:33:24.709+0000] {logging_mixin.py:188} INFO - [2024-05-12T07:33:24.709+0000] {dag.py:3096} INFO - Sync 1 DAGs
[2024-05-12T07:33:24.801+0000] {logging_mixin.py:188} INFO - [2024-05-12T07:33:24.801+0000] {dag.py:3954} INFO - Setting next_dagrun for example_nested_branch_dag to 2024-05-11 00:00:00+00:00, run_after=2024-05-12 00:00:00+00:00
[2024-05-12T07:33:24.873+0000] {processor.py:183} INFO - Processing /home/airflow/.local/lib/python3.12/site-packages/airflow/example_dags/example_nested_branch_dag.py took 0.323 seconds
[2024-05-12T07:33:55.057+0000] {processor.py:161} INFO - Started process (PID=562) to work on /home/airflow/.local/lib/python3.12/site-packages/airflow/example_dags/example_nested_branch_dag.py
[2024-05-12T07:33:55.059+0000] {processor.py:830} INFO - Processing file /home/airflow/.local/lib/python3.12/site-packages/airflow/example_dags/example_nested_branch_dag.py for tasks to queue
[2024-05-12T07:33:55.063+0000] {logging_mixin.py:188} INFO - [2024-05-12T07:33:55.062+0000] {dagbag.py:540} INFO - Filling up the DagBag from /home/airflow/.local/lib/python3.12/site-packages/airflow/example_dags/example_nested_branch_dag.py
[2024-05-12T07:33:55.081+0000] {processor.py:840} INFO - DAG(s) 'example_nested_branch_dag' retrieved from /home/airflow/.local/lib/python3.12/site-packages/airflow/example_dags/example_nested_branch_dag.py
[2024-05-12T07:33:55.129+0000] {logging_mixin.py:188} INFO - [2024-05-12T07:33:55.129+0000] {dag.py:3096} INFO - Sync 1 DAGs
[2024-05-12T07:33:55.180+0000] {logging_mixin.py:188} INFO - [2024-05-12T07:33:55.180+0000] {dag.py:3954} INFO - Setting next_dagrun for example_nested_branch_dag to 2024-05-11 00:00:00+00:00, run_after=2024-05-12 00:00:00+00:00
[2024-05-12T07:33:55.224+0000] {processor.py:183} INFO - Processing /home/airflow/.local/lib/python3.12/site-packages/airflow/example_dags/example_nested_branch_dag.py took 0.178 seconds
[2024-05-12T07:34:27.580+0000] {processor.py:161} INFO - Started process (PID=629) to work on /home/airflow/.local/lib/python3.12/site-packages/airflow/example_dags/example_nested_branch_dag.py
[2024-05-12T07:34:27.582+0000] {processor.py:830} INFO - Processing file /home/airflow/.local/lib/python3.12/site-packages/airflow/example_dags/example_nested_branch_dag.py for tasks to queue
[2024-05-12T07:34:27.586+0000] {logging_mixin.py:188} INFO - [2024-05-12T07:34:27.585+0000] {dagbag.py:540} INFO - Filling up the DagBag from /home/airflow/.local/lib/python3.12/site-packages/airflow/example_dags/example_nested_branch_dag.py
[2024-05-12T07:34:27.608+0000] {processor.py:840} INFO - DAG(s) 'example_nested_branch_dag' retrieved from /home/airflow/.local/lib/python3.12/site-packages/airflow/example_dags/example_nested_branch_dag.py
[2024-05-12T07:34:27.655+0000] {logging_mixin.py:188} INFO - [2024-05-12T07:34:27.655+0000] {dag.py:3096} INFO - Sync 1 DAGs
[2024-05-12T07:34:27.707+0000] {logging_mixin.py:188} INFO - [2024-05-12T07:34:27.707+0000] {dag.py:3954} INFO - Setting next_dagrun for example_nested_branch_dag to 2024-05-11 00:00:00+00:00, run_after=2024-05-12 00:00:00+00:00
[2024-05-12T07:34:27.768+0000] {processor.py:183} INFO - Processing /home/airflow/.local/lib/python3.12/site-packages/airflow/example_dags/example_nested_branch_dag.py took 0.202 seconds
[2024-05-12T07:34:58.782+0000] {processor.py:161} INFO - Started process (PID=695) to work on /home/airflow/.local/lib/python3.12/site-packages/airflow/example_dags/example_nested_branch_dag.py
[2024-05-12T07:34:58.783+0000] {processor.py:830} INFO - Processing file /home/airflow/.local/lib/python3.12/site-packages/airflow/example_dags/example_nested_branch_dag.py for tasks to queue
[2024-05-12T07:34:58.785+0000] {logging_mixin.py:188} INFO - [2024-05-12T07:34:58.785+0000] {dagbag.py:540} INFO - Filling up the DagBag from /home/airflow/.local/lib/python3.12/site-packages/airflow/example_dags/example_nested_branch_dag.py
[2024-05-12T07:34:58.799+0000] {processor.py:840} INFO - DAG(s) 'example_nested_branch_dag' retrieved from /home/airflow/.local/lib/python3.12/site-packages/airflow/example_dags/example_nested_branch_dag.py
[2024-05-12T07:34:58.830+0000] {logging_mixin.py:188} INFO - [2024-05-12T07:34:58.830+0000] {dag.py:3096} INFO - Sync 1 DAGs
[2024-05-12T07:34:58.872+0000] {logging_mixin.py:188} INFO - [2024-05-12T07:34:58.872+0000] {dag.py:3954} INFO - Setting next_dagrun for example_nested_branch_dag to 2024-05-11 00:00:00+00:00, run_after=2024-05-12 00:00:00+00:00
[2024-05-12T07:34:58.903+0000] {processor.py:183} INFO - Processing /home/airflow/.local/lib/python3.12/site-packages/airflow/example_dags/example_nested_branch_dag.py took 0.129 seconds
[2024-05-12T07:35:29.307+0000] {processor.py:161} INFO - Started process (PID=760) to work on /home/airflow/.local/lib/python3.12/site-packages/airflow/example_dags/example_nested_branch_dag.py
[2024-05-12T07:35:29.308+0000] {processor.py:830} INFO - Processing file /home/airflow/.local/lib/python3.12/site-packages/airflow/example_dags/example_nested_branch_dag.py for tasks to queue
[2024-05-12T07:35:29.310+0000] {logging_mixin.py:188} INFO - [2024-05-12T07:35:29.310+0000] {dagbag.py:540} INFO - Filling up the DagBag from /home/airflow/.local/lib/python3.12/site-packages/airflow/example_dags/example_nested_branch_dag.py
[2024-05-12T07:35:29.324+0000] {processor.py:840} INFO - DAG(s) 'example_nested_branch_dag' retrieved from /home/airflow/.local/lib/python3.12/site-packages/airflow/example_dags/example_nested_branch_dag.py
[2024-05-12T07:35:29.355+0000] {logging_mixin.py:188} INFO - [2024-05-12T07:35:29.355+0000] {dag.py:3096} INFO - Sync 1 DAGs
[2024-05-12T07:35:29.386+0000] {logging_mixin.py:188} INFO - [2024-05-12T07:35:29.386+0000] {dag.py:3954} INFO - Setting next_dagrun for example_nested_branch_dag to 2024-05-11 00:00:00+00:00, run_after=2024-05-12 00:00:00+00:00
[2024-05-12T07:35:29.416+0000] {processor.py:183} INFO - Processing /home/airflow/.local/lib/python3.12/site-packages/airflow/example_dags/example_nested_branch_dag.py took 0.120 seconds
[2024-05-12T07:35:59.738+0000] {processor.py:161} INFO - Started process (PID=827) to work on /home/airflow/.local/lib/python3.12/site-packages/airflow/example_dags/example_nested_branch_dag.py
[2024-05-12T07:35:59.739+0000] {processor.py:830} INFO - Processing file /home/airflow/.local/lib/python3.12/site-packages/airflow/example_dags/example_nested_branch_dag.py for tasks to queue
[2024-05-12T07:35:59.741+0000] {logging_mixin.py:188} INFO - [2024-05-12T07:35:59.741+0000] {dagbag.py:540} INFO - Filling up the DagBag from /home/airflow/.local/lib/python3.12/site-packages/airflow/example_dags/example_nested_branch_dag.py
[2024-05-12T07:35:59.751+0000] {processor.py:840} INFO - DAG(s) 'example_nested_branch_dag' retrieved from /home/airflow/.local/lib/python3.12/site-packages/airflow/example_dags/example_nested_branch_dag.py
[2024-05-12T07:35:59.773+0000] {logging_mixin.py:188} INFO - [2024-05-12T07:35:59.773+0000] {dag.py:3096} INFO - Sync 1 DAGs
[2024-05-12T07:35:59.795+0000] {logging_mixin.py:188} INFO - [2024-05-12T07:35:59.795+0000] {dag.py:3954} INFO - Setting next_dagrun for example_nested_branch_dag to 2024-05-11 00:00:00+00:00, run_after=2024-05-12 00:00:00+00:00
[2024-05-12T07:35:59.822+0000] {processor.py:183} INFO - Processing /home/airflow/.local/lib/python3.12/site-packages/airflow/example_dags/example_nested_branch_dag.py took 0.090 seconds
[2024-05-12T07:36:30.191+0000] {processor.py:161} INFO - Started process (PID=894) to work on /home/airflow/.local/lib/python3.12/site-packages/airflow/example_dags/example_nested_branch_dag.py
[2024-05-12T07:36:30.192+0000] {processor.py:830} INFO - Processing file /home/airflow/.local/lib/python3.12/site-packages/airflow/example_dags/example_nested_branch_dag.py for tasks to queue
[2024-05-12T07:36:30.195+0000] {logging_mixin.py:188} INFO - [2024-05-12T07:36:30.194+0000] {dagbag.py:540} INFO - Filling up the DagBag from /home/airflow/.local/lib/python3.12/site-packages/airflow/example_dags/example_nested_branch_dag.py
[2024-05-12T07:36:30.211+0000] {processor.py:840} INFO - DAG(s) 'example_nested_branch_dag' retrieved from /home/airflow/.local/lib/python3.12/site-packages/airflow/example_dags/example_nested_branch_dag.py
[2024-05-12T07:36:30.245+0000] {logging_mixin.py:188} INFO - [2024-05-12T07:36:30.245+0000] {dag.py:3096} INFO - Sync 1 DAGs
[2024-05-12T07:36:30.288+0000] {logging_mixin.py:188} INFO - [2024-05-12T07:36:30.287+0000] {dag.py:3954} INFO - Setting next_dagrun for example_nested_branch_dag to 2024-05-11 00:00:00+00:00, run_after=2024-05-12 00:00:00+00:00
[2024-05-12T07:36:30.317+0000] {processor.py:183} INFO - Processing /home/airflow/.local/lib/python3.12/site-packages/airflow/example_dags/example_nested_branch_dag.py took 0.135 seconds
[2024-05-12T07:37:02.016+0000] {processor.py:161} INFO - Started process (PID=961) to work on /home/airflow/.local/lib/python3.12/site-packages/airflow/example_dags/example_nested_branch_dag.py
[2024-05-12T07:37:02.017+0000] {processor.py:830} INFO - Processing file /home/airflow/.local/lib/python3.12/site-packages/airflow/example_dags/example_nested_branch_dag.py for tasks to queue
[2024-05-12T07:37:02.020+0000] {logging_mixin.py:188} INFO - [2024-05-12T07:37:02.020+0000] {dagbag.py:540} INFO - Filling up the DagBag from /home/airflow/.local/lib/python3.12/site-packages/airflow/example_dags/example_nested_branch_dag.py
[2024-05-12T07:37:02.038+0000] {processor.py:840} INFO - DAG(s) 'example_nested_branch_dag' retrieved from /home/airflow/.local/lib/python3.12/site-packages/airflow/example_dags/example_nested_branch_dag.py
[2024-05-12T07:37:02.074+0000] {logging_mixin.py:188} INFO - [2024-05-12T07:37:02.074+0000] {dag.py:3096} INFO - Sync 1 DAGs
[2024-05-12T07:37:02.117+0000] {logging_mixin.py:188} INFO - [2024-05-12T07:37:02.117+0000] {dag.py:3954} INFO - Setting next_dagrun for example_nested_branch_dag to 2024-05-11 00:00:00+00:00, run_after=2024-05-12 00:00:00+00:00
[2024-05-12T07:37:02.146+0000] {processor.py:183} INFO - Processing /home/airflow/.local/lib/python3.12/site-packages/airflow/example_dags/example_nested_branch_dag.py took 0.141 seconds
