[2024-05-12T06:27:29.068+0000] {processor.py:161} INFO - Started process (PID=70) to work on /home/airflow/.local/lib/python3.12/site-packages/airflow/example_dags/example_branch_python_dop_operator_3.py
[2024-05-12T06:27:29.070+0000] {processor.py:830} INFO - Processing file /home/airflow/.local/lib/python3.12/site-packages/airflow/example_dags/example_branch_python_dop_operator_3.py for tasks to queue
[2024-05-12T06:27:29.072+0000] {logging_mixin.py:188} INFO - [2024-05-12T06:27:29.072+0000] {dagbag.py:540} INFO - Filling up the DagBag from /home/airflow/.local/lib/python3.12/site-packages/airflow/example_dags/example_branch_python_dop_operator_3.py
[2024-05-12T06:27:29.083+0000] {processor.py:840} INFO - DAG(s) 'example_branch_dop_operator_v3' retrieved from /home/airflow/.local/lib/python3.12/site-packages/airflow/example_dags/example_branch_python_dop_operator_3.py
[2024-05-12T06:27:29.108+0000] {logging_mixin.py:188} INFO - [2024-05-12T06:27:29.108+0000] {dag.py:3096} INFO - Sync 1 DAGs
[2024-05-12T06:27:29.153+0000] {logging_mixin.py:188} INFO - [2024-05-12T06:27:29.153+0000] {dag.py:3954} INFO - Setting next_dagrun for example_branch_dop_operator_v3 to 2024-05-12 06:26:00+00:00, run_after=2024-05-12 06:27:00+00:00
[2024-05-12T06:27:29.178+0000] {processor.py:183} INFO - Processing /home/airflow/.local/lib/python3.12/site-packages/airflow/example_dags/example_branch_python_dop_operator_3.py took 0.121 seconds
[2024-05-12T06:42:22.070+0000] {processor.py:161} INFO - Started process (PID=76) to work on /home/airflow/.local/lib/python3.12/site-packages/airflow/example_dags/example_branch_python_dop_operator_3.py
[2024-05-12T06:42:22.074+0000] {processor.py:830} INFO - Processing file /home/airflow/.local/lib/python3.12/site-packages/airflow/example_dags/example_branch_python_dop_operator_3.py for tasks to queue
[2024-05-12T06:42:22.078+0000] {logging_mixin.py:188} INFO - [2024-05-12T06:42:22.077+0000] {dagbag.py:540} INFO - Filling up the DagBag from /home/airflow/.local/lib/python3.12/site-packages/airflow/example_dags/example_branch_python_dop_operator_3.py
[2024-05-12T06:42:22.095+0000] {processor.py:840} INFO - DAG(s) 'example_branch_dop_operator_v3' retrieved from /home/airflow/.local/lib/python3.12/site-packages/airflow/example_dags/example_branch_python_dop_operator_3.py
[2024-05-12T06:42:22.117+0000] {logging_mixin.py:188} INFO - [2024-05-12T06:42:22.116+0000] {dag.py:3096} INFO - Sync 1 DAGs
[2024-05-12T06:42:22.193+0000] {logging_mixin.py:188} INFO - [2024-05-12T06:42:22.191+0000] {dag.py:3954} INFO - Setting next_dagrun for example_branch_dop_operator_v3 to 2024-05-12 06:41:00+00:00, run_after=2024-05-12 06:42:00+00:00
[2024-05-12T06:42:22.238+0000] {processor.py:183} INFO - Processing /home/airflow/.local/lib/python3.12/site-packages/airflow/example_dags/example_branch_python_dop_operator_3.py took 0.179 seconds
[2024-05-12T07:30:12.131+0000] {processor.py:161} INFO - Started process (PID=76) to work on /home/airflow/.local/lib/python3.12/site-packages/airflow/example_dags/example_branch_python_dop_operator_3.py
[2024-05-12T07:30:12.137+0000] {processor.py:830} INFO - Processing file /home/airflow/.local/lib/python3.12/site-packages/airflow/example_dags/example_branch_python_dop_operator_3.py for tasks to queue
[2024-05-12T07:30:12.140+0000] {logging_mixin.py:188} INFO - [2024-05-12T07:30:12.140+0000] {dagbag.py:540} INFO - Filling up the DagBag from /home/airflow/.local/lib/python3.12/site-packages/airflow/example_dags/example_branch_python_dop_operator_3.py
[2024-05-12T07:30:12.152+0000] {processor.py:840} INFO - DAG(s) 'example_branch_dop_operator_v3' retrieved from /home/airflow/.local/lib/python3.12/site-packages/airflow/example_dags/example_branch_python_dop_operator_3.py
[2024-05-12T07:30:12.290+0000] {logging_mixin.py:188} INFO - [2024-05-12T07:30:12.289+0000] {dag.py:3096} INFO - Sync 1 DAGs
[2024-05-12T07:30:12.321+0000] {logging_mixin.py:188} INFO - [2024-05-12T07:30:12.321+0000] {dag.py:3954} INFO - Setting next_dagrun for example_branch_dop_operator_v3 to 2024-05-12 07:29:00+00:00, run_after=2024-05-12 07:30:00+00:00
[2024-05-12T07:30:12.351+0000] {processor.py:183} INFO - Processing /home/airflow/.local/lib/python3.12/site-packages/airflow/example_dags/example_branch_python_dop_operator_3.py took 0.229 seconds
[2024-05-12T07:30:42.715+0000] {processor.py:161} INFO - Started process (PID=143) to work on /home/airflow/.local/lib/python3.12/site-packages/airflow/example_dags/example_branch_python_dop_operator_3.py
[2024-05-12T07:30:42.717+0000] {processor.py:830} INFO - Processing file /home/airflow/.local/lib/python3.12/site-packages/airflow/example_dags/example_branch_python_dop_operator_3.py for tasks to queue
[2024-05-12T07:30:42.722+0000] {logging_mixin.py:188} INFO - [2024-05-12T07:30:42.721+0000] {dagbag.py:540} INFO - Filling up the DagBag from /home/airflow/.local/lib/python3.12/site-packages/airflow/example_dags/example_branch_python_dop_operator_3.py
[2024-05-12T07:30:42.744+0000] {processor.py:840} INFO - DAG(s) 'example_branch_dop_operator_v3' retrieved from /home/airflow/.local/lib/python3.12/site-packages/airflow/example_dags/example_branch_python_dop_operator_3.py
[2024-05-12T07:30:42.793+0000] {logging_mixin.py:188} INFO - [2024-05-12T07:30:42.792+0000] {dag.py:3096} INFO - Sync 1 DAGs
[2024-05-12T07:30:42.873+0000] {logging_mixin.py:188} INFO - [2024-05-12T07:30:42.873+0000] {dag.py:3954} INFO - Setting next_dagrun for example_branch_dop_operator_v3 to 2024-05-12 07:29:00+00:00, run_after=2024-05-12 07:30:00+00:00
[2024-05-12T07:30:42.925+0000] {processor.py:183} INFO - Processing /home/airflow/.local/lib/python3.12/site-packages/airflow/example_dags/example_branch_python_dop_operator_3.py took 0.227 seconds
[2024-05-12T07:31:13.834+0000] {processor.py:161} INFO - Started process (PID=210) to work on /home/airflow/.local/lib/python3.12/site-packages/airflow/example_dags/example_branch_python_dop_operator_3.py
[2024-05-12T07:31:13.835+0000] {processor.py:830} INFO - Processing file /home/airflow/.local/lib/python3.12/site-packages/airflow/example_dags/example_branch_python_dop_operator_3.py for tasks to queue
[2024-05-12T07:31:13.837+0000] {logging_mixin.py:188} INFO - [2024-05-12T07:31:13.836+0000] {dagbag.py:540} INFO - Filling up the DagBag from /home/airflow/.local/lib/python3.12/site-packages/airflow/example_dags/example_branch_python_dop_operator_3.py
[2024-05-12T07:31:13.846+0000] {processor.py:840} INFO - DAG(s) 'example_branch_dop_operator_v3' retrieved from /home/airflow/.local/lib/python3.12/site-packages/airflow/example_dags/example_branch_python_dop_operator_3.py
[2024-05-12T07:31:13.860+0000] {logging_mixin.py:188} INFO - [2024-05-12T07:31:13.860+0000] {dag.py:3096} INFO - Sync 1 DAGs
[2024-05-12T07:31:13.900+0000] {logging_mixin.py:188} INFO - [2024-05-12T07:31:13.900+0000] {dag.py:3954} INFO - Setting next_dagrun for example_branch_dop_operator_v3 to 2024-05-12 07:30:00+00:00, run_after=2024-05-12 07:31:00+00:00
[2024-05-12T07:31:13.931+0000] {processor.py:183} INFO - Processing /home/airflow/.local/lib/python3.12/site-packages/airflow/example_dags/example_branch_python_dop_operator_3.py took 0.103 seconds
[2024-05-12T07:31:44.482+0000] {processor.py:161} INFO - Started process (PID=276) to work on /home/airflow/.local/lib/python3.12/site-packages/airflow/example_dags/example_branch_python_dop_operator_3.py
[2024-05-12T07:31:44.484+0000] {processor.py:830} INFO - Processing file /home/airflow/.local/lib/python3.12/site-packages/airflow/example_dags/example_branch_python_dop_operator_3.py for tasks to queue
[2024-05-12T07:31:44.486+0000] {logging_mixin.py:188} INFO - [2024-05-12T07:31:44.485+0000] {dagbag.py:540} INFO - Filling up the DagBag from /home/airflow/.local/lib/python3.12/site-packages/airflow/example_dags/example_branch_python_dop_operator_3.py
[2024-05-12T07:31:44.493+0000] {processor.py:840} INFO - DAG(s) 'example_branch_dop_operator_v3' retrieved from /home/airflow/.local/lib/python3.12/site-packages/airflow/example_dags/example_branch_python_dop_operator_3.py
[2024-05-12T07:31:44.508+0000] {logging_mixin.py:188} INFO - [2024-05-12T07:31:44.508+0000] {dag.py:3096} INFO - Sync 1 DAGs
[2024-05-12T07:31:44.538+0000] {logging_mixin.py:188} INFO - [2024-05-12T07:31:44.538+0000] {dag.py:3954} INFO - Setting next_dagrun for example_branch_dop_operator_v3 to 2024-05-12 07:30:00+00:00, run_after=2024-05-12 07:31:00+00:00
[2024-05-12T07:31:44.565+0000] {processor.py:183} INFO - Processing /home/airflow/.local/lib/python3.12/site-packages/airflow/example_dags/example_branch_python_dop_operator_3.py took 0.088 seconds
[2024-05-12T07:32:15.205+0000] {processor.py:161} INFO - Started process (PID=343) to work on /home/airflow/.local/lib/python3.12/site-packages/airflow/example_dags/example_branch_python_dop_operator_3.py
[2024-05-12T07:32:15.206+0000] {processor.py:830} INFO - Processing file /home/airflow/.local/lib/python3.12/site-packages/airflow/example_dags/example_branch_python_dop_operator_3.py for tasks to queue
[2024-05-12T07:32:15.209+0000] {logging_mixin.py:188} INFO - [2024-05-12T07:32:15.209+0000] {dagbag.py:540} INFO - Filling up the DagBag from /home/airflow/.local/lib/python3.12/site-packages/airflow/example_dags/example_branch_python_dop_operator_3.py
[2024-05-12T07:32:15.224+0000] {processor.py:840} INFO - DAG(s) 'example_branch_dop_operator_v3' retrieved from /home/airflow/.local/lib/python3.12/site-packages/airflow/example_dags/example_branch_python_dop_operator_3.py
[2024-05-12T07:32:15.475+0000] {logging_mixin.py:188} INFO - [2024-05-12T07:32:15.475+0000] {dag.py:3096} INFO - Sync 1 DAGs
[2024-05-12T07:32:15.536+0000] {logging_mixin.py:188} INFO - [2024-05-12T07:32:15.536+0000] {dag.py:3954} INFO - Setting next_dagrun for example_branch_dop_operator_v3 to 2024-05-12 07:31:00+00:00, run_after=2024-05-12 07:32:00+00:00
[2024-05-12T07:32:15.579+0000] {processor.py:183} INFO - Processing /home/airflow/.local/lib/python3.12/site-packages/airflow/example_dags/example_branch_python_dop_operator_3.py took 0.386 seconds
[2024-05-12T07:32:46.658+0000] {processor.py:161} INFO - Started process (PID=410) to work on /home/airflow/.local/lib/python3.12/site-packages/airflow/example_dags/example_branch_python_dop_operator_3.py
[2024-05-12T07:32:46.661+0000] {processor.py:830} INFO - Processing file /home/airflow/.local/lib/python3.12/site-packages/airflow/example_dags/example_branch_python_dop_operator_3.py for tasks to queue
[2024-05-12T07:32:46.665+0000] {logging_mixin.py:188} INFO - [2024-05-12T07:32:46.664+0000] {dagbag.py:540} INFO - Filling up the DagBag from /home/airflow/.local/lib/python3.12/site-packages/airflow/example_dags/example_branch_python_dop_operator_3.py
[2024-05-12T07:32:46.683+0000] {processor.py:840} INFO - DAG(s) 'example_branch_dop_operator_v3' retrieved from /home/airflow/.local/lib/python3.12/site-packages/airflow/example_dags/example_branch_python_dop_operator_3.py
[2024-05-12T07:32:46.713+0000] {logging_mixin.py:188} INFO - [2024-05-12T07:32:46.712+0000] {dag.py:3096} INFO - Sync 1 DAGs
[2024-05-12T07:32:46.755+0000] {logging_mixin.py:188} INFO - [2024-05-12T07:32:46.754+0000] {dag.py:3954} INFO - Setting next_dagrun for example_branch_dop_operator_v3 to 2024-05-12 07:31:00+00:00, run_after=2024-05-12 07:32:00+00:00
[2024-05-12T07:32:46.782+0000] {processor.py:183} INFO - Processing /home/airflow/.local/lib/python3.12/site-packages/airflow/example_dags/example_branch_python_dop_operator_3.py took 0.137 seconds
[2024-05-12T07:33:21.991+0000] {processor.py:161} INFO - Started process (PID=483) to work on /home/airflow/.local/lib/python3.12/site-packages/airflow/example_dags/example_branch_python_dop_operator_3.py
[2024-05-12T07:33:21.993+0000] {processor.py:830} INFO - Processing file /home/airflow/.local/lib/python3.12/site-packages/airflow/example_dags/example_branch_python_dop_operator_3.py for tasks to queue
[2024-05-12T07:33:21.999+0000] {logging_mixin.py:188} INFO - [2024-05-12T07:33:21.996+0000] {dagbag.py:540} INFO - Filling up the DagBag from /home/airflow/.local/lib/python3.12/site-packages/airflow/example_dags/example_branch_python_dop_operator_3.py
[2024-05-12T07:33:22.026+0000] {processor.py:840} INFO - DAG(s) 'example_branch_dop_operator_v3' retrieved from /home/airflow/.local/lib/python3.12/site-packages/airflow/example_dags/example_branch_python_dop_operator_3.py
[2024-05-12T07:33:22.080+0000] {logging_mixin.py:188} INFO - [2024-05-12T07:33:22.079+0000] {dag.py:3096} INFO - Sync 1 DAGs
[2024-05-12T07:33:22.166+0000] {logging_mixin.py:188} INFO - [2024-05-12T07:33:22.165+0000] {dag.py:3954} INFO - Setting next_dagrun for example_branch_dop_operator_v3 to 2024-05-12 07:32:00+00:00, run_after=2024-05-12 07:33:00+00:00
[2024-05-12T07:33:22.219+0000] {processor.py:183} INFO - Processing /home/airflow/.local/lib/python3.12/site-packages/airflow/example_dags/example_branch_python_dop_operator_3.py took 0.248 seconds
[2024-05-12T07:33:53.544+0000] {processor.py:161} INFO - Started process (PID=550) to work on /home/airflow/.local/lib/python3.12/site-packages/airflow/example_dags/example_branch_python_dop_operator_3.py
[2024-05-12T07:33:53.546+0000] {processor.py:830} INFO - Processing file /home/airflow/.local/lib/python3.12/site-packages/airflow/example_dags/example_branch_python_dop_operator_3.py for tasks to queue
[2024-05-12T07:33:53.551+0000] {logging_mixin.py:188} INFO - [2024-05-12T07:33:53.550+0000] {dagbag.py:540} INFO - Filling up the DagBag from /home/airflow/.local/lib/python3.12/site-packages/airflow/example_dags/example_branch_python_dop_operator_3.py
[2024-05-12T07:33:53.564+0000] {processor.py:840} INFO - DAG(s) 'example_branch_dop_operator_v3' retrieved from /home/airflow/.local/lib/python3.12/site-packages/airflow/example_dags/example_branch_python_dop_operator_3.py
[2024-05-12T07:33:53.599+0000] {logging_mixin.py:188} INFO - [2024-05-12T07:33:53.599+0000] {dag.py:3096} INFO - Sync 1 DAGs
[2024-05-12T07:33:53.650+0000] {logging_mixin.py:188} INFO - [2024-05-12T07:33:53.649+0000] {dag.py:3954} INFO - Setting next_dagrun for example_branch_dop_operator_v3 to 2024-05-12 07:32:00+00:00, run_after=2024-05-12 07:33:00+00:00
[2024-05-12T07:33:53.689+0000] {processor.py:183} INFO - Processing /home/airflow/.local/lib/python3.12/site-packages/airflow/example_dags/example_branch_python_dop_operator_3.py took 0.153 seconds
[2024-05-12T07:34:24.324+0000] {processor.py:161} INFO - Started process (PID=616) to work on /home/airflow/.local/lib/python3.12/site-packages/airflow/example_dags/example_branch_python_dop_operator_3.py
[2024-05-12T07:34:24.326+0000] {processor.py:830} INFO - Processing file /home/airflow/.local/lib/python3.12/site-packages/airflow/example_dags/example_branch_python_dop_operator_3.py for tasks to queue
[2024-05-12T07:34:24.333+0000] {logging_mixin.py:188} INFO - [2024-05-12T07:34:24.332+0000] {dagbag.py:540} INFO - Filling up the DagBag from /home/airflow/.local/lib/python3.12/site-packages/airflow/example_dags/example_branch_python_dop_operator_3.py
[2024-05-12T07:34:24.351+0000] {processor.py:840} INFO - DAG(s) 'example_branch_dop_operator_v3' retrieved from /home/airflow/.local/lib/python3.12/site-packages/airflow/example_dags/example_branch_python_dop_operator_3.py
[2024-05-12T07:34:24.392+0000] {logging_mixin.py:188} INFO - [2024-05-12T07:34:24.392+0000] {dag.py:3096} INFO - Sync 1 DAGs
[2024-05-12T07:34:24.459+0000] {logging_mixin.py:188} INFO - [2024-05-12T07:34:24.459+0000] {dag.py:3954} INFO - Setting next_dagrun for example_branch_dop_operator_v3 to 2024-05-12 07:33:00+00:00, run_after=2024-05-12 07:34:00+00:00
[2024-05-12T07:34:24.499+0000] {processor.py:183} INFO - Processing /home/airflow/.local/lib/python3.12/site-packages/airflow/example_dags/example_branch_python_dop_operator_3.py took 0.188 seconds
[2024-05-12T07:34:55.340+0000] {processor.py:161} INFO - Started process (PID=681) to work on /home/airflow/.local/lib/python3.12/site-packages/airflow/example_dags/example_branch_python_dop_operator_3.py
[2024-05-12T07:34:55.341+0000] {processor.py:830} INFO - Processing file /home/airflow/.local/lib/python3.12/site-packages/airflow/example_dags/example_branch_python_dop_operator_3.py for tasks to queue
[2024-05-12T07:34:55.343+0000] {logging_mixin.py:188} INFO - [2024-05-12T07:34:55.343+0000] {dagbag.py:540} INFO - Filling up the DagBag from /home/airflow/.local/lib/python3.12/site-packages/airflow/example_dags/example_branch_python_dop_operator_3.py
[2024-05-12T07:34:55.351+0000] {processor.py:840} INFO - DAG(s) 'example_branch_dop_operator_v3' retrieved from /home/airflow/.local/lib/python3.12/site-packages/airflow/example_dags/example_branch_python_dop_operator_3.py
[2024-05-12T07:34:55.375+0000] {logging_mixin.py:188} INFO - [2024-05-12T07:34:55.374+0000] {dag.py:3096} INFO - Sync 1 DAGs
[2024-05-12T07:34:55.405+0000] {logging_mixin.py:188} INFO - [2024-05-12T07:34:55.405+0000] {dag.py:3954} INFO - Setting next_dagrun for example_branch_dop_operator_v3 to 2024-05-12 07:33:00+00:00, run_after=2024-05-12 07:34:00+00:00
[2024-05-12T07:34:55.433+0000] {processor.py:183} INFO - Processing /home/airflow/.local/lib/python3.12/site-packages/airflow/example_dags/example_branch_python_dop_operator_3.py took 0.099 seconds
[2024-05-12T07:35:25.666+0000] {processor.py:161} INFO - Started process (PID=748) to work on /home/airflow/.local/lib/python3.12/site-packages/airflow/example_dags/example_branch_python_dop_operator_3.py
[2024-05-12T07:35:25.676+0000] {processor.py:830} INFO - Processing file /home/airflow/.local/lib/python3.12/site-packages/airflow/example_dags/example_branch_python_dop_operator_3.py for tasks to queue
[2024-05-12T07:35:25.681+0000] {logging_mixin.py:188} INFO - [2024-05-12T07:35:25.680+0000] {dagbag.py:540} INFO - Filling up the DagBag from /home/airflow/.local/lib/python3.12/site-packages/airflow/example_dags/example_branch_python_dop_operator_3.py
[2024-05-12T07:35:25.704+0000] {processor.py:840} INFO - DAG(s) 'example_branch_dop_operator_v3' retrieved from /home/airflow/.local/lib/python3.12/site-packages/airflow/example_dags/example_branch_python_dop_operator_3.py
[2024-05-12T07:35:25.764+0000] {logging_mixin.py:188} INFO - [2024-05-12T07:35:25.763+0000] {dag.py:3096} INFO - Sync 1 DAGs
[2024-05-12T07:35:25.868+0000] {logging_mixin.py:188} INFO - [2024-05-12T07:35:25.868+0000] {dag.py:3954} INFO - Setting next_dagrun for example_branch_dop_operator_v3 to 2024-05-12 07:34:00+00:00, run_after=2024-05-12 07:35:00+00:00
[2024-05-12T07:35:25.912+0000] {processor.py:183} INFO - Processing /home/airflow/.local/lib/python3.12/site-packages/airflow/example_dags/example_branch_python_dop_operator_3.py took 0.264 seconds
[2024-05-12T07:35:56.184+0000] {processor.py:161} INFO - Started process (PID=813) to work on /home/airflow/.local/lib/python3.12/site-packages/airflow/example_dags/example_branch_python_dop_operator_3.py
[2024-05-12T07:35:56.185+0000] {processor.py:830} INFO - Processing file /home/airflow/.local/lib/python3.12/site-packages/airflow/example_dags/example_branch_python_dop_operator_3.py for tasks to queue
[2024-05-12T07:35:56.187+0000] {logging_mixin.py:188} INFO - [2024-05-12T07:35:56.186+0000] {dagbag.py:540} INFO - Filling up the DagBag from /home/airflow/.local/lib/python3.12/site-packages/airflow/example_dags/example_branch_python_dop_operator_3.py
[2024-05-12T07:35:56.196+0000] {processor.py:840} INFO - DAG(s) 'example_branch_dop_operator_v3' retrieved from /home/airflow/.local/lib/python3.12/site-packages/airflow/example_dags/example_branch_python_dop_operator_3.py
[2024-05-12T07:35:56.217+0000] {logging_mixin.py:188} INFO - [2024-05-12T07:35:56.217+0000] {dag.py:3096} INFO - Sync 1 DAGs
[2024-05-12T07:35:56.244+0000] {logging_mixin.py:188} INFO - [2024-05-12T07:35:56.244+0000] {dag.py:3954} INFO - Setting next_dagrun for example_branch_dop_operator_v3 to 2024-05-12 07:34:00+00:00, run_after=2024-05-12 07:35:00+00:00
[2024-05-12T07:35:56.268+0000] {processor.py:183} INFO - Processing /home/airflow/.local/lib/python3.12/site-packages/airflow/example_dags/example_branch_python_dop_operator_3.py took 0.090 seconds
[2024-05-12T07:36:26.492+0000] {processor.py:161} INFO - Started process (PID=878) to work on /home/airflow/.local/lib/python3.12/site-packages/airflow/example_dags/example_branch_python_dop_operator_3.py
[2024-05-12T07:36:26.494+0000] {processor.py:830} INFO - Processing file /home/airflow/.local/lib/python3.12/site-packages/airflow/example_dags/example_branch_python_dop_operator_3.py for tasks to queue
[2024-05-12T07:36:26.497+0000] {logging_mixin.py:188} INFO - [2024-05-12T07:36:26.496+0000] {dagbag.py:540} INFO - Filling up the DagBag from /home/airflow/.local/lib/python3.12/site-packages/airflow/example_dags/example_branch_python_dop_operator_3.py
[2024-05-12T07:36:26.514+0000] {processor.py:840} INFO - DAG(s) 'example_branch_dop_operator_v3' retrieved from /home/airflow/.local/lib/python3.12/site-packages/airflow/example_dags/example_branch_python_dop_operator_3.py
[2024-05-12T07:36:26.550+0000] {logging_mixin.py:188} INFO - [2024-05-12T07:36:26.550+0000] {dag.py:3096} INFO - Sync 1 DAGs
[2024-05-12T07:36:26.610+0000] {logging_mixin.py:188} INFO - [2024-05-12T07:36:26.610+0000] {dag.py:3954} INFO - Setting next_dagrun for example_branch_dop_operator_v3 to 2024-05-12 07:35:00+00:00, run_after=2024-05-12 07:36:00+00:00
[2024-05-12T07:36:26.653+0000] {processor.py:183} INFO - Processing /home/airflow/.local/lib/python3.12/site-packages/airflow/example_dags/example_branch_python_dop_operator_3.py took 0.170 seconds
[2024-05-12T07:36:57.558+0000] {processor.py:161} INFO - Started process (PID=944) to work on /home/airflow/.local/lib/python3.12/site-packages/airflow/example_dags/example_branch_python_dop_operator_3.py
[2024-05-12T07:36:57.559+0000] {processor.py:830} INFO - Processing file /home/airflow/.local/lib/python3.12/site-packages/airflow/example_dags/example_branch_python_dop_operator_3.py for tasks to queue
[2024-05-12T07:36:57.561+0000] {logging_mixin.py:188} INFO - [2024-05-12T07:36:57.560+0000] {dagbag.py:540} INFO - Filling up the DagBag from /home/airflow/.local/lib/python3.12/site-packages/airflow/example_dags/example_branch_python_dop_operator_3.py
[2024-05-12T07:36:57.569+0000] {processor.py:840} INFO - DAG(s) 'example_branch_dop_operator_v3' retrieved from /home/airflow/.local/lib/python3.12/site-packages/airflow/example_dags/example_branch_python_dop_operator_3.py
[2024-05-12T07:36:57.588+0000] {logging_mixin.py:188} INFO - [2024-05-12T07:36:57.588+0000] {dag.py:3096} INFO - Sync 1 DAGs
[2024-05-12T07:36:57.614+0000] {logging_mixin.py:188} INFO - [2024-05-12T07:36:57.613+0000] {dag.py:3954} INFO - Setting next_dagrun for example_branch_dop_operator_v3 to 2024-05-12 07:35:00+00:00, run_after=2024-05-12 07:36:00+00:00
[2024-05-12T07:36:57.639+0000] {processor.py:183} INFO - Processing /home/airflow/.local/lib/python3.12/site-packages/airflow/example_dags/example_branch_python_dop_operator_3.py took 0.086 seconds
