[2024-05-12T06:27:28.838+0000] {processor.py:161} INFO - Started process (PID=67) to work on /home/airflow/.local/lib/python3.12/site-packages/airflow/example_dags/example_subdag_operator.py
[2024-05-12T06:27:28.840+0000] {processor.py:830} INFO - Processing file /home/airflow/.local/lib/python3.12/site-packages/airflow/example_dags/example_subdag_operator.py for tasks to queue
[2024-05-12T06:27:28.842+0000] {logging_mixin.py:188} INFO - [2024-05-12T06:27:28.842+0000] {dagbag.py:540} INFO - Filling up the DagBag from /home/airflow/.local/lib/python3.12/site-packages/airflow/example_dags/example_subdag_operator.py
[2024-05-12T06:27:28.873+0000] {processor.py:840} INFO - DAG(s) 'example_subdag_operator.section-1', 'example_subdag_operator.section-2', 'example_subdag_operator' retrieved from /home/airflow/.local/lib/python3.12/site-packages/airflow/example_dags/example_subdag_operator.py
[2024-05-12T06:27:28.896+0000] {logging_mixin.py:188} INFO - [2024-05-12T06:27:28.896+0000] {dag.py:3096} INFO - Sync 3 DAGs
[2024-05-12T06:27:28.926+0000] {logging_mixin.py:188} INFO - [2024-05-12T06:27:28.925+0000] {dag.py:3954} INFO - Setting next_dagrun for example_subdag_operator to 2022-01-01 00:00:00+00:00, run_after=2022-01-01 00:00:00+00:00
[2024-05-12T06:27:28.931+0000] {logging_mixin.py:188} INFO - [2024-05-12T06:27:28.931+0000] {dag.py:3954} INFO - Setting next_dagrun for example_subdag_operator.section-1 to None, run_after=None
[2024-05-12T06:27:28.933+0000] {logging_mixin.py:188} INFO - [2024-05-12T06:27:28.933+0000] {dag.py:3954} INFO - Setting next_dagrun for example_subdag_operator.section-2 to None, run_after=None
[2024-05-12T06:27:28.942+0000] {logging_mixin.py:188} INFO - [2024-05-12T06:27:28.941+0000] {dag.py:3096} INFO - Sync 2 DAGs
[2024-05-12T06:27:28.949+0000] {logging_mixin.py:188} INFO - [2024-05-12T06:27:28.949+0000] {dag.py:3954} INFO - Setting next_dagrun for example_subdag_operator.section-1 to None, run_after=None
[2024-05-12T06:27:28.950+0000] {logging_mixin.py:188} INFO - [2024-05-12T06:27:28.949+0000] {dag.py:3954} INFO - Setting next_dagrun for example_subdag_operator.section-2 to None, run_after=None
[2024-05-12T06:27:28.963+0000] {processor.py:183} INFO - Processing /home/airflow/.local/lib/python3.12/site-packages/airflow/example_dags/example_subdag_operator.py took 0.134 seconds
[2024-05-12T06:42:21.503+0000] {processor.py:161} INFO - Started process (PID=73) to work on /home/airflow/.local/lib/python3.12/site-packages/airflow/example_dags/example_subdag_operator.py
[2024-05-12T06:42:21.517+0000] {processor.py:830} INFO - Processing file /home/airflow/.local/lib/python3.12/site-packages/airflow/example_dags/example_subdag_operator.py for tasks to queue
[2024-05-12T06:42:21.522+0000] {logging_mixin.py:188} INFO - [2024-05-12T06:42:21.521+0000] {dagbag.py:540} INFO - Filling up the DagBag from /home/airflow/.local/lib/python3.12/site-packages/airflow/example_dags/example_subdag_operator.py
[2024-05-12T06:42:21.576+0000] {processor.py:840} INFO - DAG(s) 'example_subdag_operator.section-1', 'example_subdag_operator.section-2', 'example_subdag_operator' retrieved from /home/airflow/.local/lib/python3.12/site-packages/airflow/example_dags/example_subdag_operator.py
[2024-05-12T06:42:21.586+0000] {logging_mixin.py:188} INFO - [2024-05-12T06:42:21.586+0000] {dag.py:3096} INFO - Sync 3 DAGs
[2024-05-12T06:42:21.692+0000] {logging_mixin.py:188} INFO - [2024-05-12T06:42:21.691+0000] {dag.py:3954} INFO - Setting next_dagrun for example_subdag_operator to 2022-01-01 00:00:00+00:00, run_after=2022-01-01 00:00:00+00:00
[2024-05-12T06:42:21.703+0000] {logging_mixin.py:188} INFO - [2024-05-12T06:42:21.703+0000] {dag.py:3954} INFO - Setting next_dagrun for example_subdag_operator.section-1 to None, run_after=None
[2024-05-12T06:42:21.707+0000] {logging_mixin.py:188} INFO - [2024-05-12T06:42:21.706+0000] {dag.py:3954} INFO - Setting next_dagrun for example_subdag_operator.section-2 to None, run_after=None
[2024-05-12T06:42:21.727+0000] {logging_mixin.py:188} INFO - [2024-05-12T06:42:21.727+0000] {dag.py:3096} INFO - Sync 2 DAGs
[2024-05-12T06:42:21.740+0000] {logging_mixin.py:188} INFO - [2024-05-12T06:42:21.740+0000] {dag.py:3954} INFO - Setting next_dagrun for example_subdag_operator.section-1 to None, run_after=None
[2024-05-12T06:42:21.742+0000] {logging_mixin.py:188} INFO - [2024-05-12T06:42:21.741+0000] {dag.py:3954} INFO - Setting next_dagrun for example_subdag_operator.section-2 to None, run_after=None
[2024-05-12T06:42:21.793+0000] {processor.py:183} INFO - Processing /home/airflow/.local/lib/python3.12/site-packages/airflow/example_dags/example_subdag_operator.py took 0.309 seconds
[2024-05-12T07:30:11.503+0000] {processor.py:161} INFO - Started process (PID=73) to work on /home/airflow/.local/lib/python3.12/site-packages/airflow/example_dags/example_subdag_operator.py
[2024-05-12T07:30:11.511+0000] {processor.py:830} INFO - Processing file /home/airflow/.local/lib/python3.12/site-packages/airflow/example_dags/example_subdag_operator.py for tasks to queue
[2024-05-12T07:30:11.514+0000] {logging_mixin.py:188} INFO - [2024-05-12T07:30:11.513+0000] {dagbag.py:540} INFO - Filling up the DagBag from /home/airflow/.local/lib/python3.12/site-packages/airflow/example_dags/example_subdag_operator.py
[2024-05-12T07:30:11.547+0000] {processor.py:840} INFO - DAG(s) 'example_subdag_operator.section-1', 'example_subdag_operator.section-2', 'example_subdag_operator' retrieved from /home/airflow/.local/lib/python3.12/site-packages/airflow/example_dags/example_subdag_operator.py
[2024-05-12T07:30:11.707+0000] {logging_mixin.py:188} INFO - [2024-05-12T07:30:11.706+0000] {dag.py:3096} INFO - Sync 3 DAGs
[2024-05-12T07:30:11.740+0000] {logging_mixin.py:188} INFO - [2024-05-12T07:30:11.740+0000] {dag.py:3954} INFO - Setting next_dagrun for example_subdag_operator to 2022-01-01 00:00:00+00:00, run_after=2022-01-01 00:00:00+00:00
[2024-05-12T07:30:11.745+0000] {logging_mixin.py:188} INFO - [2024-05-12T07:30:11.744+0000] {dag.py:3954} INFO - Setting next_dagrun for example_subdag_operator.section-1 to None, run_after=None
[2024-05-12T07:30:11.747+0000] {logging_mixin.py:188} INFO - [2024-05-12T07:30:11.746+0000] {dag.py:3954} INFO - Setting next_dagrun for example_subdag_operator.section-2 to None, run_after=None
[2024-05-12T07:30:11.760+0000] {logging_mixin.py:188} INFO - [2024-05-12T07:30:11.759+0000] {dag.py:3096} INFO - Sync 2 DAGs
[2024-05-12T07:30:11.767+0000] {logging_mixin.py:188} INFO - [2024-05-12T07:30:11.767+0000] {dag.py:3954} INFO - Setting next_dagrun for example_subdag_operator.section-1 to None, run_after=None
[2024-05-12T07:30:11.768+0000] {logging_mixin.py:188} INFO - [2024-05-12T07:30:11.768+0000] {dag.py:3954} INFO - Setting next_dagrun for example_subdag_operator.section-2 to None, run_after=None
[2024-05-12T07:30:11.785+0000] {processor.py:183} INFO - Processing /home/airflow/.local/lib/python3.12/site-packages/airflow/example_dags/example_subdag_operator.py took 0.290 seconds
[2024-05-12T07:30:42.042+0000] {processor.py:161} INFO - Started process (PID=140) to work on /home/airflow/.local/lib/python3.12/site-packages/airflow/example_dags/example_subdag_operator.py
[2024-05-12T07:30:42.044+0000] {processor.py:830} INFO - Processing file /home/airflow/.local/lib/python3.12/site-packages/airflow/example_dags/example_subdag_operator.py for tasks to queue
[2024-05-12T07:30:42.050+0000] {logging_mixin.py:188} INFO - [2024-05-12T07:30:42.049+0000] {dagbag.py:540} INFO - Filling up the DagBag from /home/airflow/.local/lib/python3.12/site-packages/airflow/example_dags/example_subdag_operator.py
[2024-05-12T07:30:42.117+0000] {processor.py:840} INFO - DAG(s) 'example_subdag_operator.section-1', 'example_subdag_operator.section-2', 'example_subdag_operator' retrieved from /home/airflow/.local/lib/python3.12/site-packages/airflow/example_dags/example_subdag_operator.py
[2024-05-12T07:30:42.164+0000] {logging_mixin.py:188} INFO - [2024-05-12T07:30:42.164+0000] {dag.py:3096} INFO - Sync 3 DAGs
[2024-05-12T07:30:42.230+0000] {logging_mixin.py:188} INFO - [2024-05-12T07:30:42.230+0000] {dag.py:3954} INFO - Setting next_dagrun for example_subdag_operator to 2022-01-01 00:00:00+00:00, run_after=2022-01-01 00:00:00+00:00
[2024-05-12T07:30:42.259+0000] {logging_mixin.py:188} INFO - [2024-05-12T07:30:42.258+0000] {dag.py:3954} INFO - Setting next_dagrun for example_subdag_operator.section-1 to None, run_after=None
[2024-05-12T07:30:42.263+0000] {logging_mixin.py:188} INFO - [2024-05-12T07:30:42.262+0000] {dag.py:3954} INFO - Setting next_dagrun for example_subdag_operator.section-2 to None, run_after=None
[2024-05-12T07:30:42.282+0000] {logging_mixin.py:188} INFO - [2024-05-12T07:30:42.281+0000] {dag.py:3096} INFO - Sync 2 DAGs
[2024-05-12T07:30:42.296+0000] {logging_mixin.py:188} INFO - [2024-05-12T07:30:42.295+0000] {dag.py:3954} INFO - Setting next_dagrun for example_subdag_operator.section-1 to None, run_after=None
[2024-05-12T07:30:42.297+0000] {logging_mixin.py:188} INFO - [2024-05-12T07:30:42.297+0000] {dag.py:3954} INFO - Setting next_dagrun for example_subdag_operator.section-2 to None, run_after=None
[2024-05-12T07:30:42.328+0000] {processor.py:183} INFO - Processing /home/airflow/.local/lib/python3.12/site-packages/airflow/example_dags/example_subdag_operator.py took 0.298 seconds
[2024-05-12T07:31:12.502+0000] {processor.py:161} INFO - Started process (PID=207) to work on /home/airflow/.local/lib/python3.12/site-packages/airflow/example_dags/example_subdag_operator.py
[2024-05-12T07:31:12.503+0000] {processor.py:830} INFO - Processing file /home/airflow/.local/lib/python3.12/site-packages/airflow/example_dags/example_subdag_operator.py for tasks to queue
[2024-05-12T07:31:12.507+0000] {logging_mixin.py:188} INFO - [2024-05-12T07:31:12.506+0000] {dagbag.py:540} INFO - Filling up the DagBag from /home/airflow/.local/lib/python3.12/site-packages/airflow/example_dags/example_subdag_operator.py
[2024-05-12T07:31:12.548+0000] {processor.py:840} INFO - DAG(s) 'example_subdag_operator.section-1', 'example_subdag_operator.section-2', 'example_subdag_operator' retrieved from /home/airflow/.local/lib/python3.12/site-packages/airflow/example_dags/example_subdag_operator.py
[2024-05-12T07:31:12.554+0000] {logging_mixin.py:188} INFO - [2024-05-12T07:31:12.554+0000] {dag.py:3096} INFO - Sync 3 DAGs
[2024-05-12T07:31:12.594+0000] {logging_mixin.py:188} INFO - [2024-05-12T07:31:12.594+0000] {dag.py:3954} INFO - Setting next_dagrun for example_subdag_operator to 2022-01-01 00:00:00+00:00, run_after=2022-01-01 00:00:00+00:00
[2024-05-12T07:31:12.600+0000] {logging_mixin.py:188} INFO - [2024-05-12T07:31:12.599+0000] {dag.py:3954} INFO - Setting next_dagrun for example_subdag_operator.section-1 to None, run_after=None
[2024-05-12T07:31:12.601+0000] {logging_mixin.py:188} INFO - [2024-05-12T07:31:12.601+0000] {dag.py:3954} INFO - Setting next_dagrun for example_subdag_operator.section-2 to None, run_after=None
[2024-05-12T07:31:12.612+0000] {logging_mixin.py:188} INFO - [2024-05-12T07:31:12.612+0000] {dag.py:3096} INFO - Sync 2 DAGs
[2024-05-12T07:31:12.620+0000] {logging_mixin.py:188} INFO - [2024-05-12T07:31:12.619+0000] {dag.py:3954} INFO - Setting next_dagrun for example_subdag_operator.section-1 to None, run_after=None
[2024-05-12T07:31:12.621+0000] {logging_mixin.py:188} INFO - [2024-05-12T07:31:12.621+0000] {dag.py:3954} INFO - Setting next_dagrun for example_subdag_operator.section-2 to None, run_after=None
[2024-05-12T07:31:12.642+0000] {processor.py:183} INFO - Processing /home/airflow/.local/lib/python3.12/site-packages/airflow/example_dags/example_subdag_operator.py took 0.152 seconds
[2024-05-12T07:31:43.241+0000] {processor.py:161} INFO - Started process (PID=273) to work on /home/airflow/.local/lib/python3.12/site-packages/airflow/example_dags/example_subdag_operator.py
[2024-05-12T07:31:43.242+0000] {processor.py:830} INFO - Processing file /home/airflow/.local/lib/python3.12/site-packages/airflow/example_dags/example_subdag_operator.py for tasks to queue
[2024-05-12T07:31:43.245+0000] {logging_mixin.py:188} INFO - [2024-05-12T07:31:43.244+0000] {dagbag.py:540} INFO - Filling up the DagBag from /home/airflow/.local/lib/python3.12/site-packages/airflow/example_dags/example_subdag_operator.py
[2024-05-12T07:31:43.271+0000] {processor.py:840} INFO - DAG(s) 'example_subdag_operator.section-1', 'example_subdag_operator.section-2', 'example_subdag_operator' retrieved from /home/airflow/.local/lib/python3.12/site-packages/airflow/example_dags/example_subdag_operator.py
[2024-05-12T07:31:43.276+0000] {logging_mixin.py:188} INFO - [2024-05-12T07:31:43.275+0000] {dag.py:3096} INFO - Sync 3 DAGs
[2024-05-12T07:31:43.302+0000] {logging_mixin.py:188} INFO - [2024-05-12T07:31:43.302+0000] {dag.py:3954} INFO - Setting next_dagrun for example_subdag_operator to 2022-01-01 00:00:00+00:00, run_after=2022-01-01 00:00:00+00:00
[2024-05-12T07:31:43.307+0000] {logging_mixin.py:188} INFO - [2024-05-12T07:31:43.307+0000] {dag.py:3954} INFO - Setting next_dagrun for example_subdag_operator.section-1 to None, run_after=None
[2024-05-12T07:31:43.309+0000] {logging_mixin.py:188} INFO - [2024-05-12T07:31:43.308+0000] {dag.py:3954} INFO - Setting next_dagrun for example_subdag_operator.section-2 to None, run_after=None
[2024-05-12T07:31:43.318+0000] {logging_mixin.py:188} INFO - [2024-05-12T07:31:43.318+0000] {dag.py:3096} INFO - Sync 2 DAGs
[2024-05-12T07:31:43.326+0000] {logging_mixin.py:188} INFO - [2024-05-12T07:31:43.325+0000] {dag.py:3954} INFO - Setting next_dagrun for example_subdag_operator.section-1 to None, run_after=None
[2024-05-12T07:31:43.327+0000] {logging_mixin.py:188} INFO - [2024-05-12T07:31:43.326+0000] {dag.py:3954} INFO - Setting next_dagrun for example_subdag_operator.section-2 to None, run_after=None
[2024-05-12T07:31:43.341+0000] {processor.py:183} INFO - Processing /home/airflow/.local/lib/python3.12/site-packages/airflow/example_dags/example_subdag_operator.py took 0.106 seconds
[2024-05-12T07:32:14.644+0000] {processor.py:161} INFO - Started process (PID=340) to work on /home/airflow/.local/lib/python3.12/site-packages/airflow/example_dags/example_subdag_operator.py
[2024-05-12T07:32:14.645+0000] {processor.py:830} INFO - Processing file /home/airflow/.local/lib/python3.12/site-packages/airflow/example_dags/example_subdag_operator.py for tasks to queue
[2024-05-12T07:32:14.647+0000] {logging_mixin.py:188} INFO - [2024-05-12T07:32:14.647+0000] {dagbag.py:540} INFO - Filling up the DagBag from /home/airflow/.local/lib/python3.12/site-packages/airflow/example_dags/example_subdag_operator.py
[2024-05-12T07:32:14.675+0000] {processor.py:840} INFO - DAG(s) 'example_subdag_operator.section-1', 'example_subdag_operator.section-2', 'example_subdag_operator' retrieved from /home/airflow/.local/lib/python3.12/site-packages/airflow/example_dags/example_subdag_operator.py
[2024-05-12T07:32:14.804+0000] {logging_mixin.py:188} INFO - [2024-05-12T07:32:14.804+0000] {dag.py:3096} INFO - Sync 3 DAGs
[2024-05-12T07:32:14.830+0000] {logging_mixin.py:188} INFO - [2024-05-12T07:32:14.830+0000] {dag.py:3954} INFO - Setting next_dagrun for example_subdag_operator to 2022-01-01 00:00:00+00:00, run_after=2022-01-01 00:00:00+00:00
[2024-05-12T07:32:14.835+0000] {logging_mixin.py:188} INFO - [2024-05-12T07:32:14.835+0000] {dag.py:3954} INFO - Setting next_dagrun for example_subdag_operator.section-1 to None, run_after=None
[2024-05-12T07:32:14.837+0000] {logging_mixin.py:188} INFO - [2024-05-12T07:32:14.837+0000] {dag.py:3954} INFO - Setting next_dagrun for example_subdag_operator.section-2 to None, run_after=None
[2024-05-12T07:32:14.850+0000] {logging_mixin.py:188} INFO - [2024-05-12T07:32:14.850+0000] {dag.py:3096} INFO - Sync 2 DAGs
[2024-05-12T07:32:14.858+0000] {logging_mixin.py:188} INFO - [2024-05-12T07:32:14.858+0000] {dag.py:3954} INFO - Setting next_dagrun for example_subdag_operator.section-1 to None, run_after=None
[2024-05-12T07:32:14.859+0000] {logging_mixin.py:188} INFO - [2024-05-12T07:32:14.859+0000] {dag.py:3954} INFO - Setting next_dagrun for example_subdag_operator.section-2 to None, run_after=None
[2024-05-12T07:32:14.875+0000] {processor.py:183} INFO - Processing /home/airflow/.local/lib/python3.12/site-packages/airflow/example_dags/example_subdag_operator.py took 0.239 seconds
[2024-05-12T07:32:46.368+0000] {processor.py:161} INFO - Started process (PID=407) to work on /home/airflow/.local/lib/python3.12/site-packages/airflow/example_dags/example_subdag_operator.py
[2024-05-12T07:32:46.369+0000] {processor.py:830} INFO - Processing file /home/airflow/.local/lib/python3.12/site-packages/airflow/example_dags/example_subdag_operator.py for tasks to queue
[2024-05-12T07:32:46.372+0000] {logging_mixin.py:188} INFO - [2024-05-12T07:32:46.371+0000] {dagbag.py:540} INFO - Filling up the DagBag from /home/airflow/.local/lib/python3.12/site-packages/airflow/example_dags/example_subdag_operator.py
[2024-05-12T07:32:46.409+0000] {processor.py:840} INFO - DAG(s) 'example_subdag_operator.section-1', 'example_subdag_operator.section-2', 'example_subdag_operator' retrieved from /home/airflow/.local/lib/python3.12/site-packages/airflow/example_dags/example_subdag_operator.py
[2024-05-12T07:32:46.439+0000] {logging_mixin.py:188} INFO - [2024-05-12T07:32:46.439+0000] {dag.py:3096} INFO - Sync 3 DAGs
[2024-05-12T07:32:46.480+0000] {logging_mixin.py:188} INFO - [2024-05-12T07:32:46.479+0000] {dag.py:3954} INFO - Setting next_dagrun for example_subdag_operator to 2022-01-01 00:00:00+00:00, run_after=2022-01-01 00:00:00+00:00
[2024-05-12T07:32:46.489+0000] {logging_mixin.py:188} INFO - [2024-05-12T07:32:46.489+0000] {dag.py:3954} INFO - Setting next_dagrun for example_subdag_operator.section-1 to None, run_after=None
[2024-05-12T07:32:46.492+0000] {logging_mixin.py:188} INFO - [2024-05-12T07:32:46.492+0000] {dag.py:3954} INFO - Setting next_dagrun for example_subdag_operator.section-2 to None, run_after=None
[2024-05-12T07:32:46.506+0000] {logging_mixin.py:188} INFO - [2024-05-12T07:32:46.506+0000] {dag.py:3096} INFO - Sync 2 DAGs
[2024-05-12T07:32:46.514+0000] {logging_mixin.py:188} INFO - [2024-05-12T07:32:46.514+0000] {dag.py:3954} INFO - Setting next_dagrun for example_subdag_operator.section-1 to None, run_after=None
[2024-05-12T07:32:46.515+0000] {logging_mixin.py:188} INFO - [2024-05-12T07:32:46.515+0000] {dag.py:3954} INFO - Setting next_dagrun for example_subdag_operator.section-2 to None, run_after=None
[2024-05-12T07:32:46.530+0000] {processor.py:183} INFO - Processing /home/airflow/.local/lib/python3.12/site-packages/airflow/example_dags/example_subdag_operator.py took 0.171 seconds
[2024-05-12T07:33:21.540+0000] {processor.py:161} INFO - Started process (PID=480) to work on /home/airflow/.local/lib/python3.12/site-packages/airflow/example_dags/example_subdag_operator.py
[2024-05-12T07:33:21.543+0000] {processor.py:830} INFO - Processing file /home/airflow/.local/lib/python3.12/site-packages/airflow/example_dags/example_subdag_operator.py for tasks to queue
[2024-05-12T07:33:21.547+0000] {logging_mixin.py:188} INFO - [2024-05-12T07:33:21.547+0000] {dagbag.py:540} INFO - Filling up the DagBag from /home/airflow/.local/lib/python3.12/site-packages/airflow/example_dags/example_subdag_operator.py
[2024-05-12T07:33:21.611+0000] {processor.py:840} INFO - DAG(s) 'example_subdag_operator.section-1', 'example_subdag_operator.section-2', 'example_subdag_operator' retrieved from /home/airflow/.local/lib/python3.12/site-packages/airflow/example_dags/example_subdag_operator.py
[2024-05-12T07:33:21.665+0000] {logging_mixin.py:188} INFO - [2024-05-12T07:33:21.664+0000] {dag.py:3096} INFO - Sync 3 DAGs
[2024-05-12T07:33:21.739+0000] {logging_mixin.py:188} INFO - [2024-05-12T07:33:21.738+0000] {dag.py:3954} INFO - Setting next_dagrun for example_subdag_operator to 2022-01-01 00:00:00+00:00, run_after=2022-01-01 00:00:00+00:00
[2024-05-12T07:33:21.754+0000] {logging_mixin.py:188} INFO - [2024-05-12T07:33:21.753+0000] {dag.py:3954} INFO - Setting next_dagrun for example_subdag_operator.section-1 to None, run_after=None
[2024-05-12T07:33:21.761+0000] {logging_mixin.py:188} INFO - [2024-05-12T07:33:21.761+0000] {dag.py:3954} INFO - Setting next_dagrun for example_subdag_operator.section-2 to None, run_after=None
[2024-05-12T07:33:21.784+0000] {logging_mixin.py:188} INFO - [2024-05-12T07:33:21.783+0000] {dag.py:3096} INFO - Sync 2 DAGs
[2024-05-12T07:33:21.805+0000] {logging_mixin.py:188} INFO - [2024-05-12T07:33:21.804+0000] {dag.py:3954} INFO - Setting next_dagrun for example_subdag_operator.section-1 to None, run_after=None
[2024-05-12T07:33:21.807+0000] {logging_mixin.py:188} INFO - [2024-05-12T07:33:21.806+0000] {dag.py:3954} INFO - Setting next_dagrun for example_subdag_operator.section-2 to None, run_after=None
[2024-05-12T07:33:21.848+0000] {processor.py:183} INFO - Processing /home/airflow/.local/lib/python3.12/site-packages/airflow/example_dags/example_subdag_operator.py took 0.323 seconds
[2024-05-12T07:33:53.052+0000] {processor.py:161} INFO - Started process (PID=547) to work on /home/airflow/.local/lib/python3.12/site-packages/airflow/example_dags/example_subdag_operator.py
[2024-05-12T07:33:53.053+0000] {processor.py:830} INFO - Processing file /home/airflow/.local/lib/python3.12/site-packages/airflow/example_dags/example_subdag_operator.py for tasks to queue
[2024-05-12T07:33:53.056+0000] {logging_mixin.py:188} INFO - [2024-05-12T07:33:53.056+0000] {dagbag.py:540} INFO - Filling up the DagBag from /home/airflow/.local/lib/python3.12/site-packages/airflow/example_dags/example_subdag_operator.py
[2024-05-12T07:33:53.103+0000] {processor.py:840} INFO - DAG(s) 'example_subdag_operator.section-1', 'example_subdag_operator.section-2', 'example_subdag_operator' retrieved from /home/airflow/.local/lib/python3.12/site-packages/airflow/example_dags/example_subdag_operator.py
[2024-05-12T07:33:53.148+0000] {logging_mixin.py:188} INFO - [2024-05-12T07:33:53.147+0000] {dag.py:3096} INFO - Sync 3 DAGs
[2024-05-12T07:33:53.220+0000] {logging_mixin.py:188} INFO - [2024-05-12T07:33:53.219+0000] {dag.py:3954} INFO - Setting next_dagrun for example_subdag_operator to 2022-01-01 00:00:00+00:00, run_after=2022-01-01 00:00:00+00:00
[2024-05-12T07:33:53.230+0000] {logging_mixin.py:188} INFO - [2024-05-12T07:33:53.230+0000] {dag.py:3954} INFO - Setting next_dagrun for example_subdag_operator.section-1 to None, run_after=None
[2024-05-12T07:33:53.236+0000] {logging_mixin.py:188} INFO - [2024-05-12T07:33:53.234+0000] {dag.py:3954} INFO - Setting next_dagrun for example_subdag_operator.section-2 to None, run_after=None
[2024-05-12T07:33:53.250+0000] {logging_mixin.py:188} INFO - [2024-05-12T07:33:53.250+0000] {dag.py:3096} INFO - Sync 2 DAGs
[2024-05-12T07:33:53.265+0000] {logging_mixin.py:188} INFO - [2024-05-12T07:33:53.264+0000] {dag.py:3954} INFO - Setting next_dagrun for example_subdag_operator.section-1 to None, run_after=None
[2024-05-12T07:33:53.266+0000] {logging_mixin.py:188} INFO - [2024-05-12T07:33:53.266+0000] {dag.py:3954} INFO - Setting next_dagrun for example_subdag_operator.section-2 to None, run_after=None
[2024-05-12T07:33:53.290+0000] {processor.py:183} INFO - Processing /home/airflow/.local/lib/python3.12/site-packages/airflow/example_dags/example_subdag_operator.py took 0.252 seconds
[2024-05-12T07:34:23.406+0000] {processor.py:161} INFO - Started process (PID=611) to work on /home/airflow/.local/lib/python3.12/site-packages/airflow/example_dags/example_subdag_operator.py
[2024-05-12T07:34:23.408+0000] {processor.py:830} INFO - Processing file /home/airflow/.local/lib/python3.12/site-packages/airflow/example_dags/example_subdag_operator.py for tasks to queue
[2024-05-12T07:34:23.411+0000] {logging_mixin.py:188} INFO - [2024-05-12T07:34:23.411+0000] {dagbag.py:540} INFO - Filling up the DagBag from /home/airflow/.local/lib/python3.12/site-packages/airflow/example_dags/example_subdag_operator.py
[2024-05-12T07:34:23.451+0000] {processor.py:840} INFO - DAG(s) 'example_subdag_operator.section-1', 'example_subdag_operator.section-2', 'example_subdag_operator' retrieved from /home/airflow/.local/lib/python3.12/site-packages/airflow/example_dags/example_subdag_operator.py
[2024-05-12T07:34:23.479+0000] {logging_mixin.py:188} INFO - [2024-05-12T07:34:23.479+0000] {dag.py:3096} INFO - Sync 3 DAGs
[2024-05-12T07:34:23.531+0000] {logging_mixin.py:188} INFO - [2024-05-12T07:34:23.530+0000] {dag.py:3954} INFO - Setting next_dagrun for example_subdag_operator to 2022-01-01 00:00:00+00:00, run_after=2022-01-01 00:00:00+00:00
[2024-05-12T07:34:23.540+0000] {logging_mixin.py:188} INFO - [2024-05-12T07:34:23.540+0000] {dag.py:3954} INFO - Setting next_dagrun for example_subdag_operator.section-1 to None, run_after=None
[2024-05-12T07:34:23.543+0000] {logging_mixin.py:188} INFO - [2024-05-12T07:34:23.543+0000] {dag.py:3954} INFO - Setting next_dagrun for example_subdag_operator.section-2 to None, run_after=None
[2024-05-12T07:34:23.561+0000] {logging_mixin.py:188} INFO - [2024-05-12T07:34:23.561+0000] {dag.py:3096} INFO - Sync 2 DAGs
[2024-05-12T07:34:23.577+0000] {logging_mixin.py:188} INFO - [2024-05-12T07:34:23.577+0000] {dag.py:3954} INFO - Setting next_dagrun for example_subdag_operator.section-1 to None, run_after=None
[2024-05-12T07:34:23.579+0000] {logging_mixin.py:188} INFO - [2024-05-12T07:34:23.578+0000] {dag.py:3954} INFO - Setting next_dagrun for example_subdag_operator.section-2 to None, run_after=None
[2024-05-12T07:34:23.609+0000] {processor.py:183} INFO - Processing /home/airflow/.local/lib/python3.12/site-packages/airflow/example_dags/example_subdag_operator.py took 0.218 seconds
[2024-05-12T07:34:54.046+0000] {processor.py:161} INFO - Started process (PID=677) to work on /home/airflow/.local/lib/python3.12/site-packages/airflow/example_dags/example_subdag_operator.py
[2024-05-12T07:34:54.047+0000] {processor.py:830} INFO - Processing file /home/airflow/.local/lib/python3.12/site-packages/airflow/example_dags/example_subdag_operator.py for tasks to queue
[2024-05-12T07:34:54.050+0000] {logging_mixin.py:188} INFO - [2024-05-12T07:34:54.050+0000] {dagbag.py:540} INFO - Filling up the DagBag from /home/airflow/.local/lib/python3.12/site-packages/airflow/example_dags/example_subdag_operator.py
[2024-05-12T07:34:54.073+0000] {processor.py:840} INFO - DAG(s) 'example_subdag_operator.section-1', 'example_subdag_operator.section-2', 'example_subdag_operator' retrieved from /home/airflow/.local/lib/python3.12/site-packages/airflow/example_dags/example_subdag_operator.py
[2024-05-12T07:34:54.096+0000] {logging_mixin.py:188} INFO - [2024-05-12T07:34:54.096+0000] {dag.py:3096} INFO - Sync 3 DAGs
[2024-05-12T07:34:54.119+0000] {logging_mixin.py:188} INFO - [2024-05-12T07:34:54.119+0000] {dag.py:3954} INFO - Setting next_dagrun for example_subdag_operator to 2022-01-01 00:00:00+00:00, run_after=2022-01-01 00:00:00+00:00
[2024-05-12T07:34:54.123+0000] {logging_mixin.py:188} INFO - [2024-05-12T07:34:54.123+0000] {dag.py:3954} INFO - Setting next_dagrun for example_subdag_operator.section-1 to None, run_after=None
[2024-05-12T07:34:54.126+0000] {logging_mixin.py:188} INFO - [2024-05-12T07:34:54.125+0000] {dag.py:3954} INFO - Setting next_dagrun for example_subdag_operator.section-2 to None, run_after=None
[2024-05-12T07:34:54.133+0000] {logging_mixin.py:188} INFO - [2024-05-12T07:34:54.133+0000] {dag.py:3096} INFO - Sync 2 DAGs
[2024-05-12T07:34:54.140+0000] {logging_mixin.py:188} INFO - [2024-05-12T07:34:54.140+0000] {dag.py:3954} INFO - Setting next_dagrun for example_subdag_operator.section-1 to None, run_after=None
[2024-05-12T07:34:54.141+0000] {logging_mixin.py:188} INFO - [2024-05-12T07:34:54.140+0000] {dag.py:3954} INFO - Setting next_dagrun for example_subdag_operator.section-2 to None, run_after=None
[2024-05-12T07:34:54.157+0000] {processor.py:183} INFO - Processing /home/airflow/.local/lib/python3.12/site-packages/airflow/example_dags/example_subdag_operator.py took 0.116 seconds
[2024-05-12T07:35:24.248+0000] {processor.py:161} INFO - Started process (PID=742) to work on /home/airflow/.local/lib/python3.12/site-packages/airflow/example_dags/example_subdag_operator.py
[2024-05-12T07:35:24.249+0000] {processor.py:830} INFO - Processing file /home/airflow/.local/lib/python3.12/site-packages/airflow/example_dags/example_subdag_operator.py for tasks to queue
[2024-05-12T07:35:24.252+0000] {logging_mixin.py:188} INFO - [2024-05-12T07:35:24.251+0000] {dagbag.py:540} INFO - Filling up the DagBag from /home/airflow/.local/lib/python3.12/site-packages/airflow/example_dags/example_subdag_operator.py
[2024-05-12T07:35:24.284+0000] {processor.py:840} INFO - DAG(s) 'example_subdag_operator.section-1', 'example_subdag_operator.section-2', 'example_subdag_operator' retrieved from /home/airflow/.local/lib/python3.12/site-packages/airflow/example_dags/example_subdag_operator.py
[2024-05-12T07:35:24.308+0000] {logging_mixin.py:188} INFO - [2024-05-12T07:35:24.308+0000] {dag.py:3096} INFO - Sync 3 DAGs
[2024-05-12T07:35:24.340+0000] {logging_mixin.py:188} INFO - [2024-05-12T07:35:24.339+0000] {dag.py:3954} INFO - Setting next_dagrun for example_subdag_operator to 2022-01-01 00:00:00+00:00, run_after=2022-01-01 00:00:00+00:00
[2024-05-12T07:35:24.348+0000] {logging_mixin.py:188} INFO - [2024-05-12T07:35:24.348+0000] {dag.py:3954} INFO - Setting next_dagrun for example_subdag_operator.section-1 to None, run_after=None
[2024-05-12T07:35:24.351+0000] {logging_mixin.py:188} INFO - [2024-05-12T07:35:24.351+0000] {dag.py:3954} INFO - Setting next_dagrun for example_subdag_operator.section-2 to None, run_after=None
[2024-05-12T07:35:24.366+0000] {logging_mixin.py:188} INFO - [2024-05-12T07:35:24.366+0000] {dag.py:3096} INFO - Sync 2 DAGs
[2024-05-12T07:35:24.374+0000] {logging_mixin.py:188} INFO - [2024-05-12T07:35:24.374+0000] {dag.py:3954} INFO - Setting next_dagrun for example_subdag_operator.section-1 to None, run_after=None
[2024-05-12T07:35:24.375+0000] {logging_mixin.py:188} INFO - [2024-05-12T07:35:24.375+0000] {dag.py:3954} INFO - Setting next_dagrun for example_subdag_operator.section-2 to None, run_after=None
[2024-05-12T07:35:24.392+0000] {processor.py:183} INFO - Processing /home/airflow/.local/lib/python3.12/site-packages/airflow/example_dags/example_subdag_operator.py took 0.152 seconds
[2024-05-12T07:35:54.840+0000] {processor.py:161} INFO - Started process (PID=808) to work on /home/airflow/.local/lib/python3.12/site-packages/airflow/example_dags/example_subdag_operator.py
[2024-05-12T07:35:54.841+0000] {processor.py:830} INFO - Processing file /home/airflow/.local/lib/python3.12/site-packages/airflow/example_dags/example_subdag_operator.py for tasks to queue
[2024-05-12T07:35:54.843+0000] {logging_mixin.py:188} INFO - [2024-05-12T07:35:54.843+0000] {dagbag.py:540} INFO - Filling up the DagBag from /home/airflow/.local/lib/python3.12/site-packages/airflow/example_dags/example_subdag_operator.py
[2024-05-12T07:35:54.868+0000] {processor.py:840} INFO - DAG(s) 'example_subdag_operator.section-1', 'example_subdag_operator.section-2', 'example_subdag_operator' retrieved from /home/airflow/.local/lib/python3.12/site-packages/airflow/example_dags/example_subdag_operator.py
[2024-05-12T07:35:54.891+0000] {logging_mixin.py:188} INFO - [2024-05-12T07:35:54.890+0000] {dag.py:3096} INFO - Sync 3 DAGs
[2024-05-12T07:35:54.913+0000] {logging_mixin.py:188} INFO - [2024-05-12T07:35:54.913+0000] {dag.py:3954} INFO - Setting next_dagrun for example_subdag_operator to 2022-01-01 00:00:00+00:00, run_after=2022-01-01 00:00:00+00:00
[2024-05-12T07:35:54.919+0000] {logging_mixin.py:188} INFO - [2024-05-12T07:35:54.919+0000] {dag.py:3954} INFO - Setting next_dagrun for example_subdag_operator.section-1 to None, run_after=None
[2024-05-12T07:35:54.921+0000] {logging_mixin.py:188} INFO - [2024-05-12T07:35:54.920+0000] {dag.py:3954} INFO - Setting next_dagrun for example_subdag_operator.section-2 to None, run_after=None
[2024-05-12T07:35:54.928+0000] {logging_mixin.py:188} INFO - [2024-05-12T07:35:54.928+0000] {dag.py:3096} INFO - Sync 2 DAGs
[2024-05-12T07:35:54.935+0000] {logging_mixin.py:188} INFO - [2024-05-12T07:35:54.935+0000] {dag.py:3954} INFO - Setting next_dagrun for example_subdag_operator.section-1 to None, run_after=None
[2024-05-12T07:35:54.936+0000] {logging_mixin.py:188} INFO - [2024-05-12T07:35:54.936+0000] {dag.py:3954} INFO - Setting next_dagrun for example_subdag_operator.section-2 to None, run_after=None
[2024-05-12T07:35:54.954+0000] {processor.py:183} INFO - Processing /home/airflow/.local/lib/python3.12/site-packages/airflow/example_dags/example_subdag_operator.py took 0.120 seconds
[2024-05-12T07:36:25.105+0000] {processor.py:161} INFO - Started process (PID=873) to work on /home/airflow/.local/lib/python3.12/site-packages/airflow/example_dags/example_subdag_operator.py
[2024-05-12T07:36:25.106+0000] {processor.py:830} INFO - Processing file /home/airflow/.local/lib/python3.12/site-packages/airflow/example_dags/example_subdag_operator.py for tasks to queue
[2024-05-12T07:36:25.109+0000] {logging_mixin.py:188} INFO - [2024-05-12T07:36:25.108+0000] {dagbag.py:540} INFO - Filling up the DagBag from /home/airflow/.local/lib/python3.12/site-packages/airflow/example_dags/example_subdag_operator.py
[2024-05-12T07:36:25.135+0000] {processor.py:840} INFO - DAG(s) 'example_subdag_operator.section-1', 'example_subdag_operator.section-2', 'example_subdag_operator' retrieved from /home/airflow/.local/lib/python3.12/site-packages/airflow/example_dags/example_subdag_operator.py
[2024-05-12T07:36:25.155+0000] {logging_mixin.py:188} INFO - [2024-05-12T07:36:25.154+0000] {dag.py:3096} INFO - Sync 3 DAGs
[2024-05-12T07:36:25.181+0000] {logging_mixin.py:188} INFO - [2024-05-12T07:36:25.181+0000] {dag.py:3954} INFO - Setting next_dagrun for example_subdag_operator to 2022-01-01 00:00:00+00:00, run_after=2022-01-01 00:00:00+00:00
[2024-05-12T07:36:25.186+0000] {logging_mixin.py:188} INFO - [2024-05-12T07:36:25.185+0000] {dag.py:3954} INFO - Setting next_dagrun for example_subdag_operator.section-1 to None, run_after=None
[2024-05-12T07:36:25.187+0000] {logging_mixin.py:188} INFO - [2024-05-12T07:36:25.187+0000] {dag.py:3954} INFO - Setting next_dagrun for example_subdag_operator.section-2 to None, run_after=None
[2024-05-12T07:36:25.198+0000] {logging_mixin.py:188} INFO - [2024-05-12T07:36:25.197+0000] {dag.py:3096} INFO - Sync 2 DAGs
[2024-05-12T07:36:25.205+0000] {logging_mixin.py:188} INFO - [2024-05-12T07:36:25.205+0000] {dag.py:3954} INFO - Setting next_dagrun for example_subdag_operator.section-1 to None, run_after=None
[2024-05-12T07:36:25.206+0000] {logging_mixin.py:188} INFO - [2024-05-12T07:36:25.206+0000] {dag.py:3954} INFO - Setting next_dagrun for example_subdag_operator.section-2 to None, run_after=None
[2024-05-12T07:36:25.222+0000] {processor.py:183} INFO - Processing /home/airflow/.local/lib/python3.12/site-packages/airflow/example_dags/example_subdag_operator.py took 0.124 seconds
[2024-05-12T07:36:55.289+0000] {processor.py:161} INFO - Started process (PID=940) to work on /home/airflow/.local/lib/python3.12/site-packages/airflow/example_dags/example_subdag_operator.py
[2024-05-12T07:36:55.290+0000] {processor.py:830} INFO - Processing file /home/airflow/.local/lib/python3.12/site-packages/airflow/example_dags/example_subdag_operator.py for tasks to queue
[2024-05-12T07:36:55.293+0000] {logging_mixin.py:188} INFO - [2024-05-12T07:36:55.292+0000] {dagbag.py:540} INFO - Filling up the DagBag from /home/airflow/.local/lib/python3.12/site-packages/airflow/example_dags/example_subdag_operator.py
[2024-05-12T07:36:55.325+0000] {processor.py:840} INFO - DAG(s) 'example_subdag_operator.section-1', 'example_subdag_operator.section-2', 'example_subdag_operator' retrieved from /home/airflow/.local/lib/python3.12/site-packages/airflow/example_dags/example_subdag_operator.py
[2024-05-12T07:36:55.348+0000] {logging_mixin.py:188} INFO - [2024-05-12T07:36:55.348+0000] {dag.py:3096} INFO - Sync 3 DAGs
[2024-05-12T07:36:55.378+0000] {logging_mixin.py:188} INFO - [2024-05-12T07:36:55.378+0000] {dag.py:3954} INFO - Setting next_dagrun for example_subdag_operator to 2022-01-01 00:00:00+00:00, run_after=2022-01-01 00:00:00+00:00
[2024-05-12T07:36:55.384+0000] {logging_mixin.py:188} INFO - [2024-05-12T07:36:55.384+0000] {dag.py:3954} INFO - Setting next_dagrun for example_subdag_operator.section-1 to None, run_after=None
[2024-05-12T07:36:55.386+0000] {logging_mixin.py:188} INFO - [2024-05-12T07:36:55.386+0000] {dag.py:3954} INFO - Setting next_dagrun for example_subdag_operator.section-2 to None, run_after=None
[2024-05-12T07:36:55.395+0000] {logging_mixin.py:188} INFO - [2024-05-12T07:36:55.395+0000] {dag.py:3096} INFO - Sync 2 DAGs
[2024-05-12T07:36:55.403+0000] {logging_mixin.py:188} INFO - [2024-05-12T07:36:55.403+0000] {dag.py:3954} INFO - Setting next_dagrun for example_subdag_operator.section-1 to None, run_after=None
[2024-05-12T07:36:55.404+0000] {logging_mixin.py:188} INFO - [2024-05-12T07:36:55.404+0000] {dag.py:3954} INFO - Setting next_dagrun for example_subdag_operator.section-2 to None, run_after=None
[2024-05-12T07:36:55.420+0000] {processor.py:183} INFO - Processing /home/airflow/.local/lib/python3.12/site-packages/airflow/example_dags/example_subdag_operator.py took 0.139 seconds
