[2024-05-12T06:27:29.363+0000] {processor.py:161} INFO - Started process (PID=73) to work on /home/airflow/.local/lib/python3.12/site-packages/airflow/example_dags/example_dag_decorator.py
[2024-05-12T06:27:29.364+0000] {processor.py:830} INFO - Processing file /home/airflow/.local/lib/python3.12/site-packages/airflow/example_dags/example_dag_decorator.py for tasks to queue
[2024-05-12T06:27:29.367+0000] {logging_mixin.py:188} INFO - [2024-05-12T06:27:29.367+0000] {dagbag.py:540} INFO - Filling up the DagBag from /home/airflow/.local/lib/python3.12/site-packages/airflow/example_dags/example_dag_decorator.py
[2024-05-12T06:27:29.560+0000] {processor.py:840} INFO - DAG(s) 'example_dag_decorator' retrieved from /home/airflow/.local/lib/python3.12/site-packages/airflow/example_dags/example_dag_decorator.py
[2024-05-12T06:27:29.738+0000] {logging_mixin.py:188} INFO - [2024-05-12T06:27:29.737+0000] {dag.py:3096} INFO - Sync 1 DAGs
[2024-05-12T06:27:29.757+0000] {logging_mixin.py:188} INFO - [2024-05-12T06:27:29.757+0000] {dag.py:3954} INFO - Setting next_dagrun for example_dag_decorator to None, run_after=None
[2024-05-12T06:27:29.791+0000] {processor.py:183} INFO - Processing /home/airflow/.local/lib/python3.12/site-packages/airflow/example_dags/example_dag_decorator.py took 0.436 seconds
[2024-05-12T06:42:22.360+0000] {processor.py:161} INFO - Started process (PID=79) to work on /home/airflow/.local/lib/python3.12/site-packages/airflow/example_dags/example_dag_decorator.py
[2024-05-12T06:42:22.371+0000] {processor.py:830} INFO - Processing file /home/airflow/.local/lib/python3.12/site-packages/airflow/example_dags/example_dag_decorator.py for tasks to queue
[2024-05-12T06:42:22.374+0000] {logging_mixin.py:188} INFO - [2024-05-12T06:42:22.374+0000] {dagbag.py:540} INFO - Filling up the DagBag from /home/airflow/.local/lib/python3.12/site-packages/airflow/example_dags/example_dag_decorator.py
[2024-05-12T07:30:12.457+0000] {processor.py:161} INFO - Started process (PID=79) to work on /home/airflow/.local/lib/python3.12/site-packages/airflow/example_dags/example_dag_decorator.py
[2024-05-12T07:30:12.467+0000] {processor.py:830} INFO - Processing file /home/airflow/.local/lib/python3.12/site-packages/airflow/example_dags/example_dag_decorator.py for tasks to queue
[2024-05-12T07:30:12.470+0000] {logging_mixin.py:188} INFO - [2024-05-12T07:30:12.470+0000] {dagbag.py:540} INFO - Filling up the DagBag from /home/airflow/.local/lib/python3.12/site-packages/airflow/example_dags/example_dag_decorator.py
[2024-05-12T07:30:12.675+0000] {processor.py:840} INFO - DAG(s) 'example_dag_decorator' retrieved from /home/airflow/.local/lib/python3.12/site-packages/airflow/example_dags/example_dag_decorator.py
[2024-05-12T07:30:12.841+0000] {logging_mixin.py:188} INFO - [2024-05-12T07:30:12.840+0000] {dag.py:3096} INFO - Sync 1 DAGs
[2024-05-12T07:30:12.867+0000] {logging_mixin.py:188} INFO - [2024-05-12T07:30:12.867+0000] {dag.py:3954} INFO - Setting next_dagrun for example_dag_decorator to None, run_after=None
[2024-05-12T07:30:12.905+0000] {processor.py:183} INFO - Processing /home/airflow/.local/lib/python3.12/site-packages/airflow/example_dags/example_dag_decorator.py took 0.457 seconds
[2024-05-12T07:30:43.259+0000] {processor.py:161} INFO - Started process (PID=146) to work on /home/airflow/.local/lib/python3.12/site-packages/airflow/example_dags/example_dag_decorator.py
[2024-05-12T07:30:43.264+0000] {processor.py:830} INFO - Processing file /home/airflow/.local/lib/python3.12/site-packages/airflow/example_dags/example_dag_decorator.py for tasks to queue
[2024-05-12T07:30:43.276+0000] {logging_mixin.py:188} INFO - [2024-05-12T07:30:43.268+0000] {dagbag.py:540} INFO - Filling up the DagBag from /home/airflow/.local/lib/python3.12/site-packages/airflow/example_dags/example_dag_decorator.py
[2024-05-12T07:30:43.637+0000] {processor.py:840} INFO - DAG(s) 'example_dag_decorator' retrieved from /home/airflow/.local/lib/python3.12/site-packages/airflow/example_dags/example_dag_decorator.py
[2024-05-12T07:30:43.998+0000] {logging_mixin.py:188} INFO - [2024-05-12T07:30:43.997+0000] {dag.py:3096} INFO - Sync 1 DAGs
[2024-05-12T07:30:44.029+0000] {logging_mixin.py:188} INFO - [2024-05-12T07:30:44.028+0000] {dag.py:3954} INFO - Setting next_dagrun for example_dag_decorator to None, run_after=None
[2024-05-12T07:30:44.110+0000] {processor.py:183} INFO - Processing /home/airflow/.local/lib/python3.12/site-packages/airflow/example_dags/example_dag_decorator.py took 0.880 seconds
[2024-05-12T07:31:14.217+0000] {processor.py:161} INFO - Started process (PID=214) to work on /home/airflow/.local/lib/python3.12/site-packages/airflow/example_dags/example_dag_decorator.py
[2024-05-12T07:31:14.219+0000] {processor.py:830} INFO - Processing file /home/airflow/.local/lib/python3.12/site-packages/airflow/example_dags/example_dag_decorator.py for tasks to queue
[2024-05-12T07:31:14.221+0000] {logging_mixin.py:188} INFO - [2024-05-12T07:31:14.221+0000] {dagbag.py:540} INFO - Filling up the DagBag from /home/airflow/.local/lib/python3.12/site-packages/airflow/example_dags/example_dag_decorator.py
[2024-05-12T07:31:14.387+0000] {processor.py:840} INFO - DAG(s) 'example_dag_decorator' retrieved from /home/airflow/.local/lib/python3.12/site-packages/airflow/example_dags/example_dag_decorator.py
[2024-05-12T07:31:14.402+0000] {logging_mixin.py:188} INFO - [2024-05-12T07:31:14.402+0000] {dag.py:3096} INFO - Sync 1 DAGs
[2024-05-12T07:31:14.430+0000] {logging_mixin.py:188} INFO - [2024-05-12T07:31:14.429+0000] {dag.py:3954} INFO - Setting next_dagrun for example_dag_decorator to None, run_after=None
[2024-05-12T07:31:14.459+0000] {processor.py:183} INFO - Processing /home/airflow/.local/lib/python3.12/site-packages/airflow/example_dags/example_dag_decorator.py took 0.251 seconds
[2024-05-12T07:31:44.848+0000] {processor.py:161} INFO - Started process (PID=281) to work on /home/airflow/.local/lib/python3.12/site-packages/airflow/example_dags/example_dag_decorator.py
[2024-05-12T07:31:44.849+0000] {processor.py:830} INFO - Processing file /home/airflow/.local/lib/python3.12/site-packages/airflow/example_dags/example_dag_decorator.py for tasks to queue
[2024-05-12T07:31:44.852+0000] {logging_mixin.py:188} INFO - [2024-05-12T07:31:44.851+0000] {dagbag.py:540} INFO - Filling up the DagBag from /home/airflow/.local/lib/python3.12/site-packages/airflow/example_dags/example_dag_decorator.py
[2024-05-12T07:31:45.026+0000] {processor.py:840} INFO - DAG(s) 'example_dag_decorator' retrieved from /home/airflow/.local/lib/python3.12/site-packages/airflow/example_dags/example_dag_decorator.py
[2024-05-12T07:31:45.043+0000] {logging_mixin.py:188} INFO - [2024-05-12T07:31:45.043+0000] {dag.py:3096} INFO - Sync 1 DAGs
[2024-05-12T07:31:45.067+0000] {logging_mixin.py:188} INFO - [2024-05-12T07:31:45.067+0000] {dag.py:3954} INFO - Setting next_dagrun for example_dag_decorator to None, run_after=None
[2024-05-12T07:31:45.099+0000] {processor.py:183} INFO - Processing /home/airflow/.local/lib/python3.12/site-packages/airflow/example_dags/example_dag_decorator.py took 0.258 seconds
[2024-05-12T07:32:15.826+0000] {processor.py:161} INFO - Started process (PID=346) to work on /home/airflow/.local/lib/python3.12/site-packages/airflow/example_dags/example_dag_decorator.py
[2024-05-12T07:32:15.827+0000] {processor.py:830} INFO - Processing file /home/airflow/.local/lib/python3.12/site-packages/airflow/example_dags/example_dag_decorator.py for tasks to queue
[2024-05-12T07:32:15.830+0000] {logging_mixin.py:188} INFO - [2024-05-12T07:32:15.830+0000] {dagbag.py:540} INFO - Filling up the DagBag from /home/airflow/.local/lib/python3.12/site-packages/airflow/example_dags/example_dag_decorator.py
[2024-05-12T07:32:16.012+0000] {processor.py:840} INFO - DAG(s) 'example_dag_decorator' retrieved from /home/airflow/.local/lib/python3.12/site-packages/airflow/example_dags/example_dag_decorator.py
[2024-05-12T07:32:16.350+0000] {logging_mixin.py:188} INFO - [2024-05-12T07:32:16.349+0000] {dag.py:3096} INFO - Sync 1 DAGs
[2024-05-12T07:32:16.368+0000] {logging_mixin.py:188} INFO - [2024-05-12T07:32:16.368+0000] {dag.py:3954} INFO - Setting next_dagrun for example_dag_decorator to None, run_after=None
[2024-05-12T07:32:16.405+0000] {processor.py:183} INFO - Processing /home/airflow/.local/lib/python3.12/site-packages/airflow/example_dags/example_dag_decorator.py took 0.588 seconds
[2024-05-12T07:32:47.005+0000] {processor.py:161} INFO - Started process (PID=413) to work on /home/airflow/.local/lib/python3.12/site-packages/airflow/example_dags/example_dag_decorator.py
[2024-05-12T07:32:47.006+0000] {processor.py:830} INFO - Processing file /home/airflow/.local/lib/python3.12/site-packages/airflow/example_dags/example_dag_decorator.py for tasks to queue
[2024-05-12T07:32:47.010+0000] {logging_mixin.py:188} INFO - [2024-05-12T07:32:47.010+0000] {dagbag.py:540} INFO - Filling up the DagBag from /home/airflow/.local/lib/python3.12/site-packages/airflow/example_dags/example_dag_decorator.py
[2024-05-12T07:32:47.173+0000] {processor.py:840} INFO - DAG(s) 'example_dag_decorator' retrieved from /home/airflow/.local/lib/python3.12/site-packages/airflow/example_dags/example_dag_decorator.py
[2024-05-12T07:32:47.477+0000] {logging_mixin.py:188} INFO - [2024-05-12T07:32:47.476+0000] {dag.py:3096} INFO - Sync 1 DAGs
[2024-05-12T07:32:47.492+0000] {logging_mixin.py:188} INFO - [2024-05-12T07:32:47.491+0000] {dag.py:3954} INFO - Setting next_dagrun for example_dag_decorator to None, run_after=None
[2024-05-12T07:32:47.524+0000] {processor.py:183} INFO - Processing /home/airflow/.local/lib/python3.12/site-packages/airflow/example_dags/example_dag_decorator.py took 0.527 seconds
[2024-05-12T07:33:22.790+0000] {processor.py:161} INFO - Started process (PID=486) to work on /home/airflow/.local/lib/python3.12/site-packages/airflow/example_dags/example_dag_decorator.py
[2024-05-12T07:33:22.793+0000] {processor.py:830} INFO - Processing file /home/airflow/.local/lib/python3.12/site-packages/airflow/example_dags/example_dag_decorator.py for tasks to queue
[2024-05-12T07:33:22.799+0000] {logging_mixin.py:188} INFO - [2024-05-12T07:33:22.798+0000] {dagbag.py:540} INFO - Filling up the DagBag from /home/airflow/.local/lib/python3.12/site-packages/airflow/example_dags/example_dag_decorator.py
[2024-05-12T07:33:23.100+0000] {processor.py:840} INFO - DAG(s) 'example_dag_decorator' retrieved from /home/airflow/.local/lib/python3.12/site-packages/airflow/example_dags/example_dag_decorator.py
[2024-05-12T07:33:23.774+0000] {logging_mixin.py:188} INFO - [2024-05-12T07:33:23.773+0000] {dag.py:3096} INFO - Sync 1 DAGs
[2024-05-12T07:33:23.803+0000] {logging_mixin.py:188} INFO - [2024-05-12T07:33:23.803+0000] {dag.py:3954} INFO - Setting next_dagrun for example_dag_decorator to None, run_after=None
[2024-05-12T07:33:23.848+0000] {processor.py:183} INFO - Processing /home/airflow/.local/lib/python3.12/site-packages/airflow/example_dags/example_dag_decorator.py took 1.076 seconds
[2024-05-12T07:33:54.110+0000] {processor.py:161} INFO - Started process (PID=556) to work on /home/airflow/.local/lib/python3.12/site-packages/airflow/example_dags/example_dag_decorator.py
[2024-05-12T07:33:54.112+0000] {processor.py:830} INFO - Processing file /home/airflow/.local/lib/python3.12/site-packages/airflow/example_dags/example_dag_decorator.py for tasks to queue
[2024-05-12T07:33:54.114+0000] {logging_mixin.py:188} INFO - [2024-05-12T07:33:54.114+0000] {dagbag.py:540} INFO - Filling up the DagBag from /home/airflow/.local/lib/python3.12/site-packages/airflow/example_dags/example_dag_decorator.py
[2024-05-12T07:33:54.309+0000] {processor.py:840} INFO - DAG(s) 'example_dag_decorator' retrieved from /home/airflow/.local/lib/python3.12/site-packages/airflow/example_dags/example_dag_decorator.py
[2024-05-12T07:33:54.358+0000] {logging_mixin.py:188} INFO - [2024-05-12T07:33:54.358+0000] {dag.py:3096} INFO - Sync 1 DAGs
[2024-05-12T07:33:54.389+0000] {logging_mixin.py:188} INFO - [2024-05-12T07:33:54.388+0000] {dag.py:3954} INFO - Setting next_dagrun for example_dag_decorator to None, run_after=None
[2024-05-12T07:33:54.433+0000] {processor.py:183} INFO - Processing /home/airflow/.local/lib/python3.12/site-packages/airflow/example_dags/example_dag_decorator.py took 0.332 seconds
[2024-05-12T07:34:26.175+0000] {processor.py:161} INFO - Started process (PID=622) to work on /home/airflow/.local/lib/python3.12/site-packages/airflow/example_dags/example_dag_decorator.py
[2024-05-12T07:34:26.177+0000] {processor.py:830} INFO - Processing file /home/airflow/.local/lib/python3.12/site-packages/airflow/example_dags/example_dag_decorator.py for tasks to queue
[2024-05-12T07:34:26.183+0000] {logging_mixin.py:188} INFO - [2024-05-12T07:34:26.182+0000] {dagbag.py:540} INFO - Filling up the DagBag from /home/airflow/.local/lib/python3.12/site-packages/airflow/example_dags/example_dag_decorator.py
[2024-05-12T07:34:26.443+0000] {processor.py:840} INFO - DAG(s) 'example_dag_decorator' retrieved from /home/airflow/.local/lib/python3.12/site-packages/airflow/example_dags/example_dag_decorator.py
[2024-05-12T07:34:26.488+0000] {logging_mixin.py:188} INFO - [2024-05-12T07:34:26.488+0000] {dag.py:3096} INFO - Sync 1 DAGs
[2024-05-12T07:34:26.523+0000] {logging_mixin.py:188} INFO - [2024-05-12T07:34:26.523+0000] {dag.py:3954} INFO - Setting next_dagrun for example_dag_decorator to None, run_after=None
[2024-05-12T07:34:26.557+0000] {processor.py:183} INFO - Processing /home/airflow/.local/lib/python3.12/site-packages/airflow/example_dags/example_dag_decorator.py took 0.392 seconds
[2024-05-12T07:34:56.671+0000] {processor.py:161} INFO - Started process (PID=685) to work on /home/airflow/.local/lib/python3.12/site-packages/airflow/example_dags/example_dag_decorator.py
[2024-05-12T07:34:56.672+0000] {processor.py:830} INFO - Processing file /home/airflow/.local/lib/python3.12/site-packages/airflow/example_dags/example_dag_decorator.py for tasks to queue
[2024-05-12T07:34:56.674+0000] {logging_mixin.py:188} INFO - [2024-05-12T07:34:56.674+0000] {dagbag.py:540} INFO - Filling up the DagBag from /home/airflow/.local/lib/python3.12/site-packages/airflow/example_dags/example_dag_decorator.py
[2024-05-12T07:34:56.810+0000] {processor.py:840} INFO - DAG(s) 'example_dag_decorator' retrieved from /home/airflow/.local/lib/python3.12/site-packages/airflow/example_dags/example_dag_decorator.py
[2024-05-12T07:34:57.046+0000] {logging_mixin.py:188} INFO - [2024-05-12T07:34:57.046+0000] {dag.py:3096} INFO - Sync 1 DAGs
[2024-05-12T07:34:57.057+0000] {logging_mixin.py:188} INFO - [2024-05-12T07:34:57.057+0000] {dag.py:3954} INFO - Setting next_dagrun for example_dag_decorator to None, run_after=None
[2024-05-12T07:34:57.077+0000] {processor.py:183} INFO - Processing /home/airflow/.local/lib/python3.12/site-packages/airflow/example_dags/example_dag_decorator.py took 0.420 seconds
[2024-05-12T07:35:27.166+0000] {processor.py:161} INFO - Started process (PID=752) to work on /home/airflow/.local/lib/python3.12/site-packages/airflow/example_dags/example_dag_decorator.py
[2024-05-12T07:35:27.168+0000] {processor.py:830} INFO - Processing file /home/airflow/.local/lib/python3.12/site-packages/airflow/example_dags/example_dag_decorator.py for tasks to queue
[2024-05-12T07:35:27.170+0000] {logging_mixin.py:188} INFO - [2024-05-12T07:35:27.170+0000] {dagbag.py:540} INFO - Filling up the DagBag from /home/airflow/.local/lib/python3.12/site-packages/airflow/example_dags/example_dag_decorator.py
[2024-05-12T07:35:27.314+0000] {processor.py:840} INFO - DAG(s) 'example_dag_decorator' retrieved from /home/airflow/.local/lib/python3.12/site-packages/airflow/example_dags/example_dag_decorator.py
[2024-05-12T07:35:27.807+0000] {logging_mixin.py:188} INFO - [2024-05-12T07:35:27.806+0000] {dag.py:3096} INFO - Sync 1 DAGs
[2024-05-12T07:35:27.877+0000] {logging_mixin.py:188} INFO - [2024-05-12T07:35:27.876+0000] {dag.py:3954} INFO - Setting next_dagrun for example_dag_decorator to None, run_after=None
[2024-05-12T07:35:27.913+0000] {processor.py:183} INFO - Processing /home/airflow/.local/lib/python3.12/site-packages/airflow/example_dags/example_dag_decorator.py took 0.756 seconds
[2024-05-12T07:35:58.045+0000] {processor.py:161} INFO - Started process (PID=822) to work on /home/airflow/.local/lib/python3.12/site-packages/airflow/example_dags/example_dag_decorator.py
[2024-05-12T07:35:58.047+0000] {processor.py:830} INFO - Processing file /home/airflow/.local/lib/python3.12/site-packages/airflow/example_dags/example_dag_decorator.py for tasks to queue
[2024-05-12T07:35:58.049+0000] {logging_mixin.py:188} INFO - [2024-05-12T07:35:58.049+0000] {dagbag.py:540} INFO - Filling up the DagBag from /home/airflow/.local/lib/python3.12/site-packages/airflow/example_dags/example_dag_decorator.py
[2024-05-12T07:35:58.177+0000] {processor.py:840} INFO - DAG(s) 'example_dag_decorator' retrieved from /home/airflow/.local/lib/python3.12/site-packages/airflow/example_dags/example_dag_decorator.py
[2024-05-12T07:35:58.207+0000] {logging_mixin.py:188} INFO - [2024-05-12T07:35:58.207+0000] {dag.py:3096} INFO - Sync 1 DAGs
[2024-05-12T07:35:58.369+0000] {logging_mixin.py:188} INFO - [2024-05-12T07:35:58.369+0000] {dag.py:3954} INFO - Setting next_dagrun for example_dag_decorator to None, run_after=None
[2024-05-12T07:35:58.399+0000] {processor.py:183} INFO - Processing /home/airflow/.local/lib/python3.12/site-packages/airflow/example_dags/example_dag_decorator.py took 0.361 seconds
[2024-05-12T07:36:29.053+0000] {processor.py:161} INFO - Started process (PID=889) to work on /home/airflow/.local/lib/python3.12/site-packages/airflow/example_dags/example_dag_decorator.py
[2024-05-12T07:36:29.054+0000] {processor.py:830} INFO - Processing file /home/airflow/.local/lib/python3.12/site-packages/airflow/example_dags/example_dag_decorator.py for tasks to queue
[2024-05-12T07:36:29.057+0000] {logging_mixin.py:188} INFO - [2024-05-12T07:36:29.057+0000] {dagbag.py:540} INFO - Filling up the DagBag from /home/airflow/.local/lib/python3.12/site-packages/airflow/example_dags/example_dag_decorator.py
[2024-05-12T07:36:29.279+0000] {processor.py:840} INFO - DAG(s) 'example_dag_decorator' retrieved from /home/airflow/.local/lib/python3.12/site-packages/airflow/example_dags/example_dag_decorator.py
[2024-05-12T07:36:29.730+0000] {logging_mixin.py:188} INFO - [2024-05-12T07:36:29.729+0000] {dag.py:3096} INFO - Sync 1 DAGs
[2024-05-12T07:36:29.750+0000] {logging_mixin.py:188} INFO - [2024-05-12T07:36:29.750+0000] {dag.py:3954} INFO - Setting next_dagrun for example_dag_decorator to None, run_after=None
[2024-05-12T07:36:29.776+0000] {processor.py:183} INFO - Processing /home/airflow/.local/lib/python3.12/site-packages/airflow/example_dags/example_dag_decorator.py took 0.738 seconds
[2024-05-12T07:37:00.606+0000] {processor.py:161} INFO - Started process (PID=956) to work on /home/airflow/.local/lib/python3.12/site-packages/airflow/example_dags/example_dag_decorator.py
[2024-05-12T07:37:00.608+0000] {processor.py:830} INFO - Processing file /home/airflow/.local/lib/python3.12/site-packages/airflow/example_dags/example_dag_decorator.py for tasks to queue
[2024-05-12T07:37:00.613+0000] {logging_mixin.py:188} INFO - [2024-05-12T07:37:00.612+0000] {dagbag.py:540} INFO - Filling up the DagBag from /home/airflow/.local/lib/python3.12/site-packages/airflow/example_dags/example_dag_decorator.py
[2024-05-12T07:37:00.913+0000] {processor.py:840} INFO - DAG(s) 'example_dag_decorator' retrieved from /home/airflow/.local/lib/python3.12/site-packages/airflow/example_dags/example_dag_decorator.py
[2024-05-12T07:37:01.357+0000] {logging_mixin.py:188} INFO - [2024-05-12T07:37:01.357+0000] {dag.py:3096} INFO - Sync 1 DAGs
[2024-05-12T07:37:01.380+0000] {logging_mixin.py:188} INFO - [2024-05-12T07:37:01.380+0000] {dag.py:3954} INFO - Setting next_dagrun for example_dag_decorator to None, run_after=None
[2024-05-12T07:37:01.413+0000] {processor.py:183} INFO - Processing /home/airflow/.local/lib/python3.12/site-packages/airflow/example_dags/example_dag_decorator.py took 0.828 seconds
