[2024-05-12T06:27:27.644+0000] {processor.py:161} INFO - Started process (PID=56) to work on /home/airflow/.local/lib/python3.12/site-packages/airflow/example_dags/example_sla_dag.py
[2024-05-12T06:27:27.645+0000] {processor.py:830} INFO - Processing file /home/airflow/.local/lib/python3.12/site-packages/airflow/example_dags/example_sla_dag.py for tasks to queue
[2024-05-12T06:27:27.648+0000] {logging_mixin.py:188} INFO - [2024-05-12T06:27:27.647+0000] {dagbag.py:540} INFO - Filling up the DagBag from /home/airflow/.local/lib/python3.12/site-packages/airflow/example_dags/example_sla_dag.py
[2024-05-12T06:27:27.665+0000] {processor.py:840} INFO - DAG(s) 'example_sla_dag' retrieved from /home/airflow/.local/lib/python3.12/site-packages/airflow/example_dags/example_sla_dag.py
[2024-05-12T06:27:27.691+0000] {logging_mixin.py:188} INFO - [2024-05-12T06:27:27.690+0000] {dag.py:3096} INFO - Sync 1 DAGs
[2024-05-12T06:27:27.730+0000] {logging_mixin.py:188} INFO - [2024-05-12T06:27:27.730+0000] {dag.py:3954} INFO - Setting next_dagrun for example_sla_dag to 2024-05-12 06:24:00+00:00, run_after=2024-05-12 06:26:00+00:00
[2024-05-12T06:27:27.757+0000] {processor.py:183} INFO - Processing /home/airflow/.local/lib/python3.12/site-packages/airflow/example_dags/example_sla_dag.py took 0.124 seconds
[2024-05-12T06:42:19.393+0000] {processor.py:161} INFO - Started process (PID=56) to work on /home/airflow/.local/lib/python3.12/site-packages/airflow/example_dags/example_sla_dag.py
[2024-05-12T06:42:19.402+0000] {processor.py:830} INFO - Processing file /home/airflow/.local/lib/python3.12/site-packages/airflow/example_dags/example_sla_dag.py for tasks to queue
[2024-05-12T06:42:19.407+0000] {logging_mixin.py:188} INFO - [2024-05-12T06:42:19.406+0000] {dagbag.py:540} INFO - Filling up the DagBag from /home/airflow/.local/lib/python3.12/site-packages/airflow/example_dags/example_sla_dag.py
[2024-05-12T06:42:19.432+0000] {processor.py:840} INFO - DAG(s) 'example_sla_dag' retrieved from /home/airflow/.local/lib/python3.12/site-packages/airflow/example_dags/example_sla_dag.py
[2024-05-12T06:42:19.457+0000] {logging_mixin.py:188} INFO - [2024-05-12T06:42:19.457+0000] {dag.py:3096} INFO - Sync 1 DAGs
[2024-05-12T06:42:19.517+0000] {logging_mixin.py:188} INFO - [2024-05-12T06:42:19.516+0000] {dag.py:3954} INFO - Setting next_dagrun for example_sla_dag to 2024-05-12 06:40:00+00:00, run_after=2024-05-12 06:42:00+00:00
[2024-05-12T06:42:19.559+0000] {processor.py:183} INFO - Processing /home/airflow/.local/lib/python3.12/site-packages/airflow/example_dags/example_sla_dag.py took 0.183 seconds
[2024-05-12T07:30:07.827+0000] {processor.py:161} INFO - Started process (PID=62) to work on /home/airflow/.local/lib/python3.12/site-packages/airflow/example_dags/example_sla_dag.py
[2024-05-12T07:30:07.850+0000] {processor.py:830} INFO - Processing file /home/airflow/.local/lib/python3.12/site-packages/airflow/example_dags/example_sla_dag.py for tasks to queue
[2024-05-12T07:30:07.855+0000] {logging_mixin.py:188} INFO - [2024-05-12T07:30:07.854+0000] {dagbag.py:540} INFO - Filling up the DagBag from /home/airflow/.local/lib/python3.12/site-packages/airflow/example_dags/example_sla_dag.py
[2024-05-12T07:30:07.904+0000] {processor.py:840} INFO - DAG(s) 'example_sla_dag' retrieved from /home/airflow/.local/lib/python3.12/site-packages/airflow/example_dags/example_sla_dag.py
[2024-05-12T07:30:08.429+0000] {logging_mixin.py:188} INFO - [2024-05-12T07:30:08.428+0000] {dag.py:3096} INFO - Sync 1 DAGs
[2024-05-12T07:30:08.521+0000] {logging_mixin.py:188} INFO - [2024-05-12T07:30:08.520+0000] {dag.py:3954} INFO - Setting next_dagrun for example_sla_dag to 2024-05-12 07:28:00+00:00, run_after=2024-05-12 07:30:00+00:00
[2024-05-12T07:30:08.603+0000] {processor.py:183} INFO - Processing /home/airflow/.local/lib/python3.12/site-packages/airflow/example_dags/example_sla_dag.py took 0.808 seconds
[2024-05-12T07:30:39.348+0000] {processor.py:161} INFO - Started process (PID=129) to work on /home/airflow/.local/lib/python3.12/site-packages/airflow/example_dags/example_sla_dag.py
[2024-05-12T07:30:39.350+0000] {processor.py:830} INFO - Processing file /home/airflow/.local/lib/python3.12/site-packages/airflow/example_dags/example_sla_dag.py for tasks to queue
[2024-05-12T07:30:39.355+0000] {logging_mixin.py:188} INFO - [2024-05-12T07:30:39.354+0000] {dagbag.py:540} INFO - Filling up the DagBag from /home/airflow/.local/lib/python3.12/site-packages/airflow/example_dags/example_sla_dag.py
[2024-05-12T07:30:39.378+0000] {processor.py:840} INFO - DAG(s) 'example_sla_dag' retrieved from /home/airflow/.local/lib/python3.12/site-packages/airflow/example_dags/example_sla_dag.py
[2024-05-12T07:30:39.430+0000] {logging_mixin.py:188} INFO - [2024-05-12T07:30:39.429+0000] {dag.py:3096} INFO - Sync 1 DAGs
[2024-05-12T07:30:39.518+0000] {logging_mixin.py:188} INFO - [2024-05-12T07:30:39.518+0000] {dag.py:3954} INFO - Setting next_dagrun for example_sla_dag to 2024-05-12 07:28:00+00:00, run_after=2024-05-12 07:30:00+00:00
[2024-05-12T07:30:39.577+0000] {processor.py:183} INFO - Processing /home/airflow/.local/lib/python3.12/site-packages/airflow/example_dags/example_sla_dag.py took 0.248 seconds
[2024-05-12T07:31:10.373+0000] {processor.py:161} INFO - Started process (PID=196) to work on /home/airflow/.local/lib/python3.12/site-packages/airflow/example_dags/example_sla_dag.py
[2024-05-12T07:31:10.374+0000] {processor.py:830} INFO - Processing file /home/airflow/.local/lib/python3.12/site-packages/airflow/example_dags/example_sla_dag.py for tasks to queue
[2024-05-12T07:31:10.375+0000] {logging_mixin.py:188} INFO - [2024-05-12T07:31:10.375+0000] {dagbag.py:540} INFO - Filling up the DagBag from /home/airflow/.local/lib/python3.12/site-packages/airflow/example_dags/example_sla_dag.py
[2024-05-12T07:31:10.383+0000] {processor.py:840} INFO - DAG(s) 'example_sla_dag' retrieved from /home/airflow/.local/lib/python3.12/site-packages/airflow/example_dags/example_sla_dag.py
[2024-05-12T07:31:10.396+0000] {logging_mixin.py:188} INFO - [2024-05-12T07:31:10.396+0000] {dag.py:3096} INFO - Sync 1 DAGs
[2024-05-12T07:31:10.425+0000] {logging_mixin.py:188} INFO - [2024-05-12T07:31:10.425+0000] {dag.py:3954} INFO - Setting next_dagrun for example_sla_dag to 2024-05-12 07:28:00+00:00, run_after=2024-05-12 07:30:00+00:00
[2024-05-12T07:31:10.445+0000] {processor.py:183} INFO - Processing /home/airflow/.local/lib/python3.12/site-packages/airflow/example_dags/example_sla_dag.py took 0.078 seconds
[2024-05-12T07:31:41.412+0000] {processor.py:161} INFO - Started process (PID=262) to work on /home/airflow/.local/lib/python3.12/site-packages/airflow/example_dags/example_sla_dag.py
[2024-05-12T07:31:41.414+0000] {processor.py:830} INFO - Processing file /home/airflow/.local/lib/python3.12/site-packages/airflow/example_dags/example_sla_dag.py for tasks to queue
[2024-05-12T07:31:41.419+0000] {logging_mixin.py:188} INFO - [2024-05-12T07:31:41.418+0000] {dagbag.py:540} INFO - Filling up the DagBag from /home/airflow/.local/lib/python3.12/site-packages/airflow/example_dags/example_sla_dag.py
[2024-05-12T07:31:41.435+0000] {processor.py:840} INFO - DAG(s) 'example_sla_dag' retrieved from /home/airflow/.local/lib/python3.12/site-packages/airflow/example_dags/example_sla_dag.py
[2024-05-12T07:31:41.456+0000] {logging_mixin.py:188} INFO - [2024-05-12T07:31:41.455+0000] {dag.py:3096} INFO - Sync 1 DAGs
[2024-05-12T07:31:41.503+0000] {logging_mixin.py:188} INFO - [2024-05-12T07:31:41.502+0000] {dag.py:3954} INFO - Setting next_dagrun for example_sla_dag to 2024-05-12 07:28:00+00:00, run_after=2024-05-12 07:30:00+00:00
[2024-05-12T07:31:41.541+0000] {processor.py:183} INFO - Processing /home/airflow/.local/lib/python3.12/site-packages/airflow/example_dags/example_sla_dag.py took 0.138 seconds
[2024-05-12T07:32:12.655+0000] {processor.py:161} INFO - Started process (PID=328) to work on /home/airflow/.local/lib/python3.12/site-packages/airflow/example_dags/example_sla_dag.py
[2024-05-12T07:32:12.656+0000] {processor.py:830} INFO - Processing file /home/airflow/.local/lib/python3.12/site-packages/airflow/example_dags/example_sla_dag.py for tasks to queue
[2024-05-12T07:32:12.658+0000] {logging_mixin.py:188} INFO - [2024-05-12T07:32:12.658+0000] {dagbag.py:540} INFO - Filling up the DagBag from /home/airflow/.local/lib/python3.12/site-packages/airflow/example_dags/example_sla_dag.py
[2024-05-12T07:32:12.669+0000] {processor.py:840} INFO - DAG(s) 'example_sla_dag' retrieved from /home/airflow/.local/lib/python3.12/site-packages/airflow/example_dags/example_sla_dag.py
[2024-05-12T07:32:12.820+0000] {logging_mixin.py:188} INFO - [2024-05-12T07:32:12.820+0000] {dag.py:3096} INFO - Sync 1 DAGs
[2024-05-12T07:32:12.851+0000] {logging_mixin.py:188} INFO - [2024-05-12T07:32:12.851+0000] {dag.py:3954} INFO - Setting next_dagrun for example_sla_dag to 2024-05-12 07:30:00+00:00, run_after=2024-05-12 07:32:00+00:00
[2024-05-12T07:32:12.882+0000] {processor.py:183} INFO - Processing /home/airflow/.local/lib/python3.12/site-packages/airflow/example_dags/example_sla_dag.py took 0.238 seconds
[2024-05-12T07:32:44.280+0000] {processor.py:161} INFO - Started process (PID=392) to work on /home/airflow/.local/lib/python3.12/site-packages/airflow/example_dags/example_sla_dag.py
[2024-05-12T07:32:44.281+0000] {processor.py:830} INFO - Processing file /home/airflow/.local/lib/python3.12/site-packages/airflow/example_dags/example_sla_dag.py for tasks to queue
[2024-05-12T07:32:44.283+0000] {logging_mixin.py:188} INFO - [2024-05-12T07:32:44.283+0000] {dagbag.py:540} INFO - Filling up the DagBag from /home/airflow/.local/lib/python3.12/site-packages/airflow/example_dags/example_sla_dag.py
[2024-05-12T07:32:44.295+0000] {processor.py:840} INFO - DAG(s) 'example_sla_dag' retrieved from /home/airflow/.local/lib/python3.12/site-packages/airflow/example_dags/example_sla_dag.py
[2024-05-12T07:32:44.321+0000] {logging_mixin.py:188} INFO - [2024-05-12T07:32:44.321+0000] {dag.py:3096} INFO - Sync 1 DAGs
[2024-05-12T07:32:44.365+0000] {logging_mixin.py:188} INFO - [2024-05-12T07:32:44.365+0000] {dag.py:3954} INFO - Setting next_dagrun for example_sla_dag to 2024-05-12 07:30:00+00:00, run_after=2024-05-12 07:32:00+00:00
[2024-05-12T07:32:44.402+0000] {processor.py:183} INFO - Processing /home/airflow/.local/lib/python3.12/site-packages/airflow/example_dags/example_sla_dag.py took 0.130 seconds
[2024-05-12T07:33:14.823+0000] {processor.py:161} INFO - Started process (PID=456) to work on /home/airflow/.local/lib/python3.12/site-packages/airflow/example_dags/example_sla_dag.py
[2024-05-12T07:33:14.825+0000] {processor.py:830} INFO - Processing file /home/airflow/.local/lib/python3.12/site-packages/airflow/example_dags/example_sla_dag.py for tasks to queue
[2024-05-12T07:33:14.829+0000] {logging_mixin.py:188} INFO - [2024-05-12T07:33:14.829+0000] {dagbag.py:540} INFO - Filling up the DagBag from /home/airflow/.local/lib/python3.12/site-packages/airflow/example_dags/example_sla_dag.py
[2024-05-12T07:33:14.849+0000] {processor.py:840} INFO - DAG(s) 'example_sla_dag' retrieved from /home/airflow/.local/lib/python3.12/site-packages/airflow/example_dags/example_sla_dag.py
[2024-05-12T07:33:14.896+0000] {logging_mixin.py:188} INFO - [2024-05-12T07:33:14.896+0000] {dag.py:3096} INFO - Sync 1 DAGs
[2024-05-12T07:33:14.972+0000] {logging_mixin.py:188} INFO - [2024-05-12T07:33:14.971+0000] {dag.py:3954} INFO - Setting next_dagrun for example_sla_dag to 2024-05-12 07:30:00+00:00, run_after=2024-05-12 07:32:00+00:00
[2024-05-12T07:33:15.031+0000] {processor.py:183} INFO - Processing /home/airflow/.local/lib/python3.12/site-packages/airflow/example_dags/example_sla_dag.py took 0.221 seconds
[2024-05-12T07:33:45.159+0000] {processor.py:161} INFO - Started process (PID=521) to work on /home/airflow/.local/lib/python3.12/site-packages/airflow/example_dags/example_sla_dag.py
[2024-05-12T07:33:45.160+0000] {processor.py:830} INFO - Processing file /home/airflow/.local/lib/python3.12/site-packages/airflow/example_dags/example_sla_dag.py for tasks to queue
[2024-05-12T07:33:45.162+0000] {logging_mixin.py:188} INFO - [2024-05-12T07:33:45.161+0000] {dagbag.py:540} INFO - Filling up the DagBag from /home/airflow/.local/lib/python3.12/site-packages/airflow/example_dags/example_sla_dag.py
[2024-05-12T07:33:45.170+0000] {processor.py:840} INFO - DAG(s) 'example_sla_dag' retrieved from /home/airflow/.local/lib/python3.12/site-packages/airflow/example_dags/example_sla_dag.py
[2024-05-12T07:33:45.192+0000] {logging_mixin.py:188} INFO - [2024-05-12T07:33:45.191+0000] {dag.py:3096} INFO - Sync 1 DAGs
[2024-05-12T07:33:45.217+0000] {logging_mixin.py:188} INFO - [2024-05-12T07:33:45.217+0000] {dag.py:3954} INFO - Setting next_dagrun for example_sla_dag to 2024-05-12 07:30:00+00:00, run_after=2024-05-12 07:32:00+00:00
[2024-05-12T07:33:45.238+0000] {processor.py:183} INFO - Processing /home/airflow/.local/lib/python3.12/site-packages/airflow/example_dags/example_sla_dag.py took 0.086 seconds
[2024-05-12T07:34:15.414+0000] {processor.py:161} INFO - Started process (PID=588) to work on /home/airflow/.local/lib/python3.12/site-packages/airflow/example_dags/example_sla_dag.py
[2024-05-12T07:34:15.415+0000] {processor.py:830} INFO - Processing file /home/airflow/.local/lib/python3.12/site-packages/airflow/example_dags/example_sla_dag.py for tasks to queue
[2024-05-12T07:34:15.418+0000] {logging_mixin.py:188} INFO - [2024-05-12T07:34:15.417+0000] {dagbag.py:540} INFO - Filling up the DagBag from /home/airflow/.local/lib/python3.12/site-packages/airflow/example_dags/example_sla_dag.py
[2024-05-12T07:34:15.427+0000] {processor.py:840} INFO - DAG(s) 'example_sla_dag' retrieved from /home/airflow/.local/lib/python3.12/site-packages/airflow/example_dags/example_sla_dag.py
[2024-05-12T07:34:15.455+0000] {logging_mixin.py:188} INFO - [2024-05-12T07:34:15.454+0000] {dag.py:3096} INFO - Sync 1 DAGs
[2024-05-12T07:34:15.489+0000] {logging_mixin.py:188} INFO - [2024-05-12T07:34:15.489+0000] {dag.py:3954} INFO - Setting next_dagrun for example_sla_dag to 2024-05-12 07:32:00+00:00, run_after=2024-05-12 07:34:00+00:00
[2024-05-12T07:34:15.517+0000] {processor.py:183} INFO - Processing /home/airflow/.local/lib/python3.12/site-packages/airflow/example_dags/example_sla_dag.py took 0.111 seconds
[2024-05-12T07:34:45.711+0000] {processor.py:161} INFO - Started process (PID=655) to work on /home/airflow/.local/lib/python3.12/site-packages/airflow/example_dags/example_sla_dag.py
[2024-05-12T07:34:45.712+0000] {processor.py:830} INFO - Processing file /home/airflow/.local/lib/python3.12/site-packages/airflow/example_dags/example_sla_dag.py for tasks to queue
[2024-05-12T07:34:45.715+0000] {logging_mixin.py:188} INFO - [2024-05-12T07:34:45.714+0000] {dagbag.py:540} INFO - Filling up the DagBag from /home/airflow/.local/lib/python3.12/site-packages/airflow/example_dags/example_sla_dag.py
[2024-05-12T07:34:45.725+0000] {processor.py:840} INFO - DAG(s) 'example_sla_dag' retrieved from /home/airflow/.local/lib/python3.12/site-packages/airflow/example_dags/example_sla_dag.py
[2024-05-12T07:34:45.745+0000] {logging_mixin.py:188} INFO - [2024-05-12T07:34:45.745+0000] {dag.py:3096} INFO - Sync 1 DAGs
[2024-05-12T07:34:45.773+0000] {logging_mixin.py:188} INFO - [2024-05-12T07:34:45.772+0000] {dag.py:3954} INFO - Setting next_dagrun for example_sla_dag to 2024-05-12 07:32:00+00:00, run_after=2024-05-12 07:34:00+00:00
[2024-05-12T07:34:45.797+0000] {processor.py:183} INFO - Processing /home/airflow/.local/lib/python3.12/site-packages/airflow/example_dags/example_sla_dag.py took 0.091 seconds
[2024-05-12T07:35:16.370+0000] {processor.py:161} INFO - Started process (PID=722) to work on /home/airflow/.local/lib/python3.12/site-packages/airflow/example_dags/example_sla_dag.py
[2024-05-12T07:35:16.372+0000] {processor.py:830} INFO - Processing file /home/airflow/.local/lib/python3.12/site-packages/airflow/example_dags/example_sla_dag.py for tasks to queue
[2024-05-12T07:35:16.374+0000] {logging_mixin.py:188} INFO - [2024-05-12T07:35:16.374+0000] {dagbag.py:540} INFO - Filling up the DagBag from /home/airflow/.local/lib/python3.12/site-packages/airflow/example_dags/example_sla_dag.py
[2024-05-12T07:35:16.385+0000] {processor.py:840} INFO - DAG(s) 'example_sla_dag' retrieved from /home/airflow/.local/lib/python3.12/site-packages/airflow/example_dags/example_sla_dag.py
[2024-05-12T07:35:16.413+0000] {logging_mixin.py:188} INFO - [2024-05-12T07:35:16.413+0000] {dag.py:3096} INFO - Sync 1 DAGs
[2024-05-12T07:35:16.448+0000] {logging_mixin.py:188} INFO - [2024-05-12T07:35:16.448+0000] {dag.py:3954} INFO - Setting next_dagrun for example_sla_dag to 2024-05-12 07:32:00+00:00, run_after=2024-05-12 07:34:00+00:00
[2024-05-12T07:35:16.475+0000] {processor.py:183} INFO - Processing /home/airflow/.local/lib/python3.12/site-packages/airflow/example_dags/example_sla_dag.py took 0.114 seconds
[2024-05-12T07:35:47.004+0000] {processor.py:161} INFO - Started process (PID=789) to work on /home/airflow/.local/lib/python3.12/site-packages/airflow/example_dags/example_sla_dag.py
[2024-05-12T07:35:47.005+0000] {processor.py:830} INFO - Processing file /home/airflow/.local/lib/python3.12/site-packages/airflow/example_dags/example_sla_dag.py for tasks to queue
[2024-05-12T07:35:47.007+0000] {logging_mixin.py:188} INFO - [2024-05-12T07:35:47.007+0000] {dagbag.py:540} INFO - Filling up the DagBag from /home/airflow/.local/lib/python3.12/site-packages/airflow/example_dags/example_sla_dag.py
[2024-05-12T07:35:47.018+0000] {processor.py:840} INFO - DAG(s) 'example_sla_dag' retrieved from /home/airflow/.local/lib/python3.12/site-packages/airflow/example_dags/example_sla_dag.py
[2024-05-12T07:35:47.042+0000] {logging_mixin.py:188} INFO - [2024-05-12T07:35:47.042+0000] {dag.py:3096} INFO - Sync 1 DAGs
[2024-05-12T07:35:47.073+0000] {logging_mixin.py:188} INFO - [2024-05-12T07:35:47.073+0000] {dag.py:3954} INFO - Setting next_dagrun for example_sla_dag to 2024-05-12 07:32:00+00:00, run_after=2024-05-12 07:34:00+00:00
[2024-05-12T07:35:47.098+0000] {processor.py:183} INFO - Processing /home/airflow/.local/lib/python3.12/site-packages/airflow/example_dags/example_sla_dag.py took 0.100 seconds
[2024-05-12T07:36:17.332+0000] {processor.py:161} INFO - Started process (PID=856) to work on /home/airflow/.local/lib/python3.12/site-packages/airflow/example_dags/example_sla_dag.py
[2024-05-12T07:36:17.334+0000] {processor.py:830} INFO - Processing file /home/airflow/.local/lib/python3.12/site-packages/airflow/example_dags/example_sla_dag.py for tasks to queue
[2024-05-12T07:36:17.338+0000] {logging_mixin.py:188} INFO - [2024-05-12T07:36:17.336+0000] {dagbag.py:540} INFO - Filling up the DagBag from /home/airflow/.local/lib/python3.12/site-packages/airflow/example_dags/example_sla_dag.py
[2024-05-12T07:36:17.358+0000] {processor.py:840} INFO - DAG(s) 'example_sla_dag' retrieved from /home/airflow/.local/lib/python3.12/site-packages/airflow/example_dags/example_sla_dag.py
[2024-05-12T07:36:17.393+0000] {logging_mixin.py:188} INFO - [2024-05-12T07:36:17.392+0000] {dag.py:3096} INFO - Sync 1 DAGs
[2024-05-12T07:36:17.439+0000] {logging_mixin.py:188} INFO - [2024-05-12T07:36:17.438+0000] {dag.py:3954} INFO - Setting next_dagrun for example_sla_dag to 2024-05-12 07:34:00+00:00, run_after=2024-05-12 07:36:00+00:00
[2024-05-12T07:36:17.475+0000] {processor.py:183} INFO - Processing /home/airflow/.local/lib/python3.12/site-packages/airflow/example_dags/example_sla_dag.py took 0.156 seconds
[2024-05-12T07:36:47.527+0000] {processor.py:161} INFO - Started process (PID=923) to work on /home/airflow/.local/lib/python3.12/site-packages/airflow/example_dags/example_sla_dag.py
[2024-05-12T07:36:47.529+0000] {processor.py:830} INFO - Processing file /home/airflow/.local/lib/python3.12/site-packages/airflow/example_dags/example_sla_dag.py for tasks to queue
[2024-05-12T07:36:47.531+0000] {logging_mixin.py:188} INFO - [2024-05-12T07:36:47.530+0000] {dagbag.py:540} INFO - Filling up the DagBag from /home/airflow/.local/lib/python3.12/site-packages/airflow/example_dags/example_sla_dag.py
[2024-05-12T07:36:47.540+0000] {processor.py:840} INFO - DAG(s) 'example_sla_dag' retrieved from /home/airflow/.local/lib/python3.12/site-packages/airflow/example_dags/example_sla_dag.py
[2024-05-12T07:36:47.561+0000] {logging_mixin.py:188} INFO - [2024-05-12T07:36:47.561+0000] {dag.py:3096} INFO - Sync 1 DAGs
[2024-05-12T07:36:47.590+0000] {logging_mixin.py:188} INFO - [2024-05-12T07:36:47.590+0000] {dag.py:3954} INFO - Setting next_dagrun for example_sla_dag to 2024-05-12 07:34:00+00:00, run_after=2024-05-12 07:36:00+00:00
[2024-05-12T07:36:47.618+0000] {processor.py:183} INFO - Processing /home/airflow/.local/lib/python3.12/site-packages/airflow/example_dags/example_sla_dag.py took 0.097 seconds
