[2024-05-12T06:27:27.297+0000] {processor.py:161} INFO - Started process (PID=53) to work on /home/airflow/.local/lib/python3.12/site-packages/airflow/example_dags/example_task_group.py
[2024-05-12T06:27:27.299+0000] {processor.py:830} INFO - Processing file /home/airflow/.local/lib/python3.12/site-packages/airflow/example_dags/example_task_group.py for tasks to queue
[2024-05-12T06:27:27.302+0000] {logging_mixin.py:188} INFO - [2024-05-12T06:27:27.302+0000] {dagbag.py:540} INFO - Filling up the DagBag from /home/airflow/.local/lib/python3.12/site-packages/airflow/example_dags/example_task_group.py
[2024-05-12T06:27:27.323+0000] {processor.py:840} INFO - DAG(s) 'example_task_group' retrieved from /home/airflow/.local/lib/python3.12/site-packages/airflow/example_dags/example_task_group.py
[2024-05-12T06:27:27.375+0000] {logging_mixin.py:188} INFO - [2024-05-12T06:27:27.375+0000] {dag.py:3096} INFO - Sync 1 DAGs
[2024-05-12T06:27:27.417+0000] {logging_mixin.py:188} INFO - [2024-05-12T06:27:27.417+0000] {dag.py:3954} INFO - Setting next_dagrun for example_task_group to 2024-05-11 00:00:00+00:00, run_after=2024-05-12 00:00:00+00:00
[2024-05-12T06:27:27.449+0000] {processor.py:183} INFO - Processing /home/airflow/.local/lib/python3.12/site-packages/airflow/example_dags/example_task_group.py took 0.164 seconds
[2024-05-12T06:42:18.820+0000] {processor.py:161} INFO - Started process (PID=53) to work on /home/airflow/.local/lib/python3.12/site-packages/airflow/example_dags/example_task_group.py
[2024-05-12T06:42:18.830+0000] {processor.py:830} INFO - Processing file /home/airflow/.local/lib/python3.12/site-packages/airflow/example_dags/example_task_group.py for tasks to queue
[2024-05-12T06:42:18.834+0000] {logging_mixin.py:188} INFO - [2024-05-12T06:42:18.834+0000] {dagbag.py:540} INFO - Filling up the DagBag from /home/airflow/.local/lib/python3.12/site-packages/airflow/example_dags/example_task_group.py
[2024-05-12T06:42:18.862+0000] {processor.py:840} INFO - DAG(s) 'example_task_group' retrieved from /home/airflow/.local/lib/python3.12/site-packages/airflow/example_dags/example_task_group.py
[2024-05-12T06:42:18.896+0000] {logging_mixin.py:188} INFO - [2024-05-12T06:42:18.895+0000] {dag.py:3096} INFO - Sync 1 DAGs
[2024-05-12T06:42:18.977+0000] {logging_mixin.py:188} INFO - [2024-05-12T06:42:18.977+0000] {dag.py:3954} INFO - Setting next_dagrun for example_task_group to 2024-05-11 00:00:00+00:00, run_after=2024-05-12 00:00:00+00:00
[2024-05-12T06:42:19.026+0000] {processor.py:183} INFO - Processing /home/airflow/.local/lib/python3.12/site-packages/airflow/example_dags/example_task_group.py took 0.223 seconds
[2024-05-12T07:30:06.030+0000] {processor.py:161} INFO - Started process (PID=59) to work on /home/airflow/.local/lib/python3.12/site-packages/airflow/example_dags/example_task_group.py
[2024-05-12T07:30:06.046+0000] {processor.py:830} INFO - Processing file /home/airflow/.local/lib/python3.12/site-packages/airflow/example_dags/example_task_group.py for tasks to queue
[2024-05-12T07:30:06.049+0000] {logging_mixin.py:188} INFO - [2024-05-12T07:30:06.049+0000] {dagbag.py:540} INFO - Filling up the DagBag from /home/airflow/.local/lib/python3.12/site-packages/airflow/example_dags/example_task_group.py
[2024-05-12T07:30:06.084+0000] {processor.py:840} INFO - DAG(s) 'example_task_group' retrieved from /home/airflow/.local/lib/python3.12/site-packages/airflow/example_dags/example_task_group.py
[2024-05-12T07:30:06.510+0000] {logging_mixin.py:188} INFO - [2024-05-12T07:30:06.500+0000] {dag.py:3096} INFO - Sync 1 DAGs
[2024-05-12T07:30:06.601+0000] {logging_mixin.py:188} INFO - [2024-05-12T07:30:06.600+0000] {dag.py:3954} INFO - Setting next_dagrun for example_task_group to 2024-05-11 00:00:00+00:00, run_after=2024-05-12 00:00:00+00:00
[2024-05-12T07:30:06.757+0000] {processor.py:183} INFO - Processing /home/airflow/.local/lib/python3.12/site-packages/airflow/example_dags/example_task_group.py took 0.750 seconds
[2024-05-12T07:30:36.990+0000] {processor.py:161} INFO - Started process (PID=126) to work on /home/airflow/.local/lib/python3.12/site-packages/airflow/example_dags/example_task_group.py
[2024-05-12T07:30:36.992+0000] {processor.py:830} INFO - Processing file /home/airflow/.local/lib/python3.12/site-packages/airflow/example_dags/example_task_group.py for tasks to queue
[2024-05-12T07:30:36.995+0000] {logging_mixin.py:188} INFO - [2024-05-12T07:30:36.994+0000] {dagbag.py:540} INFO - Filling up the DagBag from /home/airflow/.local/lib/python3.12/site-packages/airflow/example_dags/example_task_group.py
[2024-05-12T07:30:37.005+0000] {processor.py:840} INFO - DAG(s) 'example_task_group' retrieved from /home/airflow/.local/lib/python3.12/site-packages/airflow/example_dags/example_task_group.py
[2024-05-12T07:30:37.051+0000] {logging_mixin.py:188} INFO - [2024-05-12T07:30:37.050+0000] {dag.py:3096} INFO - Sync 1 DAGs
[2024-05-12T07:30:37.109+0000] {logging_mixin.py:188} INFO - [2024-05-12T07:30:37.109+0000] {dag.py:3954} INFO - Setting next_dagrun for example_task_group to 2024-05-11 00:00:00+00:00, run_after=2024-05-12 00:00:00+00:00
[2024-05-12T07:30:37.150+0000] {processor.py:183} INFO - Processing /home/airflow/.local/lib/python3.12/site-packages/airflow/example_dags/example_task_group.py took 0.169 seconds
[2024-05-12T07:31:07.325+0000] {processor.py:161} INFO - Started process (PID=192) to work on /home/airflow/.local/lib/python3.12/site-packages/airflow/example_dags/example_task_group.py
[2024-05-12T07:31:07.326+0000] {processor.py:830} INFO - Processing file /home/airflow/.local/lib/python3.12/site-packages/airflow/example_dags/example_task_group.py for tasks to queue
[2024-05-12T07:31:07.329+0000] {logging_mixin.py:188} INFO - [2024-05-12T07:31:07.328+0000] {dagbag.py:540} INFO - Filling up the DagBag from /home/airflow/.local/lib/python3.12/site-packages/airflow/example_dags/example_task_group.py
[2024-05-12T07:31:07.338+0000] {processor.py:840} INFO - DAG(s) 'example_task_group' retrieved from /home/airflow/.local/lib/python3.12/site-packages/airflow/example_dags/example_task_group.py
[2024-05-12T07:31:07.356+0000] {logging_mixin.py:188} INFO - [2024-05-12T07:31:07.355+0000] {dag.py:3096} INFO - Sync 1 DAGs
[2024-05-12T07:31:07.391+0000] {logging_mixin.py:188} INFO - [2024-05-12T07:31:07.390+0000] {dag.py:3954} INFO - Setting next_dagrun for example_task_group to 2024-05-11 00:00:00+00:00, run_after=2024-05-12 00:00:00+00:00
[2024-05-12T07:31:07.423+0000] {processor.py:183} INFO - Processing /home/airflow/.local/lib/python3.12/site-packages/airflow/example_dags/example_task_group.py took 0.106 seconds
[2024-05-12T07:31:40.695+0000] {processor.py:161} INFO - Started process (PID=258) to work on /home/airflow/.local/lib/python3.12/site-packages/airflow/example_dags/example_task_group.py
[2024-05-12T07:31:40.696+0000] {processor.py:830} INFO - Processing file /home/airflow/.local/lib/python3.12/site-packages/airflow/example_dags/example_task_group.py for tasks to queue
[2024-05-12T07:31:40.705+0000] {logging_mixin.py:188} INFO - [2024-05-12T07:31:40.704+0000] {dagbag.py:540} INFO - Filling up the DagBag from /home/airflow/.local/lib/python3.12/site-packages/airflow/example_dags/example_task_group.py
[2024-05-12T07:31:40.728+0000] {processor.py:840} INFO - DAG(s) 'example_task_group' retrieved from /home/airflow/.local/lib/python3.12/site-packages/airflow/example_dags/example_task_group.py
[2024-05-12T07:31:40.764+0000] {logging_mixin.py:188} INFO - [2024-05-12T07:31:40.763+0000] {dag.py:3096} INFO - Sync 1 DAGs
[2024-05-12T07:31:40.834+0000] {logging_mixin.py:188} INFO - [2024-05-12T07:31:40.834+0000] {dag.py:3954} INFO - Setting next_dagrun for example_task_group to 2024-05-11 00:00:00+00:00, run_after=2024-05-12 00:00:00+00:00
[2024-05-12T07:31:40.902+0000] {processor.py:183} INFO - Processing /home/airflow/.local/lib/python3.12/site-packages/airflow/example_dags/example_task_group.py took 0.221 seconds
[2024-05-12T07:32:11.787+0000] {processor.py:161} INFO - Started process (PID=322) to work on /home/airflow/.local/lib/python3.12/site-packages/airflow/example_dags/example_task_group.py
[2024-05-12T07:32:11.788+0000] {processor.py:830} INFO - Processing file /home/airflow/.local/lib/python3.12/site-packages/airflow/example_dags/example_task_group.py for tasks to queue
[2024-05-12T07:32:11.791+0000] {logging_mixin.py:188} INFO - [2024-05-12T07:32:11.790+0000] {dagbag.py:540} INFO - Filling up the DagBag from /home/airflow/.local/lib/python3.12/site-packages/airflow/example_dags/example_task_group.py
[2024-05-12T07:32:11.800+0000] {processor.py:840} INFO - DAG(s) 'example_task_group' retrieved from /home/airflow/.local/lib/python3.12/site-packages/airflow/example_dags/example_task_group.py
[2024-05-12T07:32:11.955+0000] {logging_mixin.py:188} INFO - [2024-05-12T07:32:11.955+0000] {dag.py:3096} INFO - Sync 1 DAGs
[2024-05-12T07:32:11.983+0000] {logging_mixin.py:188} INFO - [2024-05-12T07:32:11.983+0000] {dag.py:3954} INFO - Setting next_dagrun for example_task_group to 2024-05-11 00:00:00+00:00, run_after=2024-05-12 00:00:00+00:00
[2024-05-12T07:32:12.017+0000] {processor.py:183} INFO - Processing /home/airflow/.local/lib/python3.12/site-packages/airflow/example_dags/example_task_group.py took 0.237 seconds
[2024-05-12T07:32:42.072+0000] {processor.py:161} INFO - Started process (PID=387) to work on /home/airflow/.local/lib/python3.12/site-packages/airflow/example_dags/example_task_group.py
[2024-05-12T07:32:42.073+0000] {processor.py:830} INFO - Processing file /home/airflow/.local/lib/python3.12/site-packages/airflow/example_dags/example_task_group.py for tasks to queue
[2024-05-12T07:32:42.076+0000] {logging_mixin.py:188} INFO - [2024-05-12T07:32:42.075+0000] {dagbag.py:540} INFO - Filling up the DagBag from /home/airflow/.local/lib/python3.12/site-packages/airflow/example_dags/example_task_group.py
[2024-05-12T07:32:42.085+0000] {processor.py:840} INFO - DAG(s) 'example_task_group' retrieved from /home/airflow/.local/lib/python3.12/site-packages/airflow/example_dags/example_task_group.py
[2024-05-12T07:32:42.114+0000] {logging_mixin.py:188} INFO - [2024-05-12T07:32:42.113+0000] {dag.py:3096} INFO - Sync 1 DAGs
[2024-05-12T07:32:42.143+0000] {logging_mixin.py:188} INFO - [2024-05-12T07:32:42.142+0000] {dag.py:3954} INFO - Setting next_dagrun for example_task_group to 2024-05-11 00:00:00+00:00, run_after=2024-05-12 00:00:00+00:00
[2024-05-12T07:32:42.172+0000] {processor.py:183} INFO - Processing /home/airflow/.local/lib/python3.12/site-packages/airflow/example_dags/example_task_group.py took 0.108 seconds
[2024-05-12T07:33:13.803+0000] {processor.py:161} INFO - Started process (PID=453) to work on /home/airflow/.local/lib/python3.12/site-packages/airflow/example_dags/example_task_group.py
[2024-05-12T07:33:13.805+0000] {processor.py:830} INFO - Processing file /home/airflow/.local/lib/python3.12/site-packages/airflow/example_dags/example_task_group.py for tasks to queue
[2024-05-12T07:33:13.813+0000] {logging_mixin.py:188} INFO - [2024-05-12T07:33:13.809+0000] {dagbag.py:540} INFO - Filling up the DagBag from /home/airflow/.local/lib/python3.12/site-packages/airflow/example_dags/example_task_group.py
[2024-05-12T07:33:13.843+0000] {processor.py:840} INFO - DAG(s) 'example_task_group' retrieved from /home/airflow/.local/lib/python3.12/site-packages/airflow/example_dags/example_task_group.py
[2024-05-12T07:33:13.945+0000] {logging_mixin.py:188} INFO - [2024-05-12T07:33:13.945+0000] {dag.py:3096} INFO - Sync 1 DAGs
[2024-05-12T07:33:14.007+0000] {logging_mixin.py:188} INFO - [2024-05-12T07:33:14.007+0000] {dag.py:3954} INFO - Setting next_dagrun for example_task_group to 2024-05-11 00:00:00+00:00, run_after=2024-05-12 00:00:00+00:00
[2024-05-12T07:33:14.065+0000] {processor.py:183} INFO - Processing /home/airflow/.local/lib/python3.12/site-packages/airflow/example_dags/example_task_group.py took 0.297 seconds
[2024-05-12T07:33:44.901+0000] {processor.py:161} INFO - Started process (PID=518) to work on /home/airflow/.local/lib/python3.12/site-packages/airflow/example_dags/example_task_group.py
[2024-05-12T07:33:44.902+0000] {processor.py:830} INFO - Processing file /home/airflow/.local/lib/python3.12/site-packages/airflow/example_dags/example_task_group.py for tasks to queue
[2024-05-12T07:33:44.904+0000] {logging_mixin.py:188} INFO - [2024-05-12T07:33:44.904+0000] {dagbag.py:540} INFO - Filling up the DagBag from /home/airflow/.local/lib/python3.12/site-packages/airflow/example_dags/example_task_group.py
[2024-05-12T07:33:44.912+0000] {processor.py:840} INFO - DAG(s) 'example_task_group' retrieved from /home/airflow/.local/lib/python3.12/site-packages/airflow/example_dags/example_task_group.py
[2024-05-12T07:33:44.936+0000] {logging_mixin.py:188} INFO - [2024-05-12T07:33:44.935+0000] {dag.py:3096} INFO - Sync 1 DAGs
[2024-05-12T07:33:44.958+0000] {logging_mixin.py:188} INFO - [2024-05-12T07:33:44.958+0000] {dag.py:3954} INFO - Setting next_dagrun for example_task_group to 2024-05-11 00:00:00+00:00, run_after=2024-05-12 00:00:00+00:00
[2024-05-12T07:33:44.987+0000] {processor.py:183} INFO - Processing /home/airflow/.local/lib/python3.12/site-packages/airflow/example_dags/example_task_group.py took 0.093 seconds
[2024-05-12T07:34:15.172+0000] {processor.py:161} INFO - Started process (PID=585) to work on /home/airflow/.local/lib/python3.12/site-packages/airflow/example_dags/example_task_group.py
[2024-05-12T07:34:15.173+0000] {processor.py:830} INFO - Processing file /home/airflow/.local/lib/python3.12/site-packages/airflow/example_dags/example_task_group.py for tasks to queue
[2024-05-12T07:34:15.175+0000] {logging_mixin.py:188} INFO - [2024-05-12T07:34:15.175+0000] {dagbag.py:540} INFO - Filling up the DagBag from /home/airflow/.local/lib/python3.12/site-packages/airflow/example_dags/example_task_group.py
[2024-05-12T07:34:15.182+0000] {processor.py:840} INFO - DAG(s) 'example_task_group' retrieved from /home/airflow/.local/lib/python3.12/site-packages/airflow/example_dags/example_task_group.py
[2024-05-12T07:34:15.207+0000] {logging_mixin.py:188} INFO - [2024-05-12T07:34:15.206+0000] {dag.py:3096} INFO - Sync 1 DAGs
[2024-05-12T07:34:15.229+0000] {logging_mixin.py:188} INFO - [2024-05-12T07:34:15.229+0000] {dag.py:3954} INFO - Setting next_dagrun for example_task_group to 2024-05-11 00:00:00+00:00, run_after=2024-05-12 00:00:00+00:00
[2024-05-12T07:34:15.250+0000] {processor.py:183} INFO - Processing /home/airflow/.local/lib/python3.12/site-packages/airflow/example_dags/example_task_group.py took 0.088 seconds
[2024-05-12T07:34:45.551+0000] {processor.py:161} INFO - Started process (PID=652) to work on /home/airflow/.local/lib/python3.12/site-packages/airflow/example_dags/example_task_group.py
[2024-05-12T07:34:45.552+0000] {processor.py:830} INFO - Processing file /home/airflow/.local/lib/python3.12/site-packages/airflow/example_dags/example_task_group.py for tasks to queue
[2024-05-12T07:34:45.555+0000] {logging_mixin.py:188} INFO - [2024-05-12T07:34:45.555+0000] {dagbag.py:540} INFO - Filling up the DagBag from /home/airflow/.local/lib/python3.12/site-packages/airflow/example_dags/example_task_group.py
[2024-05-12T07:34:45.570+0000] {processor.py:840} INFO - DAG(s) 'example_task_group' retrieved from /home/airflow/.local/lib/python3.12/site-packages/airflow/example_dags/example_task_group.py
[2024-05-12T07:34:45.607+0000] {logging_mixin.py:188} INFO - [2024-05-12T07:34:45.607+0000] {dag.py:3096} INFO - Sync 1 DAGs
[2024-05-12T07:34:45.648+0000] {logging_mixin.py:188} INFO - [2024-05-12T07:34:45.648+0000] {dag.py:3954} INFO - Setting next_dagrun for example_task_group to 2024-05-11 00:00:00+00:00, run_after=2024-05-12 00:00:00+00:00
[2024-05-12T07:34:45.678+0000] {processor.py:183} INFO - Processing /home/airflow/.local/lib/python3.12/site-packages/airflow/example_dags/example_task_group.py took 0.134 seconds
[2024-05-12T07:35:16.068+0000] {processor.py:161} INFO - Started process (PID=719) to work on /home/airflow/.local/lib/python3.12/site-packages/airflow/example_dags/example_task_group.py
[2024-05-12T07:35:16.070+0000] {processor.py:830} INFO - Processing file /home/airflow/.local/lib/python3.12/site-packages/airflow/example_dags/example_task_group.py for tasks to queue
[2024-05-12T07:35:16.072+0000] {logging_mixin.py:188} INFO - [2024-05-12T07:35:16.072+0000] {dagbag.py:540} INFO - Filling up the DagBag from /home/airflow/.local/lib/python3.12/site-packages/airflow/example_dags/example_task_group.py
[2024-05-12T07:35:16.085+0000] {processor.py:840} INFO - DAG(s) 'example_task_group' retrieved from /home/airflow/.local/lib/python3.12/site-packages/airflow/example_dags/example_task_group.py
[2024-05-12T07:35:16.125+0000] {logging_mixin.py:188} INFO - [2024-05-12T07:35:16.124+0000] {dag.py:3096} INFO - Sync 1 DAGs
[2024-05-12T07:35:16.162+0000] {logging_mixin.py:188} INFO - [2024-05-12T07:35:16.162+0000] {dag.py:3954} INFO - Setting next_dagrun for example_task_group to 2024-05-11 00:00:00+00:00, run_after=2024-05-12 00:00:00+00:00
[2024-05-12T07:35:16.192+0000] {processor.py:183} INFO - Processing /home/airflow/.local/lib/python3.12/site-packages/airflow/example_dags/example_task_group.py took 0.135 seconds
[2024-05-12T07:35:46.717+0000] {processor.py:161} INFO - Started process (PID=786) to work on /home/airflow/.local/lib/python3.12/site-packages/airflow/example_dags/example_task_group.py
[2024-05-12T07:35:46.718+0000] {processor.py:830} INFO - Processing file /home/airflow/.local/lib/python3.12/site-packages/airflow/example_dags/example_task_group.py for tasks to queue
[2024-05-12T07:35:46.721+0000] {logging_mixin.py:188} INFO - [2024-05-12T07:35:46.721+0000] {dagbag.py:540} INFO - Filling up the DagBag from /home/airflow/.local/lib/python3.12/site-packages/airflow/example_dags/example_task_group.py
[2024-05-12T07:35:46.739+0000] {processor.py:840} INFO - DAG(s) 'example_task_group' retrieved from /home/airflow/.local/lib/python3.12/site-packages/airflow/example_dags/example_task_group.py
[2024-05-12T07:35:46.771+0000] {logging_mixin.py:188} INFO - [2024-05-12T07:35:46.771+0000] {dag.py:3096} INFO - Sync 1 DAGs
[2024-05-12T07:35:46.804+0000] {logging_mixin.py:188} INFO - [2024-05-12T07:35:46.803+0000] {dag.py:3954} INFO - Setting next_dagrun for example_task_group to 2024-05-11 00:00:00+00:00, run_after=2024-05-12 00:00:00+00:00
[2024-05-12T07:35:46.827+0000] {processor.py:183} INFO - Processing /home/airflow/.local/lib/python3.12/site-packages/airflow/example_dags/example_task_group.py took 0.117 seconds
[2024-05-12T07:36:17.129+0000] {processor.py:161} INFO - Started process (PID=853) to work on /home/airflow/.local/lib/python3.12/site-packages/airflow/example_dags/example_task_group.py
[2024-05-12T07:36:17.131+0000] {processor.py:830} INFO - Processing file /home/airflow/.local/lib/python3.12/site-packages/airflow/example_dags/example_task_group.py for tasks to queue
[2024-05-12T07:36:17.134+0000] {logging_mixin.py:188} INFO - [2024-05-12T07:36:17.134+0000] {dagbag.py:540} INFO - Filling up the DagBag from /home/airflow/.local/lib/python3.12/site-packages/airflow/example_dags/example_task_group.py
[2024-05-12T07:36:17.148+0000] {processor.py:840} INFO - DAG(s) 'example_task_group' retrieved from /home/airflow/.local/lib/python3.12/site-packages/airflow/example_dags/example_task_group.py
[2024-05-12T07:36:17.192+0000] {logging_mixin.py:188} INFO - [2024-05-12T07:36:17.191+0000] {dag.py:3096} INFO - Sync 1 DAGs
[2024-05-12T07:36:17.241+0000] {logging_mixin.py:188} INFO - [2024-05-12T07:36:17.240+0000] {dag.py:3954} INFO - Setting next_dagrun for example_task_group to 2024-05-11 00:00:00+00:00, run_after=2024-05-12 00:00:00+00:00
[2024-05-12T07:36:17.276+0000] {processor.py:183} INFO - Processing /home/airflow/.local/lib/python3.12/site-packages/airflow/example_dags/example_task_group.py took 0.158 seconds
[2024-05-12T07:36:47.403+0000] {processor.py:161} INFO - Started process (PID=920) to work on /home/airflow/.local/lib/python3.12/site-packages/airflow/example_dags/example_task_group.py
[2024-05-12T07:36:47.404+0000] {processor.py:830} INFO - Processing file /home/airflow/.local/lib/python3.12/site-packages/airflow/example_dags/example_task_group.py for tasks to queue
[2024-05-12T07:36:47.406+0000] {logging_mixin.py:188} INFO - [2024-05-12T07:36:47.406+0000] {dagbag.py:540} INFO - Filling up the DagBag from /home/airflow/.local/lib/python3.12/site-packages/airflow/example_dags/example_task_group.py
[2024-05-12T07:36:47.414+0000] {processor.py:840} INFO - DAG(s) 'example_task_group' retrieved from /home/airflow/.local/lib/python3.12/site-packages/airflow/example_dags/example_task_group.py
[2024-05-12T07:36:47.436+0000] {logging_mixin.py:188} INFO - [2024-05-12T07:36:47.436+0000] {dag.py:3096} INFO - Sync 1 DAGs
[2024-05-12T07:36:47.461+0000] {logging_mixin.py:188} INFO - [2024-05-12T07:36:47.461+0000] {dag.py:3954} INFO - Setting next_dagrun for example_task_group to 2024-05-11 00:00:00+00:00, run_after=2024-05-12 00:00:00+00:00
[2024-05-12T07:36:47.485+0000] {processor.py:183} INFO - Processing /home/airflow/.local/lib/python3.12/site-packages/airflow/example_dags/example_task_group.py took 0.088 seconds
