[2024-05-12T06:27:26.917+0000] {processor.py:161} INFO - Started process (PID=49) to work on /home/airflow/.local/lib/python3.12/site-packages/airflow/example_dags/example_latest_only_with_trigger.py
[2024-05-12T06:27:26.918+0000] {processor.py:830} INFO - Processing file /home/airflow/.local/lib/python3.12/site-packages/airflow/example_dags/example_latest_only_with_trigger.py for tasks to queue
[2024-05-12T06:27:26.921+0000] {logging_mixin.py:188} INFO - [2024-05-12T06:27:26.920+0000] {dagbag.py:540} INFO - Filling up the DagBag from /home/airflow/.local/lib/python3.12/site-packages/airflow/example_dags/example_latest_only_with_trigger.py
[2024-05-12T06:27:26.933+0000] {processor.py:840} INFO - DAG(s) 'latest_only_with_trigger' retrieved from /home/airflow/.local/lib/python3.12/site-packages/airflow/example_dags/example_latest_only_with_trigger.py
[2024-05-12T06:27:26.966+0000] {logging_mixin.py:188} INFO - [2024-05-12T06:27:26.966+0000] {dag.py:3096} INFO - Sync 1 DAGs
[2024-05-12T06:27:27.002+0000] {logging_mixin.py:188} INFO - [2024-05-12T06:27:27.002+0000] {dag.py:3954} INFO - Setting next_dagrun for latest_only_with_trigger to 2024-05-12 00:00:00+00:00, run_after=2024-05-12 04:00:00+00:00
[2024-05-12T06:27:27.030+0000] {processor.py:183} INFO - Processing /home/airflow/.local/lib/python3.12/site-packages/airflow/example_dags/example_latest_only_with_trigger.py took 0.121 seconds
[2024-05-12T06:41:04.393+0000] {processor.py:161} INFO - Started process (PID=47) to work on /home/airflow/.local/lib/python3.12/site-packages/airflow/example_dags/example_latest_only_with_trigger.py
[2024-05-12T06:41:04.400+0000] {processor.py:830} INFO - Processing file /home/airflow/.local/lib/python3.12/site-packages/airflow/example_dags/example_latest_only_with_trigger.py for tasks to queue
[2024-05-12T06:41:04.404+0000] {logging_mixin.py:188} INFO - [2024-05-12T06:41:04.403+0000] {dagbag.py:540} INFO - Filling up the DagBag from /home/airflow/.local/lib/python3.12/site-packages/airflow/example_dags/example_latest_only_with_trigger.py
[2024-05-12T06:41:04.431+0000] {processor.py:840} INFO - DAG(s) 'latest_only_with_trigger' retrieved from /home/airflow/.local/lib/python3.12/site-packages/airflow/example_dags/example_latest_only_with_trigger.py
[2024-05-12T06:41:04.464+0000] {logging_mixin.py:188} INFO - [2024-05-12T06:41:04.464+0000] {dag.py:3096} INFO - Sync 1 DAGs
[2024-05-12T06:41:04.574+0000] {logging_mixin.py:188} INFO - [2024-05-12T06:41:04.573+0000] {dag.py:3954} INFO - Setting next_dagrun for latest_only_with_trigger to 2024-05-12 00:00:00+00:00, run_after=2024-05-12 04:00:00+00:00
[2024-05-12T06:42:17.495+0000] {processor.py:161} INFO - Started process (PID=49) to work on /home/airflow/.local/lib/python3.12/site-packages/airflow/example_dags/example_latest_only_with_trigger.py
[2024-05-12T06:42:17.497+0000] {processor.py:830} INFO - Processing file /home/airflow/.local/lib/python3.12/site-packages/airflow/example_dags/example_latest_only_with_trigger.py for tasks to queue
[2024-05-12T06:42:17.502+0000] {logging_mixin.py:188} INFO - [2024-05-12T06:42:17.501+0000] {dagbag.py:540} INFO - Filling up the DagBag from /home/airflow/.local/lib/python3.12/site-packages/airflow/example_dags/example_latest_only_with_trigger.py
[2024-05-12T06:42:17.527+0000] {processor.py:840} INFO - DAG(s) 'latest_only_with_trigger' retrieved from /home/airflow/.local/lib/python3.12/site-packages/airflow/example_dags/example_latest_only_with_trigger.py
[2024-05-12T06:42:17.576+0000] {logging_mixin.py:188} INFO - [2024-05-12T06:42:17.575+0000] {dag.py:3096} INFO - Sync 1 DAGs
[2024-05-12T06:42:17.661+0000] {logging_mixin.py:188} INFO - [2024-05-12T06:42:17.660+0000] {dag.py:3954} INFO - Setting next_dagrun for latest_only_with_trigger to 2024-05-12 00:00:00+00:00, run_after=2024-05-12 04:00:00+00:00
[2024-05-12T06:42:17.736+0000] {processor.py:183} INFO - Processing /home/airflow/.local/lib/python3.12/site-packages/airflow/example_dags/example_latest_only_with_trigger.py took 0.258 seconds
[2024-05-12T07:30:04.486+0000] {processor.py:161} INFO - Started process (PID=55) to work on /home/airflow/.local/lib/python3.12/site-packages/airflow/example_dags/example_latest_only_with_trigger.py
[2024-05-12T07:30:04.505+0000] {processor.py:830} INFO - Processing file /home/airflow/.local/lib/python3.12/site-packages/airflow/example_dags/example_latest_only_with_trigger.py for tasks to queue
[2024-05-12T07:30:04.510+0000] {logging_mixin.py:188} INFO - [2024-05-12T07:30:04.509+0000] {dagbag.py:540} INFO - Filling up the DagBag from /home/airflow/.local/lib/python3.12/site-packages/airflow/example_dags/example_latest_only_with_trigger.py
[2024-05-12T07:30:04.537+0000] {processor.py:840} INFO - DAG(s) 'latest_only_with_trigger' retrieved from /home/airflow/.local/lib/python3.12/site-packages/airflow/example_dags/example_latest_only_with_trigger.py
[2024-05-12T07:30:04.841+0000] {logging_mixin.py:188} INFO - [2024-05-12T07:30:04.840+0000] {dag.py:3096} INFO - Sync 1 DAGs
[2024-05-12T07:30:04.899+0000] {logging_mixin.py:188} INFO - [2024-05-12T07:30:04.898+0000] {dag.py:3954} INFO - Setting next_dagrun for latest_only_with_trigger to 2024-05-12 00:00:00+00:00, run_after=2024-05-12 04:00:00+00:00
[2024-05-12T07:30:04.942+0000] {processor.py:183} INFO - Processing /home/airflow/.local/lib/python3.12/site-packages/airflow/example_dags/example_latest_only_with_trigger.py took 0.468 seconds
[2024-05-12T07:30:35.561+0000] {processor.py:161} INFO - Started process (PID=121) to work on /home/airflow/.local/lib/python3.12/site-packages/airflow/example_dags/example_latest_only_with_trigger.py
[2024-05-12T07:30:35.562+0000] {processor.py:830} INFO - Processing file /home/airflow/.local/lib/python3.12/site-packages/airflow/example_dags/example_latest_only_with_trigger.py for tasks to queue
[2024-05-12T07:30:35.579+0000] {logging_mixin.py:188} INFO - [2024-05-12T07:30:35.565+0000] {dagbag.py:540} INFO - Filling up the DagBag from /home/airflow/.local/lib/python3.12/site-packages/airflow/example_dags/example_latest_only_with_trigger.py
[2024-05-12T07:30:35.598+0000] {processor.py:840} INFO - DAG(s) 'latest_only_with_trigger' retrieved from /home/airflow/.local/lib/python3.12/site-packages/airflow/example_dags/example_latest_only_with_trigger.py
[2024-05-12T07:30:35.646+0000] {logging_mixin.py:188} INFO - [2024-05-12T07:30:35.646+0000] {dag.py:3096} INFO - Sync 1 DAGs
[2024-05-12T07:30:35.701+0000] {logging_mixin.py:188} INFO - [2024-05-12T07:30:35.701+0000] {dag.py:3954} INFO - Setting next_dagrun for latest_only_with_trigger to 2024-05-12 00:00:00+00:00, run_after=2024-05-12 04:00:00+00:00
[2024-05-12T07:30:35.749+0000] {processor.py:183} INFO - Processing /home/airflow/.local/lib/python3.12/site-packages/airflow/example_dags/example_latest_only_with_trigger.py took 0.204 seconds
[2024-05-12T07:31:05.891+0000] {processor.py:161} INFO - Started process (PID=186) to work on /home/airflow/.local/lib/python3.12/site-packages/airflow/example_dags/example_latest_only_with_trigger.py
[2024-05-12T07:31:05.893+0000] {processor.py:830} INFO - Processing file /home/airflow/.local/lib/python3.12/site-packages/airflow/example_dags/example_latest_only_with_trigger.py for tasks to queue
[2024-05-12T07:31:05.898+0000] {logging_mixin.py:188} INFO - [2024-05-12T07:31:05.897+0000] {dagbag.py:540} INFO - Filling up the DagBag from /home/airflow/.local/lib/python3.12/site-packages/airflow/example_dags/example_latest_only_with_trigger.py
[2024-05-12T07:31:05.905+0000] {processor.py:840} INFO - DAG(s) 'latest_only_with_trigger' retrieved from /home/airflow/.local/lib/python3.12/site-packages/airflow/example_dags/example_latest_only_with_trigger.py
[2024-05-12T07:31:05.921+0000] {logging_mixin.py:188} INFO - [2024-05-12T07:31:05.921+0000] {dag.py:3096} INFO - Sync 1 DAGs
[2024-05-12T07:31:05.954+0000] {logging_mixin.py:188} INFO - [2024-05-12T07:31:05.953+0000] {dag.py:3954} INFO - Setting next_dagrun for latest_only_with_trigger to 2024-05-12 00:00:00+00:00, run_after=2024-05-12 04:00:00+00:00
[2024-05-12T07:31:05.981+0000] {processor.py:183} INFO - Processing /home/airflow/.local/lib/python3.12/site-packages/airflow/example_dags/example_latest_only_with_trigger.py took 0.101 seconds
[2024-05-12T07:31:39.034+0000] {processor.py:161} INFO - Started process (PID=251) to work on /home/airflow/.local/lib/python3.12/site-packages/airflow/example_dags/example_latest_only_with_trigger.py
[2024-05-12T07:31:39.037+0000] {processor.py:830} INFO - Processing file /home/airflow/.local/lib/python3.12/site-packages/airflow/example_dags/example_latest_only_with_trigger.py for tasks to queue
[2024-05-12T07:31:39.047+0000] {logging_mixin.py:188} INFO - [2024-05-12T07:31:39.047+0000] {dagbag.py:540} INFO - Filling up the DagBag from /home/airflow/.local/lib/python3.12/site-packages/airflow/example_dags/example_latest_only_with_trigger.py
[2024-05-12T07:31:39.062+0000] {processor.py:840} INFO - DAG(s) 'latest_only_with_trigger' retrieved from /home/airflow/.local/lib/python3.12/site-packages/airflow/example_dags/example_latest_only_with_trigger.py
[2024-05-12T07:31:39.084+0000] {logging_mixin.py:188} INFO - [2024-05-12T07:31:39.084+0000] {dag.py:3096} INFO - Sync 1 DAGs
[2024-05-12T07:31:39.141+0000] {logging_mixin.py:188} INFO - [2024-05-12T07:31:39.140+0000] {dag.py:3954} INFO - Setting next_dagrun for latest_only_with_trigger to 2024-05-12 00:00:00+00:00, run_after=2024-05-12 04:00:00+00:00
[2024-05-12T07:31:39.196+0000] {processor.py:183} INFO - Processing /home/airflow/.local/lib/python3.12/site-packages/airflow/example_dags/example_latest_only_with_trigger.py took 0.181 seconds
[2024-05-12T07:32:09.376+0000] {processor.py:161} INFO - Started process (PID=315) to work on /home/airflow/.local/lib/python3.12/site-packages/airflow/example_dags/example_latest_only_with_trigger.py
[2024-05-12T07:32:09.378+0000] {processor.py:830} INFO - Processing file /home/airflow/.local/lib/python3.12/site-packages/airflow/example_dags/example_latest_only_with_trigger.py for tasks to queue
[2024-05-12T07:32:09.380+0000] {logging_mixin.py:188} INFO - [2024-05-12T07:32:09.380+0000] {dagbag.py:540} INFO - Filling up the DagBag from /home/airflow/.local/lib/python3.12/site-packages/airflow/example_dags/example_latest_only_with_trigger.py
[2024-05-12T07:32:09.390+0000] {processor.py:840} INFO - DAG(s) 'latest_only_with_trigger' retrieved from /home/airflow/.local/lib/python3.12/site-packages/airflow/example_dags/example_latest_only_with_trigger.py
[2024-05-12T07:32:09.569+0000] {logging_mixin.py:188} INFO - [2024-05-12T07:32:09.568+0000] {dag.py:3096} INFO - Sync 1 DAGs
[2024-05-12T07:32:09.612+0000] {logging_mixin.py:188} INFO - [2024-05-12T07:32:09.611+0000] {dag.py:3954} INFO - Setting next_dagrun for latest_only_with_trigger to 2024-05-12 00:00:00+00:00, run_after=2024-05-12 04:00:00+00:00
[2024-05-12T07:32:09.849+0000] {processor.py:183} INFO - Processing /home/airflow/.local/lib/python3.12/site-packages/airflow/example_dags/example_latest_only_with_trigger.py took 0.481 seconds
[2024-05-12T07:32:40.529+0000] {processor.py:161} INFO - Started process (PID=381) to work on /home/airflow/.local/lib/python3.12/site-packages/airflow/example_dags/example_latest_only_with_trigger.py
[2024-05-12T07:32:40.531+0000] {processor.py:830} INFO - Processing file /home/airflow/.local/lib/python3.12/site-packages/airflow/example_dags/example_latest_only_with_trigger.py for tasks to queue
[2024-05-12T07:32:40.533+0000] {logging_mixin.py:188} INFO - [2024-05-12T07:32:40.533+0000] {dagbag.py:540} INFO - Filling up the DagBag from /home/airflow/.local/lib/python3.12/site-packages/airflow/example_dags/example_latest_only_with_trigger.py
[2024-05-12T07:32:40.543+0000] {processor.py:840} INFO - DAG(s) 'latest_only_with_trigger' retrieved from /home/airflow/.local/lib/python3.12/site-packages/airflow/example_dags/example_latest_only_with_trigger.py
[2024-05-12T07:32:40.581+0000] {logging_mixin.py:188} INFO - [2024-05-12T07:32:40.580+0000] {dag.py:3096} INFO - Sync 1 DAGs
[2024-05-12T07:32:40.618+0000] {logging_mixin.py:188} INFO - [2024-05-12T07:32:40.617+0000] {dag.py:3954} INFO - Setting next_dagrun for latest_only_with_trigger to 2024-05-12 00:00:00+00:00, run_after=2024-05-12 04:00:00+00:00
[2024-05-12T07:32:40.656+0000] {processor.py:183} INFO - Processing /home/airflow/.local/lib/python3.12/site-packages/airflow/example_dags/example_latest_only_with_trigger.py took 0.135 seconds
[2024-05-12T07:33:11.243+0000] {processor.py:161} INFO - Started process (PID=447) to work on /home/airflow/.local/lib/python3.12/site-packages/airflow/example_dags/example_latest_only_with_trigger.py
[2024-05-12T07:33:11.246+0000] {processor.py:830} INFO - Processing file /home/airflow/.local/lib/python3.12/site-packages/airflow/example_dags/example_latest_only_with_trigger.py for tasks to queue
[2024-05-12T07:33:11.262+0000] {logging_mixin.py:188} INFO - [2024-05-12T07:33:11.261+0000] {dagbag.py:540} INFO - Filling up the DagBag from /home/airflow/.local/lib/python3.12/site-packages/airflow/example_dags/example_latest_only_with_trigger.py
[2024-05-12T07:33:11.335+0000] {processor.py:840} INFO - DAG(s) 'latest_only_with_trigger' retrieved from /home/airflow/.local/lib/python3.12/site-packages/airflow/example_dags/example_latest_only_with_trigger.py
[2024-05-12T07:33:11.483+0000] {logging_mixin.py:188} INFO - [2024-05-12T07:33:11.482+0000] {dag.py:3096} INFO - Sync 1 DAGs
[2024-05-12T07:33:11.672+0000] {logging_mixin.py:188} INFO - [2024-05-12T07:33:11.661+0000] {dag.py:3954} INFO - Setting next_dagrun for latest_only_with_trigger to 2024-05-12 00:00:00+00:00, run_after=2024-05-12 04:00:00+00:00
[2024-05-12T07:33:11.810+0000] {processor.py:183} INFO - Processing /home/airflow/.local/lib/python3.12/site-packages/airflow/example_dags/example_latest_only_with_trigger.py took 0.617 seconds
[2024-05-12T07:33:42.603+0000] {processor.py:161} INFO - Started process (PID=514) to work on /home/airflow/.local/lib/python3.12/site-packages/airflow/example_dags/example_latest_only_with_trigger.py
[2024-05-12T07:33:42.605+0000] {processor.py:830} INFO - Processing file /home/airflow/.local/lib/python3.12/site-packages/airflow/example_dags/example_latest_only_with_trigger.py for tasks to queue
[2024-05-12T07:33:42.611+0000] {logging_mixin.py:188} INFO - [2024-05-12T07:33:42.610+0000] {dagbag.py:540} INFO - Filling up the DagBag from /home/airflow/.local/lib/python3.12/site-packages/airflow/example_dags/example_latest_only_with_trigger.py
[2024-05-12T07:33:42.619+0000] {processor.py:840} INFO - DAG(s) 'latest_only_with_trigger' retrieved from /home/airflow/.local/lib/python3.12/site-packages/airflow/example_dags/example_latest_only_with_trigger.py
[2024-05-12T07:33:42.651+0000] {logging_mixin.py:188} INFO - [2024-05-12T07:33:42.651+0000] {dag.py:3096} INFO - Sync 1 DAGs
[2024-05-12T07:33:42.693+0000] {logging_mixin.py:188} INFO - [2024-05-12T07:33:42.693+0000] {dag.py:3954} INFO - Setting next_dagrun for latest_only_with_trigger to 2024-05-12 00:00:00+00:00, run_after=2024-05-12 04:00:00+00:00
[2024-05-12T07:33:42.725+0000] {processor.py:183} INFO - Processing /home/airflow/.local/lib/python3.12/site-packages/airflow/example_dags/example_latest_only_with_trigger.py took 0.132 seconds
[2024-05-12T07:34:12.890+0000] {processor.py:161} INFO - Started process (PID=581) to work on /home/airflow/.local/lib/python3.12/site-packages/airflow/example_dags/example_latest_only_with_trigger.py
[2024-05-12T07:34:12.892+0000] {processor.py:830} INFO - Processing file /home/airflow/.local/lib/python3.12/site-packages/airflow/example_dags/example_latest_only_with_trigger.py for tasks to queue
[2024-05-12T07:34:12.902+0000] {logging_mixin.py:188} INFO - [2024-05-12T07:34:12.902+0000] {dagbag.py:540} INFO - Filling up the DagBag from /home/airflow/.local/lib/python3.12/site-packages/airflow/example_dags/example_latest_only_with_trigger.py
[2024-05-12T07:34:12.909+0000] {processor.py:840} INFO - DAG(s) 'latest_only_with_trigger' retrieved from /home/airflow/.local/lib/python3.12/site-packages/airflow/example_dags/example_latest_only_with_trigger.py
[2024-05-12T07:34:12.932+0000] {logging_mixin.py:188} INFO - [2024-05-12T07:34:12.932+0000] {dag.py:3096} INFO - Sync 1 DAGs
[2024-05-12T07:34:12.964+0000] {logging_mixin.py:188} INFO - [2024-05-12T07:34:12.964+0000] {dag.py:3954} INFO - Setting next_dagrun for latest_only_with_trigger to 2024-05-12 00:00:00+00:00, run_after=2024-05-12 04:00:00+00:00
[2024-05-12T07:34:12.986+0000] {processor.py:183} INFO - Processing /home/airflow/.local/lib/python3.12/site-packages/airflow/example_dags/example_latest_only_with_trigger.py took 0.108 seconds
[2024-05-12T07:34:43.272+0000] {processor.py:161} INFO - Started process (PID=648) to work on /home/airflow/.local/lib/python3.12/site-packages/airflow/example_dags/example_latest_only_with_trigger.py
[2024-05-12T07:34:43.274+0000] {processor.py:830} INFO - Processing file /home/airflow/.local/lib/python3.12/site-packages/airflow/example_dags/example_latest_only_with_trigger.py for tasks to queue
[2024-05-12T07:34:43.276+0000] {logging_mixin.py:188} INFO - [2024-05-12T07:34:43.275+0000] {dagbag.py:540} INFO - Filling up the DagBag from /home/airflow/.local/lib/python3.12/site-packages/airflow/example_dags/example_latest_only_with_trigger.py
[2024-05-12T07:34:43.282+0000] {processor.py:840} INFO - DAG(s) 'latest_only_with_trigger' retrieved from /home/airflow/.local/lib/python3.12/site-packages/airflow/example_dags/example_latest_only_with_trigger.py
[2024-05-12T07:34:43.310+0000] {logging_mixin.py:188} INFO - [2024-05-12T07:34:43.310+0000] {dag.py:3096} INFO - Sync 1 DAGs
[2024-05-12T07:34:43.335+0000] {logging_mixin.py:188} INFO - [2024-05-12T07:34:43.335+0000] {dag.py:3954} INFO - Setting next_dagrun for latest_only_with_trigger to 2024-05-12 00:00:00+00:00, run_after=2024-05-12 04:00:00+00:00
[2024-05-12T07:34:43.357+0000] {processor.py:183} INFO - Processing /home/airflow/.local/lib/python3.12/site-packages/airflow/example_dags/example_latest_only_with_trigger.py took 0.090 seconds
[2024-05-12T07:35:13.792+0000] {processor.py:161} INFO - Started process (PID=715) to work on /home/airflow/.local/lib/python3.12/site-packages/airflow/example_dags/example_latest_only_with_trigger.py
[2024-05-12T07:35:13.793+0000] {processor.py:830} INFO - Processing file /home/airflow/.local/lib/python3.12/site-packages/airflow/example_dags/example_latest_only_with_trigger.py for tasks to queue
[2024-05-12T07:35:13.795+0000] {logging_mixin.py:188} INFO - [2024-05-12T07:35:13.795+0000] {dagbag.py:540} INFO - Filling up the DagBag from /home/airflow/.local/lib/python3.12/site-packages/airflow/example_dags/example_latest_only_with_trigger.py
[2024-05-12T07:35:13.804+0000] {processor.py:840} INFO - DAG(s) 'latest_only_with_trigger' retrieved from /home/airflow/.local/lib/python3.12/site-packages/airflow/example_dags/example_latest_only_with_trigger.py
[2024-05-12T07:35:13.827+0000] {logging_mixin.py:188} INFO - [2024-05-12T07:35:13.827+0000] {dag.py:3096} INFO - Sync 1 DAGs
[2024-05-12T07:35:13.853+0000] {logging_mixin.py:188} INFO - [2024-05-12T07:35:13.853+0000] {dag.py:3954} INFO - Setting next_dagrun for latest_only_with_trigger to 2024-05-12 00:00:00+00:00, run_after=2024-05-12 04:00:00+00:00
[2024-05-12T07:35:13.874+0000] {processor.py:183} INFO - Processing /home/airflow/.local/lib/python3.12/site-packages/airflow/example_dags/example_latest_only_with_trigger.py took 0.088 seconds
[2024-05-12T07:35:44.354+0000] {processor.py:161} INFO - Started process (PID=782) to work on /home/airflow/.local/lib/python3.12/site-packages/airflow/example_dags/example_latest_only_with_trigger.py
[2024-05-12T07:35:44.356+0000] {processor.py:830} INFO - Processing file /home/airflow/.local/lib/python3.12/site-packages/airflow/example_dags/example_latest_only_with_trigger.py for tasks to queue
[2024-05-12T07:35:44.360+0000] {logging_mixin.py:188} INFO - [2024-05-12T07:35:44.359+0000] {dagbag.py:540} INFO - Filling up the DagBag from /home/airflow/.local/lib/python3.12/site-packages/airflow/example_dags/example_latest_only_with_trigger.py
[2024-05-12T07:35:44.371+0000] {processor.py:840} INFO - DAG(s) 'latest_only_with_trigger' retrieved from /home/airflow/.local/lib/python3.12/site-packages/airflow/example_dags/example_latest_only_with_trigger.py
[2024-05-12T07:35:44.419+0000] {logging_mixin.py:188} INFO - [2024-05-12T07:35:44.419+0000] {dag.py:3096} INFO - Sync 1 DAGs
[2024-05-12T07:35:44.470+0000] {logging_mixin.py:188} INFO - [2024-05-12T07:35:44.470+0000] {dag.py:3954} INFO - Setting next_dagrun for latest_only_with_trigger to 2024-05-12 00:00:00+00:00, run_after=2024-05-12 04:00:00+00:00
[2024-05-12T07:35:44.506+0000] {processor.py:183} INFO - Processing /home/airflow/.local/lib/python3.12/site-packages/airflow/example_dags/example_latest_only_with_trigger.py took 0.163 seconds
[2024-05-12T07:36:14.721+0000] {processor.py:161} INFO - Started process (PID=849) to work on /home/airflow/.local/lib/python3.12/site-packages/airflow/example_dags/example_latest_only_with_trigger.py
[2024-05-12T07:36:14.722+0000] {processor.py:830} INFO - Processing file /home/airflow/.local/lib/python3.12/site-packages/airflow/example_dags/example_latest_only_with_trigger.py for tasks to queue
[2024-05-12T07:36:14.725+0000] {logging_mixin.py:188} INFO - [2024-05-12T07:36:14.725+0000] {dagbag.py:540} INFO - Filling up the DagBag from /home/airflow/.local/lib/python3.12/site-packages/airflow/example_dags/example_latest_only_with_trigger.py
[2024-05-12T07:36:14.731+0000] {processor.py:840} INFO - DAG(s) 'latest_only_with_trigger' retrieved from /home/airflow/.local/lib/python3.12/site-packages/airflow/example_dags/example_latest_only_with_trigger.py
[2024-05-12T07:36:14.758+0000] {logging_mixin.py:188} INFO - [2024-05-12T07:36:14.758+0000] {dag.py:3096} INFO - Sync 1 DAGs
[2024-05-12T07:36:14.793+0000] {logging_mixin.py:188} INFO - [2024-05-12T07:36:14.793+0000] {dag.py:3954} INFO - Setting next_dagrun for latest_only_with_trigger to 2024-05-12 00:00:00+00:00, run_after=2024-05-12 04:00:00+00:00
[2024-05-12T07:36:14.822+0000] {processor.py:183} INFO - Processing /home/airflow/.local/lib/python3.12/site-packages/airflow/example_dags/example_latest_only_with_trigger.py took 0.109 seconds
[2024-05-12T07:36:45.047+0000] {processor.py:161} INFO - Started process (PID=916) to work on /home/airflow/.local/lib/python3.12/site-packages/airflow/example_dags/example_latest_only_with_trigger.py
[2024-05-12T07:36:45.048+0000] {processor.py:830} INFO - Processing file /home/airflow/.local/lib/python3.12/site-packages/airflow/example_dags/example_latest_only_with_trigger.py for tasks to queue
[2024-05-12T07:36:45.052+0000] {logging_mixin.py:188} INFO - [2024-05-12T07:36:45.052+0000] {dagbag.py:540} INFO - Filling up the DagBag from /home/airflow/.local/lib/python3.12/site-packages/airflow/example_dags/example_latest_only_with_trigger.py
[2024-05-12T07:36:45.059+0000] {processor.py:840} INFO - DAG(s) 'latest_only_with_trigger' retrieved from /home/airflow/.local/lib/python3.12/site-packages/airflow/example_dags/example_latest_only_with_trigger.py
[2024-05-12T07:36:45.087+0000] {logging_mixin.py:188} INFO - [2024-05-12T07:36:45.086+0000] {dag.py:3096} INFO - Sync 1 DAGs
[2024-05-12T07:36:45.116+0000] {logging_mixin.py:188} INFO - [2024-05-12T07:36:45.116+0000] {dag.py:3954} INFO - Setting next_dagrun for latest_only_with_trigger to 2024-05-12 00:00:00+00:00, run_after=2024-05-12 04:00:00+00:00
[2024-05-12T07:36:45.143+0000] {processor.py:183} INFO - Processing /home/airflow/.local/lib/python3.12/site-packages/airflow/example_dags/example_latest_only_with_trigger.py took 0.109 seconds
