[2024-05-12T06:27:31.092+0000] {processor.py:161} INFO - Started process (PID=87) to work on /home/airflow/.local/lib/python3.12/site-packages/airflow/example_dags/example_latest_only.py
[2024-05-12T06:27:31.093+0000] {processor.py:830} INFO - Processing file /home/airflow/.local/lib/python3.12/site-packages/airflow/example_dags/example_latest_only.py for tasks to queue
[2024-05-12T06:27:31.096+0000] {logging_mixin.py:188} INFO - [2024-05-12T06:27:31.096+0000] {dagbag.py:540} INFO - Filling up the DagBag from /home/airflow/.local/lib/python3.12/site-packages/airflow/example_dags/example_latest_only.py
[2024-05-12T06:27:31.102+0000] {processor.py:840} INFO - DAG(s) 'latest_only' retrieved from /home/airflow/.local/lib/python3.12/site-packages/airflow/example_dags/example_latest_only.py
[2024-05-12T06:27:31.126+0000] {logging_mixin.py:188} INFO - [2024-05-12T06:27:31.126+0000] {dag.py:3096} INFO - Sync 1 DAGs
[2024-05-12T06:27:31.151+0000] {logging_mixin.py:188} INFO - [2024-05-12T06:27:31.151+0000] {dag.py:3954} INFO - Setting next_dagrun for latest_only to 2024-05-12 00:00:00+00:00, run_after=2024-05-12 04:00:00+00:00
[2024-05-12T06:27:31.174+0000] {processor.py:183} INFO - Processing /home/airflow/.local/lib/python3.12/site-packages/airflow/example_dags/example_latest_only.py took 0.089 seconds
[2024-05-12T07:30:15.341+0000] {processor.py:161} INFO - Started process (PID=93) to work on /home/airflow/.local/lib/python3.12/site-packages/airflow/example_dags/example_latest_only.py
[2024-05-12T07:30:15.356+0000] {processor.py:830} INFO - Processing file /home/airflow/.local/lib/python3.12/site-packages/airflow/example_dags/example_latest_only.py for tasks to queue
[2024-05-12T07:30:15.360+0000] {logging_mixin.py:188} INFO - [2024-05-12T07:30:15.359+0000] {dagbag.py:540} INFO - Filling up the DagBag from /home/airflow/.local/lib/python3.12/site-packages/airflow/example_dags/example_latest_only.py
[2024-05-12T07:30:15.369+0000] {processor.py:840} INFO - DAG(s) 'latest_only' retrieved from /home/airflow/.local/lib/python3.12/site-packages/airflow/example_dags/example_latest_only.py
[2024-05-12T07:30:15.605+0000] {logging_mixin.py:188} INFO - [2024-05-12T07:30:15.604+0000] {dag.py:3096} INFO - Sync 1 DAGs
[2024-05-12T07:30:15.649+0000] {logging_mixin.py:188} INFO - [2024-05-12T07:30:15.648+0000] {dag.py:3954} INFO - Setting next_dagrun for latest_only to 2024-05-12 00:00:00+00:00, run_after=2024-05-12 04:00:00+00:00
[2024-05-12T07:30:15.700+0000] {processor.py:183} INFO - Processing /home/airflow/.local/lib/python3.12/site-packages/airflow/example_dags/example_latest_only.py took 0.371 seconds
[2024-05-12T07:30:46.586+0000] {processor.py:161} INFO - Started process (PID=160) to work on /home/airflow/.local/lib/python3.12/site-packages/airflow/example_dags/example_latest_only.py
[2024-05-12T07:30:46.588+0000] {processor.py:830} INFO - Processing file /home/airflow/.local/lib/python3.12/site-packages/airflow/example_dags/example_latest_only.py for tasks to queue
[2024-05-12T07:30:46.592+0000] {logging_mixin.py:188} INFO - [2024-05-12T07:30:46.591+0000] {dagbag.py:540} INFO - Filling up the DagBag from /home/airflow/.local/lib/python3.12/site-packages/airflow/example_dags/example_latest_only.py
[2024-05-12T07:30:46.604+0000] {processor.py:840} INFO - DAG(s) 'latest_only' retrieved from /home/airflow/.local/lib/python3.12/site-packages/airflow/example_dags/example_latest_only.py
[2024-05-12T07:30:46.673+0000] {logging_mixin.py:188} INFO - [2024-05-12T07:30:46.673+0000] {dag.py:3096} INFO - Sync 1 DAGs
[2024-05-12T07:30:46.772+0000] {logging_mixin.py:188} INFO - [2024-05-12T07:30:46.771+0000] {dag.py:3954} INFO - Setting next_dagrun for latest_only to 2024-05-12 00:00:00+00:00, run_after=2024-05-12 04:00:00+00:00
[2024-05-12T07:30:46.827+0000] {processor.py:183} INFO - Processing /home/airflow/.local/lib/python3.12/site-packages/airflow/example_dags/example_latest_only.py took 0.255 seconds
[2024-05-12T07:31:17.666+0000] {processor.py:161} INFO - Started process (PID=227) to work on /home/airflow/.local/lib/python3.12/site-packages/airflow/example_dags/example_latest_only.py
[2024-05-12T07:31:17.668+0000] {processor.py:830} INFO - Processing file /home/airflow/.local/lib/python3.12/site-packages/airflow/example_dags/example_latest_only.py for tasks to queue
[2024-05-12T07:31:17.671+0000] {logging_mixin.py:188} INFO - [2024-05-12T07:31:17.671+0000] {dagbag.py:540} INFO - Filling up the DagBag from /home/airflow/.local/lib/python3.12/site-packages/airflow/example_dags/example_latest_only.py
[2024-05-12T07:31:17.683+0000] {processor.py:840} INFO - DAG(s) 'latest_only' retrieved from /home/airflow/.local/lib/python3.12/site-packages/airflow/example_dags/example_latest_only.py
[2024-05-12T07:31:17.707+0000] {logging_mixin.py:188} INFO - [2024-05-12T07:31:17.706+0000] {dag.py:3096} INFO - Sync 1 DAGs
[2024-05-12T07:31:17.760+0000] {logging_mixin.py:188} INFO - [2024-05-12T07:31:17.759+0000] {dag.py:3954} INFO - Setting next_dagrun for latest_only to 2024-05-12 00:00:00+00:00, run_after=2024-05-12 04:00:00+00:00
[2024-05-12T07:31:17.799+0000] {processor.py:183} INFO - Processing /home/airflow/.local/lib/python3.12/site-packages/airflow/example_dags/example_latest_only.py took 0.148 seconds
[2024-05-12T07:31:48.096+0000] {processor.py:161} INFO - Started process (PID=293) to work on /home/airflow/.local/lib/python3.12/site-packages/airflow/example_dags/example_latest_only.py
[2024-05-12T07:31:48.098+0000] {processor.py:830} INFO - Processing file /home/airflow/.local/lib/python3.12/site-packages/airflow/example_dags/example_latest_only.py for tasks to queue
[2024-05-12T07:31:48.100+0000] {logging_mixin.py:188} INFO - [2024-05-12T07:31:48.100+0000] {dagbag.py:540} INFO - Filling up the DagBag from /home/airflow/.local/lib/python3.12/site-packages/airflow/example_dags/example_latest_only.py
[2024-05-12T07:31:48.106+0000] {processor.py:840} INFO - DAG(s) 'latest_only' retrieved from /home/airflow/.local/lib/python3.12/site-packages/airflow/example_dags/example_latest_only.py
[2024-05-12T07:31:48.123+0000] {logging_mixin.py:188} INFO - [2024-05-12T07:31:48.122+0000] {dag.py:3096} INFO - Sync 1 DAGs
[2024-05-12T07:31:48.159+0000] {logging_mixin.py:188} INFO - [2024-05-12T07:31:48.159+0000] {dag.py:3954} INFO - Setting next_dagrun for latest_only to 2024-05-12 00:00:00+00:00, run_after=2024-05-12 04:00:00+00:00
[2024-05-12T07:31:48.188+0000] {processor.py:183} INFO - Processing /home/airflow/.local/lib/python3.12/site-packages/airflow/example_dags/example_latest_only.py took 0.100 seconds
[2024-05-12T07:32:19.114+0000] {processor.py:161} INFO - Started process (PID=366) to work on /home/airflow/.local/lib/python3.12/site-packages/airflow/example_dags/example_latest_only.py
[2024-05-12T07:32:19.115+0000] {processor.py:830} INFO - Processing file /home/airflow/.local/lib/python3.12/site-packages/airflow/example_dags/example_latest_only.py for tasks to queue
[2024-05-12T07:32:19.118+0000] {logging_mixin.py:188} INFO - [2024-05-12T07:32:19.117+0000] {dagbag.py:540} INFO - Filling up the DagBag from /home/airflow/.local/lib/python3.12/site-packages/airflow/example_dags/example_latest_only.py
[2024-05-12T07:32:19.125+0000] {processor.py:840} INFO - DAG(s) 'latest_only' retrieved from /home/airflow/.local/lib/python3.12/site-packages/airflow/example_dags/example_latest_only.py
[2024-05-12T07:32:19.308+0000] {logging_mixin.py:188} INFO - [2024-05-12T07:32:19.308+0000] {dag.py:3096} INFO - Sync 1 DAGs
[2024-05-12T07:32:19.336+0000] {logging_mixin.py:188} INFO - [2024-05-12T07:32:19.335+0000] {dag.py:3954} INFO - Setting next_dagrun for latest_only to 2024-05-12 00:00:00+00:00, run_after=2024-05-12 04:00:00+00:00
[2024-05-12T07:32:19.378+0000] {processor.py:183} INFO - Processing /home/airflow/.local/lib/python3.12/site-packages/airflow/example_dags/example_latest_only.py took 0.272 seconds
[2024-05-12T07:32:49.794+0000] {processor.py:161} INFO - Started process (PID=433) to work on /home/airflow/.local/lib/python3.12/site-packages/airflow/example_dags/example_latest_only.py
[2024-05-12T07:32:49.795+0000] {processor.py:830} INFO - Processing file /home/airflow/.local/lib/python3.12/site-packages/airflow/example_dags/example_latest_only.py for tasks to queue
[2024-05-12T07:32:49.797+0000] {logging_mixin.py:188} INFO - [2024-05-12T07:32:49.797+0000] {dagbag.py:540} INFO - Filling up the DagBag from /home/airflow/.local/lib/python3.12/site-packages/airflow/example_dags/example_latest_only.py
[2024-05-12T07:32:49.802+0000] {processor.py:840} INFO - DAG(s) 'latest_only' retrieved from /home/airflow/.local/lib/python3.12/site-packages/airflow/example_dags/example_latest_only.py
[2024-05-12T07:32:49.824+0000] {logging_mixin.py:188} INFO - [2024-05-12T07:32:49.823+0000] {dag.py:3096} INFO - Sync 1 DAGs
[2024-05-12T07:32:49.846+0000] {logging_mixin.py:188} INFO - [2024-05-12T07:32:49.845+0000] {dag.py:3954} INFO - Setting next_dagrun for latest_only to 2024-05-12 00:00:00+00:00, run_after=2024-05-12 04:00:00+00:00
[2024-05-12T07:32:49.873+0000] {processor.py:183} INFO - Processing /home/airflow/.local/lib/python3.12/site-packages/airflow/example_dags/example_latest_only.py took 0.085 seconds
[2024-05-12T07:33:25.551+0000] {processor.py:161} INFO - Started process (PID=500) to work on /home/airflow/.local/lib/python3.12/site-packages/airflow/example_dags/example_latest_only.py
[2024-05-12T07:33:25.553+0000] {processor.py:830} INFO - Processing file /home/airflow/.local/lib/python3.12/site-packages/airflow/example_dags/example_latest_only.py for tasks to queue
[2024-05-12T07:33:25.558+0000] {logging_mixin.py:188} INFO - [2024-05-12T07:33:25.557+0000] {dagbag.py:540} INFO - Filling up the DagBag from /home/airflow/.local/lib/python3.12/site-packages/airflow/example_dags/example_latest_only.py
[2024-05-12T07:33:25.570+0000] {processor.py:840} INFO - DAG(s) 'latest_only' retrieved from /home/airflow/.local/lib/python3.12/site-packages/airflow/example_dags/example_latest_only.py
[2024-05-12T07:33:25.639+0000] {logging_mixin.py:188} INFO - [2024-05-12T07:33:25.638+0000] {dag.py:3096} INFO - Sync 1 DAGs
[2024-05-12T07:33:25.733+0000] {logging_mixin.py:188} INFO - [2024-05-12T07:33:25.732+0000] {dag.py:3954} INFO - Setting next_dagrun for latest_only to 2024-05-12 00:00:00+00:00, run_after=2024-05-12 04:00:00+00:00
[2024-05-12T07:33:25.803+0000] {processor.py:183} INFO - Processing /home/airflow/.local/lib/python3.12/site-packages/airflow/example_dags/example_latest_only.py took 0.276 seconds
[2024-05-12T07:33:56.699+0000] {processor.py:161} INFO - Started process (PID=567) to work on /home/airflow/.local/lib/python3.12/site-packages/airflow/example_dags/example_latest_only.py
[2024-05-12T07:33:56.701+0000] {processor.py:830} INFO - Processing file /home/airflow/.local/lib/python3.12/site-packages/airflow/example_dags/example_latest_only.py for tasks to queue
[2024-05-12T07:33:56.705+0000] {logging_mixin.py:188} INFO - [2024-05-12T07:33:56.705+0000] {dagbag.py:540} INFO - Filling up the DagBag from /home/airflow/.local/lib/python3.12/site-packages/airflow/example_dags/example_latest_only.py
[2024-05-12T07:33:56.716+0000] {processor.py:840} INFO - DAG(s) 'latest_only' retrieved from /home/airflow/.local/lib/python3.12/site-packages/airflow/example_dags/example_latest_only.py
[2024-05-12T07:33:56.757+0000] {logging_mixin.py:188} INFO - [2024-05-12T07:33:56.756+0000] {dag.py:3096} INFO - Sync 1 DAGs
[2024-05-12T07:33:56.822+0000] {logging_mixin.py:188} INFO - [2024-05-12T07:33:56.821+0000] {dag.py:3954} INFO - Setting next_dagrun for latest_only to 2024-05-12 00:00:00+00:00, run_after=2024-05-12 04:00:00+00:00
[2024-05-12T07:33:56.869+0000] {processor.py:183} INFO - Processing /home/airflow/.local/lib/python3.12/site-packages/airflow/example_dags/example_latest_only.py took 0.184 seconds
[2024-05-12T07:34:28.669+0000] {processor.py:161} INFO - Started process (PID=634) to work on /home/airflow/.local/lib/python3.12/site-packages/airflow/example_dags/example_latest_only.py
[2024-05-12T07:34:28.674+0000] {processor.py:830} INFO - Processing file /home/airflow/.local/lib/python3.12/site-packages/airflow/example_dags/example_latest_only.py for tasks to queue
[2024-05-12T07:34:28.686+0000] {logging_mixin.py:188} INFO - [2024-05-12T07:34:28.685+0000] {dagbag.py:540} INFO - Filling up the DagBag from /home/airflow/.local/lib/python3.12/site-packages/airflow/example_dags/example_latest_only.py
[2024-05-12T07:34:28.699+0000] {processor.py:840} INFO - DAG(s) 'latest_only' retrieved from /home/airflow/.local/lib/python3.12/site-packages/airflow/example_dags/example_latest_only.py
[2024-05-12T07:34:28.760+0000] {logging_mixin.py:188} INFO - [2024-05-12T07:34:28.759+0000] {dag.py:3096} INFO - Sync 1 DAGs
[2024-05-12T07:34:28.871+0000] {logging_mixin.py:188} INFO - [2024-05-12T07:34:28.870+0000] {dag.py:3954} INFO - Setting next_dagrun for latest_only to 2024-05-12 00:00:00+00:00, run_after=2024-05-12 04:00:00+00:00
[2024-05-12T07:34:28.951+0000] {processor.py:183} INFO - Processing /home/airflow/.local/lib/python3.12/site-packages/airflow/example_dags/example_latest_only.py took 0.315 seconds
[2024-05-12T07:34:59.391+0000] {processor.py:161} INFO - Started process (PID=701) to work on /home/airflow/.local/lib/python3.12/site-packages/airflow/example_dags/example_latest_only.py
[2024-05-12T07:34:59.393+0000] {processor.py:830} INFO - Processing file /home/airflow/.local/lib/python3.12/site-packages/airflow/example_dags/example_latest_only.py for tasks to queue
[2024-05-12T07:34:59.395+0000] {logging_mixin.py:188} INFO - [2024-05-12T07:34:59.395+0000] {dagbag.py:540} INFO - Filling up the DagBag from /home/airflow/.local/lib/python3.12/site-packages/airflow/example_dags/example_latest_only.py
[2024-05-12T07:34:59.402+0000] {processor.py:840} INFO - DAG(s) 'latest_only' retrieved from /home/airflow/.local/lib/python3.12/site-packages/airflow/example_dags/example_latest_only.py
[2024-05-12T07:34:59.435+0000] {logging_mixin.py:188} INFO - [2024-05-12T07:34:59.435+0000] {dag.py:3096} INFO - Sync 1 DAGs
[2024-05-12T07:34:59.485+0000] {logging_mixin.py:188} INFO - [2024-05-12T07:34:59.485+0000] {dag.py:3954} INFO - Setting next_dagrun for latest_only to 2024-05-12 00:00:00+00:00, run_after=2024-05-12 04:00:00+00:00
[2024-05-12T07:34:59.521+0000] {processor.py:183} INFO - Processing /home/airflow/.local/lib/python3.12/site-packages/airflow/example_dags/example_latest_only.py took 0.139 seconds
[2024-05-12T07:35:30.437+0000] {processor.py:161} INFO - Started process (PID=767) to work on /home/airflow/.local/lib/python3.12/site-packages/airflow/example_dags/example_latest_only.py
[2024-05-12T07:35:30.439+0000] {processor.py:830} INFO - Processing file /home/airflow/.local/lib/python3.12/site-packages/airflow/example_dags/example_latest_only.py for tasks to queue
[2024-05-12T07:35:30.442+0000] {logging_mixin.py:188} INFO - [2024-05-12T07:35:30.442+0000] {dagbag.py:540} INFO - Filling up the DagBag from /home/airflow/.local/lib/python3.12/site-packages/airflow/example_dags/example_latest_only.py
[2024-05-12T07:35:30.451+0000] {processor.py:840} INFO - DAG(s) 'latest_only' retrieved from /home/airflow/.local/lib/python3.12/site-packages/airflow/example_dags/example_latest_only.py
[2024-05-12T07:35:30.486+0000] {logging_mixin.py:188} INFO - [2024-05-12T07:35:30.485+0000] {dag.py:3096} INFO - Sync 1 DAGs
[2024-05-12T07:35:30.535+0000] {logging_mixin.py:188} INFO - [2024-05-12T07:35:30.535+0000] {dag.py:3954} INFO - Setting next_dagrun for latest_only to 2024-05-12 00:00:00+00:00, run_after=2024-05-12 04:00:00+00:00
[2024-05-12T07:35:30.584+0000] {processor.py:183} INFO - Processing /home/airflow/.local/lib/python3.12/site-packages/airflow/example_dags/example_latest_only.py took 0.162 seconds
[2024-05-12T07:36:00.999+0000] {processor.py:161} INFO - Started process (PID=832) to work on /home/airflow/.local/lib/python3.12/site-packages/airflow/example_dags/example_latest_only.py
[2024-05-12T07:36:01.000+0000] {processor.py:830} INFO - Processing file /home/airflow/.local/lib/python3.12/site-packages/airflow/example_dags/example_latest_only.py for tasks to queue
[2024-05-12T07:36:01.002+0000] {logging_mixin.py:188} INFO - [2024-05-12T07:36:01.002+0000] {dagbag.py:540} INFO - Filling up the DagBag from /home/airflow/.local/lib/python3.12/site-packages/airflow/example_dags/example_latest_only.py
[2024-05-12T07:36:01.008+0000] {processor.py:840} INFO - DAG(s) 'latest_only' retrieved from /home/airflow/.local/lib/python3.12/site-packages/airflow/example_dags/example_latest_only.py
[2024-05-12T07:36:01.032+0000] {logging_mixin.py:188} INFO - [2024-05-12T07:36:01.032+0000] {dag.py:3096} INFO - Sync 1 DAGs
[2024-05-12T07:36:01.062+0000] {logging_mixin.py:188} INFO - [2024-05-12T07:36:01.062+0000] {dag.py:3954} INFO - Setting next_dagrun for latest_only to 2024-05-12 00:00:00+00:00, run_after=2024-05-12 04:00:00+00:00
[2024-05-12T07:36:01.086+0000] {processor.py:183} INFO - Processing /home/airflow/.local/lib/python3.12/site-packages/airflow/example_dags/example_latest_only.py took 0.092 seconds
[2024-05-12T07:36:31.538+0000] {processor.py:161} INFO - Started process (PID=899) to work on /home/airflow/.local/lib/python3.12/site-packages/airflow/example_dags/example_latest_only.py
[2024-05-12T07:36:31.539+0000] {processor.py:830} INFO - Processing file /home/airflow/.local/lib/python3.12/site-packages/airflow/example_dags/example_latest_only.py for tasks to queue
[2024-05-12T07:36:31.542+0000] {logging_mixin.py:188} INFO - [2024-05-12T07:36:31.541+0000] {dagbag.py:540} INFO - Filling up the DagBag from /home/airflow/.local/lib/python3.12/site-packages/airflow/example_dags/example_latest_only.py
[2024-05-12T07:36:31.550+0000] {processor.py:840} INFO - DAG(s) 'latest_only' retrieved from /home/airflow/.local/lib/python3.12/site-packages/airflow/example_dags/example_latest_only.py
[2024-05-12T07:36:31.581+0000] {logging_mixin.py:188} INFO - [2024-05-12T07:36:31.580+0000] {dag.py:3096} INFO - Sync 1 DAGs
[2024-05-12T07:36:31.608+0000] {logging_mixin.py:188} INFO - [2024-05-12T07:36:31.608+0000] {dag.py:3954} INFO - Setting next_dagrun for latest_only to 2024-05-12 00:00:00+00:00, run_after=2024-05-12 04:00:00+00:00
[2024-05-12T07:36:31.639+0000] {processor.py:183} INFO - Processing /home/airflow/.local/lib/python3.12/site-packages/airflow/example_dags/example_latest_only.py took 0.110 seconds
[2024-05-12T07:37:02.522+0000] {processor.py:161} INFO - Started process (PID=966) to work on /home/airflow/.local/lib/python3.12/site-packages/airflow/example_dags/example_latest_only.py
[2024-05-12T07:37:02.524+0000] {processor.py:830} INFO - Processing file /home/airflow/.local/lib/python3.12/site-packages/airflow/example_dags/example_latest_only.py for tasks to queue
[2024-05-12T07:37:02.529+0000] {logging_mixin.py:188} INFO - [2024-05-12T07:37:02.528+0000] {dagbag.py:540} INFO - Filling up the DagBag from /home/airflow/.local/lib/python3.12/site-packages/airflow/example_dags/example_latest_only.py
[2024-05-12T07:37:02.539+0000] {processor.py:840} INFO - DAG(s) 'latest_only' retrieved from /home/airflow/.local/lib/python3.12/site-packages/airflow/example_dags/example_latest_only.py
[2024-05-12T07:37:02.575+0000] {logging_mixin.py:188} INFO - [2024-05-12T07:37:02.574+0000] {dag.py:3096} INFO - Sync 1 DAGs
[2024-05-12T07:37:02.613+0000] {logging_mixin.py:188} INFO - [2024-05-12T07:37:02.613+0000] {dag.py:3954} INFO - Setting next_dagrun for latest_only to 2024-05-12 00:00:00+00:00, run_after=2024-05-12 04:00:00+00:00
[2024-05-12T07:37:02.648+0000] {processor.py:183} INFO - Processing /home/airflow/.local/lib/python3.12/site-packages/airflow/example_dags/example_latest_only.py took 0.136 seconds
