[2024-05-12T06:27:30.862+0000] {processor.py:161} INFO - Started process (PID=85) to work on /home/airflow/.local/lib/python3.12/site-packages/airflow/example_dags/example_datasets.py
[2024-05-12T06:27:30.864+0000] {processor.py:830} INFO - Processing file /home/airflow/.local/lib/python3.12/site-packages/airflow/example_dags/example_datasets.py for tasks to queue
[2024-05-12T06:27:30.867+0000] {logging_mixin.py:188} INFO - [2024-05-12T06:27:30.866+0000] {dagbag.py:540} INFO - Filling up the DagBag from /home/airflow/.local/lib/python3.12/site-packages/airflow/example_dags/example_datasets.py
[2024-05-12T06:27:30.886+0000] {processor.py:840} INFO - DAG(s) 'consume_1_or_2_with_dataset_expressions', 'consume_1_and_2_with_dataset_expressions', 'consume_1_or_both_2_and_3_with_dataset_expressions', 'dataset_produces_2', 'dataset_consumes_1_and_2', 'dataset_consumes_1', 'dataset_consumes_1_never_scheduled', 'conditional_dataset_and_time_based_timetable', 'dataset_produces_1', 'dataset_consumes_unknown_never_scheduled' retrieved from /home/airflow/.local/lib/python3.12/site-packages/airflow/example_dags/example_datasets.py
[2024-05-12T06:27:30.950+0000] {logging_mixin.py:188} INFO - [2024-05-12T06:27:30.950+0000] {dag.py:3096} INFO - Sync 10 DAGs
[2024-05-12T06:27:30.986+0000] {logging_mixin.py:188} INFO - [2024-05-12T06:27:30.985+0000] {dag.py:3954} INFO - Setting next_dagrun for conditional_dataset_and_time_based_timetable to 2024-05-08 01:00:00+00:00, run_after=2024-05-08 01:00:00+00:00
[2024-05-12T06:27:30.992+0000] {logging_mixin.py:188} INFO - [2024-05-12T06:27:30.991+0000] {dag.py:3954} INFO - Setting next_dagrun for consume_1_and_2_with_dataset_expressions to None, run_after=None
[2024-05-12T06:27:30.994+0000] {logging_mixin.py:188} INFO - [2024-05-12T06:27:30.994+0000] {dag.py:3954} INFO - Setting next_dagrun for consume_1_or_2_with_dataset_expressions to None, run_after=None
[2024-05-12T06:27:30.996+0000] {logging_mixin.py:188} INFO - [2024-05-12T06:27:30.996+0000] {dag.py:3954} INFO - Setting next_dagrun for consume_1_or_both_2_and_3_with_dataset_expressions to None, run_after=None
[2024-05-12T06:27:30.998+0000] {logging_mixin.py:188} INFO - [2024-05-12T06:27:30.997+0000] {dag.py:3954} INFO - Setting next_dagrun for dataset_consumes_1 to None, run_after=None
[2024-05-12T06:27:30.999+0000] {logging_mixin.py:188} INFO - [2024-05-12T06:27:30.999+0000] {dag.py:3954} INFO - Setting next_dagrun for dataset_consumes_1_and_2 to None, run_after=None
[2024-05-12T06:27:31.001+0000] {logging_mixin.py:188} INFO - [2024-05-12T06:27:31.001+0000] {dag.py:3954} INFO - Setting next_dagrun for dataset_consumes_1_never_scheduled to None, run_after=None
[2024-05-12T06:27:31.003+0000] {logging_mixin.py:188} INFO - [2024-05-12T06:27:31.003+0000] {dag.py:3954} INFO - Setting next_dagrun for dataset_consumes_unknown_never_scheduled to None, run_after=None
[2024-05-12T06:27:31.006+0000] {logging_mixin.py:188} INFO - [2024-05-12T06:27:31.006+0000] {dag.py:3954} INFO - Setting next_dagrun for dataset_produces_1 to 2024-05-11 00:00:00+00:00, run_after=2024-05-12 00:00:00+00:00
[2024-05-12T06:27:31.008+0000] {logging_mixin.py:188} INFO - [2024-05-12T06:27:31.008+0000] {dag.py:3954} INFO - Setting next_dagrun for dataset_produces_2 to None, run_after=None
[2024-05-12T06:27:31.055+0000] {processor.py:183} INFO - Processing /home/airflow/.local/lib/python3.12/site-packages/airflow/example_dags/example_datasets.py took 0.199 seconds
[2024-05-12T07:30:14.776+0000] {processor.py:161} INFO - Started process (PID=91) to work on /home/airflow/.local/lib/python3.12/site-packages/airflow/example_dags/example_datasets.py
[2024-05-12T07:30:14.784+0000] {processor.py:830} INFO - Processing file /home/airflow/.local/lib/python3.12/site-packages/airflow/example_dags/example_datasets.py for tasks to queue
[2024-05-12T07:30:14.787+0000] {logging_mixin.py:188} INFO - [2024-05-12T07:30:14.786+0000] {dagbag.py:540} INFO - Filling up the DagBag from /home/airflow/.local/lib/python3.12/site-packages/airflow/example_dags/example_datasets.py
[2024-05-12T07:30:14.818+0000] {processor.py:840} INFO - DAG(s) 'consume_1_and_2_with_dataset_expressions', 'dataset_produces_1', 'consume_1_or_both_2_and_3_with_dataset_expressions', 'dataset_consumes_1_and_2', 'consume_1_or_2_with_dataset_expressions', 'dataset_consumes_1_never_scheduled', 'conditional_dataset_and_time_based_timetable', 'dataset_consumes_unknown_never_scheduled', 'dataset_produces_2', 'dataset_consumes_1' retrieved from /home/airflow/.local/lib/python3.12/site-packages/airflow/example_dags/example_datasets.py
[2024-05-12T07:30:15.154+0000] {logging_mixin.py:188} INFO - [2024-05-12T07:30:15.154+0000] {dag.py:3096} INFO - Sync 10 DAGs
[2024-05-12T07:30:15.195+0000] {logging_mixin.py:188} INFO - [2024-05-12T07:30:15.194+0000] {dag.py:3954} INFO - Setting next_dagrun for conditional_dataset_and_time_based_timetable to 2024-05-08 01:00:00+00:00, run_after=2024-05-08 01:00:00+00:00
[2024-05-12T07:30:15.201+0000] {logging_mixin.py:188} INFO - [2024-05-12T07:30:15.201+0000] {dag.py:3954} INFO - Setting next_dagrun for consume_1_and_2_with_dataset_expressions to None, run_after=None
[2024-05-12T07:30:15.203+0000] {logging_mixin.py:188} INFO - [2024-05-12T07:30:15.203+0000] {dag.py:3954} INFO - Setting next_dagrun for consume_1_or_2_with_dataset_expressions to None, run_after=None
[2024-05-12T07:30:15.205+0000] {logging_mixin.py:188} INFO - [2024-05-12T07:30:15.205+0000] {dag.py:3954} INFO - Setting next_dagrun for consume_1_or_both_2_and_3_with_dataset_expressions to None, run_after=None
[2024-05-12T07:30:15.208+0000] {logging_mixin.py:188} INFO - [2024-05-12T07:30:15.207+0000] {dag.py:3954} INFO - Setting next_dagrun for dataset_consumes_1 to None, run_after=None
[2024-05-12T07:30:15.210+0000] {logging_mixin.py:188} INFO - [2024-05-12T07:30:15.210+0000] {dag.py:3954} INFO - Setting next_dagrun for dataset_consumes_1_and_2 to None, run_after=None
[2024-05-12T07:30:15.212+0000] {logging_mixin.py:188} INFO - [2024-05-12T07:30:15.212+0000] {dag.py:3954} INFO - Setting next_dagrun for dataset_consumes_1_never_scheduled to None, run_after=None
[2024-05-12T07:30:15.215+0000] {logging_mixin.py:188} INFO - [2024-05-12T07:30:15.214+0000] {dag.py:3954} INFO - Setting next_dagrun for dataset_consumes_unknown_never_scheduled to None, run_after=None
[2024-05-12T07:30:15.220+0000] {logging_mixin.py:188} INFO - [2024-05-12T07:30:15.220+0000] {dag.py:3954} INFO - Setting next_dagrun for dataset_produces_1 to 2024-05-11 00:00:00+00:00, run_after=2024-05-12 00:00:00+00:00
[2024-05-12T07:30:15.223+0000] {logging_mixin.py:188} INFO - [2024-05-12T07:30:15.223+0000] {dag.py:3954} INFO - Setting next_dagrun for dataset_produces_2 to None, run_after=None
[2024-05-12T07:30:15.313+0000] {processor.py:183} INFO - Processing /home/airflow/.local/lib/python3.12/site-packages/airflow/example_dags/example_datasets.py took 0.547 seconds
[2024-05-12T07:30:45.561+0000] {processor.py:161} INFO - Started process (PID=158) to work on /home/airflow/.local/lib/python3.12/site-packages/airflow/example_dags/example_datasets.py
[2024-05-12T07:30:45.563+0000] {processor.py:830} INFO - Processing file /home/airflow/.local/lib/python3.12/site-packages/airflow/example_dags/example_datasets.py for tasks to queue
[2024-05-12T07:30:45.568+0000] {logging_mixin.py:188} INFO - [2024-05-12T07:30:45.567+0000] {dagbag.py:540} INFO - Filling up the DagBag from /home/airflow/.local/lib/python3.12/site-packages/airflow/example_dags/example_datasets.py
[2024-05-12T07:30:45.620+0000] {processor.py:840} INFO - DAG(s) 'dataset_produces_1', 'dataset_consumes_unknown_never_scheduled', 'consume_1_and_2_with_dataset_expressions', 'conditional_dataset_and_time_based_timetable', 'consume_1_or_both_2_and_3_with_dataset_expressions', 'dataset_consumes_1_and_2', 'dataset_consumes_1_never_scheduled', 'dataset_produces_2', 'dataset_consumes_1', 'consume_1_or_2_with_dataset_expressions' retrieved from /home/airflow/.local/lib/python3.12/site-packages/airflow/example_dags/example_datasets.py
[2024-05-12T07:30:45.773+0000] {logging_mixin.py:188} INFO - [2024-05-12T07:30:45.773+0000] {dag.py:3096} INFO - Sync 10 DAGs
[2024-05-12T07:30:45.869+0000] {logging_mixin.py:188} INFO - [2024-05-12T07:30:45.868+0000] {dag.py:3954} INFO - Setting next_dagrun for conditional_dataset_and_time_based_timetable to 2024-05-08 01:00:00+00:00, run_after=2024-05-08 01:00:00+00:00
[2024-05-12T07:30:45.897+0000] {logging_mixin.py:188} INFO - [2024-05-12T07:30:45.891+0000] {dag.py:3954} INFO - Setting next_dagrun for consume_1_and_2_with_dataset_expressions to None, run_after=None
[2024-05-12T07:30:45.906+0000] {logging_mixin.py:188} INFO - [2024-05-12T07:30:45.906+0000] {dag.py:3954} INFO - Setting next_dagrun for consume_1_or_2_with_dataset_expressions to None, run_after=None
[2024-05-12T07:30:45.925+0000] {logging_mixin.py:188} INFO - [2024-05-12T07:30:45.924+0000] {dag.py:3954} INFO - Setting next_dagrun for consume_1_or_both_2_and_3_with_dataset_expressions to None, run_after=None
[2024-05-12T07:30:45.936+0000] {logging_mixin.py:188} INFO - [2024-05-12T07:30:45.928+0000] {dag.py:3954} INFO - Setting next_dagrun for dataset_consumes_1 to None, run_after=None
[2024-05-12T07:30:45.943+0000] {logging_mixin.py:188} INFO - [2024-05-12T07:30:45.942+0000] {dag.py:3954} INFO - Setting next_dagrun for dataset_consumes_1_and_2 to None, run_after=None
[2024-05-12T07:30:45.947+0000] {logging_mixin.py:188} INFO - [2024-05-12T07:30:45.947+0000] {dag.py:3954} INFO - Setting next_dagrun for dataset_consumes_1_never_scheduled to None, run_after=None
[2024-05-12T07:30:45.963+0000] {logging_mixin.py:188} INFO - [2024-05-12T07:30:45.962+0000] {dag.py:3954} INFO - Setting next_dagrun for dataset_consumes_unknown_never_scheduled to None, run_after=None
[2024-05-12T07:30:45.999+0000] {logging_mixin.py:188} INFO - [2024-05-12T07:30:45.990+0000] {dag.py:3954} INFO - Setting next_dagrun for dataset_produces_1 to 2024-05-11 00:00:00+00:00, run_after=2024-05-12 00:00:00+00:00
[2024-05-12T07:30:46.003+0000] {logging_mixin.py:188} INFO - [2024-05-12T07:30:46.003+0000] {dag.py:3954} INFO - Setting next_dagrun for dataset_produces_2 to None, run_after=None
[2024-05-12T07:30:46.160+0000] {processor.py:183} INFO - Processing /home/airflow/.local/lib/python3.12/site-packages/airflow/example_dags/example_datasets.py took 0.620 seconds
[2024-05-12T07:31:16.361+0000] {processor.py:161} INFO - Started process (PID=225) to work on /home/airflow/.local/lib/python3.12/site-packages/airflow/example_dags/example_datasets.py
[2024-05-12T07:31:16.362+0000] {processor.py:830} INFO - Processing file /home/airflow/.local/lib/python3.12/site-packages/airflow/example_dags/example_datasets.py for tasks to queue
[2024-05-12T07:31:16.365+0000] {logging_mixin.py:188} INFO - [2024-05-12T07:31:16.365+0000] {dagbag.py:540} INFO - Filling up the DagBag from /home/airflow/.local/lib/python3.12/site-packages/airflow/example_dags/example_datasets.py
[2024-05-12T07:31:16.385+0000] {processor.py:840} INFO - DAG(s) 'dataset_produces_1', 'consume_1_or_both_2_and_3_with_dataset_expressions', 'conditional_dataset_and_time_based_timetable', 'consume_1_and_2_with_dataset_expressions', 'dataset_consumes_1_never_scheduled', 'consume_1_or_2_with_dataset_expressions', 'dataset_produces_2', 'dataset_consumes_unknown_never_scheduled', 'dataset_consumes_1_and_2', 'dataset_consumes_1' retrieved from /home/airflow/.local/lib/python3.12/site-packages/airflow/example_dags/example_datasets.py
[2024-05-12T07:31:16.424+0000] {logging_mixin.py:188} INFO - [2024-05-12T07:31:16.424+0000] {dag.py:3096} INFO - Sync 10 DAGs
[2024-05-12T07:31:16.471+0000] {logging_mixin.py:188} INFO - [2024-05-12T07:31:16.470+0000] {dag.py:3954} INFO - Setting next_dagrun for conditional_dataset_and_time_based_timetable to 2024-05-08 01:00:00+00:00, run_after=2024-05-08 01:00:00+00:00
[2024-05-12T07:31:16.481+0000] {logging_mixin.py:188} INFO - [2024-05-12T07:31:16.481+0000] {dag.py:3954} INFO - Setting next_dagrun for consume_1_and_2_with_dataset_expressions to None, run_after=None
[2024-05-12T07:31:16.485+0000] {logging_mixin.py:188} INFO - [2024-05-12T07:31:16.485+0000] {dag.py:3954} INFO - Setting next_dagrun for consume_1_or_2_with_dataset_expressions to None, run_after=None
[2024-05-12T07:31:16.488+0000] {logging_mixin.py:188} INFO - [2024-05-12T07:31:16.487+0000] {dag.py:3954} INFO - Setting next_dagrun for consume_1_or_both_2_and_3_with_dataset_expressions to None, run_after=None
[2024-05-12T07:31:16.491+0000] {logging_mixin.py:188} INFO - [2024-05-12T07:31:16.491+0000] {dag.py:3954} INFO - Setting next_dagrun for dataset_consumes_1 to None, run_after=None
[2024-05-12T07:31:16.495+0000] {logging_mixin.py:188} INFO - [2024-05-12T07:31:16.494+0000] {dag.py:3954} INFO - Setting next_dagrun for dataset_consumes_1_and_2 to None, run_after=None
[2024-05-12T07:31:16.498+0000] {logging_mixin.py:188} INFO - [2024-05-12T07:31:16.498+0000] {dag.py:3954} INFO - Setting next_dagrun for dataset_consumes_1_never_scheduled to None, run_after=None
[2024-05-12T07:31:16.502+0000] {logging_mixin.py:188} INFO - [2024-05-12T07:31:16.501+0000] {dag.py:3954} INFO - Setting next_dagrun for dataset_consumes_unknown_never_scheduled to None, run_after=None
[2024-05-12T07:31:16.509+0000] {logging_mixin.py:188} INFO - [2024-05-12T07:31:16.508+0000] {dag.py:3954} INFO - Setting next_dagrun for dataset_produces_1 to 2024-05-11 00:00:00+00:00, run_after=2024-05-12 00:00:00+00:00
[2024-05-12T07:31:16.512+0000] {logging_mixin.py:188} INFO - [2024-05-12T07:31:16.511+0000] {dag.py:3954} INFO - Setting next_dagrun for dataset_produces_2 to None, run_after=None
[2024-05-12T07:31:16.581+0000] {processor.py:183} INFO - Processing /home/airflow/.local/lib/python3.12/site-packages/airflow/example_dags/example_datasets.py took 0.231 seconds
[2024-05-12T07:31:46.936+0000] {processor.py:161} INFO - Started process (PID=291) to work on /home/airflow/.local/lib/python3.12/site-packages/airflow/example_dags/example_datasets.py
[2024-05-12T07:31:46.937+0000] {processor.py:830} INFO - Processing file /home/airflow/.local/lib/python3.12/site-packages/airflow/example_dags/example_datasets.py for tasks to queue
[2024-05-12T07:31:46.940+0000] {logging_mixin.py:188} INFO - [2024-05-12T07:31:46.939+0000] {dagbag.py:540} INFO - Filling up the DagBag from /home/airflow/.local/lib/python3.12/site-packages/airflow/example_dags/example_datasets.py
[2024-05-12T07:31:46.964+0000] {processor.py:840} INFO - DAG(s) 'consume_1_or_2_with_dataset_expressions', 'consume_1_or_both_2_and_3_with_dataset_expressions', 'dataset_consumes_1_and_2', 'dataset_consumes_1', 'dataset_consumes_unknown_never_scheduled', 'dataset_produces_2', 'dataset_consumes_1_never_scheduled', 'conditional_dataset_and_time_based_timetable', 'dataset_produces_1', 'consume_1_and_2_with_dataset_expressions' retrieved from /home/airflow/.local/lib/python3.12/site-packages/airflow/example_dags/example_datasets.py
[2024-05-12T07:31:46.991+0000] {logging_mixin.py:188} INFO - [2024-05-12T07:31:46.991+0000] {dag.py:3096} INFO - Sync 10 DAGs
[2024-05-12T07:31:47.044+0000] {logging_mixin.py:188} INFO - [2024-05-12T07:31:47.044+0000] {dag.py:3954} INFO - Setting next_dagrun for conditional_dataset_and_time_based_timetable to 2024-05-08 01:00:00+00:00, run_after=2024-05-08 01:00:00+00:00
[2024-05-12T07:31:47.052+0000] {logging_mixin.py:188} INFO - [2024-05-12T07:31:47.052+0000] {dag.py:3954} INFO - Setting next_dagrun for consume_1_and_2_with_dataset_expressions to None, run_after=None
[2024-05-12T07:31:47.055+0000] {logging_mixin.py:188} INFO - [2024-05-12T07:31:47.055+0000] {dag.py:3954} INFO - Setting next_dagrun for consume_1_or_2_with_dataset_expressions to None, run_after=None
[2024-05-12T07:31:47.057+0000] {logging_mixin.py:188} INFO - [2024-05-12T07:31:47.057+0000] {dag.py:3954} INFO - Setting next_dagrun for consume_1_or_both_2_and_3_with_dataset_expressions to None, run_after=None
[2024-05-12T07:31:47.059+0000] {logging_mixin.py:188} INFO - [2024-05-12T07:31:47.059+0000] {dag.py:3954} INFO - Setting next_dagrun for dataset_consumes_1 to None, run_after=None
[2024-05-12T07:31:47.061+0000] {logging_mixin.py:188} INFO - [2024-05-12T07:31:47.061+0000] {dag.py:3954} INFO - Setting next_dagrun for dataset_consumes_1_and_2 to None, run_after=None
[2024-05-12T07:31:47.063+0000] {logging_mixin.py:188} INFO - [2024-05-12T07:31:47.063+0000] {dag.py:3954} INFO - Setting next_dagrun for dataset_consumes_1_never_scheduled to None, run_after=None
[2024-05-12T07:31:47.065+0000] {logging_mixin.py:188} INFO - [2024-05-12T07:31:47.065+0000] {dag.py:3954} INFO - Setting next_dagrun for dataset_consumes_unknown_never_scheduled to None, run_after=None
[2024-05-12T07:31:47.070+0000] {logging_mixin.py:188} INFO - [2024-05-12T07:31:47.070+0000] {dag.py:3954} INFO - Setting next_dagrun for dataset_produces_1 to 2024-05-11 00:00:00+00:00, run_after=2024-05-12 00:00:00+00:00
[2024-05-12T07:31:47.072+0000] {logging_mixin.py:188} INFO - [2024-05-12T07:31:47.072+0000] {dag.py:3954} INFO - Setting next_dagrun for dataset_produces_2 to None, run_after=None
[2024-05-12T07:31:47.123+0000] {processor.py:183} INFO - Processing /home/airflow/.local/lib/python3.12/site-packages/airflow/example_dags/example_datasets.py took 0.198 seconds
[2024-05-12T07:32:18.504+0000] {processor.py:161} INFO - Started process (PID=358) to work on /home/airflow/.local/lib/python3.12/site-packages/airflow/example_dags/example_datasets.py
[2024-05-12T07:32:18.506+0000] {processor.py:830} INFO - Processing file /home/airflow/.local/lib/python3.12/site-packages/airflow/example_dags/example_datasets.py for tasks to queue
[2024-05-12T07:32:18.510+0000] {logging_mixin.py:188} INFO - [2024-05-12T07:32:18.509+0000] {dagbag.py:540} INFO - Filling up the DagBag from /home/airflow/.local/lib/python3.12/site-packages/airflow/example_dags/example_datasets.py
[2024-05-12T07:32:18.542+0000] {processor.py:840} INFO - DAG(s) 'consume_1_or_2_with_dataset_expressions', 'consume_1_or_both_2_and_3_with_dataset_expressions', 'conditional_dataset_and_time_based_timetable', 'dataset_consumes_unknown_never_scheduled', 'dataset_consumes_1_never_scheduled', 'consume_1_and_2_with_dataset_expressions', 'dataset_consumes_1_and_2', 'dataset_produces_2', 'dataset_consumes_1', 'dataset_produces_1' retrieved from /home/airflow/.local/lib/python3.12/site-packages/airflow/example_dags/example_datasets.py
[2024-05-12T07:32:18.890+0000] {logging_mixin.py:188} INFO - [2024-05-12T07:32:18.889+0000] {dag.py:3096} INFO - Sync 10 DAGs
[2024-05-12T07:32:18.954+0000] {logging_mixin.py:188} INFO - [2024-05-12T07:32:18.953+0000] {dag.py:3954} INFO - Setting next_dagrun for conditional_dataset_and_time_based_timetable to 2024-05-08 01:00:00+00:00, run_after=2024-05-08 01:00:00+00:00
[2024-05-12T07:32:18.964+0000] {logging_mixin.py:188} INFO - [2024-05-12T07:32:18.964+0000] {dag.py:3954} INFO - Setting next_dagrun for consume_1_and_2_with_dataset_expressions to None, run_after=None
[2024-05-12T07:32:18.968+0000] {logging_mixin.py:188} INFO - [2024-05-12T07:32:18.967+0000] {dag.py:3954} INFO - Setting next_dagrun for consume_1_or_2_with_dataset_expressions to None, run_after=None
[2024-05-12T07:32:18.971+0000] {logging_mixin.py:188} INFO - [2024-05-12T07:32:18.970+0000] {dag.py:3954} INFO - Setting next_dagrun for consume_1_or_both_2_and_3_with_dataset_expressions to None, run_after=None
[2024-05-12T07:32:18.974+0000] {logging_mixin.py:188} INFO - [2024-05-12T07:32:18.973+0000] {dag.py:3954} INFO - Setting next_dagrun for dataset_consumes_1 to None, run_after=None
[2024-05-12T07:32:18.978+0000] {logging_mixin.py:188} INFO - [2024-05-12T07:32:18.978+0000] {dag.py:3954} INFO - Setting next_dagrun for dataset_consumes_1_and_2 to None, run_after=None
[2024-05-12T07:32:18.981+0000] {logging_mixin.py:188} INFO - [2024-05-12T07:32:18.981+0000] {dag.py:3954} INFO - Setting next_dagrun for dataset_consumes_1_never_scheduled to None, run_after=None
[2024-05-12T07:32:18.986+0000] {logging_mixin.py:188} INFO - [2024-05-12T07:32:18.985+0000] {dag.py:3954} INFO - Setting next_dagrun for dataset_consumes_unknown_never_scheduled to None, run_after=None
[2024-05-12T07:32:18.993+0000] {logging_mixin.py:188} INFO - [2024-05-12T07:32:18.992+0000] {dag.py:3954} INFO - Setting next_dagrun for dataset_produces_1 to 2024-05-11 00:00:00+00:00, run_after=2024-05-12 00:00:00+00:00
[2024-05-12T07:32:18.996+0000] {logging_mixin.py:188} INFO - [2024-05-12T07:32:18.995+0000] {dag.py:3954} INFO - Setting next_dagrun for dataset_produces_2 to None, run_after=None
[2024-05-12T07:32:19.226+0000] {processor.py:183} INFO - Processing /home/airflow/.local/lib/python3.12/site-packages/airflow/example_dags/example_datasets.py took 0.736 seconds
[2024-05-12T07:32:49.594+0000] {processor.py:161} INFO - Started process (PID=431) to work on /home/airflow/.local/lib/python3.12/site-packages/airflow/example_dags/example_datasets.py
[2024-05-12T07:32:49.594+0000] {processor.py:830} INFO - Processing file /home/airflow/.local/lib/python3.12/site-packages/airflow/example_dags/example_datasets.py for tasks to queue
[2024-05-12T07:32:49.597+0000] {logging_mixin.py:188} INFO - [2024-05-12T07:32:49.596+0000] {dagbag.py:540} INFO - Filling up the DagBag from /home/airflow/.local/lib/python3.12/site-packages/airflow/example_dags/example_datasets.py
[2024-05-12T07:32:49.613+0000] {processor.py:840} INFO - DAG(s) 'consume_1_or_both_2_and_3_with_dataset_expressions', 'dataset_consumes_unknown_never_scheduled', 'dataset_consumes_1', 'dataset_produces_1', 'dataset_consumes_1_and_2', 'dataset_produces_2', 'consume_1_or_2_with_dataset_expressions', 'consume_1_and_2_with_dataset_expressions', 'conditional_dataset_and_time_based_timetable', 'dataset_consumes_1_never_scheduled' retrieved from /home/airflow/.local/lib/python3.12/site-packages/airflow/example_dags/example_datasets.py
[2024-05-12T07:32:49.667+0000] {logging_mixin.py:188} INFO - [2024-05-12T07:32:49.667+0000] {dag.py:3096} INFO - Sync 10 DAGs
[2024-05-12T07:32:49.692+0000] {logging_mixin.py:188} INFO - [2024-05-12T07:32:49.692+0000] {dag.py:3954} INFO - Setting next_dagrun for conditional_dataset_and_time_based_timetable to 2024-05-08 01:00:00+00:00, run_after=2024-05-08 01:00:00+00:00
[2024-05-12T07:32:49.697+0000] {logging_mixin.py:188} INFO - [2024-05-12T07:32:49.697+0000] {dag.py:3954} INFO - Setting next_dagrun for consume_1_and_2_with_dataset_expressions to None, run_after=None
[2024-05-12T07:32:49.699+0000] {logging_mixin.py:188} INFO - [2024-05-12T07:32:49.699+0000] {dag.py:3954} INFO - Setting next_dagrun for consume_1_or_2_with_dataset_expressions to None, run_after=None
[2024-05-12T07:32:49.701+0000] {logging_mixin.py:188} INFO - [2024-05-12T07:32:49.700+0000] {dag.py:3954} INFO - Setting next_dagrun for consume_1_or_both_2_and_3_with_dataset_expressions to None, run_after=None
[2024-05-12T07:32:49.702+0000] {logging_mixin.py:188} INFO - [2024-05-12T07:32:49.702+0000] {dag.py:3954} INFO - Setting next_dagrun for dataset_consumes_1 to None, run_after=None
[2024-05-12T07:32:49.703+0000] {logging_mixin.py:188} INFO - [2024-05-12T07:32:49.703+0000] {dag.py:3954} INFO - Setting next_dagrun for dataset_consumes_1_and_2 to None, run_after=None
[2024-05-12T07:32:49.704+0000] {logging_mixin.py:188} INFO - [2024-05-12T07:32:49.704+0000] {dag.py:3954} INFO - Setting next_dagrun for dataset_consumes_1_never_scheduled to None, run_after=None
[2024-05-12T07:32:49.706+0000] {logging_mixin.py:188} INFO - [2024-05-12T07:32:49.706+0000] {dag.py:3954} INFO - Setting next_dagrun for dataset_consumes_unknown_never_scheduled to None, run_after=None
[2024-05-12T07:32:49.708+0000] {logging_mixin.py:188} INFO - [2024-05-12T07:32:49.708+0000] {dag.py:3954} INFO - Setting next_dagrun for dataset_produces_1 to 2024-05-11 00:00:00+00:00, run_after=2024-05-12 00:00:00+00:00
[2024-05-12T07:32:49.710+0000] {logging_mixin.py:188} INFO - [2024-05-12T07:32:49.710+0000] {dag.py:3954} INFO - Setting next_dagrun for dataset_produces_2 to None, run_after=None
[2024-05-12T07:32:49.754+0000] {processor.py:183} INFO - Processing /home/airflow/.local/lib/python3.12/site-packages/airflow/example_dags/example_datasets.py took 0.167 seconds
[2024-05-12T07:33:25.095+0000] {processor.py:161} INFO - Started process (PID=498) to work on /home/airflow/.local/lib/python3.12/site-packages/airflow/example_dags/example_datasets.py
[2024-05-12T07:33:25.097+0000] {processor.py:830} INFO - Processing file /home/airflow/.local/lib/python3.12/site-packages/airflow/example_dags/example_datasets.py for tasks to queue
[2024-05-12T07:33:25.101+0000] {logging_mixin.py:188} INFO - [2024-05-12T07:33:25.100+0000] {dagbag.py:540} INFO - Filling up the DagBag from /home/airflow/.local/lib/python3.12/site-packages/airflow/example_dags/example_datasets.py
[2024-05-12T07:33:25.149+0000] {processor.py:840} INFO - DAG(s) 'dataset_produces_2', 'consume_1_or_2_with_dataset_expressions', 'dataset_consumes_1_and_2', 'conditional_dataset_and_time_based_timetable', 'consume_1_or_both_2_and_3_with_dataset_expressions', 'dataset_consumes_1', 'consume_1_and_2_with_dataset_expressions', 'dataset_consumes_1_never_scheduled', 'dataset_produces_1', 'dataset_consumes_unknown_never_scheduled' retrieved from /home/airflow/.local/lib/python3.12/site-packages/airflow/example_dags/example_datasets.py
[2024-05-12T07:33:25.339+0000] {logging_mixin.py:188} INFO - [2024-05-12T07:33:25.338+0000] {dag.py:3096} INFO - Sync 10 DAGs
[2024-05-12T07:33:25.439+0000] {logging_mixin.py:188} INFO - [2024-05-12T07:33:25.438+0000] {dag.py:3954} INFO - Setting next_dagrun for conditional_dataset_and_time_based_timetable to 2024-05-08 01:00:00+00:00, run_after=2024-05-08 01:00:00+00:00
[2024-05-12T07:33:25.459+0000] {logging_mixin.py:188} INFO - [2024-05-12T07:33:25.458+0000] {dag.py:3954} INFO - Setting next_dagrun for consume_1_and_2_with_dataset_expressions to None, run_after=None
[2024-05-12T07:33:25.471+0000] {logging_mixin.py:188} INFO - [2024-05-12T07:33:25.468+0000] {dag.py:3954} INFO - Setting next_dagrun for consume_1_or_2_with_dataset_expressions to None, run_after=None
[2024-05-12T07:33:25.476+0000] {logging_mixin.py:188} INFO - [2024-05-12T07:33:25.475+0000] {dag.py:3954} INFO - Setting next_dagrun for consume_1_or_both_2_and_3_with_dataset_expressions to None, run_after=None
[2024-05-12T07:33:25.480+0000] {logging_mixin.py:188} INFO - [2024-05-12T07:33:25.479+0000] {dag.py:3954} INFO - Setting next_dagrun for dataset_consumes_1 to None, run_after=None
[2024-05-12T07:33:25.485+0000] {logging_mixin.py:188} INFO - [2024-05-12T07:33:25.484+0000] {dag.py:3954} INFO - Setting next_dagrun for dataset_consumes_1_and_2 to None, run_after=None
[2024-05-12T07:33:25.495+0000] {logging_mixin.py:188} INFO - [2024-05-12T07:33:25.494+0000] {dag.py:3954} INFO - Setting next_dagrun for dataset_consumes_1_never_scheduled to None, run_after=None
[2024-05-12T07:33:25.499+0000] {logging_mixin.py:188} INFO - [2024-05-12T07:33:25.498+0000] {dag.py:3954} INFO - Setting next_dagrun for dataset_consumes_unknown_never_scheduled to None, run_after=None
[2024-05-12T07:33:25.512+0000] {logging_mixin.py:188} INFO - [2024-05-12T07:33:25.511+0000] {dag.py:3954} INFO - Setting next_dagrun for dataset_produces_1 to 2024-05-11 00:00:00+00:00, run_after=2024-05-12 00:00:00+00:00
[2024-05-12T07:33:25.516+0000] {logging_mixin.py:188} INFO - [2024-05-12T07:33:25.516+0000] {dag.py:3954} INFO - Setting next_dagrun for dataset_produces_2 to None, run_after=None
[2024-05-12T07:33:25.664+0000] {processor.py:183} INFO - Processing /home/airflow/.local/lib/python3.12/site-packages/airflow/example_dags/example_datasets.py took 0.586 seconds
[2024-05-12T07:33:56.361+0000] {processor.py:161} INFO - Started process (PID=565) to work on /home/airflow/.local/lib/python3.12/site-packages/airflow/example_dags/example_datasets.py
[2024-05-12T07:33:56.363+0000] {processor.py:830} INFO - Processing file /home/airflow/.local/lib/python3.12/site-packages/airflow/example_dags/example_datasets.py for tasks to queue
[2024-05-12T07:33:56.369+0000] {logging_mixin.py:188} INFO - [2024-05-12T07:33:56.368+0000] {dagbag.py:540} INFO - Filling up the DagBag from /home/airflow/.local/lib/python3.12/site-packages/airflow/example_dags/example_datasets.py
[2024-05-12T07:33:56.414+0000] {processor.py:840} INFO - DAG(s) 'dataset_consumes_unknown_never_scheduled', 'dataset_consumes_1_and_2', 'consume_1_or_both_2_and_3_with_dataset_expressions', 'conditional_dataset_and_time_based_timetable', 'dataset_produces_1', 'consume_1_or_2_with_dataset_expressions', 'dataset_consumes_1', 'dataset_consumes_1_never_scheduled', 'consume_1_and_2_with_dataset_expressions', 'dataset_produces_2' retrieved from /home/airflow/.local/lib/python3.12/site-packages/airflow/example_dags/example_datasets.py
[2024-05-12T07:33:56.560+0000] {logging_mixin.py:188} INFO - [2024-05-12T07:33:56.559+0000] {dag.py:3096} INFO - Sync 10 DAGs
[2024-05-12T07:33:56.660+0000] {logging_mixin.py:188} INFO - [2024-05-12T07:33:56.659+0000] {dag.py:3954} INFO - Setting next_dagrun for conditional_dataset_and_time_based_timetable to 2024-05-08 01:00:00+00:00, run_after=2024-05-08 01:00:00+00:00
[2024-05-12T07:33:56.673+0000] {logging_mixin.py:188} INFO - [2024-05-12T07:33:56.671+0000] {dag.py:3954} INFO - Setting next_dagrun for consume_1_and_2_with_dataset_expressions to None, run_after=None
[2024-05-12T07:33:56.677+0000] {logging_mixin.py:188} INFO - [2024-05-12T07:33:56.677+0000] {dag.py:3954} INFO - Setting next_dagrun for consume_1_or_2_with_dataset_expressions to None, run_after=None
[2024-05-12T07:33:56.681+0000] {logging_mixin.py:188} INFO - [2024-05-12T07:33:56.681+0000] {dag.py:3954} INFO - Setting next_dagrun for consume_1_or_both_2_and_3_with_dataset_expressions to None, run_after=None
[2024-05-12T07:33:56.685+0000] {logging_mixin.py:188} INFO - [2024-05-12T07:33:56.684+0000] {dag.py:3954} INFO - Setting next_dagrun for dataset_consumes_1 to None, run_after=None
[2024-05-12T07:33:56.692+0000] {logging_mixin.py:188} INFO - [2024-05-12T07:33:56.691+0000] {dag.py:3954} INFO - Setting next_dagrun for dataset_consumes_1_and_2 to None, run_after=None
[2024-05-12T07:33:56.696+0000] {logging_mixin.py:188} INFO - [2024-05-12T07:33:56.695+0000] {dag.py:3954} INFO - Setting next_dagrun for dataset_consumes_1_never_scheduled to None, run_after=None
[2024-05-12T07:33:56.699+0000] {logging_mixin.py:188} INFO - [2024-05-12T07:33:56.699+0000] {dag.py:3954} INFO - Setting next_dagrun for dataset_consumes_unknown_never_scheduled to None, run_after=None
[2024-05-12T07:33:56.711+0000] {logging_mixin.py:188} INFO - [2024-05-12T07:33:56.711+0000] {dag.py:3954} INFO - Setting next_dagrun for dataset_produces_1 to 2024-05-11 00:00:00+00:00, run_after=2024-05-12 00:00:00+00:00
[2024-05-12T07:33:56.715+0000] {logging_mixin.py:188} INFO - [2024-05-12T07:33:56.714+0000] {dag.py:3954} INFO - Setting next_dagrun for dataset_produces_2 to None, run_after=None
[2024-05-12T07:33:56.812+0000] {processor.py:183} INFO - Processing /home/airflow/.local/lib/python3.12/site-packages/airflow/example_dags/example_datasets.py took 0.464 seconds
[2024-05-12T07:34:28.141+0000] {processor.py:161} INFO - Started process (PID=632) to work on /home/airflow/.local/lib/python3.12/site-packages/airflow/example_dags/example_datasets.py
[2024-05-12T07:34:28.142+0000] {processor.py:830} INFO - Processing file /home/airflow/.local/lib/python3.12/site-packages/airflow/example_dags/example_datasets.py for tasks to queue
[2024-05-12T07:34:28.145+0000] {logging_mixin.py:188} INFO - [2024-05-12T07:34:28.145+0000] {dagbag.py:540} INFO - Filling up the DagBag from /home/airflow/.local/lib/python3.12/site-packages/airflow/example_dags/example_datasets.py
[2024-05-12T07:34:28.174+0000] {processor.py:840} INFO - DAG(s) 'dataset_produces_2', 'dataset_consumes_1', 'consume_1_or_2_with_dataset_expressions', 'dataset_produces_1', 'consume_1_and_2_with_dataset_expressions', 'consume_1_or_both_2_and_3_with_dataset_expressions', 'dataset_consumes_1_never_scheduled', 'conditional_dataset_and_time_based_timetable', 'dataset_consumes_1_and_2', 'dataset_consumes_unknown_never_scheduled' retrieved from /home/airflow/.local/lib/python3.12/site-packages/airflow/example_dags/example_datasets.py
[2024-05-12T07:34:28.297+0000] {logging_mixin.py:188} INFO - [2024-05-12T07:34:28.295+0000] {dag.py:3096} INFO - Sync 10 DAGs
[2024-05-12T07:34:28.402+0000] {logging_mixin.py:188} INFO - [2024-05-12T07:34:28.401+0000] {dag.py:3954} INFO - Setting next_dagrun for conditional_dataset_and_time_based_timetable to 2024-05-08 01:00:00+00:00, run_after=2024-05-08 01:00:00+00:00
[2024-05-12T07:34:28.414+0000] {logging_mixin.py:188} INFO - [2024-05-12T07:34:28.414+0000] {dag.py:3954} INFO - Setting next_dagrun for consume_1_and_2_with_dataset_expressions to None, run_after=None
[2024-05-12T07:34:28.418+0000] {logging_mixin.py:188} INFO - [2024-05-12T07:34:28.418+0000] {dag.py:3954} INFO - Setting next_dagrun for consume_1_or_2_with_dataset_expressions to None, run_after=None
[2024-05-12T07:34:28.421+0000] {logging_mixin.py:188} INFO - [2024-05-12T07:34:28.421+0000] {dag.py:3954} INFO - Setting next_dagrun for consume_1_or_both_2_and_3_with_dataset_expressions to None, run_after=None
[2024-05-12T07:34:28.424+0000] {logging_mixin.py:188} INFO - [2024-05-12T07:34:28.424+0000] {dag.py:3954} INFO - Setting next_dagrun for dataset_consumes_1 to None, run_after=None
[2024-05-12T07:34:28.428+0000] {logging_mixin.py:188} INFO - [2024-05-12T07:34:28.427+0000] {dag.py:3954} INFO - Setting next_dagrun for dataset_consumes_1_and_2 to None, run_after=None
[2024-05-12T07:34:28.431+0000] {logging_mixin.py:188} INFO - [2024-05-12T07:34:28.430+0000] {dag.py:3954} INFO - Setting next_dagrun for dataset_consumes_1_never_scheduled to None, run_after=None
[2024-05-12T07:34:28.435+0000] {logging_mixin.py:188} INFO - [2024-05-12T07:34:28.434+0000] {dag.py:3954} INFO - Setting next_dagrun for dataset_consumes_unknown_never_scheduled to None, run_after=None
[2024-05-12T07:34:28.442+0000] {logging_mixin.py:188} INFO - [2024-05-12T07:34:28.441+0000] {dag.py:3954} INFO - Setting next_dagrun for dataset_produces_1 to 2024-05-11 00:00:00+00:00, run_after=2024-05-12 00:00:00+00:00
[2024-05-12T07:34:28.445+0000] {logging_mixin.py:188} INFO - [2024-05-12T07:34:28.445+0000] {dag.py:3954} INFO - Setting next_dagrun for dataset_produces_2 to None, run_after=None
[2024-05-12T07:34:28.549+0000] {processor.py:183} INFO - Processing /home/airflow/.local/lib/python3.12/site-packages/airflow/example_dags/example_datasets.py took 0.420 seconds
[2024-05-12T07:34:59.191+0000] {processor.py:161} INFO - Started process (PID=699) to work on /home/airflow/.local/lib/python3.12/site-packages/airflow/example_dags/example_datasets.py
[2024-05-12T07:34:59.192+0000] {processor.py:830} INFO - Processing file /home/airflow/.local/lib/python3.12/site-packages/airflow/example_dags/example_datasets.py for tasks to queue
[2024-05-12T07:34:59.195+0000] {logging_mixin.py:188} INFO - [2024-05-12T07:34:59.194+0000] {dagbag.py:540} INFO - Filling up the DagBag from /home/airflow/.local/lib/python3.12/site-packages/airflow/example_dags/example_datasets.py
[2024-05-12T07:34:59.217+0000] {processor.py:840} INFO - DAG(s) 'dataset_consumes_1', 'dataset_consumes_1_never_scheduled', 'dataset_produces_1', 'dataset_produces_2', 'conditional_dataset_and_time_based_timetable', 'dataset_consumes_unknown_never_scheduled', 'consume_1_and_2_with_dataset_expressions', 'consume_1_or_2_with_dataset_expressions', 'dataset_consumes_1_and_2', 'consume_1_or_both_2_and_3_with_dataset_expressions' retrieved from /home/airflow/.local/lib/python3.12/site-packages/airflow/example_dags/example_datasets.py
[2024-05-12T07:34:59.301+0000] {logging_mixin.py:188} INFO - [2024-05-12T07:34:59.301+0000] {dag.py:3096} INFO - Sync 10 DAGs
[2024-05-12T07:34:59.346+0000] {logging_mixin.py:188} INFO - [2024-05-12T07:34:59.346+0000] {dag.py:3954} INFO - Setting next_dagrun for conditional_dataset_and_time_based_timetable to 2024-05-08 01:00:00+00:00, run_after=2024-05-08 01:00:00+00:00
[2024-05-12T07:34:59.355+0000] {logging_mixin.py:188} INFO - [2024-05-12T07:34:59.354+0000] {dag.py:3954} INFO - Setting next_dagrun for consume_1_and_2_with_dataset_expressions to None, run_after=None
[2024-05-12T07:34:59.357+0000] {logging_mixin.py:188} INFO - [2024-05-12T07:34:59.357+0000] {dag.py:3954} INFO - Setting next_dagrun for consume_1_or_2_with_dataset_expressions to None, run_after=None
[2024-05-12T07:34:59.360+0000] {logging_mixin.py:188} INFO - [2024-05-12T07:34:59.359+0000] {dag.py:3954} INFO - Setting next_dagrun for consume_1_or_both_2_and_3_with_dataset_expressions to None, run_after=None
[2024-05-12T07:34:59.362+0000] {logging_mixin.py:188} INFO - [2024-05-12T07:34:59.362+0000] {dag.py:3954} INFO - Setting next_dagrun for dataset_consumes_1 to None, run_after=None
[2024-05-12T07:34:59.365+0000] {logging_mixin.py:188} INFO - [2024-05-12T07:34:59.365+0000] {dag.py:3954} INFO - Setting next_dagrun for dataset_consumes_1_and_2 to None, run_after=None
[2024-05-12T07:34:59.368+0000] {logging_mixin.py:188} INFO - [2024-05-12T07:34:59.367+0000] {dag.py:3954} INFO - Setting next_dagrun for dataset_consumes_1_never_scheduled to None, run_after=None
[2024-05-12T07:34:59.373+0000] {logging_mixin.py:188} INFO - [2024-05-12T07:34:59.372+0000] {dag.py:3954} INFO - Setting next_dagrun for dataset_consumes_unknown_never_scheduled to None, run_after=None
[2024-05-12T07:34:59.377+0000] {logging_mixin.py:188} INFO - [2024-05-12T07:34:59.377+0000] {dag.py:3954} INFO - Setting next_dagrun for dataset_produces_1 to 2024-05-11 00:00:00+00:00, run_after=2024-05-12 00:00:00+00:00
[2024-05-12T07:34:59.380+0000] {logging_mixin.py:188} INFO - [2024-05-12T07:34:59.379+0000] {dag.py:3954} INFO - Setting next_dagrun for dataset_produces_2 to None, run_after=None
[2024-05-12T07:34:59.452+0000] {processor.py:183} INFO - Processing /home/airflow/.local/lib/python3.12/site-packages/airflow/example_dags/example_datasets.py took 0.273 seconds
[2024-05-12T07:35:29.993+0000] {processor.py:161} INFO - Started process (PID=766) to work on /home/airflow/.local/lib/python3.12/site-packages/airflow/example_dags/example_datasets.py
[2024-05-12T07:35:29.995+0000] {processor.py:830} INFO - Processing file /home/airflow/.local/lib/python3.12/site-packages/airflow/example_dags/example_datasets.py for tasks to queue
[2024-05-12T07:35:30.001+0000] {logging_mixin.py:188} INFO - [2024-05-12T07:35:30.001+0000] {dagbag.py:540} INFO - Filling up the DagBag from /home/airflow/.local/lib/python3.12/site-packages/airflow/example_dags/example_datasets.py
[2024-05-12T07:35:30.026+0000] {processor.py:840} INFO - DAG(s) 'dataset_consumes_1_and_2', 'consume_1_and_2_with_dataset_expressions', 'dataset_consumes_1_never_scheduled', 'conditional_dataset_and_time_based_timetable', 'consume_1_or_2_with_dataset_expressions', 'dataset_consumes_1', 'dataset_consumes_unknown_never_scheduled', 'consume_1_or_both_2_and_3_with_dataset_expressions', 'dataset_produces_1', 'dataset_produces_2' retrieved from /home/airflow/.local/lib/python3.12/site-packages/airflow/example_dags/example_datasets.py
[2024-05-12T07:35:30.158+0000] {logging_mixin.py:188} INFO - [2024-05-12T07:35:30.158+0000] {dag.py:3096} INFO - Sync 10 DAGs
[2024-05-12T07:35:30.217+0000] {logging_mixin.py:188} INFO - [2024-05-12T07:35:30.217+0000] {dag.py:3954} INFO - Setting next_dagrun for conditional_dataset_and_time_based_timetable to 2024-05-08 01:00:00+00:00, run_after=2024-05-08 01:00:00+00:00
[2024-05-12T07:35:30.227+0000] {logging_mixin.py:188} INFO - [2024-05-12T07:35:30.226+0000] {dag.py:3954} INFO - Setting next_dagrun for consume_1_and_2_with_dataset_expressions to None, run_after=None
[2024-05-12T07:35:30.230+0000] {logging_mixin.py:188} INFO - [2024-05-12T07:35:30.230+0000] {dag.py:3954} INFO - Setting next_dagrun for consume_1_or_2_with_dataset_expressions to None, run_after=None
[2024-05-12T07:35:30.233+0000] {logging_mixin.py:188} INFO - [2024-05-12T07:35:30.232+0000] {dag.py:3954} INFO - Setting next_dagrun for consume_1_or_both_2_and_3_with_dataset_expressions to None, run_after=None
[2024-05-12T07:35:30.235+0000] {logging_mixin.py:188} INFO - [2024-05-12T07:35:30.235+0000] {dag.py:3954} INFO - Setting next_dagrun for dataset_consumes_1 to None, run_after=None
[2024-05-12T07:35:30.238+0000] {logging_mixin.py:188} INFO - [2024-05-12T07:35:30.238+0000] {dag.py:3954} INFO - Setting next_dagrun for dataset_consumes_1_and_2 to None, run_after=None
[2024-05-12T07:35:30.242+0000] {logging_mixin.py:188} INFO - [2024-05-12T07:35:30.242+0000] {dag.py:3954} INFO - Setting next_dagrun for dataset_consumes_1_never_scheduled to None, run_after=None
[2024-05-12T07:35:30.246+0000] {logging_mixin.py:188} INFO - [2024-05-12T07:35:30.246+0000] {dag.py:3954} INFO - Setting next_dagrun for dataset_consumes_unknown_never_scheduled to None, run_after=None
[2024-05-12T07:35:30.252+0000] {logging_mixin.py:188} INFO - [2024-05-12T07:35:30.251+0000] {dag.py:3954} INFO - Setting next_dagrun for dataset_produces_1 to 2024-05-11 00:00:00+00:00, run_after=2024-05-12 00:00:00+00:00
[2024-05-12T07:35:30.255+0000] {logging_mixin.py:188} INFO - [2024-05-12T07:35:30.255+0000] {dag.py:3954} INFO - Setting next_dagrun for dataset_produces_2 to None, run_after=None
[2024-05-12T07:35:30.378+0000] {processor.py:183} INFO - Processing /home/airflow/.local/lib/python3.12/site-packages/airflow/example_dags/example_datasets.py took 0.394 seconds
[2024-05-12T07:36:00.999+0000] {processor.py:161} INFO - Started process (PID=831) to work on /home/airflow/.local/lib/python3.12/site-packages/airflow/example_dags/example_datasets.py
[2024-05-12T07:36:01.000+0000] {processor.py:830} INFO - Processing file /home/airflow/.local/lib/python3.12/site-packages/airflow/example_dags/example_datasets.py for tasks to queue
[2024-05-12T07:36:01.002+0000] {logging_mixin.py:188} INFO - [2024-05-12T07:36:01.002+0000] {dagbag.py:540} INFO - Filling up the DagBag from /home/airflow/.local/lib/python3.12/site-packages/airflow/example_dags/example_datasets.py
[2024-05-12T07:36:01.019+0000] {processor.py:840} INFO - DAG(s) 'dataset_consumes_1', 'consume_1_or_2_with_dataset_expressions', 'dataset_consumes_1_and_2', 'consume_1_or_both_2_and_3_with_dataset_expressions', 'dataset_consumes_1_never_scheduled', 'dataset_produces_1', 'dataset_consumes_unknown_never_scheduled', 'conditional_dataset_and_time_based_timetable', 'consume_1_and_2_with_dataset_expressions', 'dataset_produces_2' retrieved from /home/airflow/.local/lib/python3.12/site-packages/airflow/example_dags/example_datasets.py
[2024-05-12T07:36:01.085+0000] {logging_mixin.py:188} INFO - [2024-05-12T07:36:01.085+0000] {dag.py:3096} INFO - Sync 10 DAGs
[2024-05-12T07:36:01.121+0000] {logging_mixin.py:188} INFO - [2024-05-12T07:36:01.121+0000] {dag.py:3954} INFO - Setting next_dagrun for conditional_dataset_and_time_based_timetable to 2024-05-08 01:00:00+00:00, run_after=2024-05-08 01:00:00+00:00
[2024-05-12T07:36:01.125+0000] {logging_mixin.py:188} INFO - [2024-05-12T07:36:01.125+0000] {dag.py:3954} INFO - Setting next_dagrun for consume_1_and_2_with_dataset_expressions to None, run_after=None
[2024-05-12T07:36:01.128+0000] {logging_mixin.py:188} INFO - [2024-05-12T07:36:01.127+0000] {dag.py:3954} INFO - Setting next_dagrun for consume_1_or_2_with_dataset_expressions to None, run_after=None
[2024-05-12T07:36:01.130+0000] {logging_mixin.py:188} INFO - [2024-05-12T07:36:01.130+0000] {dag.py:3954} INFO - Setting next_dagrun for consume_1_or_both_2_and_3_with_dataset_expressions to None, run_after=None
[2024-05-12T07:36:01.131+0000] {logging_mixin.py:188} INFO - [2024-05-12T07:36:01.131+0000] {dag.py:3954} INFO - Setting next_dagrun for dataset_consumes_1 to None, run_after=None
[2024-05-12T07:36:01.133+0000] {logging_mixin.py:188} INFO - [2024-05-12T07:36:01.133+0000] {dag.py:3954} INFO - Setting next_dagrun for dataset_consumes_1_and_2 to None, run_after=None
[2024-05-12T07:36:01.135+0000] {logging_mixin.py:188} INFO - [2024-05-12T07:36:01.135+0000] {dag.py:3954} INFO - Setting next_dagrun for dataset_consumes_1_never_scheduled to None, run_after=None
[2024-05-12T07:36:01.137+0000] {logging_mixin.py:188} INFO - [2024-05-12T07:36:01.137+0000] {dag.py:3954} INFO - Setting next_dagrun for dataset_consumes_unknown_never_scheduled to None, run_after=None
[2024-05-12T07:36:01.140+0000] {logging_mixin.py:188} INFO - [2024-05-12T07:36:01.140+0000] {dag.py:3954} INFO - Setting next_dagrun for dataset_produces_1 to 2024-05-11 00:00:00+00:00, run_after=2024-05-12 00:00:00+00:00
[2024-05-12T07:36:01.142+0000] {logging_mixin.py:188} INFO - [2024-05-12T07:36:01.142+0000] {dag.py:3954} INFO - Setting next_dagrun for dataset_produces_2 to None, run_after=None
[2024-05-12T07:36:01.177+0000] {processor.py:183} INFO - Processing /home/airflow/.local/lib/python3.12/site-packages/airflow/example_dags/example_datasets.py took 0.183 seconds
[2024-05-12T07:36:31.538+0000] {processor.py:161} INFO - Started process (PID=898) to work on /home/airflow/.local/lib/python3.12/site-packages/airflow/example_dags/example_datasets.py
[2024-05-12T07:36:31.539+0000] {processor.py:830} INFO - Processing file /home/airflow/.local/lib/python3.12/site-packages/airflow/example_dags/example_datasets.py for tasks to queue
[2024-05-12T07:36:31.542+0000] {logging_mixin.py:188} INFO - [2024-05-12T07:36:31.541+0000] {dagbag.py:540} INFO - Filling up the DagBag from /home/airflow/.local/lib/python3.12/site-packages/airflow/example_dags/example_datasets.py
[2024-05-12T07:36:31.568+0000] {processor.py:840} INFO - DAG(s) 'conditional_dataset_and_time_based_timetable', 'dataset_consumes_1_never_scheduled', 'dataset_consumes_1_and_2', 'consume_1_or_2_with_dataset_expressions', 'dataset_consumes_unknown_never_scheduled', 'dataset_produces_1', 'consume_1_or_both_2_and_3_with_dataset_expressions', 'consume_1_and_2_with_dataset_expressions', 'dataset_consumes_1', 'dataset_produces_2' retrieved from /home/airflow/.local/lib/python3.12/site-packages/airflow/example_dags/example_datasets.py
[2024-05-12T07:36:31.635+0000] {logging_mixin.py:188} INFO - [2024-05-12T07:36:31.634+0000] {dag.py:3096} INFO - Sync 10 DAGs
[2024-05-12T07:36:31.674+0000] {logging_mixin.py:188} INFO - [2024-05-12T07:36:31.674+0000] {dag.py:3954} INFO - Setting next_dagrun for conditional_dataset_and_time_based_timetable to 2024-05-08 01:00:00+00:00, run_after=2024-05-08 01:00:00+00:00
[2024-05-12T07:36:31.679+0000] {logging_mixin.py:188} INFO - [2024-05-12T07:36:31.679+0000] {dag.py:3954} INFO - Setting next_dagrun for consume_1_and_2_with_dataset_expressions to None, run_after=None
[2024-05-12T07:36:31.682+0000] {logging_mixin.py:188} INFO - [2024-05-12T07:36:31.682+0000] {dag.py:3954} INFO - Setting next_dagrun for consume_1_or_2_with_dataset_expressions to None, run_after=None
[2024-05-12T07:36:31.685+0000] {logging_mixin.py:188} INFO - [2024-05-12T07:36:31.685+0000] {dag.py:3954} INFO - Setting next_dagrun for consume_1_or_both_2_and_3_with_dataset_expressions to None, run_after=None
[2024-05-12T07:36:31.688+0000] {logging_mixin.py:188} INFO - [2024-05-12T07:36:31.688+0000] {dag.py:3954} INFO - Setting next_dagrun for dataset_consumes_1 to None, run_after=None
[2024-05-12T07:36:31.690+0000] {logging_mixin.py:188} INFO - [2024-05-12T07:36:31.690+0000] {dag.py:3954} INFO - Setting next_dagrun for dataset_consumes_1_and_2 to None, run_after=None
[2024-05-12T07:36:31.692+0000] {logging_mixin.py:188} INFO - [2024-05-12T07:36:31.692+0000] {dag.py:3954} INFO - Setting next_dagrun for dataset_consumes_1_never_scheduled to None, run_after=None
[2024-05-12T07:36:31.694+0000] {logging_mixin.py:188} INFO - [2024-05-12T07:36:31.694+0000] {dag.py:3954} INFO - Setting next_dagrun for dataset_consumes_unknown_never_scheduled to None, run_after=None
[2024-05-12T07:36:31.698+0000] {logging_mixin.py:188} INFO - [2024-05-12T07:36:31.698+0000] {dag.py:3954} INFO - Setting next_dagrun for dataset_produces_1 to 2024-05-11 00:00:00+00:00, run_after=2024-05-12 00:00:00+00:00
[2024-05-12T07:36:31.700+0000] {logging_mixin.py:188} INFO - [2024-05-12T07:36:31.699+0000] {dag.py:3954} INFO - Setting next_dagrun for dataset_produces_2 to None, run_after=None
[2024-05-12T07:36:31.751+0000] {processor.py:183} INFO - Processing /home/airflow/.local/lib/python3.12/site-packages/airflow/example_dags/example_datasets.py took 0.222 seconds
[2024-05-12T07:37:02.245+0000] {processor.py:161} INFO - Started process (PID=964) to work on /home/airflow/.local/lib/python3.12/site-packages/airflow/example_dags/example_datasets.py
[2024-05-12T07:37:02.246+0000] {processor.py:830} INFO - Processing file /home/airflow/.local/lib/python3.12/site-packages/airflow/example_dags/example_datasets.py for tasks to queue
[2024-05-12T07:37:02.249+0000] {logging_mixin.py:188} INFO - [2024-05-12T07:37:02.249+0000] {dagbag.py:540} INFO - Filling up the DagBag from /home/airflow/.local/lib/python3.12/site-packages/airflow/example_dags/example_datasets.py
[2024-05-12T07:37:02.280+0000] {processor.py:840} INFO - DAG(s) 'dataset_produces_2', 'consume_1_or_both_2_and_3_with_dataset_expressions', 'conditional_dataset_and_time_based_timetable', 'dataset_consumes_1_never_scheduled', 'dataset_produces_1', 'dataset_consumes_unknown_never_scheduled', 'dataset_consumes_1', 'consume_1_and_2_with_dataset_expressions', 'dataset_consumes_1_and_2', 'consume_1_or_2_with_dataset_expressions' retrieved from /home/airflow/.local/lib/python3.12/site-packages/airflow/example_dags/example_datasets.py
[2024-05-12T07:37:02.382+0000] {logging_mixin.py:188} INFO - [2024-05-12T07:37:02.381+0000] {dag.py:3096} INFO - Sync 10 DAGs
[2024-05-12T07:37:02.430+0000] {logging_mixin.py:188} INFO - [2024-05-12T07:37:02.430+0000] {dag.py:3954} INFO - Setting next_dagrun for conditional_dataset_and_time_based_timetable to 2024-05-08 01:00:00+00:00, run_after=2024-05-08 01:00:00+00:00
[2024-05-12T07:37:02.439+0000] {logging_mixin.py:188} INFO - [2024-05-12T07:37:02.439+0000] {dag.py:3954} INFO - Setting next_dagrun for consume_1_and_2_with_dataset_expressions to None, run_after=None
[2024-05-12T07:37:02.441+0000] {logging_mixin.py:188} INFO - [2024-05-12T07:37:02.441+0000] {dag.py:3954} INFO - Setting next_dagrun for consume_1_or_2_with_dataset_expressions to None, run_after=None
[2024-05-12T07:37:02.444+0000] {logging_mixin.py:188} INFO - [2024-05-12T07:37:02.443+0000] {dag.py:3954} INFO - Setting next_dagrun for consume_1_or_both_2_and_3_with_dataset_expressions to None, run_after=None
[2024-05-12T07:37:02.446+0000] {logging_mixin.py:188} INFO - [2024-05-12T07:37:02.446+0000] {dag.py:3954} INFO - Setting next_dagrun for dataset_consumes_1 to None, run_after=None
[2024-05-12T07:37:02.449+0000] {logging_mixin.py:188} INFO - [2024-05-12T07:37:02.448+0000] {dag.py:3954} INFO - Setting next_dagrun for dataset_consumes_1_and_2 to None, run_after=None
[2024-05-12T07:37:02.452+0000] {logging_mixin.py:188} INFO - [2024-05-12T07:37:02.451+0000] {dag.py:3954} INFO - Setting next_dagrun for dataset_consumes_1_never_scheduled to None, run_after=None
[2024-05-12T07:37:02.454+0000] {logging_mixin.py:188} INFO - [2024-05-12T07:37:02.453+0000] {dag.py:3954} INFO - Setting next_dagrun for dataset_consumes_unknown_never_scheduled to None, run_after=None
[2024-05-12T07:37:02.458+0000] {logging_mixin.py:188} INFO - [2024-05-12T07:37:02.457+0000] {dag.py:3954} INFO - Setting next_dagrun for dataset_produces_1 to 2024-05-11 00:00:00+00:00, run_after=2024-05-12 00:00:00+00:00
[2024-05-12T07:37:02.460+0000] {logging_mixin.py:188} INFO - [2024-05-12T07:37:02.459+0000] {dag.py:3954} INFO - Setting next_dagrun for dataset_produces_2 to None, run_after=None
[2024-05-12T07:37:02.524+0000] {processor.py:183} INFO - Processing /home/airflow/.local/lib/python3.12/site-packages/airflow/example_dags/example_datasets.py took 0.291 seconds
