[2024-05-12T06:27:27.502+0000] {processor.py:161} INFO - Started process (PID=55) to work on /home/airflow/.local/lib/python3.12/site-packages/airflow/example_dags/example_short_circuit_operator.py
[2024-05-12T06:27:27.504+0000] {processor.py:830} INFO - Processing file /home/airflow/.local/lib/python3.12/site-packages/airflow/example_dags/example_short_circuit_operator.py for tasks to queue
[2024-05-12T06:27:27.507+0000] {logging_mixin.py:188} INFO - [2024-05-12T06:27:27.507+0000] {dagbag.py:540} INFO - Filling up the DagBag from /home/airflow/.local/lib/python3.12/site-packages/airflow/example_dags/example_short_circuit_operator.py
[2024-05-12T06:27:27.523+0000] {processor.py:840} INFO - DAG(s) 'example_short_circuit_operator' retrieved from /home/airflow/.local/lib/python3.12/site-packages/airflow/example_dags/example_short_circuit_operator.py
[2024-05-12T06:27:27.563+0000] {logging_mixin.py:188} INFO - [2024-05-12T06:27:27.562+0000] {dag.py:3096} INFO - Sync 1 DAGs
[2024-05-12T06:27:27.595+0000] {logging_mixin.py:188} INFO - [2024-05-12T06:27:27.594+0000] {dag.py:3954} INFO - Setting next_dagrun for example_short_circuit_operator to 2024-05-11 00:00:00+00:00, run_after=2024-05-12 00:00:00+00:00
[2024-05-12T06:27:27.623+0000] {processor.py:183} INFO - Processing /home/airflow/.local/lib/python3.12/site-packages/airflow/example_dags/example_short_circuit_operator.py took 0.134 seconds
[2024-05-12T06:42:19.101+0000] {processor.py:161} INFO - Started process (PID=55) to work on /home/airflow/.local/lib/python3.12/site-packages/airflow/example_dags/example_short_circuit_operator.py
[2024-05-12T06:42:19.105+0000] {processor.py:830} INFO - Processing file /home/airflow/.local/lib/python3.12/site-packages/airflow/example_dags/example_short_circuit_operator.py for tasks to queue
[2024-05-12T06:42:19.110+0000] {logging_mixin.py:188} INFO - [2024-05-12T06:42:19.109+0000] {dagbag.py:540} INFO - Filling up the DagBag from /home/airflow/.local/lib/python3.12/site-packages/airflow/example_dags/example_short_circuit_operator.py
[2024-05-12T06:42:19.140+0000] {processor.py:840} INFO - DAG(s) 'example_short_circuit_operator' retrieved from /home/airflow/.local/lib/python3.12/site-packages/airflow/example_dags/example_short_circuit_operator.py
[2024-05-12T06:42:19.169+0000] {logging_mixin.py:188} INFO - [2024-05-12T06:42:19.168+0000] {dag.py:3096} INFO - Sync 1 DAGs
[2024-05-12T06:42:19.257+0000] {logging_mixin.py:188} INFO - [2024-05-12T06:42:19.257+0000] {dag.py:3954} INFO - Setting next_dagrun for example_short_circuit_operator to 2024-05-11 00:00:00+00:00, run_after=2024-05-12 00:00:00+00:00
[2024-05-12T06:42:19.321+0000] {processor.py:183} INFO - Processing /home/airflow/.local/lib/python3.12/site-packages/airflow/example_dags/example_short_circuit_operator.py took 0.232 seconds
[2024-05-12T07:30:06.944+0000] {processor.py:161} INFO - Started process (PID=61) to work on /home/airflow/.local/lib/python3.12/site-packages/airflow/example_dags/example_short_circuit_operator.py
[2024-05-12T07:30:06.959+0000] {processor.py:830} INFO - Processing file /home/airflow/.local/lib/python3.12/site-packages/airflow/example_dags/example_short_circuit_operator.py for tasks to queue
[2024-05-12T07:30:06.970+0000] {logging_mixin.py:188} INFO - [2024-05-12T07:30:06.968+0000] {dagbag.py:540} INFO - Filling up the DagBag from /home/airflow/.local/lib/python3.12/site-packages/airflow/example_dags/example_short_circuit_operator.py
[2024-05-12T07:30:07.032+0000] {processor.py:840} INFO - DAG(s) 'example_short_circuit_operator' retrieved from /home/airflow/.local/lib/python3.12/site-packages/airflow/example_dags/example_short_circuit_operator.py
[2024-05-12T07:30:07.605+0000] {logging_mixin.py:188} INFO - [2024-05-12T07:30:07.604+0000] {dag.py:3096} INFO - Sync 1 DAGs
[2024-05-12T07:30:07.797+0000] {logging_mixin.py:188} INFO - [2024-05-12T07:30:07.796+0000] {dag.py:3954} INFO - Setting next_dagrun for example_short_circuit_operator to 2024-05-11 00:00:00+00:00, run_after=2024-05-12 00:00:00+00:00
[2024-05-12T07:30:07.944+0000] {processor.py:183} INFO - Processing /home/airflow/.local/lib/python3.12/site-packages/airflow/example_dags/example_short_circuit_operator.py took 1.040 seconds
[2024-05-12T07:30:38.229+0000] {processor.py:161} INFO - Started process (PID=128) to work on /home/airflow/.local/lib/python3.12/site-packages/airflow/example_dags/example_short_circuit_operator.py
[2024-05-12T07:30:38.232+0000] {processor.py:830} INFO - Processing file /home/airflow/.local/lib/python3.12/site-packages/airflow/example_dags/example_short_circuit_operator.py for tasks to queue
[2024-05-12T07:30:38.244+0000] {logging_mixin.py:188} INFO - [2024-05-12T07:30:38.243+0000] {dagbag.py:540} INFO - Filling up the DagBag from /home/airflow/.local/lib/python3.12/site-packages/airflow/example_dags/example_short_circuit_operator.py
[2024-05-12T07:30:38.268+0000] {processor.py:840} INFO - DAG(s) 'example_short_circuit_operator' retrieved from /home/airflow/.local/lib/python3.12/site-packages/airflow/example_dags/example_short_circuit_operator.py
[2024-05-12T07:30:38.356+0000] {logging_mixin.py:188} INFO - [2024-05-12T07:30:38.355+0000] {dag.py:3096} INFO - Sync 1 DAGs
[2024-05-12T07:30:38.452+0000] {logging_mixin.py:188} INFO - [2024-05-12T07:30:38.451+0000] {dag.py:3954} INFO - Setting next_dagrun for example_short_circuit_operator to 2024-05-11 00:00:00+00:00, run_after=2024-05-12 00:00:00+00:00
[2024-05-12T07:30:38.541+0000] {processor.py:183} INFO - Processing /home/airflow/.local/lib/python3.12/site-packages/airflow/example_dags/example_short_circuit_operator.py took 0.337 seconds
[2024-05-12T07:31:09.350+0000] {processor.py:161} INFO - Started process (PID=195) to work on /home/airflow/.local/lib/python3.12/site-packages/airflow/example_dags/example_short_circuit_operator.py
[2024-05-12T07:31:09.351+0000] {processor.py:830} INFO - Processing file /home/airflow/.local/lib/python3.12/site-packages/airflow/example_dags/example_short_circuit_operator.py for tasks to queue
[2024-05-12T07:31:09.353+0000] {logging_mixin.py:188} INFO - [2024-05-12T07:31:09.353+0000] {dagbag.py:540} INFO - Filling up the DagBag from /home/airflow/.local/lib/python3.12/site-packages/airflow/example_dags/example_short_circuit_operator.py
[2024-05-12T07:31:09.360+0000] {processor.py:840} INFO - DAG(s) 'example_short_circuit_operator' retrieved from /home/airflow/.local/lib/python3.12/site-packages/airflow/example_dags/example_short_circuit_operator.py
[2024-05-12T07:31:09.372+0000] {logging_mixin.py:188} INFO - [2024-05-12T07:31:09.372+0000] {dag.py:3096} INFO - Sync 1 DAGs
[2024-05-12T07:31:09.397+0000] {logging_mixin.py:188} INFO - [2024-05-12T07:31:09.396+0000] {dag.py:3954} INFO - Setting next_dagrun for example_short_circuit_operator to 2024-05-11 00:00:00+00:00, run_after=2024-05-12 00:00:00+00:00
[2024-05-12T07:31:09.417+0000] {processor.py:183} INFO - Processing /home/airflow/.local/lib/python3.12/site-packages/airflow/example_dags/example_short_circuit_operator.py took 0.072 seconds
[2024-05-12T07:31:41.228+0000] {processor.py:161} INFO - Started process (PID=261) to work on /home/airflow/.local/lib/python3.12/site-packages/airflow/example_dags/example_short_circuit_operator.py
[2024-05-12T07:31:41.229+0000] {processor.py:830} INFO - Processing file /home/airflow/.local/lib/python3.12/site-packages/airflow/example_dags/example_short_circuit_operator.py for tasks to queue
[2024-05-12T07:31:41.232+0000] {logging_mixin.py:188} INFO - [2024-05-12T07:31:41.232+0000] {dagbag.py:540} INFO - Filling up the DagBag from /home/airflow/.local/lib/python3.12/site-packages/airflow/example_dags/example_short_circuit_operator.py
[2024-05-12T07:31:41.251+0000] {processor.py:840} INFO - DAG(s) 'example_short_circuit_operator' retrieved from /home/airflow/.local/lib/python3.12/site-packages/airflow/example_dags/example_short_circuit_operator.py
[2024-05-12T07:31:41.272+0000] {logging_mixin.py:188} INFO - [2024-05-12T07:31:41.272+0000] {dag.py:3096} INFO - Sync 1 DAGs
[2024-05-12T07:31:41.316+0000] {logging_mixin.py:188} INFO - [2024-05-12T07:31:41.315+0000] {dag.py:3954} INFO - Setting next_dagrun for example_short_circuit_operator to 2024-05-11 00:00:00+00:00, run_after=2024-05-12 00:00:00+00:00
[2024-05-12T07:31:41.356+0000] {processor.py:183} INFO - Processing /home/airflow/.local/lib/python3.12/site-packages/airflow/example_dags/example_short_circuit_operator.py took 0.140 seconds
[2024-05-12T07:32:12.365+0000] {processor.py:161} INFO - Started process (PID=325) to work on /home/airflow/.local/lib/python3.12/site-packages/airflow/example_dags/example_short_circuit_operator.py
[2024-05-12T07:32:12.366+0000] {processor.py:830} INFO - Processing file /home/airflow/.local/lib/python3.12/site-packages/airflow/example_dags/example_short_circuit_operator.py for tasks to queue
[2024-05-12T07:32:12.369+0000] {logging_mixin.py:188} INFO - [2024-05-12T07:32:12.368+0000] {dagbag.py:540} INFO - Filling up the DagBag from /home/airflow/.local/lib/python3.12/site-packages/airflow/example_dags/example_short_circuit_operator.py
[2024-05-12T07:32:12.381+0000] {processor.py:840} INFO - DAG(s) 'example_short_circuit_operator' retrieved from /home/airflow/.local/lib/python3.12/site-packages/airflow/example_dags/example_short_circuit_operator.py
[2024-05-12T07:32:12.548+0000] {logging_mixin.py:188} INFO - [2024-05-12T07:32:12.547+0000] {dag.py:3096} INFO - Sync 1 DAGs
[2024-05-12T07:32:12.577+0000] {logging_mixin.py:188} INFO - [2024-05-12T07:32:12.577+0000] {dag.py:3954} INFO - Setting next_dagrun for example_short_circuit_operator to 2024-05-11 00:00:00+00:00, run_after=2024-05-12 00:00:00+00:00
[2024-05-12T07:32:12.609+0000] {processor.py:183} INFO - Processing /home/airflow/.local/lib/python3.12/site-packages/airflow/example_dags/example_short_circuit_operator.py took 0.252 seconds
[2024-05-12T07:32:44.113+0000] {processor.py:161} INFO - Started process (PID=391) to work on /home/airflow/.local/lib/python3.12/site-packages/airflow/example_dags/example_short_circuit_operator.py
[2024-05-12T07:32:44.115+0000] {processor.py:830} INFO - Processing file /home/airflow/.local/lib/python3.12/site-packages/airflow/example_dags/example_short_circuit_operator.py for tasks to queue
[2024-05-12T07:32:44.117+0000] {logging_mixin.py:188} INFO - [2024-05-12T07:32:44.116+0000] {dagbag.py:540} INFO - Filling up the DagBag from /home/airflow/.local/lib/python3.12/site-packages/airflow/example_dags/example_short_circuit_operator.py
[2024-05-12T07:32:44.127+0000] {processor.py:840} INFO - DAG(s) 'example_short_circuit_operator' retrieved from /home/airflow/.local/lib/python3.12/site-packages/airflow/example_dags/example_short_circuit_operator.py
[2024-05-12T07:32:44.168+0000] {logging_mixin.py:188} INFO - [2024-05-12T07:32:44.167+0000] {dag.py:3096} INFO - Sync 1 DAGs
[2024-05-12T07:32:44.206+0000] {logging_mixin.py:188} INFO - [2024-05-12T07:32:44.206+0000] {dag.py:3954} INFO - Setting next_dagrun for example_short_circuit_operator to 2024-05-11 00:00:00+00:00, run_after=2024-05-12 00:00:00+00:00
[2024-05-12T07:32:44.239+0000] {processor.py:183} INFO - Processing /home/airflow/.local/lib/python3.12/site-packages/airflow/example_dags/example_short_circuit_operator.py took 0.136 seconds
[2024-05-12T07:33:14.455+0000] {processor.py:161} INFO - Started process (PID=455) to work on /home/airflow/.local/lib/python3.12/site-packages/airflow/example_dags/example_short_circuit_operator.py
[2024-05-12T07:33:14.461+0000] {processor.py:830} INFO - Processing file /home/airflow/.local/lib/python3.12/site-packages/airflow/example_dags/example_short_circuit_operator.py for tasks to queue
[2024-05-12T07:33:14.468+0000] {logging_mixin.py:188} INFO - [2024-05-12T07:33:14.466+0000] {dagbag.py:540} INFO - Filling up the DagBag from /home/airflow/.local/lib/python3.12/site-packages/airflow/example_dags/example_short_circuit_operator.py
[2024-05-12T07:33:14.503+0000] {processor.py:840} INFO - DAG(s) 'example_short_circuit_operator' retrieved from /home/airflow/.local/lib/python3.12/site-packages/airflow/example_dags/example_short_circuit_operator.py
[2024-05-12T07:33:14.590+0000] {logging_mixin.py:188} INFO - [2024-05-12T07:33:14.590+0000] {dag.py:3096} INFO - Sync 1 DAGs
[2024-05-12T07:33:14.671+0000] {logging_mixin.py:188} INFO - [2024-05-12T07:33:14.670+0000] {dag.py:3954} INFO - Setting next_dagrun for example_short_circuit_operator to 2024-05-11 00:00:00+00:00, run_after=2024-05-12 00:00:00+00:00
[2024-05-12T07:33:14.744+0000] {processor.py:183} INFO - Processing /home/airflow/.local/lib/python3.12/site-packages/airflow/example_dags/example_short_circuit_operator.py took 0.307 seconds
[2024-05-12T07:33:45.025+0000] {processor.py:161} INFO - Started process (PID=520) to work on /home/airflow/.local/lib/python3.12/site-packages/airflow/example_dags/example_short_circuit_operator.py
[2024-05-12T07:33:45.026+0000] {processor.py:830} INFO - Processing file /home/airflow/.local/lib/python3.12/site-packages/airflow/example_dags/example_short_circuit_operator.py for tasks to queue
[2024-05-12T07:33:45.029+0000] {logging_mixin.py:188} INFO - [2024-05-12T07:33:45.028+0000] {dagbag.py:540} INFO - Filling up the DagBag from /home/airflow/.local/lib/python3.12/site-packages/airflow/example_dags/example_short_circuit_operator.py
[2024-05-12T07:33:45.038+0000] {processor.py:840} INFO - DAG(s) 'example_short_circuit_operator' retrieved from /home/airflow/.local/lib/python3.12/site-packages/airflow/example_dags/example_short_circuit_operator.py
[2024-05-12T07:33:45.065+0000] {logging_mixin.py:188} INFO - [2024-05-12T07:33:45.065+0000] {dag.py:3096} INFO - Sync 1 DAGs
[2024-05-12T07:33:45.091+0000] {logging_mixin.py:188} INFO - [2024-05-12T07:33:45.091+0000] {dag.py:3954} INFO - Setting next_dagrun for example_short_circuit_operator to 2024-05-11 00:00:00+00:00, run_after=2024-05-12 00:00:00+00:00
[2024-05-12T07:33:45.111+0000] {processor.py:183} INFO - Processing /home/airflow/.local/lib/python3.12/site-packages/airflow/example_dags/example_short_circuit_operator.py took 0.091 seconds
[2024-05-12T07:34:15.284+0000] {processor.py:161} INFO - Started process (PID=587) to work on /home/airflow/.local/lib/python3.12/site-packages/airflow/example_dags/example_short_circuit_operator.py
[2024-05-12T07:34:15.285+0000] {processor.py:830} INFO - Processing file /home/airflow/.local/lib/python3.12/site-packages/airflow/example_dags/example_short_circuit_operator.py for tasks to queue
[2024-05-12T07:34:15.287+0000] {logging_mixin.py:188} INFO - [2024-05-12T07:34:15.287+0000] {dagbag.py:540} INFO - Filling up the DagBag from /home/airflow/.local/lib/python3.12/site-packages/airflow/example_dags/example_short_circuit_operator.py
[2024-05-12T07:34:15.295+0000] {processor.py:840} INFO - DAG(s) 'example_short_circuit_operator' retrieved from /home/airflow/.local/lib/python3.12/site-packages/airflow/example_dags/example_short_circuit_operator.py
[2024-05-12T07:34:15.319+0000] {logging_mixin.py:188} INFO - [2024-05-12T07:34:15.318+0000] {dag.py:3096} INFO - Sync 1 DAGs
[2024-05-12T07:34:15.341+0000] {logging_mixin.py:188} INFO - [2024-05-12T07:34:15.341+0000] {dag.py:3954} INFO - Setting next_dagrun for example_short_circuit_operator to 2024-05-11 00:00:00+00:00, run_after=2024-05-12 00:00:00+00:00
[2024-05-12T07:34:15.367+0000] {processor.py:183} INFO - Processing /home/airflow/.local/lib/python3.12/site-packages/airflow/example_dags/example_short_circuit_operator.py took 0.089 seconds
[2024-05-12T07:34:45.695+0000] {processor.py:161} INFO - Started process (PID=654) to work on /home/airflow/.local/lib/python3.12/site-packages/airflow/example_dags/example_short_circuit_operator.py
[2024-05-12T07:34:45.696+0000] {processor.py:830} INFO - Processing file /home/airflow/.local/lib/python3.12/site-packages/airflow/example_dags/example_short_circuit_operator.py for tasks to queue
[2024-05-12T07:34:45.698+0000] {logging_mixin.py:188} INFO - [2024-05-12T07:34:45.698+0000] {dagbag.py:540} INFO - Filling up the DagBag from /home/airflow/.local/lib/python3.12/site-packages/airflow/example_dags/example_short_circuit_operator.py
[2024-05-12T07:34:45.709+0000] {processor.py:840} INFO - DAG(s) 'example_short_circuit_operator' retrieved from /home/airflow/.local/lib/python3.12/site-packages/airflow/example_dags/example_short_circuit_operator.py
[2024-05-12T07:34:45.735+0000] {logging_mixin.py:188} INFO - [2024-05-12T07:34:45.735+0000] {dag.py:3096} INFO - Sync 1 DAGs
[2024-05-12T07:34:45.758+0000] {logging_mixin.py:188} INFO - [2024-05-12T07:34:45.758+0000] {dag.py:3954} INFO - Setting next_dagrun for example_short_circuit_operator to 2024-05-11 00:00:00+00:00, run_after=2024-05-12 00:00:00+00:00
[2024-05-12T07:34:45.785+0000] {processor.py:183} INFO - Processing /home/airflow/.local/lib/python3.12/site-packages/airflow/example_dags/example_short_circuit_operator.py took 0.095 seconds
[2024-05-12T07:35:16.227+0000] {processor.py:161} INFO - Started process (PID=721) to work on /home/airflow/.local/lib/python3.12/site-packages/airflow/example_dags/example_short_circuit_operator.py
[2024-05-12T07:35:16.228+0000] {processor.py:830} INFO - Processing file /home/airflow/.local/lib/python3.12/site-packages/airflow/example_dags/example_short_circuit_operator.py for tasks to queue
[2024-05-12T07:35:16.231+0000] {logging_mixin.py:188} INFO - [2024-05-12T07:35:16.230+0000] {dagbag.py:540} INFO - Filling up the DagBag from /home/airflow/.local/lib/python3.12/site-packages/airflow/example_dags/example_short_circuit_operator.py
[2024-05-12T07:35:16.242+0000] {processor.py:840} INFO - DAG(s) 'example_short_circuit_operator' retrieved from /home/airflow/.local/lib/python3.12/site-packages/airflow/example_dags/example_short_circuit_operator.py
[2024-05-12T07:35:16.273+0000] {logging_mixin.py:188} INFO - [2024-05-12T07:35:16.273+0000] {dag.py:3096} INFO - Sync 1 DAGs
[2024-05-12T07:35:16.300+0000] {logging_mixin.py:188} INFO - [2024-05-12T07:35:16.299+0000] {dag.py:3954} INFO - Setting next_dagrun for example_short_circuit_operator to 2024-05-11 00:00:00+00:00, run_after=2024-05-12 00:00:00+00:00
[2024-05-12T07:35:16.326+0000] {processor.py:183} INFO - Processing /home/airflow/.local/lib/python3.12/site-packages/airflow/example_dags/example_short_circuit_operator.py took 0.108 seconds
[2024-05-12T07:35:46.863+0000] {processor.py:161} INFO - Started process (PID=788) to work on /home/airflow/.local/lib/python3.12/site-packages/airflow/example_dags/example_short_circuit_operator.py
[2024-05-12T07:35:46.864+0000] {processor.py:830} INFO - Processing file /home/airflow/.local/lib/python3.12/site-packages/airflow/example_dags/example_short_circuit_operator.py for tasks to queue
[2024-05-12T07:35:46.866+0000] {logging_mixin.py:188} INFO - [2024-05-12T07:35:46.866+0000] {dagbag.py:540} INFO - Filling up the DagBag from /home/airflow/.local/lib/python3.12/site-packages/airflow/example_dags/example_short_circuit_operator.py
[2024-05-12T07:35:46.878+0000] {processor.py:840} INFO - DAG(s) 'example_short_circuit_operator' retrieved from /home/airflow/.local/lib/python3.12/site-packages/airflow/example_dags/example_short_circuit_operator.py
[2024-05-12T07:35:46.910+0000] {logging_mixin.py:188} INFO - [2024-05-12T07:35:46.910+0000] {dag.py:3096} INFO - Sync 1 DAGs
[2024-05-12T07:35:46.937+0000] {logging_mixin.py:188} INFO - [2024-05-12T07:35:46.936+0000] {dag.py:3954} INFO - Setting next_dagrun for example_short_circuit_operator to 2024-05-11 00:00:00+00:00, run_after=2024-05-12 00:00:00+00:00
[2024-05-12T07:35:46.964+0000] {processor.py:183} INFO - Processing /home/airflow/.local/lib/python3.12/site-packages/airflow/example_dags/example_short_circuit_operator.py took 0.107 seconds
[2024-05-12T07:36:17.318+0000] {processor.py:161} INFO - Started process (PID=855) to work on /home/airflow/.local/lib/python3.12/site-packages/airflow/example_dags/example_short_circuit_operator.py
[2024-05-12T07:36:17.321+0000] {processor.py:830} INFO - Processing file /home/airflow/.local/lib/python3.12/site-packages/airflow/example_dags/example_short_circuit_operator.py for tasks to queue
[2024-05-12T07:36:17.325+0000] {logging_mixin.py:188} INFO - [2024-05-12T07:36:17.324+0000] {dagbag.py:540} INFO - Filling up the DagBag from /home/airflow/.local/lib/python3.12/site-packages/airflow/example_dags/example_short_circuit_operator.py
[2024-05-12T07:36:17.342+0000] {processor.py:840} INFO - DAG(s) 'example_short_circuit_operator' retrieved from /home/airflow/.local/lib/python3.12/site-packages/airflow/example_dags/example_short_circuit_operator.py
[2024-05-12T07:36:17.389+0000] {logging_mixin.py:188} INFO - [2024-05-12T07:36:17.388+0000] {dag.py:3096} INFO - Sync 1 DAGs
[2024-05-12T07:36:17.429+0000] {logging_mixin.py:188} INFO - [2024-05-12T07:36:17.429+0000] {dag.py:3954} INFO - Setting next_dagrun for example_short_circuit_operator to 2024-05-11 00:00:00+00:00, run_after=2024-05-12 00:00:00+00:00
[2024-05-12T07:36:17.470+0000] {processor.py:183} INFO - Processing /home/airflow/.local/lib/python3.12/site-packages/airflow/example_dags/example_short_circuit_operator.py took 0.163 seconds
[2024-05-12T07:36:47.527+0000] {processor.py:161} INFO - Started process (PID=922) to work on /home/airflow/.local/lib/python3.12/site-packages/airflow/example_dags/example_short_circuit_operator.py
[2024-05-12T07:36:47.529+0000] {processor.py:830} INFO - Processing file /home/airflow/.local/lib/python3.12/site-packages/airflow/example_dags/example_short_circuit_operator.py for tasks to queue
[2024-05-12T07:36:47.531+0000] {logging_mixin.py:188} INFO - [2024-05-12T07:36:47.530+0000] {dagbag.py:540} INFO - Filling up the DagBag from /home/airflow/.local/lib/python3.12/site-packages/airflow/example_dags/example_short_circuit_operator.py
[2024-05-12T07:36:47.539+0000] {processor.py:840} INFO - DAG(s) 'example_short_circuit_operator' retrieved from /home/airflow/.local/lib/python3.12/site-packages/airflow/example_dags/example_short_circuit_operator.py
[2024-05-12T07:36:47.567+0000] {logging_mixin.py:188} INFO - [2024-05-12T07:36:47.567+0000] {dag.py:3096} INFO - Sync 1 DAGs
[2024-05-12T07:36:47.592+0000] {logging_mixin.py:188} INFO - [2024-05-12T07:36:47.592+0000] {dag.py:3954} INFO - Setting next_dagrun for example_short_circuit_operator to 2024-05-11 00:00:00+00:00, run_after=2024-05-12 00:00:00+00:00
[2024-05-12T07:36:47.620+0000] {processor.py:183} INFO - Processing /home/airflow/.local/lib/python3.12/site-packages/airflow/example_dags/example_short_circuit_operator.py took 0.099 seconds
