[2024-05-12T06:27:29.231+0000] {processor.py:161} INFO - Started process (PID=72) to work on /home/airflow/.local/lib/python3.12/site-packages/airflow/example_dags/example_sensors.py
[2024-05-12T06:27:29.232+0000] {processor.py:830} INFO - Processing file /home/airflow/.local/lib/python3.12/site-packages/airflow/example_dags/example_sensors.py for tasks to queue
[2024-05-12T06:27:29.234+0000] {logging_mixin.py:188} INFO - [2024-05-12T06:27:29.234+0000] {dagbag.py:540} INFO - Filling up the DagBag from /home/airflow/.local/lib/python3.12/site-packages/airflow/example_dags/example_sensors.py
[2024-05-12T06:27:29.248+0000] {processor.py:840} INFO - DAG(s) 'example_sensors' retrieved from /home/airflow/.local/lib/python3.12/site-packages/airflow/example_dags/example_sensors.py
[2024-05-12T06:27:29.282+0000] {logging_mixin.py:188} INFO - [2024-05-12T06:27:29.282+0000] {dag.py:3096} INFO - Sync 1 DAGs
[2024-05-12T06:27:29.300+0000] {logging_mixin.py:188} INFO - [2024-05-12T06:27:29.300+0000] {dag.py:3954} INFO - Setting next_dagrun for example_sensors to None, run_after=None
[2024-05-12T06:27:29.325+0000] {processor.py:183} INFO - Processing /home/airflow/.local/lib/python3.12/site-packages/airflow/example_dags/example_sensors.py took 0.103 seconds
[2024-05-12T06:42:22.318+0000] {processor.py:161} INFO - Started process (PID=78) to work on /home/airflow/.local/lib/python3.12/site-packages/airflow/example_dags/example_sensors.py
[2024-05-12T06:42:22.327+0000] {processor.py:830} INFO - Processing file /home/airflow/.local/lib/python3.12/site-packages/airflow/example_dags/example_sensors.py for tasks to queue
[2024-05-12T06:42:22.330+0000] {logging_mixin.py:188} INFO - [2024-05-12T06:42:22.330+0000] {dagbag.py:540} INFO - Filling up the DagBag from /home/airflow/.local/lib/python3.12/site-packages/airflow/example_dags/example_sensors.py
[2024-05-12T06:42:22.351+0000] {processor.py:840} INFO - DAG(s) 'example_sensors' retrieved from /home/airflow/.local/lib/python3.12/site-packages/airflow/example_dags/example_sensors.py
[2024-05-12T06:42:22.369+0000] {logging_mixin.py:188} INFO - [2024-05-12T06:42:22.369+0000] {dag.py:3096} INFO - Sync 1 DAGs
[2024-05-12T06:42:22.400+0000] {logging_mixin.py:188} INFO - [2024-05-12T06:42:22.399+0000] {dag.py:3954} INFO - Setting next_dagrun for example_sensors to None, run_after=None
[2024-05-12T06:42:22.433+0000] {processor.py:183} INFO - Processing /home/airflow/.local/lib/python3.12/site-packages/airflow/example_dags/example_sensors.py took 0.127 seconds
[2024-05-12T07:30:12.400+0000] {processor.py:161} INFO - Started process (PID=78) to work on /home/airflow/.local/lib/python3.12/site-packages/airflow/example_dags/example_sensors.py
[2024-05-12T07:30:12.412+0000] {processor.py:830} INFO - Processing file /home/airflow/.local/lib/python3.12/site-packages/airflow/example_dags/example_sensors.py for tasks to queue
[2024-05-12T07:30:12.415+0000] {logging_mixin.py:188} INFO - [2024-05-12T07:30:12.414+0000] {dagbag.py:540} INFO - Filling up the DagBag from /home/airflow/.local/lib/python3.12/site-packages/airflow/example_dags/example_sensors.py
[2024-05-12T07:30:12.426+0000] {processor.py:840} INFO - DAG(s) 'example_sensors' retrieved from /home/airflow/.local/lib/python3.12/site-packages/airflow/example_dags/example_sensors.py
[2024-05-12T07:30:12.571+0000] {logging_mixin.py:188} INFO - [2024-05-12T07:30:12.571+0000] {dag.py:3096} INFO - Sync 1 DAGs
[2024-05-12T07:30:12.585+0000] {logging_mixin.py:188} INFO - [2024-05-12T07:30:12.585+0000] {dag.py:3954} INFO - Setting next_dagrun for example_sensors to None, run_after=None
[2024-05-12T07:30:12.614+0000] {processor.py:183} INFO - Processing /home/airflow/.local/lib/python3.12/site-packages/airflow/example_dags/example_sensors.py took 0.221 seconds
[2024-05-12T07:30:43.016+0000] {processor.py:161} INFO - Started process (PID=145) to work on /home/airflow/.local/lib/python3.12/site-packages/airflow/example_dags/example_sensors.py
[2024-05-12T07:30:43.019+0000] {processor.py:830} INFO - Processing file /home/airflow/.local/lib/python3.12/site-packages/airflow/example_dags/example_sensors.py for tasks to queue
[2024-05-12T07:30:43.027+0000] {logging_mixin.py:188} INFO - [2024-05-12T07:30:43.027+0000] {dagbag.py:540} INFO - Filling up the DagBag from /home/airflow/.local/lib/python3.12/site-packages/airflow/example_dags/example_sensors.py
[2024-05-12T07:30:43.059+0000] {processor.py:840} INFO - DAG(s) 'example_sensors' retrieved from /home/airflow/.local/lib/python3.12/site-packages/airflow/example_dags/example_sensors.py
[2024-05-12T07:30:43.158+0000] {logging_mixin.py:188} INFO - [2024-05-12T07:30:43.158+0000] {dag.py:3096} INFO - Sync 1 DAGs
[2024-05-12T07:30:43.207+0000] {logging_mixin.py:188} INFO - [2024-05-12T07:30:43.206+0000] {dag.py:3954} INFO - Setting next_dagrun for example_sensors to None, run_after=None
[2024-05-12T07:30:43.328+0000] {processor.py:183} INFO - Processing /home/airflow/.local/lib/python3.12/site-packages/airflow/example_dags/example_sensors.py took 0.326 seconds
[2024-05-12T07:31:13.974+0000] {processor.py:161} INFO - Started process (PID=212) to work on /home/airflow/.local/lib/python3.12/site-packages/airflow/example_dags/example_sensors.py
[2024-05-12T07:31:13.975+0000] {processor.py:830} INFO - Processing file /home/airflow/.local/lib/python3.12/site-packages/airflow/example_dags/example_sensors.py for tasks to queue
[2024-05-12T07:31:13.978+0000] {logging_mixin.py:188} INFO - [2024-05-12T07:31:13.977+0000] {dagbag.py:540} INFO - Filling up the DagBag from /home/airflow/.local/lib/python3.12/site-packages/airflow/example_dags/example_sensors.py
[2024-05-12T07:31:13.989+0000] {processor.py:840} INFO - DAG(s) 'example_sensors' retrieved from /home/airflow/.local/lib/python3.12/site-packages/airflow/example_dags/example_sensors.py
[2024-05-12T07:31:14.004+0000] {logging_mixin.py:188} INFO - [2024-05-12T07:31:14.003+0000] {dag.py:3096} INFO - Sync 1 DAGs
[2024-05-12T07:31:14.021+0000] {logging_mixin.py:188} INFO - [2024-05-12T07:31:14.021+0000] {dag.py:3954} INFO - Setting next_dagrun for example_sensors to None, run_after=None
[2024-05-12T07:31:14.050+0000] {processor.py:183} INFO - Processing /home/airflow/.local/lib/python3.12/site-packages/airflow/example_dags/example_sensors.py took 0.083 seconds
[2024-05-12T07:31:44.608+0000] {processor.py:161} INFO - Started process (PID=278) to work on /home/airflow/.local/lib/python3.12/site-packages/airflow/example_dags/example_sensors.py
[2024-05-12T07:31:44.609+0000] {processor.py:830} INFO - Processing file /home/airflow/.local/lib/python3.12/site-packages/airflow/example_dags/example_sensors.py for tasks to queue
[2024-05-12T07:31:44.612+0000] {logging_mixin.py:188} INFO - [2024-05-12T07:31:44.611+0000] {dagbag.py:540} INFO - Filling up the DagBag from /home/airflow/.local/lib/python3.12/site-packages/airflow/example_dags/example_sensors.py
[2024-05-12T07:31:44.622+0000] {processor.py:840} INFO - DAG(s) 'example_sensors' retrieved from /home/airflow/.local/lib/python3.12/site-packages/airflow/example_dags/example_sensors.py
[2024-05-12T07:31:44.636+0000] {logging_mixin.py:188} INFO - [2024-05-12T07:31:44.636+0000] {dag.py:3096} INFO - Sync 1 DAGs
[2024-05-12T07:31:44.656+0000] {logging_mixin.py:188} INFO - [2024-05-12T07:31:44.656+0000] {dag.py:3954} INFO - Setting next_dagrun for example_sensors to None, run_after=None
[2024-05-12T07:31:44.686+0000] {processor.py:183} INFO - Processing /home/airflow/.local/lib/python3.12/site-packages/airflow/example_dags/example_sensors.py took 0.085 seconds
[2024-05-12T07:32:15.640+0000] {processor.py:161} INFO - Started process (PID=345) to work on /home/airflow/.local/lib/python3.12/site-packages/airflow/example_dags/example_sensors.py
[2024-05-12T07:32:15.643+0000] {processor.py:830} INFO - Processing file /home/airflow/.local/lib/python3.12/site-packages/airflow/example_dags/example_sensors.py for tasks to queue
[2024-05-12T07:32:15.646+0000] {logging_mixin.py:188} INFO - [2024-05-12T07:32:15.646+0000] {dagbag.py:540} INFO - Filling up the DagBag from /home/airflow/.local/lib/python3.12/site-packages/airflow/example_dags/example_sensors.py
[2024-05-12T07:32:15.679+0000] {processor.py:840} INFO - DAG(s) 'example_sensors' retrieved from /home/airflow/.local/lib/python3.12/site-packages/airflow/example_dags/example_sensors.py
[2024-05-12T07:32:15.914+0000] {logging_mixin.py:188} INFO - [2024-05-12T07:32:15.913+0000] {dag.py:3096} INFO - Sync 1 DAGs
[2024-05-12T07:32:15.931+0000] {logging_mixin.py:188} INFO - [2024-05-12T07:32:15.931+0000] {dag.py:3954} INFO - Setting next_dagrun for example_sensors to None, run_after=None
[2024-05-12T07:32:15.968+0000] {processor.py:183} INFO - Processing /home/airflow/.local/lib/python3.12/site-packages/airflow/example_dags/example_sensors.py took 0.340 seconds
[2024-05-12T07:32:46.825+0000] {processor.py:161} INFO - Started process (PID=412) to work on /home/airflow/.local/lib/python3.12/site-packages/airflow/example_dags/example_sensors.py
[2024-05-12T07:32:46.827+0000] {processor.py:830} INFO - Processing file /home/airflow/.local/lib/python3.12/site-packages/airflow/example_dags/example_sensors.py for tasks to queue
[2024-05-12T07:32:46.830+0000] {logging_mixin.py:188} INFO - [2024-05-12T07:32:46.829+0000] {dagbag.py:540} INFO - Filling up the DagBag from /home/airflow/.local/lib/python3.12/site-packages/airflow/example_dags/example_sensors.py
[2024-05-12T07:32:46.844+0000] {processor.py:840} INFO - DAG(s) 'example_sensors' retrieved from /home/airflow/.local/lib/python3.12/site-packages/airflow/example_dags/example_sensors.py
[2024-05-12T07:32:46.894+0000] {logging_mixin.py:188} INFO - [2024-05-12T07:32:46.894+0000] {dag.py:3096} INFO - Sync 1 DAGs
[2024-05-12T07:32:46.920+0000] {logging_mixin.py:188} INFO - [2024-05-12T07:32:46.919+0000] {dag.py:3954} INFO - Setting next_dagrun for example_sensors to None, run_after=None
[2024-05-12T07:32:46.952+0000] {processor.py:183} INFO - Processing /home/airflow/.local/lib/python3.12/site-packages/airflow/example_dags/example_sensors.py took 0.138 seconds
[2024-05-12T07:33:22.369+0000] {processor.py:161} INFO - Started process (PID=485) to work on /home/airflow/.local/lib/python3.12/site-packages/airflow/example_dags/example_sensors.py
[2024-05-12T07:33:22.372+0000] {processor.py:830} INFO - Processing file /home/airflow/.local/lib/python3.12/site-packages/airflow/example_dags/example_sensors.py for tasks to queue
[2024-05-12T07:33:22.377+0000] {logging_mixin.py:188} INFO - [2024-05-12T07:33:22.376+0000] {dagbag.py:540} INFO - Filling up the DagBag from /home/airflow/.local/lib/python3.12/site-packages/airflow/example_dags/example_sensors.py
[2024-05-12T07:33:22.408+0000] {processor.py:840} INFO - DAG(s) 'example_sensors' retrieved from /home/airflow/.local/lib/python3.12/site-packages/airflow/example_dags/example_sensors.py
[2024-05-12T07:33:22.564+0000] {logging_mixin.py:188} INFO - [2024-05-12T07:33:22.563+0000] {dag.py:3096} INFO - Sync 1 DAGs
[2024-05-12T07:33:22.618+0000] {logging_mixin.py:188} INFO - [2024-05-12T07:33:22.617+0000] {dag.py:3954} INFO - Setting next_dagrun for example_sensors to None, run_after=None
[2024-05-12T07:33:22.706+0000] {processor.py:183} INFO - Processing /home/airflow/.local/lib/python3.12/site-packages/airflow/example_dags/example_sensors.py took 0.353 seconds
[2024-05-12T07:33:53.738+0000] {processor.py:161} INFO - Started process (PID=552) to work on /home/airflow/.local/lib/python3.12/site-packages/airflow/example_dags/example_sensors.py
[2024-05-12T07:33:53.740+0000] {processor.py:830} INFO - Processing file /home/airflow/.local/lib/python3.12/site-packages/airflow/example_dags/example_sensors.py for tasks to queue
[2024-05-12T07:33:53.743+0000] {logging_mixin.py:188} INFO - [2024-05-12T07:33:53.742+0000] {dagbag.py:540} INFO - Filling up the DagBag from /home/airflow/.local/lib/python3.12/site-packages/airflow/example_dags/example_sensors.py
[2024-05-12T07:33:53.759+0000] {processor.py:840} INFO - DAG(s) 'example_sensors' retrieved from /home/airflow/.local/lib/python3.12/site-packages/airflow/example_dags/example_sensors.py
[2024-05-12T07:33:53.803+0000] {logging_mixin.py:188} INFO - [2024-05-12T07:33:53.803+0000] {dag.py:3096} INFO - Sync 1 DAGs
[2024-05-12T07:33:53.829+0000] {logging_mixin.py:188} INFO - [2024-05-12T07:33:53.828+0000] {dag.py:3954} INFO - Setting next_dagrun for example_sensors to None, run_after=None
[2024-05-12T07:33:53.863+0000] {processor.py:183} INFO - Processing /home/airflow/.local/lib/python3.12/site-packages/airflow/example_dags/example_sensors.py took 0.136 seconds
[2024-05-12T07:34:24.827+0000] {processor.py:161} INFO - Started process (PID=618) to work on /home/airflow/.local/lib/python3.12/site-packages/airflow/example_dags/example_sensors.py
[2024-05-12T07:34:24.829+0000] {processor.py:830} INFO - Processing file /home/airflow/.local/lib/python3.12/site-packages/airflow/example_dags/example_sensors.py for tasks to queue
[2024-05-12T07:34:24.831+0000] {logging_mixin.py:188} INFO - [2024-05-12T07:34:24.831+0000] {dagbag.py:540} INFO - Filling up the DagBag from /home/airflow/.local/lib/python3.12/site-packages/airflow/example_dags/example_sensors.py
[2024-05-12T07:34:24.857+0000] {processor.py:840} INFO - DAG(s) 'example_sensors' retrieved from /home/airflow/.local/lib/python3.12/site-packages/airflow/example_dags/example_sensors.py
[2024-05-12T07:34:24.921+0000] {logging_mixin.py:188} INFO - [2024-05-12T07:34:24.921+0000] {dag.py:3096} INFO - Sync 1 DAGs
[2024-05-12T07:34:24.951+0000] {logging_mixin.py:188} INFO - [2024-05-12T07:34:24.951+0000] {dag.py:3954} INFO - Setting next_dagrun for example_sensors to None, run_after=None
[2024-05-12T07:34:25.024+0000] {processor.py:183} INFO - Processing /home/airflow/.local/lib/python3.12/site-packages/airflow/example_dags/example_sensors.py took 0.208 seconds
[2024-05-12T07:34:55.471+0000] {processor.py:161} INFO - Started process (PID=683) to work on /home/airflow/.local/lib/python3.12/site-packages/airflow/example_dags/example_sensors.py
[2024-05-12T07:34:55.472+0000] {processor.py:830} INFO - Processing file /home/airflow/.local/lib/python3.12/site-packages/airflow/example_dags/example_sensors.py for tasks to queue
[2024-05-12T07:34:55.475+0000] {logging_mixin.py:188} INFO - [2024-05-12T07:34:55.475+0000] {dagbag.py:540} INFO - Filling up the DagBag from /home/airflow/.local/lib/python3.12/site-packages/airflow/example_dags/example_sensors.py
[2024-05-12T07:34:55.493+0000] {processor.py:840} INFO - DAG(s) 'example_sensors' retrieved from /home/airflow/.local/lib/python3.12/site-packages/airflow/example_dags/example_sensors.py
[2024-05-12T07:34:55.538+0000] {logging_mixin.py:188} INFO - [2024-05-12T07:34:55.537+0000] {dag.py:3096} INFO - Sync 1 DAGs
[2024-05-12T07:34:55.561+0000] {logging_mixin.py:188} INFO - [2024-05-12T07:34:55.560+0000] {dag.py:3954} INFO - Setting next_dagrun for example_sensors to None, run_after=None
[2024-05-12T07:34:55.594+0000] {processor.py:183} INFO - Processing /home/airflow/.local/lib/python3.12/site-packages/airflow/example_dags/example_sensors.py took 0.132 seconds
[2024-05-12T07:35:25.966+0000] {processor.py:161} INFO - Started process (PID=750) to work on /home/airflow/.local/lib/python3.12/site-packages/airflow/example_dags/example_sensors.py
[2024-05-12T07:35:25.967+0000] {processor.py:830} INFO - Processing file /home/airflow/.local/lib/python3.12/site-packages/airflow/example_dags/example_sensors.py for tasks to queue
[2024-05-12T07:35:25.970+0000] {logging_mixin.py:188} INFO - [2024-05-12T07:35:25.970+0000] {dagbag.py:540} INFO - Filling up the DagBag from /home/airflow/.local/lib/python3.12/site-packages/airflow/example_dags/example_sensors.py
[2024-05-12T07:35:25.990+0000] {processor.py:840} INFO - DAG(s) 'example_sensors' retrieved from /home/airflow/.local/lib/python3.12/site-packages/airflow/example_dags/example_sensors.py
[2024-05-12T07:35:26.042+0000] {logging_mixin.py:188} INFO - [2024-05-12T07:35:26.042+0000] {dag.py:3096} INFO - Sync 1 DAGs
[2024-05-12T07:35:26.072+0000] {logging_mixin.py:188} INFO - [2024-05-12T07:35:26.072+0000] {dag.py:3954} INFO - Setting next_dagrun for example_sensors to None, run_after=None
[2024-05-12T07:35:26.106+0000] {processor.py:183} INFO - Processing /home/airflow/.local/lib/python3.12/site-packages/airflow/example_dags/example_sensors.py took 0.152 seconds
[2024-05-12T07:35:56.445+0000] {processor.py:161} INFO - Started process (PID=816) to work on /home/airflow/.local/lib/python3.12/site-packages/airflow/example_dags/example_sensors.py
[2024-05-12T07:35:56.446+0000] {processor.py:830} INFO - Processing file /home/airflow/.local/lib/python3.12/site-packages/airflow/example_dags/example_sensors.py for tasks to queue
[2024-05-12T07:35:56.448+0000] {logging_mixin.py:188} INFO - [2024-05-12T07:35:56.447+0000] {dagbag.py:540} INFO - Filling up the DagBag from /home/airflow/.local/lib/python3.12/site-packages/airflow/example_dags/example_sensors.py
[2024-05-12T07:35:56.457+0000] {processor.py:840} INFO - DAG(s) 'example_sensors' retrieved from /home/airflow/.local/lib/python3.12/site-packages/airflow/example_dags/example_sensors.py
[2024-05-12T07:35:56.486+0000] {logging_mixin.py:188} INFO - [2024-05-12T07:35:56.485+0000] {dag.py:3096} INFO - Sync 1 DAGs
[2024-05-12T07:35:56.499+0000] {logging_mixin.py:188} INFO - [2024-05-12T07:35:56.499+0000] {dag.py:3954} INFO - Setting next_dagrun for example_sensors to None, run_after=None
[2024-05-12T07:35:56.527+0000] {processor.py:183} INFO - Processing /home/airflow/.local/lib/python3.12/site-packages/airflow/example_dags/example_sensors.py took 0.088 seconds
[2024-05-12T07:36:26.844+0000] {processor.py:161} INFO - Started process (PID=881) to work on /home/airflow/.local/lib/python3.12/site-packages/airflow/example_dags/example_sensors.py
[2024-05-12T07:36:26.846+0000] {processor.py:830} INFO - Processing file /home/airflow/.local/lib/python3.12/site-packages/airflow/example_dags/example_sensors.py for tasks to queue
[2024-05-12T07:36:26.851+0000] {logging_mixin.py:188} INFO - [2024-05-12T07:36:26.850+0000] {dagbag.py:540} INFO - Filling up the DagBag from /home/airflow/.local/lib/python3.12/site-packages/airflow/example_dags/example_sensors.py
[2024-05-12T07:36:26.884+0000] {processor.py:840} INFO - DAG(s) 'example_sensors' retrieved from /home/airflow/.local/lib/python3.12/site-packages/airflow/example_dags/example_sensors.py
[2024-05-12T07:36:26.936+0000] {logging_mixin.py:188} INFO - [2024-05-12T07:36:26.935+0000] {dag.py:3096} INFO - Sync 1 DAGs
[2024-05-12T07:36:26.965+0000] {logging_mixin.py:188} INFO - [2024-05-12T07:36:26.965+0000] {dag.py:3954} INFO - Setting next_dagrun for example_sensors to None, run_after=None
[2024-05-12T07:36:27.006+0000] {processor.py:183} INFO - Processing /home/airflow/.local/lib/python3.12/site-packages/airflow/example_dags/example_sensors.py took 0.182 seconds
[2024-05-12T07:36:57.934+0000] {processor.py:161} INFO - Started process (PID=947) to work on /home/airflow/.local/lib/python3.12/site-packages/airflow/example_dags/example_sensors.py
[2024-05-12T07:36:57.935+0000] {processor.py:830} INFO - Processing file /home/airflow/.local/lib/python3.12/site-packages/airflow/example_dags/example_sensors.py for tasks to queue
[2024-05-12T07:36:57.937+0000] {logging_mixin.py:188} INFO - [2024-05-12T07:36:57.936+0000] {dagbag.py:540} INFO - Filling up the DagBag from /home/airflow/.local/lib/python3.12/site-packages/airflow/example_dags/example_sensors.py
[2024-05-12T07:36:57.946+0000] {processor.py:840} INFO - DAG(s) 'example_sensors' retrieved from /home/airflow/.local/lib/python3.12/site-packages/airflow/example_dags/example_sensors.py
[2024-05-12T07:36:57.976+0000] {logging_mixin.py:188} INFO - [2024-05-12T07:36:57.976+0000] {dag.py:3096} INFO - Sync 1 DAGs
[2024-05-12T07:36:57.991+0000] {logging_mixin.py:188} INFO - [2024-05-12T07:36:57.991+0000] {dag.py:3954} INFO - Setting next_dagrun for example_sensors to None, run_after=None
[2024-05-12T07:36:58.018+0000] {processor.py:183} INFO - Processing /home/airflow/.local/lib/python3.12/site-packages/airflow/example_dags/example_sensors.py took 0.092 seconds
