[2024-05-12T06:27:28.629+0000] {processor.py:161} INFO - Started process (PID=65) to work on /home/airflow/.local/lib/python3.12/site-packages/airflow/example_dags/example_bash_operator.py
[2024-05-12T06:27:28.631+0000] {processor.py:830} INFO - Processing file /home/airflow/.local/lib/python3.12/site-packages/airflow/example_dags/example_bash_operator.py for tasks to queue
[2024-05-12T06:27:28.634+0000] {logging_mixin.py:188} INFO - [2024-05-12T06:27:28.634+0000] {dagbag.py:540} INFO - Filling up the DagBag from /home/airflow/.local/lib/python3.12/site-packages/airflow/example_dags/example_bash_operator.py
[2024-05-12T06:27:28.658+0000] {processor.py:840} INFO - DAG(s) 'example_bash_operator' retrieved from /home/airflow/.local/lib/python3.12/site-packages/airflow/example_dags/example_bash_operator.py
[2024-05-12T06:27:28.710+0000] {logging_mixin.py:188} INFO - [2024-05-12T06:27:28.710+0000] {dag.py:3096} INFO - Sync 1 DAGs
[2024-05-12T06:27:28.745+0000] {logging_mixin.py:188} INFO - [2024-05-12T06:27:28.745+0000] {dag.py:3954} INFO - Setting next_dagrun for example_bash_operator to 2024-05-11 00:00:00+00:00, run_after=2024-05-12 00:00:00+00:00
[2024-05-12T06:27:28.793+0000] {processor.py:183} INFO - Processing /home/airflow/.local/lib/python3.12/site-packages/airflow/example_dags/example_bash_operator.py took 0.171 seconds
[2024-05-12T06:42:21.128+0000] {processor.py:161} INFO - Started process (PID=71) to work on /home/airflow/.local/lib/python3.12/site-packages/airflow/example_dags/example_bash_operator.py
[2024-05-12T06:42:21.152+0000] {processor.py:830} INFO - Processing file /home/airflow/.local/lib/python3.12/site-packages/airflow/example_dags/example_bash_operator.py for tasks to queue
[2024-05-12T06:42:21.159+0000] {logging_mixin.py:188} INFO - [2024-05-12T06:42:21.158+0000] {dagbag.py:540} INFO - Filling up the DagBag from /home/airflow/.local/lib/python3.12/site-packages/airflow/example_dags/example_bash_operator.py
[2024-05-12T06:42:21.223+0000] {processor.py:840} INFO - DAG(s) 'example_bash_operator' retrieved from /home/airflow/.local/lib/python3.12/site-packages/airflow/example_dags/example_bash_operator.py
[2024-05-12T06:42:21.307+0000] {logging_mixin.py:188} INFO - [2024-05-12T06:42:21.306+0000] {dag.py:3096} INFO - Sync 1 DAGs
[2024-05-12T06:42:21.408+0000] {logging_mixin.py:188} INFO - [2024-05-12T06:42:21.407+0000] {dag.py:3954} INFO - Setting next_dagrun for example_bash_operator to 2024-05-11 00:00:00+00:00, run_after=2024-05-12 00:00:00+00:00
[2024-05-12T06:42:21.483+0000] {processor.py:183} INFO - Processing /home/airflow/.local/lib/python3.12/site-packages/airflow/example_dags/example_bash_operator.py took 0.405 seconds
[2024-05-12T07:30:11.173+0000] {processor.py:161} INFO - Started process (PID=71) to work on /home/airflow/.local/lib/python3.12/site-packages/airflow/example_dags/example_bash_operator.py
[2024-05-12T07:30:11.181+0000] {processor.py:830} INFO - Processing file /home/airflow/.local/lib/python3.12/site-packages/airflow/example_dags/example_bash_operator.py for tasks to queue
[2024-05-12T07:30:11.184+0000] {logging_mixin.py:188} INFO - [2024-05-12T07:30:11.183+0000] {dagbag.py:540} INFO - Filling up the DagBag from /home/airflow/.local/lib/python3.12/site-packages/airflow/example_dags/example_bash_operator.py
[2024-05-12T07:30:11.205+0000] {processor.py:840} INFO - DAG(s) 'example_bash_operator' retrieved from /home/airflow/.local/lib/python3.12/site-packages/airflow/example_dags/example_bash_operator.py
[2024-05-12T07:30:11.381+0000] {logging_mixin.py:188} INFO - [2024-05-12T07:30:11.381+0000] {dag.py:3096} INFO - Sync 1 DAGs
[2024-05-12T07:30:11.417+0000] {logging_mixin.py:188} INFO - [2024-05-12T07:30:11.416+0000] {dag.py:3954} INFO - Setting next_dagrun for example_bash_operator to 2024-05-11 00:00:00+00:00, run_after=2024-05-12 00:00:00+00:00
[2024-05-12T07:30:11.444+0000] {processor.py:183} INFO - Processing /home/airflow/.local/lib/python3.12/site-packages/airflow/example_dags/example_bash_operator.py took 0.280 seconds
[2024-05-12T07:30:41.832+0000] {processor.py:161} INFO - Started process (PID=138) to work on /home/airflow/.local/lib/python3.12/site-packages/airflow/example_dags/example_bash_operator.py
[2024-05-12T07:30:41.834+0000] {processor.py:830} INFO - Processing file /home/airflow/.local/lib/python3.12/site-packages/airflow/example_dags/example_bash_operator.py for tasks to queue
[2024-05-12T07:30:41.839+0000] {logging_mixin.py:188} INFO - [2024-05-12T07:30:41.838+0000] {dagbag.py:540} INFO - Filling up the DagBag from /home/airflow/.local/lib/python3.12/site-packages/airflow/example_dags/example_bash_operator.py
[2024-05-12T07:30:41.865+0000] {processor.py:840} INFO - DAG(s) 'example_bash_operator' retrieved from /home/airflow/.local/lib/python3.12/site-packages/airflow/example_dags/example_bash_operator.py
[2024-05-12T07:30:41.948+0000] {logging_mixin.py:188} INFO - [2024-05-12T07:30:41.947+0000] {dag.py:3096} INFO - Sync 1 DAGs
[2024-05-12T07:30:42.011+0000] {logging_mixin.py:188} INFO - [2024-05-12T07:30:42.010+0000] {dag.py:3954} INFO - Setting next_dagrun for example_bash_operator to 2024-05-11 00:00:00+00:00, run_after=2024-05-12 00:00:00+00:00
[2024-05-12T07:30:42.056+0000] {processor.py:183} INFO - Processing /home/airflow/.local/lib/python3.12/site-packages/airflow/example_dags/example_bash_operator.py took 0.239 seconds
[2024-05-12T07:31:12.302+0000] {processor.py:161} INFO - Started process (PID=206) to work on /home/airflow/.local/lib/python3.12/site-packages/airflow/example_dags/example_bash_operator.py
[2024-05-12T07:31:12.303+0000] {processor.py:830} INFO - Processing file /home/airflow/.local/lib/python3.12/site-packages/airflow/example_dags/example_bash_operator.py for tasks to queue
[2024-05-12T07:31:12.307+0000] {logging_mixin.py:188} INFO - [2024-05-12T07:31:12.306+0000] {dagbag.py:540} INFO - Filling up the DagBag from /home/airflow/.local/lib/python3.12/site-packages/airflow/example_dags/example_bash_operator.py
[2024-05-12T07:31:12.331+0000] {processor.py:840} INFO - DAG(s) 'example_bash_operator' retrieved from /home/airflow/.local/lib/python3.12/site-packages/airflow/example_dags/example_bash_operator.py
[2024-05-12T07:31:12.352+0000] {logging_mixin.py:188} INFO - [2024-05-12T07:31:12.351+0000] {dag.py:3096} INFO - Sync 1 DAGs
[2024-05-12T07:31:12.395+0000] {logging_mixin.py:188} INFO - [2024-05-12T07:31:12.394+0000] {dag.py:3954} INFO - Setting next_dagrun for example_bash_operator to 2024-05-11 00:00:00+00:00, run_after=2024-05-12 00:00:00+00:00
[2024-05-12T07:31:12.445+0000] {processor.py:183} INFO - Processing /home/airflow/.local/lib/python3.12/site-packages/airflow/example_dags/example_bash_operator.py took 0.158 seconds
[2024-05-12T07:31:43.117+0000] {processor.py:161} INFO - Started process (PID=271) to work on /home/airflow/.local/lib/python3.12/site-packages/airflow/example_dags/example_bash_operator.py
[2024-05-12T07:31:43.118+0000] {processor.py:830} INFO - Processing file /home/airflow/.local/lib/python3.12/site-packages/airflow/example_dags/example_bash_operator.py for tasks to queue
[2024-05-12T07:31:43.120+0000] {logging_mixin.py:188} INFO - [2024-05-12T07:31:43.120+0000] {dagbag.py:540} INFO - Filling up the DagBag from /home/airflow/.local/lib/python3.12/site-packages/airflow/example_dags/example_bash_operator.py
[2024-05-12T07:31:43.133+0000] {processor.py:840} INFO - DAG(s) 'example_bash_operator' retrieved from /home/airflow/.local/lib/python3.12/site-packages/airflow/example_dags/example_bash_operator.py
[2024-05-12T07:31:43.147+0000] {logging_mixin.py:188} INFO - [2024-05-12T07:31:43.147+0000] {dag.py:3096} INFO - Sync 1 DAGs
[2024-05-12T07:31:43.176+0000] {logging_mixin.py:188} INFO - [2024-05-12T07:31:43.176+0000] {dag.py:3954} INFO - Setting next_dagrun for example_bash_operator to 2024-05-11 00:00:00+00:00, run_after=2024-05-12 00:00:00+00:00
[2024-05-12T07:31:43.202+0000] {processor.py:183} INFO - Processing /home/airflow/.local/lib/python3.12/site-packages/airflow/example_dags/example_bash_operator.py took 0.090 seconds
[2024-05-12T07:32:14.399+0000] {processor.py:161} INFO - Started process (PID=338) to work on /home/airflow/.local/lib/python3.12/site-packages/airflow/example_dags/example_bash_operator.py
[2024-05-12T07:32:14.400+0000] {processor.py:830} INFO - Processing file /home/airflow/.local/lib/python3.12/site-packages/airflow/example_dags/example_bash_operator.py for tasks to queue
[2024-05-12T07:32:14.402+0000] {logging_mixin.py:188} INFO - [2024-05-12T07:32:14.402+0000] {dagbag.py:540} INFO - Filling up the DagBag from /home/airflow/.local/lib/python3.12/site-packages/airflow/example_dags/example_bash_operator.py
[2024-05-12T07:32:14.415+0000] {processor.py:840} INFO - DAG(s) 'example_bash_operator' retrieved from /home/airflow/.local/lib/python3.12/site-packages/airflow/example_dags/example_bash_operator.py
[2024-05-12T07:32:14.554+0000] {logging_mixin.py:188} INFO - [2024-05-12T07:32:14.554+0000] {dag.py:3096} INFO - Sync 1 DAGs
[2024-05-12T07:32:14.580+0000] {logging_mixin.py:188} INFO - [2024-05-12T07:32:14.580+0000] {dag.py:3954} INFO - Setting next_dagrun for example_bash_operator to 2024-05-11 00:00:00+00:00, run_after=2024-05-12 00:00:00+00:00
[2024-05-12T07:32:14.606+0000] {processor.py:183} INFO - Processing /home/airflow/.local/lib/python3.12/site-packages/airflow/example_dags/example_bash_operator.py took 0.214 seconds
[2024-05-12T07:32:46.186+0000] {processor.py:161} INFO - Started process (PID=405) to work on /home/airflow/.local/lib/python3.12/site-packages/airflow/example_dags/example_bash_operator.py
[2024-05-12T07:32:46.188+0000] {processor.py:830} INFO - Processing file /home/airflow/.local/lib/python3.12/site-packages/airflow/example_dags/example_bash_operator.py for tasks to queue
[2024-05-12T07:32:46.192+0000] {logging_mixin.py:188} INFO - [2024-05-12T07:32:46.191+0000] {dagbag.py:540} INFO - Filling up the DagBag from /home/airflow/.local/lib/python3.12/site-packages/airflow/example_dags/example_bash_operator.py
[2024-05-12T07:32:46.211+0000] {processor.py:840} INFO - DAG(s) 'example_bash_operator' retrieved from /home/airflow/.local/lib/python3.12/site-packages/airflow/example_dags/example_bash_operator.py
[2024-05-12T07:32:46.260+0000] {logging_mixin.py:188} INFO - [2024-05-12T07:32:46.259+0000] {dag.py:3096} INFO - Sync 1 DAGs
[2024-05-12T07:32:46.300+0000] {logging_mixin.py:188} INFO - [2024-05-12T07:32:46.299+0000] {dag.py:3954} INFO - Setting next_dagrun for example_bash_operator to 2024-05-11 00:00:00+00:00, run_after=2024-05-12 00:00:00+00:00
[2024-05-12T07:32:46.329+0000] {processor.py:183} INFO - Processing /home/airflow/.local/lib/python3.12/site-packages/airflow/example_dags/example_bash_operator.py took 0.150 seconds
[2024-05-12T07:33:21.234+0000] {processor.py:161} INFO - Started process (PID=478) to work on /home/airflow/.local/lib/python3.12/site-packages/airflow/example_dags/example_bash_operator.py
[2024-05-12T07:33:21.236+0000] {processor.py:830} INFO - Processing file /home/airflow/.local/lib/python3.12/site-packages/airflow/example_dags/example_bash_operator.py for tasks to queue
[2024-05-12T07:33:21.248+0000] {logging_mixin.py:188} INFO - [2024-05-12T07:33:21.247+0000] {dagbag.py:540} INFO - Filling up the DagBag from /home/airflow/.local/lib/python3.12/site-packages/airflow/example_dags/example_bash_operator.py
[2024-05-12T07:33:21.289+0000] {processor.py:840} INFO - DAG(s) 'example_bash_operator' retrieved from /home/airflow/.local/lib/python3.12/site-packages/airflow/example_dags/example_bash_operator.py
[2024-05-12T07:33:21.371+0000] {logging_mixin.py:188} INFO - [2024-05-12T07:33:21.370+0000] {dag.py:3096} INFO - Sync 1 DAGs
[2024-05-12T07:33:21.441+0000] {logging_mixin.py:188} INFO - [2024-05-12T07:33:21.440+0000] {dag.py:3954} INFO - Setting next_dagrun for example_bash_operator to 2024-05-11 00:00:00+00:00, run_after=2024-05-12 00:00:00+00:00
[2024-05-12T07:33:21.502+0000] {processor.py:183} INFO - Processing /home/airflow/.local/lib/python3.12/site-packages/airflow/example_dags/example_bash_operator.py took 0.288 seconds
[2024-05-12T07:33:52.602+0000] {processor.py:161} INFO - Started process (PID=544) to work on /home/airflow/.local/lib/python3.12/site-packages/airflow/example_dags/example_bash_operator.py
[2024-05-12T07:33:52.604+0000] {processor.py:830} INFO - Processing file /home/airflow/.local/lib/python3.12/site-packages/airflow/example_dags/example_bash_operator.py for tasks to queue
[2024-05-12T07:33:52.609+0000] {logging_mixin.py:188} INFO - [2024-05-12T07:33:52.608+0000] {dagbag.py:540} INFO - Filling up the DagBag from /home/airflow/.local/lib/python3.12/site-packages/airflow/example_dags/example_bash_operator.py
[2024-05-12T07:33:52.633+0000] {processor.py:840} INFO - DAG(s) 'example_bash_operator' retrieved from /home/airflow/.local/lib/python3.12/site-packages/airflow/example_dags/example_bash_operator.py
[2024-05-12T07:33:52.699+0000] {logging_mixin.py:188} INFO - [2024-05-12T07:33:52.698+0000] {dag.py:3096} INFO - Sync 1 DAGs
[2024-05-12T07:33:52.758+0000] {logging_mixin.py:188} INFO - [2024-05-12T07:33:52.757+0000] {dag.py:3954} INFO - Setting next_dagrun for example_bash_operator to 2024-05-11 00:00:00+00:00, run_after=2024-05-12 00:00:00+00:00
[2024-05-12T07:33:52.801+0000] {processor.py:183} INFO - Processing /home/airflow/.local/lib/python3.12/site-packages/airflow/example_dags/example_bash_operator.py took 0.210 seconds
[2024-05-12T07:34:22.923+0000] {processor.py:161} INFO - Started process (PID=608) to work on /home/airflow/.local/lib/python3.12/site-packages/airflow/example_dags/example_bash_operator.py
[2024-05-12T07:34:22.925+0000] {processor.py:830} INFO - Processing file /home/airflow/.local/lib/python3.12/site-packages/airflow/example_dags/example_bash_operator.py for tasks to queue
[2024-05-12T07:34:22.927+0000] {logging_mixin.py:188} INFO - [2024-05-12T07:34:22.927+0000] {dagbag.py:540} INFO - Filling up the DagBag from /home/airflow/.local/lib/python3.12/site-packages/airflow/example_dags/example_bash_operator.py
[2024-05-12T07:34:22.950+0000] {processor.py:840} INFO - DAG(s) 'example_bash_operator' retrieved from /home/airflow/.local/lib/python3.12/site-packages/airflow/example_dags/example_bash_operator.py
[2024-05-12T07:34:23.030+0000] {logging_mixin.py:188} INFO - [2024-05-12T07:34:23.029+0000] {dag.py:3096} INFO - Sync 1 DAGs
[2024-05-12T07:34:23.088+0000] {logging_mixin.py:188} INFO - [2024-05-12T07:34:23.088+0000] {dag.py:3954} INFO - Setting next_dagrun for example_bash_operator to 2024-05-11 00:00:00+00:00, run_after=2024-05-12 00:00:00+00:00
[2024-05-12T07:34:23.135+0000] {processor.py:183} INFO - Processing /home/airflow/.local/lib/python3.12/site-packages/airflow/example_dags/example_bash_operator.py took 0.225 seconds
[2024-05-12T07:34:53.778+0000] {processor.py:161} INFO - Started process (PID=675) to work on /home/airflow/.local/lib/python3.12/site-packages/airflow/example_dags/example_bash_operator.py
[2024-05-12T07:34:53.779+0000] {processor.py:830} INFO - Processing file /home/airflow/.local/lib/python3.12/site-packages/airflow/example_dags/example_bash_operator.py for tasks to queue
[2024-05-12T07:34:53.781+0000] {logging_mixin.py:188} INFO - [2024-05-12T07:34:53.781+0000] {dagbag.py:540} INFO - Filling up the DagBag from /home/airflow/.local/lib/python3.12/site-packages/airflow/example_dags/example_bash_operator.py
[2024-05-12T07:34:53.793+0000] {processor.py:840} INFO - DAG(s) 'example_bash_operator' retrieved from /home/airflow/.local/lib/python3.12/site-packages/airflow/example_dags/example_bash_operator.py
[2024-05-12T07:34:53.846+0000] {logging_mixin.py:188} INFO - [2024-05-12T07:34:53.845+0000] {dag.py:3096} INFO - Sync 1 DAGs
[2024-05-12T07:34:53.887+0000] {logging_mixin.py:188} INFO - [2024-05-12T07:34:53.887+0000] {dag.py:3954} INFO - Setting next_dagrun for example_bash_operator to 2024-05-11 00:00:00+00:00, run_after=2024-05-12 00:00:00+00:00
[2024-05-12T07:34:53.907+0000] {processor.py:183} INFO - Processing /home/airflow/.local/lib/python3.12/site-packages/airflow/example_dags/example_bash_operator.py took 0.134 seconds
[2024-05-12T07:35:24.066+0000] {processor.py:161} INFO - Started process (PID=740) to work on /home/airflow/.local/lib/python3.12/site-packages/airflow/example_dags/example_bash_operator.py
[2024-05-12T07:35:24.067+0000] {processor.py:830} INFO - Processing file /home/airflow/.local/lib/python3.12/site-packages/airflow/example_dags/example_bash_operator.py for tasks to queue
[2024-05-12T07:35:24.071+0000] {logging_mixin.py:188} INFO - [2024-05-12T07:35:24.070+0000] {dagbag.py:540} INFO - Filling up the DagBag from /home/airflow/.local/lib/python3.12/site-packages/airflow/example_dags/example_bash_operator.py
[2024-05-12T07:35:24.095+0000] {processor.py:840} INFO - DAG(s) 'example_bash_operator' retrieved from /home/airflow/.local/lib/python3.12/site-packages/airflow/example_dags/example_bash_operator.py
[2024-05-12T07:35:24.142+0000] {logging_mixin.py:188} INFO - [2024-05-12T07:35:24.142+0000] {dag.py:3096} INFO - Sync 1 DAGs
[2024-05-12T07:35:24.177+0000] {logging_mixin.py:188} INFO - [2024-05-12T07:35:24.176+0000] {dag.py:3954} INFO - Setting next_dagrun for example_bash_operator to 2024-05-11 00:00:00+00:00, run_after=2024-05-12 00:00:00+00:00
[2024-05-12T07:35:24.207+0000] {processor.py:183} INFO - Processing /home/airflow/.local/lib/python3.12/site-packages/airflow/example_dags/example_bash_operator.py took 0.151 seconds
[2024-05-12T07:35:54.606+0000] {processor.py:161} INFO - Started process (PID=806) to work on /home/airflow/.local/lib/python3.12/site-packages/airflow/example_dags/example_bash_operator.py
[2024-05-12T07:35:54.607+0000] {processor.py:830} INFO - Processing file /home/airflow/.local/lib/python3.12/site-packages/airflow/example_dags/example_bash_operator.py for tasks to queue
[2024-05-12T07:35:54.609+0000] {logging_mixin.py:188} INFO - [2024-05-12T07:35:54.608+0000] {dagbag.py:540} INFO - Filling up the DagBag from /home/airflow/.local/lib/python3.12/site-packages/airflow/example_dags/example_bash_operator.py
[2024-05-12T07:35:54.621+0000] {processor.py:840} INFO - DAG(s) 'example_bash_operator' retrieved from /home/airflow/.local/lib/python3.12/site-packages/airflow/example_dags/example_bash_operator.py
[2024-05-12T07:35:54.653+0000] {logging_mixin.py:188} INFO - [2024-05-12T07:35:54.652+0000] {dag.py:3096} INFO - Sync 1 DAGs
[2024-05-12T07:35:54.677+0000] {logging_mixin.py:188} INFO - [2024-05-12T07:35:54.676+0000] {dag.py:3954} INFO - Setting next_dagrun for example_bash_operator to 2024-05-11 00:00:00+00:00, run_after=2024-05-12 00:00:00+00:00
[2024-05-12T07:35:54.701+0000] {processor.py:183} INFO - Processing /home/airflow/.local/lib/python3.12/site-packages/airflow/example_dags/example_bash_operator.py took 0.101 seconds
[2024-05-12T07:36:24.815+0000] {processor.py:161} INFO - Started process (PID=871) to work on /home/airflow/.local/lib/python3.12/site-packages/airflow/example_dags/example_bash_operator.py
[2024-05-12T07:36:24.817+0000] {processor.py:830} INFO - Processing file /home/airflow/.local/lib/python3.12/site-packages/airflow/example_dags/example_bash_operator.py for tasks to queue
[2024-05-12T07:36:24.819+0000] {logging_mixin.py:188} INFO - [2024-05-12T07:36:24.818+0000] {dagbag.py:540} INFO - Filling up the DagBag from /home/airflow/.local/lib/python3.12/site-packages/airflow/example_dags/example_bash_operator.py
[2024-05-12T07:36:24.830+0000] {processor.py:840} INFO - DAG(s) 'example_bash_operator' retrieved from /home/airflow/.local/lib/python3.12/site-packages/airflow/example_dags/example_bash_operator.py
[2024-05-12T07:36:24.862+0000] {logging_mixin.py:188} INFO - [2024-05-12T07:36:24.862+0000] {dag.py:3096} INFO - Sync 1 DAGs
[2024-05-12T07:36:24.886+0000] {logging_mixin.py:188} INFO - [2024-05-12T07:36:24.885+0000] {dag.py:3954} INFO - Setting next_dagrun for example_bash_operator to 2024-05-11 00:00:00+00:00, run_after=2024-05-12 00:00:00+00:00
[2024-05-12T07:36:24.912+0000] {processor.py:183} INFO - Processing /home/airflow/.local/lib/python3.12/site-packages/airflow/example_dags/example_bash_operator.py took 0.103 seconds
[2024-05-12T07:36:55.139+0000] {processor.py:161} INFO - Started process (PID=938) to work on /home/airflow/.local/lib/python3.12/site-packages/airflow/example_dags/example_bash_operator.py
[2024-05-12T07:36:55.140+0000] {processor.py:830} INFO - Processing file /home/airflow/.local/lib/python3.12/site-packages/airflow/example_dags/example_bash_operator.py for tasks to queue
[2024-05-12T07:36:55.142+0000] {logging_mixin.py:188} INFO - [2024-05-12T07:36:55.142+0000] {dagbag.py:540} INFO - Filling up the DagBag from /home/airflow/.local/lib/python3.12/site-packages/airflow/example_dags/example_bash_operator.py
[2024-05-12T07:36:55.157+0000] {processor.py:840} INFO - DAG(s) 'example_bash_operator' retrieved from /home/airflow/.local/lib/python3.12/site-packages/airflow/example_dags/example_bash_operator.py
[2024-05-12T07:36:55.198+0000] {logging_mixin.py:188} INFO - [2024-05-12T07:36:55.198+0000] {dag.py:3096} INFO - Sync 1 DAGs
[2024-05-12T07:36:55.228+0000] {logging_mixin.py:188} INFO - [2024-05-12T07:36:55.228+0000] {dag.py:3954} INFO - Setting next_dagrun for example_bash_operator to 2024-05-11 00:00:00+00:00, run_after=2024-05-12 00:00:00+00:00
[2024-05-12T07:36:55.253+0000] {processor.py:183} INFO - Processing /home/airflow/.local/lib/python3.12/site-packages/airflow/example_dags/example_bash_operator.py took 0.122 seconds
