[2024-05-12T06:27:30.936+0000] {processor.py:161} INFO - Started process (PID=86) to work on /home/airflow/.local/lib/python3.12/site-packages/airflow/example_dags/example_python_decorator.py
[2024-05-12T06:27:30.937+0000] {processor.py:830} INFO - Processing file /home/airflow/.local/lib/python3.12/site-packages/airflow/example_dags/example_python_decorator.py for tasks to queue
[2024-05-12T06:27:30.940+0000] {logging_mixin.py:188} INFO - [2024-05-12T06:27:30.939+0000] {dagbag.py:540} INFO - Filling up the DagBag from /home/airflow/.local/lib/python3.12/site-packages/airflow/example_dags/example_python_decorator.py
[2024-05-12T06:27:30.958+0000] {processor.py:840} INFO - DAG(s) 'example_python_decorator' retrieved from /home/airflow/.local/lib/python3.12/site-packages/airflow/example_dags/example_python_decorator.py
[2024-05-12T06:27:31.097+0000] {logging_mixin.py:188} INFO - [2024-05-12T06:27:31.097+0000] {dag.py:3096} INFO - Sync 1 DAGs
[2024-05-12T06:27:31.110+0000] {logging_mixin.py:188} INFO - [2024-05-12T06:27:31.110+0000] {dag.py:3954} INFO - Setting next_dagrun for example_python_decorator to None, run_after=None
[2024-05-12T06:27:31.132+0000] {processor.py:183} INFO - Processing /home/airflow/.local/lib/python3.12/site-packages/airflow/example_dags/example_python_decorator.py took 0.204 seconds
[2024-05-12T07:30:14.961+0000] {processor.py:161} INFO - Started process (PID=92) to work on /home/airflow/.local/lib/python3.12/site-packages/airflow/example_dags/example_python_decorator.py
[2024-05-12T07:30:14.971+0000] {processor.py:830} INFO - Processing file /home/airflow/.local/lib/python3.12/site-packages/airflow/example_dags/example_python_decorator.py for tasks to queue
[2024-05-12T07:30:14.974+0000] {logging_mixin.py:188} INFO - [2024-05-12T07:30:14.973+0000] {dagbag.py:540} INFO - Filling up the DagBag from /home/airflow/.local/lib/python3.12/site-packages/airflow/example_dags/example_python_decorator.py
[2024-05-12T07:30:14.992+0000] {processor.py:840} INFO - DAG(s) 'example_python_decorator' retrieved from /home/airflow/.local/lib/python3.12/site-packages/airflow/example_dags/example_python_decorator.py
[2024-05-12T07:30:15.161+0000] {logging_mixin.py:188} INFO - [2024-05-12T07:30:15.161+0000] {dag.py:3096} INFO - Sync 1 DAGs
[2024-05-12T07:30:15.180+0000] {logging_mixin.py:188} INFO - [2024-05-12T07:30:15.179+0000] {dag.py:3954} INFO - Setting next_dagrun for example_python_decorator to None, run_after=None
[2024-05-12T07:30:15.292+0000] {processor.py:183} INFO - Processing /home/airflow/.local/lib/python3.12/site-packages/airflow/example_dags/example_python_decorator.py took 0.340 seconds
[2024-05-12T07:30:46.242+0000] {processor.py:161} INFO - Started process (PID=159) to work on /home/airflow/.local/lib/python3.12/site-packages/airflow/example_dags/example_python_decorator.py
[2024-05-12T07:30:46.243+0000] {processor.py:830} INFO - Processing file /home/airflow/.local/lib/python3.12/site-packages/airflow/example_dags/example_python_decorator.py for tasks to queue
[2024-05-12T07:30:46.247+0000] {logging_mixin.py:188} INFO - [2024-05-12T07:30:46.247+0000] {dagbag.py:540} INFO - Filling up the DagBag from /home/airflow/.local/lib/python3.12/site-packages/airflow/example_dags/example_python_decorator.py
[2024-05-12T07:30:46.281+0000] {processor.py:840} INFO - DAG(s) 'example_python_decorator' retrieved from /home/airflow/.local/lib/python3.12/site-packages/airflow/example_dags/example_python_decorator.py
[2024-05-12T07:30:46.353+0000] {logging_mixin.py:188} INFO - [2024-05-12T07:30:46.353+0000] {dag.py:3096} INFO - Sync 1 DAGs
[2024-05-12T07:30:46.406+0000] {logging_mixin.py:188} INFO - [2024-05-12T07:30:46.402+0000] {dag.py:3954} INFO - Setting next_dagrun for example_python_decorator to None, run_after=None
[2024-05-12T07:30:46.495+0000] {processor.py:183} INFO - Processing /home/airflow/.local/lib/python3.12/site-packages/airflow/example_dags/example_python_decorator.py took 0.268 seconds
[2024-05-12T07:31:16.642+0000] {processor.py:161} INFO - Started process (PID=226) to work on /home/airflow/.local/lib/python3.12/site-packages/airflow/example_dags/example_python_decorator.py
[2024-05-12T07:31:16.643+0000] {processor.py:830} INFO - Processing file /home/airflow/.local/lib/python3.12/site-packages/airflow/example_dags/example_python_decorator.py for tasks to queue
[2024-05-12T07:31:16.646+0000] {logging_mixin.py:188} INFO - [2024-05-12T07:31:16.645+0000] {dagbag.py:540} INFO - Filling up the DagBag from /home/airflow/.local/lib/python3.12/site-packages/airflow/example_dags/example_python_decorator.py
[2024-05-12T07:31:16.665+0000] {processor.py:840} INFO - DAG(s) 'example_python_decorator' retrieved from /home/airflow/.local/lib/python3.12/site-packages/airflow/example_dags/example_python_decorator.py
[2024-05-12T07:31:16.685+0000] {logging_mixin.py:188} INFO - [2024-05-12T07:31:16.685+0000] {dag.py:3096} INFO - Sync 1 DAGs
[2024-05-12T07:31:16.715+0000] {logging_mixin.py:188} INFO - [2024-05-12T07:31:16.714+0000] {dag.py:3954} INFO - Setting next_dagrun for example_python_decorator to None, run_after=None
[2024-05-12T07:31:16.747+0000] {processor.py:183} INFO - Processing /home/airflow/.local/lib/python3.12/site-packages/airflow/example_dags/example_python_decorator.py took 0.117 seconds
[2024-05-12T07:31:46.934+0000] {processor.py:161} INFO - Started process (PID=292) to work on /home/airflow/.local/lib/python3.12/site-packages/airflow/example_dags/example_python_decorator.py
[2024-05-12T07:31:46.935+0000] {processor.py:830} INFO - Processing file /home/airflow/.local/lib/python3.12/site-packages/airflow/example_dags/example_python_decorator.py for tasks to queue
[2024-05-12T07:31:46.937+0000] {logging_mixin.py:188} INFO - [2024-05-12T07:31:46.937+0000] {dagbag.py:540} INFO - Filling up the DagBag from /home/airflow/.local/lib/python3.12/site-packages/airflow/example_dags/example_python_decorator.py
[2024-05-12T07:31:46.960+0000] {processor.py:840} INFO - DAG(s) 'example_python_decorator' retrieved from /home/airflow/.local/lib/python3.12/site-packages/airflow/example_dags/example_python_decorator.py
[2024-05-12T07:31:46.978+0000] {logging_mixin.py:188} INFO - [2024-05-12T07:31:46.977+0000] {dag.py:3096} INFO - Sync 1 DAGs
[2024-05-12T07:31:47.001+0000] {logging_mixin.py:188} INFO - [2024-05-12T07:31:47.001+0000] {dag.py:3954} INFO - Setting next_dagrun for example_python_decorator to None, run_after=None
[2024-05-12T07:31:47.038+0000] {processor.py:183} INFO - Processing /home/airflow/.local/lib/python3.12/site-packages/airflow/example_dags/example_python_decorator.py took 0.113 seconds
[2024-05-12T07:32:18.790+0000] {processor.py:161} INFO - Started process (PID=359) to work on /home/airflow/.local/lib/python3.12/site-packages/airflow/example_dags/example_python_decorator.py
[2024-05-12T07:32:18.792+0000] {processor.py:830} INFO - Processing file /home/airflow/.local/lib/python3.12/site-packages/airflow/example_dags/example_python_decorator.py for tasks to queue
[2024-05-12T07:32:18.795+0000] {logging_mixin.py:188} INFO - [2024-05-12T07:32:18.794+0000] {dagbag.py:540} INFO - Filling up the DagBag from /home/airflow/.local/lib/python3.12/site-packages/airflow/example_dags/example_python_decorator.py
[2024-05-12T07:32:18.813+0000] {processor.py:840} INFO - DAG(s) 'example_python_decorator' retrieved from /home/airflow/.local/lib/python3.12/site-packages/airflow/example_dags/example_python_decorator.py
[2024-05-12T07:32:19.034+0000] {logging_mixin.py:188} INFO - [2024-05-12T07:32:19.034+0000] {dag.py:3096} INFO - Sync 1 DAGs
[2024-05-12T07:32:19.051+0000] {logging_mixin.py:188} INFO - [2024-05-12T07:32:19.050+0000] {dag.py:3954} INFO - Setting next_dagrun for example_python_decorator to None, run_after=None
[2024-05-12T07:32:19.079+0000] {processor.py:183} INFO - Processing /home/airflow/.local/lib/python3.12/site-packages/airflow/example_dags/example_python_decorator.py took 0.297 seconds
[2024-05-12T07:32:49.794+0000] {processor.py:161} INFO - Started process (PID=432) to work on /home/airflow/.local/lib/python3.12/site-packages/airflow/example_dags/example_python_decorator.py
[2024-05-12T07:32:49.795+0000] {processor.py:830} INFO - Processing file /home/airflow/.local/lib/python3.12/site-packages/airflow/example_dags/example_python_decorator.py for tasks to queue
[2024-05-12T07:32:49.797+0000] {logging_mixin.py:188} INFO - [2024-05-12T07:32:49.797+0000] {dagbag.py:540} INFO - Filling up the DagBag from /home/airflow/.local/lib/python3.12/site-packages/airflow/example_dags/example_python_decorator.py
[2024-05-12T07:32:49.811+0000] {processor.py:840} INFO - DAG(s) 'example_python_decorator' retrieved from /home/airflow/.local/lib/python3.12/site-packages/airflow/example_dags/example_python_decorator.py
[2024-05-12T07:32:49.835+0000] {logging_mixin.py:188} INFO - [2024-05-12T07:32:49.835+0000] {dag.py:3096} INFO - Sync 1 DAGs
[2024-05-12T07:32:49.849+0000] {logging_mixin.py:188} INFO - [2024-05-12T07:32:49.849+0000] {dag.py:3954} INFO - Setting next_dagrun for example_python_decorator to None, run_after=None
[2024-05-12T07:32:49.874+0000] {processor.py:183} INFO - Processing /home/airflow/.local/lib/python3.12/site-packages/airflow/example_dags/example_python_decorator.py took 0.085 seconds
[2024-05-12T07:33:25.169+0000] {processor.py:161} INFO - Started process (PID=499) to work on /home/airflow/.local/lib/python3.12/site-packages/airflow/example_dags/example_python_decorator.py
[2024-05-12T07:33:25.175+0000] {processor.py:830} INFO - Processing file /home/airflow/.local/lib/python3.12/site-packages/airflow/example_dags/example_python_decorator.py for tasks to queue
[2024-05-12T07:33:25.179+0000] {logging_mixin.py:188} INFO - [2024-05-12T07:33:25.179+0000] {dagbag.py:540} INFO - Filling up the DagBag from /home/airflow/.local/lib/python3.12/site-packages/airflow/example_dags/example_python_decorator.py
[2024-05-12T07:33:25.231+0000] {processor.py:840} INFO - DAG(s) 'example_python_decorator' retrieved from /home/airflow/.local/lib/python3.12/site-packages/airflow/example_dags/example_python_decorator.py
[2024-05-12T07:33:25.305+0000] {logging_mixin.py:188} INFO - [2024-05-12T07:33:25.305+0000] {dag.py:3096} INFO - Sync 1 DAGs
[2024-05-12T07:33:25.358+0000] {logging_mixin.py:188} INFO - [2024-05-12T07:33:25.357+0000] {dag.py:3954} INFO - Setting next_dagrun for example_python_decorator to None, run_after=None
[2024-05-12T07:33:25.445+0000] {processor.py:183} INFO - Processing /home/airflow/.local/lib/python3.12/site-packages/airflow/example_dags/example_python_decorator.py took 0.293 seconds
[2024-05-12T07:33:56.378+0000] {processor.py:161} INFO - Started process (PID=566) to work on /home/airflow/.local/lib/python3.12/site-packages/airflow/example_dags/example_python_decorator.py
[2024-05-12T07:33:56.380+0000] {processor.py:830} INFO - Processing file /home/airflow/.local/lib/python3.12/site-packages/airflow/example_dags/example_python_decorator.py for tasks to queue
[2024-05-12T07:33:56.386+0000] {logging_mixin.py:188} INFO - [2024-05-12T07:33:56.385+0000] {dagbag.py:540} INFO - Filling up the DagBag from /home/airflow/.local/lib/python3.12/site-packages/airflow/example_dags/example_python_decorator.py
[2024-05-12T07:33:56.451+0000] {processor.py:840} INFO - DAG(s) 'example_python_decorator' retrieved from /home/airflow/.local/lib/python3.12/site-packages/airflow/example_dags/example_python_decorator.py
[2024-05-12T07:33:56.522+0000] {logging_mixin.py:188} INFO - [2024-05-12T07:33:56.521+0000] {dag.py:3096} INFO - Sync 1 DAGs
[2024-05-12T07:33:56.558+0000] {logging_mixin.py:188} INFO - [2024-05-12T07:33:56.557+0000] {dag.py:3954} INFO - Setting next_dagrun for example_python_decorator to None, run_after=None
[2024-05-12T07:33:56.637+0000] {processor.py:183} INFO - Processing /home/airflow/.local/lib/python3.12/site-packages/airflow/example_dags/example_python_decorator.py took 0.283 seconds
[2024-05-12T07:34:28.656+0000] {processor.py:161} INFO - Started process (PID=633) to work on /home/airflow/.local/lib/python3.12/site-packages/airflow/example_dags/example_python_decorator.py
[2024-05-12T07:34:28.674+0000] {processor.py:830} INFO - Processing file /home/airflow/.local/lib/python3.12/site-packages/airflow/example_dags/example_python_decorator.py for tasks to queue
[2024-05-12T07:34:28.686+0000] {logging_mixin.py:188} INFO - [2024-05-12T07:34:28.686+0000] {dagbag.py:540} INFO - Filling up the DagBag from /home/airflow/.local/lib/python3.12/site-packages/airflow/example_dags/example_python_decorator.py
[2024-05-12T07:34:28.740+0000] {processor.py:840} INFO - DAG(s) 'example_python_decorator' retrieved from /home/airflow/.local/lib/python3.12/site-packages/airflow/example_dags/example_python_decorator.py
[2024-05-12T07:34:28.818+0000] {logging_mixin.py:188} INFO - [2024-05-12T07:34:28.817+0000] {dag.py:3096} INFO - Sync 1 DAGs
[2024-05-12T07:34:28.878+0000] {logging_mixin.py:188} INFO - [2024-05-12T07:34:28.878+0000] {dag.py:3954} INFO - Setting next_dagrun for example_python_decorator to None, run_after=None
[2024-05-12T07:34:28.964+0000] {processor.py:183} INFO - Processing /home/airflow/.local/lib/python3.12/site-packages/airflow/example_dags/example_python_decorator.py took 0.328 seconds
[2024-05-12T07:34:59.231+0000] {processor.py:161} INFO - Started process (PID=700) to work on /home/airflow/.local/lib/python3.12/site-packages/airflow/example_dags/example_python_decorator.py
[2024-05-12T07:34:59.233+0000] {processor.py:830} INFO - Processing file /home/airflow/.local/lib/python3.12/site-packages/airflow/example_dags/example_python_decorator.py for tasks to queue
[2024-05-12T07:34:59.239+0000] {logging_mixin.py:188} INFO - [2024-05-12T07:34:59.237+0000] {dagbag.py:540} INFO - Filling up the DagBag from /home/airflow/.local/lib/python3.12/site-packages/airflow/example_dags/example_python_decorator.py
[2024-05-12T07:34:59.261+0000] {processor.py:840} INFO - DAG(s) 'example_python_decorator' retrieved from /home/airflow/.local/lib/python3.12/site-packages/airflow/example_dags/example_python_decorator.py
[2024-05-12T07:34:59.295+0000] {logging_mixin.py:188} INFO - [2024-05-12T07:34:59.294+0000] {dag.py:3096} INFO - Sync 1 DAGs
[2024-05-12T07:34:59.314+0000] {logging_mixin.py:188} INFO - [2024-05-12T07:34:59.313+0000] {dag.py:3954} INFO - Setting next_dagrun for example_python_decorator to None, run_after=None
[2024-05-12T07:34:59.347+0000] {processor.py:183} INFO - Processing /home/airflow/.local/lib/python3.12/site-packages/airflow/example_dags/example_python_decorator.py took 0.124 seconds
[2024-05-12T07:35:29.804+0000] {processor.py:161} INFO - Started process (PID=765) to work on /home/airflow/.local/lib/python3.12/site-packages/airflow/example_dags/example_python_decorator.py
[2024-05-12T07:35:29.806+0000] {processor.py:830} INFO - Processing file /home/airflow/.local/lib/python3.12/site-packages/airflow/example_dags/example_python_decorator.py for tasks to queue
[2024-05-12T07:35:29.810+0000] {logging_mixin.py:188} INFO - [2024-05-12T07:35:29.810+0000] {dagbag.py:540} INFO - Filling up the DagBag from /home/airflow/.local/lib/python3.12/site-packages/airflow/example_dags/example_python_decorator.py
[2024-05-12T07:35:29.832+0000] {processor.py:840} INFO - DAG(s) 'example_python_decorator' retrieved from /home/airflow/.local/lib/python3.12/site-packages/airflow/example_dags/example_python_decorator.py
[2024-05-12T07:35:29.875+0000] {logging_mixin.py:188} INFO - [2024-05-12T07:35:29.875+0000] {dag.py:3096} INFO - Sync 1 DAGs
[2024-05-12T07:35:29.902+0000] {logging_mixin.py:188} INFO - [2024-05-12T07:35:29.901+0000] {dag.py:3954} INFO - Setting next_dagrun for example_python_decorator to None, run_after=None
[2024-05-12T07:35:29.937+0000] {processor.py:183} INFO - Processing /home/airflow/.local/lib/python3.12/site-packages/airflow/example_dags/example_python_decorator.py took 0.143 seconds
[2024-05-12T07:35:59.986+0000] {processor.py:161} INFO - Started process (PID=830) to work on /home/airflow/.local/lib/python3.12/site-packages/airflow/example_dags/example_python_decorator.py
[2024-05-12T07:35:59.987+0000] {processor.py:830} INFO - Processing file /home/airflow/.local/lib/python3.12/site-packages/airflow/example_dags/example_python_decorator.py for tasks to queue
[2024-05-12T07:35:59.989+0000] {logging_mixin.py:188} INFO - [2024-05-12T07:35:59.989+0000] {dagbag.py:540} INFO - Filling up the DagBag from /home/airflow/.local/lib/python3.12/site-packages/airflow/example_dags/example_python_decorator.py
[2024-05-12T07:36:00.004+0000] {processor.py:840} INFO - DAG(s) 'example_python_decorator' retrieved from /home/airflow/.local/lib/python3.12/site-packages/airflow/example_dags/example_python_decorator.py
[2024-05-12T07:36:00.029+0000] {logging_mixin.py:188} INFO - [2024-05-12T07:36:00.029+0000] {dag.py:3096} INFO - Sync 1 DAGs
[2024-05-12T07:36:00.042+0000] {logging_mixin.py:188} INFO - [2024-05-12T07:36:00.042+0000] {dag.py:3954} INFO - Setting next_dagrun for example_python_decorator to None, run_after=None
[2024-05-12T07:36:00.062+0000] {processor.py:183} INFO - Processing /home/airflow/.local/lib/python3.12/site-packages/airflow/example_dags/example_python_decorator.py took 0.082 seconds
[2024-05-12T07:36:30.522+0000] {processor.py:161} INFO - Started process (PID=897) to work on /home/airflow/.local/lib/python3.12/site-packages/airflow/example_dags/example_python_decorator.py
[2024-05-12T07:36:30.524+0000] {processor.py:830} INFO - Processing file /home/airflow/.local/lib/python3.12/site-packages/airflow/example_dags/example_python_decorator.py for tasks to queue
[2024-05-12T07:36:30.527+0000] {logging_mixin.py:188} INFO - [2024-05-12T07:36:30.526+0000] {dagbag.py:540} INFO - Filling up the DagBag from /home/airflow/.local/lib/python3.12/site-packages/airflow/example_dags/example_python_decorator.py
[2024-05-12T07:36:30.566+0000] {processor.py:840} INFO - DAG(s) 'example_python_decorator' retrieved from /home/airflow/.local/lib/python3.12/site-packages/airflow/example_dags/example_python_decorator.py
[2024-05-12T07:36:30.617+0000] {logging_mixin.py:188} INFO - [2024-05-12T07:36:30.617+0000] {dag.py:3096} INFO - Sync 1 DAGs
[2024-05-12T07:36:30.642+0000] {logging_mixin.py:188} INFO - [2024-05-12T07:36:30.641+0000] {dag.py:3954} INFO - Setting next_dagrun for example_python_decorator to None, run_after=None
[2024-05-12T07:36:30.681+0000] {processor.py:183} INFO - Processing /home/airflow/.local/lib/python3.12/site-packages/airflow/example_dags/example_python_decorator.py took 0.169 seconds
[2024-05-12T07:37:02.356+0000] {processor.py:161} INFO - Started process (PID=965) to work on /home/airflow/.local/lib/python3.12/site-packages/airflow/example_dags/example_python_decorator.py
[2024-05-12T07:37:02.358+0000] {processor.py:830} INFO - Processing file /home/airflow/.local/lib/python3.12/site-packages/airflow/example_dags/example_python_decorator.py for tasks to queue
[2024-05-12T07:37:02.361+0000] {logging_mixin.py:188} INFO - [2024-05-12T07:37:02.360+0000] {dagbag.py:540} INFO - Filling up the DagBag from /home/airflow/.local/lib/python3.12/site-packages/airflow/example_dags/example_python_decorator.py
[2024-05-12T07:37:02.388+0000] {processor.py:840} INFO - DAG(s) 'example_python_decorator' retrieved from /home/airflow/.local/lib/python3.12/site-packages/airflow/example_dags/example_python_decorator.py
[2024-05-12T07:37:02.427+0000] {logging_mixin.py:188} INFO - [2024-05-12T07:37:02.427+0000] {dag.py:3096} INFO - Sync 1 DAGs
[2024-05-12T07:37:02.450+0000] {logging_mixin.py:188} INFO - [2024-05-12T07:37:02.450+0000] {dag.py:3954} INFO - Setting next_dagrun for example_python_decorator to None, run_after=None
[2024-05-12T07:37:02.478+0000] {processor.py:183} INFO - Processing /home/airflow/.local/lib/python3.12/site-packages/airflow/example_dags/example_python_decorator.py took 0.131 seconds
