[2024-05-12T06:27:27.941+0000] {processor.py:161} INFO - Started process (PID=59) to work on /home/airflow/.local/lib/python3.12/site-packages/airflow/example_dags/example_branch_labels.py
[2024-05-12T06:27:27.942+0000] {processor.py:830} INFO - Processing file /home/airflow/.local/lib/python3.12/site-packages/airflow/example_dags/example_branch_labels.py for tasks to queue
[2024-05-12T06:27:27.946+0000] {logging_mixin.py:188} INFO - [2024-05-12T06:27:27.945+0000] {dagbag.py:540} INFO - Filling up the DagBag from /home/airflow/.local/lib/python3.12/site-packages/airflow/example_dags/example_branch_labels.py
[2024-05-12T06:27:27.958+0000] {processor.py:840} INFO - DAG(s) 'example_branch_labels' retrieved from /home/airflow/.local/lib/python3.12/site-packages/airflow/example_dags/example_branch_labels.py
[2024-05-12T06:27:27.989+0000] {logging_mixin.py:188} INFO - [2024-05-12T06:27:27.989+0000] {dag.py:3096} INFO - Sync 1 DAGs
[2024-05-12T06:27:28.023+0000] {logging_mixin.py:188} INFO - [2024-05-12T06:27:28.023+0000] {dag.py:3954} INFO - Setting next_dagrun for example_branch_labels to 2024-05-11 00:00:00+00:00, run_after=2024-05-12 00:00:00+00:00
[2024-05-12T06:27:28.056+0000] {processor.py:183} INFO - Processing /home/airflow/.local/lib/python3.12/site-packages/airflow/example_dags/example_branch_labels.py took 0.124 seconds
[2024-05-12T06:42:19.836+0000] {processor.py:161} INFO - Started process (PID=59) to work on /home/airflow/.local/lib/python3.12/site-packages/airflow/example_dags/example_branch_labels.py
[2024-05-12T06:42:19.842+0000] {processor.py:830} INFO - Processing file /home/airflow/.local/lib/python3.12/site-packages/airflow/example_dags/example_branch_labels.py for tasks to queue
[2024-05-12T06:42:19.846+0000] {logging_mixin.py:188} INFO - [2024-05-12T06:42:19.846+0000] {dagbag.py:540} INFO - Filling up the DagBag from /home/airflow/.local/lib/python3.12/site-packages/airflow/example_dags/example_branch_labels.py
[2024-05-12T06:42:19.866+0000] {processor.py:840} INFO - DAG(s) 'example_branch_labels' retrieved from /home/airflow/.local/lib/python3.12/site-packages/airflow/example_dags/example_branch_labels.py
[2024-05-12T06:42:19.891+0000] {logging_mixin.py:188} INFO - [2024-05-12T06:42:19.890+0000] {dag.py:3096} INFO - Sync 1 DAGs
[2024-05-12T06:42:19.950+0000] {logging_mixin.py:188} INFO - [2024-05-12T06:42:19.949+0000] {dag.py:3954} INFO - Setting next_dagrun for example_branch_labels to 2024-05-11 00:00:00+00:00, run_after=2024-05-12 00:00:00+00:00
[2024-05-12T06:42:19.992+0000] {processor.py:183} INFO - Processing /home/airflow/.local/lib/python3.12/site-packages/airflow/example_dags/example_branch_labels.py took 0.168 seconds
[2024-05-12T07:30:09.050+0000] {processor.py:161} INFO - Started process (PID=65) to work on /home/airflow/.local/lib/python3.12/site-packages/airflow/example_dags/example_branch_labels.py
[2024-05-12T07:30:09.103+0000] {processor.py:830} INFO - Processing file /home/airflow/.local/lib/python3.12/site-packages/airflow/example_dags/example_branch_labels.py for tasks to queue
[2024-05-12T07:30:09.131+0000] {logging_mixin.py:188} INFO - [2024-05-12T07:30:09.130+0000] {dagbag.py:540} INFO - Filling up the DagBag from /home/airflow/.local/lib/python3.12/site-packages/airflow/example_dags/example_branch_labels.py
[2024-05-12T07:30:09.230+0000] {processor.py:840} INFO - DAG(s) 'example_branch_labels' retrieved from /home/airflow/.local/lib/python3.12/site-packages/airflow/example_dags/example_branch_labels.py
[2024-05-12T07:30:09.689+0000] {logging_mixin.py:188} INFO - [2024-05-12T07:30:09.684+0000] {dag.py:3096} INFO - Sync 1 DAGs
[2024-05-12T07:30:09.775+0000] {logging_mixin.py:188} INFO - [2024-05-12T07:30:09.775+0000] {dag.py:3954} INFO - Setting next_dagrun for example_branch_labels to 2024-05-11 00:00:00+00:00, run_after=2024-05-12 00:00:00+00:00
[2024-05-12T07:30:09.873+0000] {processor.py:183} INFO - Processing /home/airflow/.local/lib/python3.12/site-packages/airflow/example_dags/example_branch_labels.py took 0.849 seconds
[2024-05-12T07:30:40.682+0000] {processor.py:161} INFO - Started process (PID=132) to work on /home/airflow/.local/lib/python3.12/site-packages/airflow/example_dags/example_branch_labels.py
[2024-05-12T07:30:40.684+0000] {processor.py:830} INFO - Processing file /home/airflow/.local/lib/python3.12/site-packages/airflow/example_dags/example_branch_labels.py for tasks to queue
[2024-05-12T07:30:40.689+0000] {logging_mixin.py:188} INFO - [2024-05-12T07:30:40.687+0000] {dagbag.py:540} INFO - Filling up the DagBag from /home/airflow/.local/lib/python3.12/site-packages/airflow/example_dags/example_branch_labels.py
[2024-05-12T07:30:40.710+0000] {processor.py:840} INFO - DAG(s) 'example_branch_labels' retrieved from /home/airflow/.local/lib/python3.12/site-packages/airflow/example_dags/example_branch_labels.py
[2024-05-12T07:30:40.766+0000] {logging_mixin.py:188} INFO - [2024-05-12T07:30:40.766+0000] {dag.py:3096} INFO - Sync 1 DAGs
[2024-05-12T07:30:40.838+0000] {logging_mixin.py:188} INFO - [2024-05-12T07:30:40.837+0000] {dag.py:3954} INFO - Setting next_dagrun for example_branch_labels to 2024-05-11 00:00:00+00:00, run_after=2024-05-12 00:00:00+00:00
[2024-05-12T07:30:40.895+0000] {processor.py:183} INFO - Processing /home/airflow/.local/lib/python3.12/site-packages/airflow/example_dags/example_branch_labels.py took 0.231 seconds
[2024-05-12T07:31:11.495+0000] {processor.py:161} INFO - Started process (PID=199) to work on /home/airflow/.local/lib/python3.12/site-packages/airflow/example_dags/example_branch_labels.py
[2024-05-12T07:31:11.497+0000] {processor.py:830} INFO - Processing file /home/airflow/.local/lib/python3.12/site-packages/airflow/example_dags/example_branch_labels.py for tasks to queue
[2024-05-12T07:31:11.499+0000] {logging_mixin.py:188} INFO - [2024-05-12T07:31:11.499+0000] {dagbag.py:540} INFO - Filling up the DagBag from /home/airflow/.local/lib/python3.12/site-packages/airflow/example_dags/example_branch_labels.py
[2024-05-12T07:31:11.514+0000] {processor.py:840} INFO - DAG(s) 'example_branch_labels' retrieved from /home/airflow/.local/lib/python3.12/site-packages/airflow/example_dags/example_branch_labels.py
[2024-05-12T07:31:11.530+0000] {logging_mixin.py:188} INFO - [2024-05-12T07:31:11.530+0000] {dag.py:3096} INFO - Sync 1 DAGs
[2024-05-12T07:31:11.570+0000] {logging_mixin.py:188} INFO - [2024-05-12T07:31:11.569+0000] {dag.py:3954} INFO - Setting next_dagrun for example_branch_labels to 2024-05-11 00:00:00+00:00, run_after=2024-05-12 00:00:00+00:00
[2024-05-12T07:31:11.619+0000] {processor.py:183} INFO - Processing /home/airflow/.local/lib/python3.12/site-packages/airflow/example_dags/example_branch_labels.py took 0.131 seconds
[2024-05-12T07:31:41.688+0000] {processor.py:161} INFO - Started process (PID=265) to work on /home/airflow/.local/lib/python3.12/site-packages/airflow/example_dags/example_branch_labels.py
[2024-05-12T07:31:41.690+0000] {processor.py:830} INFO - Processing file /home/airflow/.local/lib/python3.12/site-packages/airflow/example_dags/example_branch_labels.py for tasks to queue
[2024-05-12T07:31:41.693+0000] {logging_mixin.py:188} INFO - [2024-05-12T07:31:41.692+0000] {dagbag.py:540} INFO - Filling up the DagBag from /home/airflow/.local/lib/python3.12/site-packages/airflow/example_dags/example_branch_labels.py
[2024-05-12T07:31:41.706+0000] {processor.py:840} INFO - DAG(s) 'example_branch_labels' retrieved from /home/airflow/.local/lib/python3.12/site-packages/airflow/example_dags/example_branch_labels.py
[2024-05-12T07:31:41.725+0000] {logging_mixin.py:188} INFO - [2024-05-12T07:31:41.725+0000] {dag.py:3096} INFO - Sync 1 DAGs
[2024-05-12T07:31:41.771+0000] {logging_mixin.py:188} INFO - [2024-05-12T07:31:41.771+0000] {dag.py:3954} INFO - Setting next_dagrun for example_branch_labels to 2024-05-11 00:00:00+00:00, run_after=2024-05-12 00:00:00+00:00
[2024-05-12T07:31:41.811+0000] {processor.py:183} INFO - Processing /home/airflow/.local/lib/python3.12/site-packages/airflow/example_dags/example_branch_labels.py took 0.131 seconds
[2024-05-12T07:32:13.443+0000] {processor.py:161} INFO - Started process (PID=332) to work on /home/airflow/.local/lib/python3.12/site-packages/airflow/example_dags/example_branch_labels.py
[2024-05-12T07:32:13.444+0000] {processor.py:830} INFO - Processing file /home/airflow/.local/lib/python3.12/site-packages/airflow/example_dags/example_branch_labels.py for tasks to queue
[2024-05-12T07:32:13.447+0000] {logging_mixin.py:188} INFO - [2024-05-12T07:32:13.446+0000] {dagbag.py:540} INFO - Filling up the DagBag from /home/airflow/.local/lib/python3.12/site-packages/airflow/example_dags/example_branch_labels.py
[2024-05-12T07:32:13.457+0000] {processor.py:840} INFO - DAG(s) 'example_branch_labels' retrieved from /home/airflow/.local/lib/python3.12/site-packages/airflow/example_dags/example_branch_labels.py
[2024-05-12T07:32:13.624+0000] {logging_mixin.py:188} INFO - [2024-05-12T07:32:13.623+0000] {dag.py:3096} INFO - Sync 1 DAGs
[2024-05-12T07:32:13.653+0000] {logging_mixin.py:188} INFO - [2024-05-12T07:32:13.652+0000] {dag.py:3954} INFO - Setting next_dagrun for example_branch_labels to 2024-05-11 00:00:00+00:00, run_after=2024-05-12 00:00:00+00:00
[2024-05-12T07:32:13.676+0000] {processor.py:183} INFO - Processing /home/airflow/.local/lib/python3.12/site-packages/airflow/example_dags/example_branch_labels.py took 0.241 seconds
[2024-05-12T07:32:45.273+0000] {processor.py:161} INFO - Started process (PID=398) to work on /home/airflow/.local/lib/python3.12/site-packages/airflow/example_dags/example_branch_labels.py
[2024-05-12T07:32:45.274+0000] {processor.py:830} INFO - Processing file /home/airflow/.local/lib/python3.12/site-packages/airflow/example_dags/example_branch_labels.py for tasks to queue
[2024-05-12T07:32:45.276+0000] {logging_mixin.py:188} INFO - [2024-05-12T07:32:45.276+0000] {dagbag.py:540} INFO - Filling up the DagBag from /home/airflow/.local/lib/python3.12/site-packages/airflow/example_dags/example_branch_labels.py
[2024-05-12T07:32:45.288+0000] {processor.py:840} INFO - DAG(s) 'example_branch_labels' retrieved from /home/airflow/.local/lib/python3.12/site-packages/airflow/example_dags/example_branch_labels.py
[2024-05-12T07:32:45.323+0000] {logging_mixin.py:188} INFO - [2024-05-12T07:32:45.323+0000] {dag.py:3096} INFO - Sync 1 DAGs
[2024-05-12T07:32:45.368+0000] {logging_mixin.py:188} INFO - [2024-05-12T07:32:45.368+0000] {dag.py:3954} INFO - Setting next_dagrun for example_branch_labels to 2024-05-11 00:00:00+00:00, run_after=2024-05-12 00:00:00+00:00
[2024-05-12T07:32:45.412+0000] {processor.py:183} INFO - Processing /home/airflow/.local/lib/python3.12/site-packages/airflow/example_dags/example_branch_labels.py took 0.147 seconds
[2024-05-12T07:33:20.294+0000] {processor.py:161} INFO - Started process (PID=472) to work on /home/airflow/.local/lib/python3.12/site-packages/airflow/example_dags/example_branch_labels.py
[2024-05-12T07:33:20.296+0000] {processor.py:830} INFO - Processing file /home/airflow/.local/lib/python3.12/site-packages/airflow/example_dags/example_branch_labels.py for tasks to queue
[2024-05-12T07:33:20.300+0000] {logging_mixin.py:188} INFO - [2024-05-12T07:33:20.299+0000] {dagbag.py:540} INFO - Filling up the DagBag from /home/airflow/.local/lib/python3.12/site-packages/airflow/example_dags/example_branch_labels.py
[2024-05-12T07:33:20.319+0000] {processor.py:840} INFO - DAG(s) 'example_branch_labels' retrieved from /home/airflow/.local/lib/python3.12/site-packages/airflow/example_dags/example_branch_labels.py
[2024-05-12T07:33:20.384+0000] {logging_mixin.py:188} INFO - [2024-05-12T07:33:20.383+0000] {dag.py:3096} INFO - Sync 1 DAGs
[2024-05-12T07:33:20.459+0000] {logging_mixin.py:188} INFO - [2024-05-12T07:33:20.458+0000] {dag.py:3954} INFO - Setting next_dagrun for example_branch_labels to 2024-05-11 00:00:00+00:00, run_after=2024-05-12 00:00:00+00:00
[2024-05-12T07:33:20.519+0000] {processor.py:183} INFO - Processing /home/airflow/.local/lib/python3.12/site-packages/airflow/example_dags/example_branch_labels.py took 0.239 seconds
[2024-05-12T07:33:51.197+0000] {processor.py:161} INFO - Started process (PID=538) to work on /home/airflow/.local/lib/python3.12/site-packages/airflow/example_dags/example_branch_labels.py
[2024-05-12T07:33:51.198+0000] {processor.py:830} INFO - Processing file /home/airflow/.local/lib/python3.12/site-packages/airflow/example_dags/example_branch_labels.py for tasks to queue
[2024-05-12T07:33:51.202+0000] {logging_mixin.py:188} INFO - [2024-05-12T07:33:51.201+0000] {dagbag.py:540} INFO - Filling up the DagBag from /home/airflow/.local/lib/python3.12/site-packages/airflow/example_dags/example_branch_labels.py
[2024-05-12T07:33:51.215+0000] {processor.py:840} INFO - DAG(s) 'example_branch_labels' retrieved from /home/airflow/.local/lib/python3.12/site-packages/airflow/example_dags/example_branch_labels.py
[2024-05-12T07:33:51.253+0000] {logging_mixin.py:188} INFO - [2024-05-12T07:33:51.253+0000] {dag.py:3096} INFO - Sync 1 DAGs
[2024-05-12T07:33:51.301+0000] {logging_mixin.py:188} INFO - [2024-05-12T07:33:51.301+0000] {dag.py:3954} INFO - Setting next_dagrun for example_branch_labels to 2024-05-11 00:00:00+00:00, run_after=2024-05-12 00:00:00+00:00
[2024-05-12T07:33:51.331+0000] {processor.py:183} INFO - Processing /home/airflow/.local/lib/python3.12/site-packages/airflow/example_dags/example_branch_labels.py took 0.143 seconds
[2024-05-12T07:34:21.767+0000] {processor.py:161} INFO - Started process (PID=601) to work on /home/airflow/.local/lib/python3.12/site-packages/airflow/example_dags/example_branch_labels.py
[2024-05-12T07:34:21.776+0000] {processor.py:830} INFO - Processing file /home/airflow/.local/lib/python3.12/site-packages/airflow/example_dags/example_branch_labels.py for tasks to queue
[2024-05-12T07:34:21.782+0000] {logging_mixin.py:188} INFO - [2024-05-12T07:34:21.781+0000] {dagbag.py:540} INFO - Filling up the DagBag from /home/airflow/.local/lib/python3.12/site-packages/airflow/example_dags/example_branch_labels.py
[2024-05-12T07:34:21.804+0000] {processor.py:840} INFO - DAG(s) 'example_branch_labels' retrieved from /home/airflow/.local/lib/python3.12/site-packages/airflow/example_dags/example_branch_labels.py
[2024-05-12T07:34:21.859+0000] {logging_mixin.py:188} INFO - [2024-05-12T07:34:21.859+0000] {dag.py:3096} INFO - Sync 1 DAGs
[2024-05-12T07:34:21.926+0000] {logging_mixin.py:188} INFO - [2024-05-12T07:34:21.926+0000] {dag.py:3954} INFO - Setting next_dagrun for example_branch_labels to 2024-05-11 00:00:00+00:00, run_after=2024-05-12 00:00:00+00:00
[2024-05-12T07:34:22.005+0000] {processor.py:183} INFO - Processing /home/airflow/.local/lib/python3.12/site-packages/airflow/example_dags/example_branch_labels.py took 0.248 seconds
[2024-05-12T07:34:52.139+0000] {processor.py:161} INFO - Started process (PID=667) to work on /home/airflow/.local/lib/python3.12/site-packages/airflow/example_dags/example_branch_labels.py
[2024-05-12T07:34:52.140+0000] {processor.py:830} INFO - Processing file /home/airflow/.local/lib/python3.12/site-packages/airflow/example_dags/example_branch_labels.py for tasks to queue
[2024-05-12T07:34:52.142+0000] {logging_mixin.py:188} INFO - [2024-05-12T07:34:52.141+0000] {dagbag.py:540} INFO - Filling up the DagBag from /home/airflow/.local/lib/python3.12/site-packages/airflow/example_dags/example_branch_labels.py
[2024-05-12T07:34:52.150+0000] {processor.py:840} INFO - DAG(s) 'example_branch_labels' retrieved from /home/airflow/.local/lib/python3.12/site-packages/airflow/example_dags/example_branch_labels.py
[2024-05-12T07:34:52.172+0000] {logging_mixin.py:188} INFO - [2024-05-12T07:34:52.172+0000] {dag.py:3096} INFO - Sync 1 DAGs
[2024-05-12T07:34:52.196+0000] {logging_mixin.py:188} INFO - [2024-05-12T07:34:52.195+0000] {dag.py:3954} INFO - Setting next_dagrun for example_branch_labels to 2024-05-11 00:00:00+00:00, run_after=2024-05-12 00:00:00+00:00
[2024-05-12T07:34:52.223+0000] {processor.py:183} INFO - Processing /home/airflow/.local/lib/python3.12/site-packages/airflow/example_dags/example_branch_labels.py took 0.089 seconds
[2024-05-12T07:35:22.498+0000] {processor.py:161} INFO - Started process (PID=732) to work on /home/airflow/.local/lib/python3.12/site-packages/airflow/example_dags/example_branch_labels.py
[2024-05-12T07:35:22.499+0000] {processor.py:830} INFO - Processing file /home/airflow/.local/lib/python3.12/site-packages/airflow/example_dags/example_branch_labels.py for tasks to queue
[2024-05-12T07:35:22.501+0000] {logging_mixin.py:188} INFO - [2024-05-12T07:35:22.501+0000] {dagbag.py:540} INFO - Filling up the DagBag from /home/airflow/.local/lib/python3.12/site-packages/airflow/example_dags/example_branch_labels.py
[2024-05-12T07:35:22.515+0000] {processor.py:840} INFO - DAG(s) 'example_branch_labels' retrieved from /home/airflow/.local/lib/python3.12/site-packages/airflow/example_dags/example_branch_labels.py
[2024-05-12T07:35:22.553+0000] {logging_mixin.py:188} INFO - [2024-05-12T07:35:22.552+0000] {dag.py:3096} INFO - Sync 1 DAGs
[2024-05-12T07:35:22.582+0000] {logging_mixin.py:188} INFO - [2024-05-12T07:35:22.582+0000] {dag.py:3954} INFO - Setting next_dagrun for example_branch_labels to 2024-05-11 00:00:00+00:00, run_after=2024-05-12 00:00:00+00:00
[2024-05-12T07:35:22.610+0000] {processor.py:183} INFO - Processing /home/airflow/.local/lib/python3.12/site-packages/airflow/example_dags/example_branch_labels.py took 0.120 seconds
[2024-05-12T07:35:53.091+0000] {processor.py:161} INFO - Started process (PID=798) to work on /home/airflow/.local/lib/python3.12/site-packages/airflow/example_dags/example_branch_labels.py
[2024-05-12T07:35:53.092+0000] {processor.py:830} INFO - Processing file /home/airflow/.local/lib/python3.12/site-packages/airflow/example_dags/example_branch_labels.py for tasks to queue
[2024-05-12T07:35:53.094+0000] {logging_mixin.py:188} INFO - [2024-05-12T07:35:53.094+0000] {dagbag.py:540} INFO - Filling up the DagBag from /home/airflow/.local/lib/python3.12/site-packages/airflow/example_dags/example_branch_labels.py
[2024-05-12T07:35:53.102+0000] {processor.py:840} INFO - DAG(s) 'example_branch_labels' retrieved from /home/airflow/.local/lib/python3.12/site-packages/airflow/example_dags/example_branch_labels.py
[2024-05-12T07:35:53.125+0000] {logging_mixin.py:188} INFO - [2024-05-12T07:35:53.125+0000] {dag.py:3096} INFO - Sync 1 DAGs
[2024-05-12T07:35:53.151+0000] {logging_mixin.py:188} INFO - [2024-05-12T07:35:53.150+0000] {dag.py:3954} INFO - Setting next_dagrun for example_branch_labels to 2024-05-11 00:00:00+00:00, run_after=2024-05-12 00:00:00+00:00
[2024-05-12T07:35:53.172+0000] {processor.py:183} INFO - Processing /home/airflow/.local/lib/python3.12/site-packages/airflow/example_dags/example_branch_labels.py took 0.086 seconds
[2024-05-12T07:36:23.397+0000] {processor.py:161} INFO - Started process (PID=865) to work on /home/airflow/.local/lib/python3.12/site-packages/airflow/example_dags/example_branch_labels.py
[2024-05-12T07:36:23.398+0000] {processor.py:830} INFO - Processing file /home/airflow/.local/lib/python3.12/site-packages/airflow/example_dags/example_branch_labels.py for tasks to queue
[2024-05-12T07:36:23.400+0000] {logging_mixin.py:188} INFO - [2024-05-12T07:36:23.400+0000] {dagbag.py:540} INFO - Filling up the DagBag from /home/airflow/.local/lib/python3.12/site-packages/airflow/example_dags/example_branch_labels.py
[2024-05-12T07:36:23.409+0000] {processor.py:840} INFO - DAG(s) 'example_branch_labels' retrieved from /home/airflow/.local/lib/python3.12/site-packages/airflow/example_dags/example_branch_labels.py
[2024-05-12T07:36:23.435+0000] {logging_mixin.py:188} INFO - [2024-05-12T07:36:23.434+0000] {dag.py:3096} INFO - Sync 1 DAGs
[2024-05-12T07:36:23.476+0000] {logging_mixin.py:188} INFO - [2024-05-12T07:36:23.476+0000] {dag.py:3954} INFO - Setting next_dagrun for example_branch_labels to 2024-05-11 00:00:00+00:00, run_after=2024-05-12 00:00:00+00:00
[2024-05-12T07:36:23.504+0000] {processor.py:183} INFO - Processing /home/airflow/.local/lib/python3.12/site-packages/airflow/example_dags/example_branch_labels.py took 0.114 seconds
[2024-05-12T07:36:53.737+0000] {processor.py:161} INFO - Started process (PID=932) to work on /home/airflow/.local/lib/python3.12/site-packages/airflow/example_dags/example_branch_labels.py
[2024-05-12T07:36:53.738+0000] {processor.py:830} INFO - Processing file /home/airflow/.local/lib/python3.12/site-packages/airflow/example_dags/example_branch_labels.py for tasks to queue
[2024-05-12T07:36:53.742+0000] {logging_mixin.py:188} INFO - [2024-05-12T07:36:53.742+0000] {dagbag.py:540} INFO - Filling up the DagBag from /home/airflow/.local/lib/python3.12/site-packages/airflow/example_dags/example_branch_labels.py
[2024-05-12T07:36:53.761+0000] {processor.py:840} INFO - DAG(s) 'example_branch_labels' retrieved from /home/airflow/.local/lib/python3.12/site-packages/airflow/example_dags/example_branch_labels.py
[2024-05-12T07:36:53.808+0000] {logging_mixin.py:188} INFO - [2024-05-12T07:36:53.807+0000] {dag.py:3096} INFO - Sync 1 DAGs
[2024-05-12T07:36:53.869+0000] {logging_mixin.py:188} INFO - [2024-05-12T07:36:53.868+0000] {dag.py:3954} INFO - Setting next_dagrun for example_branch_labels to 2024-05-11 00:00:00+00:00, run_after=2024-05-12 00:00:00+00:00
[2024-05-12T07:36:53.911+0000] {processor.py:183} INFO - Processing /home/airflow/.local/lib/python3.12/site-packages/airflow/example_dags/example_branch_labels.py took 0.186 seconds
