[2024-05-12T06:27:28.629+0000] {processor.py:161} INFO - Started process (PID=64) to work on /home/airflow/.local/lib/python3.12/site-packages/airflow/example_dags/tutorial.py
[2024-05-12T06:27:28.630+0000] {processor.py:830} INFO - Processing file /home/airflow/.local/lib/python3.12/site-packages/airflow/example_dags/tutorial.py for tasks to queue
[2024-05-12T06:27:28.634+0000] {logging_mixin.py:188} INFO - [2024-05-12T06:27:28.634+0000] {dagbag.py:540} INFO - Filling up the DagBag from /home/airflow/.local/lib/python3.12/site-packages/airflow/example_dags/tutorial.py
[2024-05-12T06:27:28.646+0000] {processor.py:840} INFO - DAG(s) 'tutorial' retrieved from /home/airflow/.local/lib/python3.12/site-packages/airflow/example_dags/tutorial.py
[2024-05-12T06:27:28.684+0000] {logging_mixin.py:188} INFO - [2024-05-12T06:27:28.684+0000] {dag.py:3096} INFO - Sync 1 DAGs
[2024-05-12T06:27:28.720+0000] {logging_mixin.py:188} INFO - [2024-05-12T06:27:28.719+0000] {dag.py:3954} INFO - Setting next_dagrun for tutorial to 2024-05-11 00:00:00+00:00, run_after=2024-05-12 00:00:00+00:00
[2024-05-12T06:27:28.746+0000] {processor.py:183} INFO - Processing /home/airflow/.local/lib/python3.12/site-packages/airflow/example_dags/tutorial.py took 0.125 seconds
[2024-05-12T06:42:20.637+0000] {processor.py:161} INFO - Started process (PID=64) to work on /home/airflow/.local/lib/python3.12/site-packages/airflow/example_dags/tutorial.py
[2024-05-12T06:42:20.646+0000] {processor.py:830} INFO - Processing file /home/airflow/.local/lib/python3.12/site-packages/airflow/example_dags/tutorial.py for tasks to queue
[2024-05-12T06:42:20.653+0000] {logging_mixin.py:188} INFO - [2024-05-12T06:42:20.652+0000] {dagbag.py:540} INFO - Filling up the DagBag from /home/airflow/.local/lib/python3.12/site-packages/airflow/example_dags/tutorial.py
[2024-05-12T06:42:20.700+0000] {processor.py:840} INFO - DAG(s) 'tutorial' retrieved from /home/airflow/.local/lib/python3.12/site-packages/airflow/example_dags/tutorial.py
[2024-05-12T06:42:20.784+0000] {logging_mixin.py:188} INFO - [2024-05-12T06:42:20.775+0000] {dag.py:3096} INFO - Sync 1 DAGs
[2024-05-12T06:42:20.915+0000] {logging_mixin.py:188} INFO - [2024-05-12T06:42:20.915+0000] {dag.py:3954} INFO - Setting next_dagrun for tutorial to 2024-05-11 00:00:00+00:00, run_after=2024-05-12 00:00:00+00:00
[2024-05-12T06:42:20.985+0000] {processor.py:183} INFO - Processing /home/airflow/.local/lib/python3.12/site-packages/airflow/example_dags/tutorial.py took 0.362 seconds
[2024-05-12T07:30:10.888+0000] {processor.py:161} INFO - Started process (PID=70) to work on /home/airflow/.local/lib/python3.12/site-packages/airflow/example_dags/tutorial.py
[2024-05-12T07:30:10.895+0000] {processor.py:830} INFO - Processing file /home/airflow/.local/lib/python3.12/site-packages/airflow/example_dags/tutorial.py for tasks to queue
[2024-05-12T07:30:10.900+0000] {logging_mixin.py:188} INFO - [2024-05-12T07:30:10.898+0000] {dagbag.py:540} INFO - Filling up the DagBag from /home/airflow/.local/lib/python3.12/site-packages/airflow/example_dags/tutorial.py
[2024-05-12T07:30:10.914+0000] {processor.py:840} INFO - DAG(s) 'tutorial' retrieved from /home/airflow/.local/lib/python3.12/site-packages/airflow/example_dags/tutorial.py
[2024-05-12T07:30:11.101+0000] {logging_mixin.py:188} INFO - [2024-05-12T07:30:11.101+0000] {dag.py:3096} INFO - Sync 1 DAGs
[2024-05-12T07:30:11.133+0000] {logging_mixin.py:188} INFO - [2024-05-12T07:30:11.132+0000] {dag.py:3954} INFO - Setting next_dagrun for tutorial to 2024-05-11 00:00:00+00:00, run_after=2024-05-12 00:00:00+00:00
[2024-05-12T07:30:11.165+0000] {processor.py:183} INFO - Processing /home/airflow/.local/lib/python3.12/site-packages/airflow/example_dags/tutorial.py took 0.289 seconds
[2024-05-12T07:30:41.609+0000] {processor.py:161} INFO - Started process (PID=137) to work on /home/airflow/.local/lib/python3.12/site-packages/airflow/example_dags/tutorial.py
[2024-05-12T07:30:41.611+0000] {processor.py:830} INFO - Processing file /home/airflow/.local/lib/python3.12/site-packages/airflow/example_dags/tutorial.py for tasks to queue
[2024-05-12T07:30:41.615+0000] {logging_mixin.py:188} INFO - [2024-05-12T07:30:41.614+0000] {dagbag.py:540} INFO - Filling up the DagBag from /home/airflow/.local/lib/python3.12/site-packages/airflow/example_dags/tutorial.py
[2024-05-12T07:30:41.626+0000] {processor.py:840} INFO - DAG(s) 'tutorial' retrieved from /home/airflow/.local/lib/python3.12/site-packages/airflow/example_dags/tutorial.py
[2024-05-12T07:30:41.670+0000] {logging_mixin.py:188} INFO - [2024-05-12T07:30:41.669+0000] {dag.py:3096} INFO - Sync 1 DAGs
[2024-05-12T07:30:41.723+0000] {logging_mixin.py:188} INFO - [2024-05-12T07:30:41.723+0000] {dag.py:3954} INFO - Setting next_dagrun for tutorial to 2024-05-11 00:00:00+00:00, run_after=2024-05-12 00:00:00+00:00
[2024-05-12T07:30:41.761+0000] {processor.py:183} INFO - Processing /home/airflow/.local/lib/python3.12/site-packages/airflow/example_dags/tutorial.py took 0.165 seconds
[2024-05-12T07:31:12.105+0000] {processor.py:161} INFO - Started process (PID=204) to work on /home/airflow/.local/lib/python3.12/site-packages/airflow/example_dags/tutorial.py
[2024-05-12T07:31:12.107+0000] {processor.py:830} INFO - Processing file /home/airflow/.local/lib/python3.12/site-packages/airflow/example_dags/tutorial.py for tasks to queue
[2024-05-12T07:31:12.109+0000] {logging_mixin.py:188} INFO - [2024-05-12T07:31:12.109+0000] {dagbag.py:540} INFO - Filling up the DagBag from /home/airflow/.local/lib/python3.12/site-packages/airflow/example_dags/tutorial.py
[2024-05-12T07:31:12.120+0000] {processor.py:840} INFO - DAG(s) 'tutorial' retrieved from /home/airflow/.local/lib/python3.12/site-packages/airflow/example_dags/tutorial.py
[2024-05-12T07:31:12.142+0000] {logging_mixin.py:188} INFO - [2024-05-12T07:31:12.142+0000] {dag.py:3096} INFO - Sync 1 DAGs
[2024-05-12T07:31:12.190+0000] {logging_mixin.py:188} INFO - [2024-05-12T07:31:12.190+0000] {dag.py:3954} INFO - Setting next_dagrun for tutorial to 2024-05-11 00:00:00+00:00, run_after=2024-05-12 00:00:00+00:00
[2024-05-12T07:31:12.226+0000] {processor.py:183} INFO - Processing /home/airflow/.local/lib/python3.12/site-packages/airflow/example_dags/tutorial.py took 0.132 seconds
[2024-05-12T07:31:43.117+0000] {processor.py:161} INFO - Started process (PID=270) to work on /home/airflow/.local/lib/python3.12/site-packages/airflow/example_dags/tutorial.py
[2024-05-12T07:31:43.118+0000] {processor.py:830} INFO - Processing file /home/airflow/.local/lib/python3.12/site-packages/airflow/example_dags/tutorial.py for tasks to queue
[2024-05-12T07:31:43.120+0000] {logging_mixin.py:188} INFO - [2024-05-12T07:31:43.120+0000] {dagbag.py:540} INFO - Filling up the DagBag from /home/airflow/.local/lib/python3.12/site-packages/airflow/example_dags/tutorial.py
[2024-05-12T07:31:43.127+0000] {processor.py:840} INFO - DAG(s) 'tutorial' retrieved from /home/airflow/.local/lib/python3.12/site-packages/airflow/example_dags/tutorial.py
[2024-05-12T07:31:43.141+0000] {logging_mixin.py:188} INFO - [2024-05-12T07:31:43.140+0000] {dag.py:3096} INFO - Sync 1 DAGs
[2024-05-12T07:31:43.169+0000] {logging_mixin.py:188} INFO - [2024-05-12T07:31:43.169+0000] {dag.py:3954} INFO - Setting next_dagrun for tutorial to 2024-05-11 00:00:00+00:00, run_after=2024-05-12 00:00:00+00:00
[2024-05-12T07:31:43.202+0000] {processor.py:183} INFO - Processing /home/airflow/.local/lib/python3.12/site-packages/airflow/example_dags/tutorial.py took 0.090 seconds
[2024-05-12T07:32:14.399+0000] {processor.py:161} INFO - Started process (PID=337) to work on /home/airflow/.local/lib/python3.12/site-packages/airflow/example_dags/tutorial.py
[2024-05-12T07:32:14.400+0000] {processor.py:830} INFO - Processing file /home/airflow/.local/lib/python3.12/site-packages/airflow/example_dags/tutorial.py for tasks to queue
[2024-05-12T07:32:14.402+0000] {logging_mixin.py:188} INFO - [2024-05-12T07:32:14.402+0000] {dagbag.py:540} INFO - Filling up the DagBag from /home/airflow/.local/lib/python3.12/site-packages/airflow/example_dags/tutorial.py
[2024-05-12T07:32:14.408+0000] {processor.py:840} INFO - DAG(s) 'tutorial' retrieved from /home/airflow/.local/lib/python3.12/site-packages/airflow/example_dags/tutorial.py
[2024-05-12T07:32:14.532+0000] {logging_mixin.py:188} INFO - [2024-05-12T07:32:14.532+0000] {dag.py:3096} INFO - Sync 1 DAGs
[2024-05-12T07:32:14.558+0000] {logging_mixin.py:188} INFO - [2024-05-12T07:32:14.557+0000] {dag.py:3954} INFO - Setting next_dagrun for tutorial to 2024-05-11 00:00:00+00:00, run_after=2024-05-12 00:00:00+00:00
[2024-05-12T07:32:14.587+0000] {processor.py:183} INFO - Processing /home/airflow/.local/lib/python3.12/site-packages/airflow/example_dags/tutorial.py took 0.194 seconds
[2024-05-12T07:32:46.187+0000] {processor.py:161} INFO - Started process (PID=404) to work on /home/airflow/.local/lib/python3.12/site-packages/airflow/example_dags/tutorial.py
[2024-05-12T07:32:46.189+0000] {processor.py:830} INFO - Processing file /home/airflow/.local/lib/python3.12/site-packages/airflow/example_dags/tutorial.py for tasks to queue
[2024-05-12T07:32:46.192+0000] {logging_mixin.py:188} INFO - [2024-05-12T07:32:46.191+0000] {dagbag.py:540} INFO - Filling up the DagBag from /home/airflow/.local/lib/python3.12/site-packages/airflow/example_dags/tutorial.py
[2024-05-12T07:32:46.201+0000] {processor.py:840} INFO - DAG(s) 'tutorial' retrieved from /home/airflow/.local/lib/python3.12/site-packages/airflow/example_dags/tutorial.py
[2024-05-12T07:32:46.228+0000] {logging_mixin.py:188} INFO - [2024-05-12T07:32:46.228+0000] {dag.py:3096} INFO - Sync 1 DAGs
[2024-05-12T07:32:46.265+0000] {logging_mixin.py:188} INFO - [2024-05-12T07:32:46.265+0000] {dag.py:3954} INFO - Setting next_dagrun for tutorial to 2024-05-11 00:00:00+00:00, run_after=2024-05-12 00:00:00+00:00
[2024-05-12T07:32:46.295+0000] {processor.py:183} INFO - Processing /home/airflow/.local/lib/python3.12/site-packages/airflow/example_dags/tutorial.py took 0.116 seconds
[2024-05-12T07:33:20.941+0000] {processor.py:161} INFO - Started process (PID=477) to work on /home/airflow/.local/lib/python3.12/site-packages/airflow/example_dags/tutorial.py
[2024-05-12T07:33:20.943+0000] {processor.py:830} INFO - Processing file /home/airflow/.local/lib/python3.12/site-packages/airflow/example_dags/tutorial.py for tasks to queue
[2024-05-12T07:33:20.946+0000] {logging_mixin.py:188} INFO - [2024-05-12T07:33:20.945+0000] {dagbag.py:540} INFO - Filling up the DagBag from /home/airflow/.local/lib/python3.12/site-packages/airflow/example_dags/tutorial.py
[2024-05-12T07:33:20.957+0000] {processor.py:840} INFO - DAG(s) 'tutorial' retrieved from /home/airflow/.local/lib/python3.12/site-packages/airflow/example_dags/tutorial.py
[2024-05-12T07:33:20.996+0000] {logging_mixin.py:188} INFO - [2024-05-12T07:33:20.995+0000] {dag.py:3096} INFO - Sync 1 DAGs
[2024-05-12T07:33:21.048+0000] {logging_mixin.py:188} INFO - [2024-05-12T07:33:21.047+0000] {dag.py:3954} INFO - Setting next_dagrun for tutorial to 2024-05-11 00:00:00+00:00, run_after=2024-05-12 00:00:00+00:00
[2024-05-12T07:33:21.120+0000] {processor.py:183} INFO - Processing /home/airflow/.local/lib/python3.12/site-packages/airflow/example_dags/tutorial.py took 0.192 seconds
[2024-05-12T07:33:52.380+0000] {processor.py:161} INFO - Started process (PID=543) to work on /home/airflow/.local/lib/python3.12/site-packages/airflow/example_dags/tutorial.py
[2024-05-12T07:33:52.381+0000] {processor.py:830} INFO - Processing file /home/airflow/.local/lib/python3.12/site-packages/airflow/example_dags/tutorial.py for tasks to queue
[2024-05-12T07:33:52.384+0000] {logging_mixin.py:188} INFO - [2024-05-12T07:33:52.383+0000] {dagbag.py:540} INFO - Filling up the DagBag from /home/airflow/.local/lib/python3.12/site-packages/airflow/example_dags/tutorial.py
[2024-05-12T07:33:52.393+0000] {processor.py:840} INFO - DAG(s) 'tutorial' retrieved from /home/airflow/.local/lib/python3.12/site-packages/airflow/example_dags/tutorial.py
[2024-05-12T07:33:52.442+0000] {logging_mixin.py:188} INFO - [2024-05-12T07:33:52.441+0000] {dag.py:3096} INFO - Sync 1 DAGs
[2024-05-12T07:33:52.490+0000] {logging_mixin.py:188} INFO - [2024-05-12T07:33:52.490+0000] {dag.py:3954} INFO - Setting next_dagrun for tutorial to 2024-05-11 00:00:00+00:00, run_after=2024-05-12 00:00:00+00:00
[2024-05-12T07:33:52.537+0000] {processor.py:183} INFO - Processing /home/airflow/.local/lib/python3.12/site-packages/airflow/example_dags/tutorial.py took 0.167 seconds
[2024-05-12T07:34:22.751+0000] {processor.py:161} INFO - Started process (PID=607) to work on /home/airflow/.local/lib/python3.12/site-packages/airflow/example_dags/tutorial.py
[2024-05-12T07:34:22.753+0000] {processor.py:830} INFO - Processing file /home/airflow/.local/lib/python3.12/site-packages/airflow/example_dags/tutorial.py for tasks to queue
[2024-05-12T07:34:22.755+0000] {logging_mixin.py:188} INFO - [2024-05-12T07:34:22.755+0000] {dagbag.py:540} INFO - Filling up the DagBag from /home/airflow/.local/lib/python3.12/site-packages/airflow/example_dags/tutorial.py
[2024-05-12T07:34:22.766+0000] {processor.py:840} INFO - DAG(s) 'tutorial' retrieved from /home/airflow/.local/lib/python3.12/site-packages/airflow/example_dags/tutorial.py
[2024-05-12T07:34:22.798+0000] {logging_mixin.py:188} INFO - [2024-05-12T07:34:22.798+0000] {dag.py:3096} INFO - Sync 1 DAGs
[2024-05-12T07:34:22.838+0000] {logging_mixin.py:188} INFO - [2024-05-12T07:34:22.838+0000] {dag.py:3954} INFO - Setting next_dagrun for tutorial to 2024-05-11 00:00:00+00:00, run_after=2024-05-12 00:00:00+00:00
[2024-05-12T07:34:22.872+0000] {processor.py:183} INFO - Processing /home/airflow/.local/lib/python3.12/site-packages/airflow/example_dags/tutorial.py took 0.132 seconds
[2024-05-12T07:34:53.668+0000] {processor.py:161} INFO - Started process (PID=674) to work on /home/airflow/.local/lib/python3.12/site-packages/airflow/example_dags/tutorial.py
[2024-05-12T07:34:53.669+0000] {processor.py:830} INFO - Processing file /home/airflow/.local/lib/python3.12/site-packages/airflow/example_dags/tutorial.py for tasks to queue
[2024-05-12T07:34:53.671+0000] {logging_mixin.py:188} INFO - [2024-05-12T07:34:53.671+0000] {dagbag.py:540} INFO - Filling up the DagBag from /home/airflow/.local/lib/python3.12/site-packages/airflow/example_dags/tutorial.py
[2024-05-12T07:34:53.676+0000] {processor.py:840} INFO - DAG(s) 'tutorial' retrieved from /home/airflow/.local/lib/python3.12/site-packages/airflow/example_dags/tutorial.py
[2024-05-12T07:34:53.696+0000] {logging_mixin.py:188} INFO - [2024-05-12T07:34:53.695+0000] {dag.py:3096} INFO - Sync 1 DAGs
[2024-05-12T07:34:53.720+0000] {logging_mixin.py:188} INFO - [2024-05-12T07:34:53.719+0000] {dag.py:3954} INFO - Setting next_dagrun for tutorial to 2024-05-11 00:00:00+00:00, run_after=2024-05-12 00:00:00+00:00
[2024-05-12T07:34:53.744+0000] {processor.py:183} INFO - Processing /home/airflow/.local/lib/python3.12/site-packages/airflow/example_dags/tutorial.py took 0.082 seconds
[2024-05-12T07:35:23.851+0000] {processor.py:161} INFO - Started process (PID=739) to work on /home/airflow/.local/lib/python3.12/site-packages/airflow/example_dags/tutorial.py
[2024-05-12T07:35:23.853+0000] {processor.py:830} INFO - Processing file /home/airflow/.local/lib/python3.12/site-packages/airflow/example_dags/tutorial.py for tasks to queue
[2024-05-12T07:35:23.858+0000] {logging_mixin.py:188} INFO - [2024-05-12T07:35:23.858+0000] {dagbag.py:540} INFO - Filling up the DagBag from /home/airflow/.local/lib/python3.12/site-packages/airflow/example_dags/tutorial.py
[2024-05-12T07:35:23.869+0000] {processor.py:840} INFO - DAG(s) 'tutorial' retrieved from /home/airflow/.local/lib/python3.12/site-packages/airflow/example_dags/tutorial.py
[2024-05-12T07:35:23.920+0000] {logging_mixin.py:188} INFO - [2024-05-12T07:35:23.919+0000] {dag.py:3096} INFO - Sync 1 DAGs
[2024-05-12T07:35:23.978+0000] {logging_mixin.py:188} INFO - [2024-05-12T07:35:23.977+0000] {dag.py:3954} INFO - Setting next_dagrun for tutorial to 2024-05-11 00:00:00+00:00, run_after=2024-05-12 00:00:00+00:00
[2024-05-12T07:35:24.023+0000] {processor.py:183} INFO - Processing /home/airflow/.local/lib/python3.12/site-packages/airflow/example_dags/tutorial.py took 0.181 seconds
[2024-05-12T07:35:54.491+0000] {processor.py:161} INFO - Started process (PID=805) to work on /home/airflow/.local/lib/python3.12/site-packages/airflow/example_dags/tutorial.py
[2024-05-12T07:35:54.492+0000] {processor.py:830} INFO - Processing file /home/airflow/.local/lib/python3.12/site-packages/airflow/example_dags/tutorial.py for tasks to queue
[2024-05-12T07:35:54.494+0000] {logging_mixin.py:188} INFO - [2024-05-12T07:35:54.494+0000] {dagbag.py:540} INFO - Filling up the DagBag from /home/airflow/.local/lib/python3.12/site-packages/airflow/example_dags/tutorial.py
[2024-05-12T07:35:54.501+0000] {processor.py:840} INFO - DAG(s) 'tutorial' retrieved from /home/airflow/.local/lib/python3.12/site-packages/airflow/example_dags/tutorial.py
[2024-05-12T07:35:54.524+0000] {logging_mixin.py:188} INFO - [2024-05-12T07:35:54.523+0000] {dag.py:3096} INFO - Sync 1 DAGs
[2024-05-12T07:35:54.548+0000] {logging_mixin.py:188} INFO - [2024-05-12T07:35:54.547+0000] {dag.py:3954} INFO - Setting next_dagrun for tutorial to 2024-05-11 00:00:00+00:00, run_after=2024-05-12 00:00:00+00:00
[2024-05-12T07:35:54.569+0000] {processor.py:183} INFO - Processing /home/airflow/.local/lib/python3.12/site-packages/airflow/example_dags/tutorial.py took 0.083 seconds
[2024-05-12T07:36:24.697+0000] {processor.py:161} INFO - Started process (PID=870) to work on /home/airflow/.local/lib/python3.12/site-packages/airflow/example_dags/tutorial.py
[2024-05-12T07:36:24.698+0000] {processor.py:830} INFO - Processing file /home/airflow/.local/lib/python3.12/site-packages/airflow/example_dags/tutorial.py for tasks to queue
[2024-05-12T07:36:24.700+0000] {logging_mixin.py:188} INFO - [2024-05-12T07:36:24.700+0000] {dagbag.py:540} INFO - Filling up the DagBag from /home/airflow/.local/lib/python3.12/site-packages/airflow/example_dags/tutorial.py
[2024-05-12T07:36:24.707+0000] {processor.py:840} INFO - DAG(s) 'tutorial' retrieved from /home/airflow/.local/lib/python3.12/site-packages/airflow/example_dags/tutorial.py
[2024-05-12T07:36:24.727+0000] {logging_mixin.py:188} INFO - [2024-05-12T07:36:24.726+0000] {dag.py:3096} INFO - Sync 1 DAGs
[2024-05-12T07:36:24.755+0000] {logging_mixin.py:188} INFO - [2024-05-12T07:36:24.754+0000] {dag.py:3954} INFO - Setting next_dagrun for tutorial to 2024-05-11 00:00:00+00:00, run_after=2024-05-12 00:00:00+00:00
[2024-05-12T07:36:24.779+0000] {processor.py:183} INFO - Processing /home/airflow/.local/lib/python3.12/site-packages/airflow/example_dags/tutorial.py took 0.088 seconds
[2024-05-12T07:36:55.135+0000] {processor.py:161} INFO - Started process (PID=937) to work on /home/airflow/.local/lib/python3.12/site-packages/airflow/example_dags/tutorial.py
[2024-05-12T07:36:55.136+0000] {processor.py:830} INFO - Processing file /home/airflow/.local/lib/python3.12/site-packages/airflow/example_dags/tutorial.py for tasks to queue
[2024-05-12T07:36:55.139+0000] {logging_mixin.py:188} INFO - [2024-05-12T07:36:55.139+0000] {dagbag.py:540} INFO - Filling up the DagBag from /home/airflow/.local/lib/python3.12/site-packages/airflow/example_dags/tutorial.py
[2024-05-12T07:36:55.147+0000] {processor.py:840} INFO - DAG(s) 'tutorial' retrieved from /home/airflow/.local/lib/python3.12/site-packages/airflow/example_dags/tutorial.py
[2024-05-12T07:36:55.174+0000] {logging_mixin.py:188} INFO - [2024-05-12T07:36:55.174+0000] {dag.py:3096} INFO - Sync 1 DAGs
[2024-05-12T07:36:55.202+0000] {logging_mixin.py:188} INFO - [2024-05-12T07:36:55.202+0000] {dag.py:3954} INFO - Setting next_dagrun for tutorial to 2024-05-11 00:00:00+00:00, run_after=2024-05-12 00:00:00+00:00
[2024-05-12T07:36:55.232+0000] {processor.py:183} INFO - Processing /home/airflow/.local/lib/python3.12/site-packages/airflow/example_dags/tutorial.py took 0.104 seconds
