[2024-05-06T16:17:00.698+0000] {local_task_job_runner.py:120} INFO - ::group::Pre task execution logs
[2024-05-06T16:17:00.726+0000] {taskinstance.py:2073} INFO - Dependencies all met for dep_context=non-requeueable deps ti=<TaskInstance: example.snowflake_example manual__2024-05-06T16:16:57.213279+00:00 [queued]>
[2024-05-06T16:17:00.737+0000] {taskinstance.py:2073} INFO - Dependencies all met for dep_context=requeueable deps ti=<TaskInstance: example.snowflake_example manual__2024-05-06T16:16:57.213279+00:00 [queued]>
[2024-05-06T16:17:00.738+0000] {taskinstance.py:2303} INFO - Starting attempt 1 of 1
[2024-05-06T16:17:00.760+0000] {taskinstance.py:2327} INFO - Executing <Task(SnowflakeOperator): snowflake_example> on 2024-05-06 16:16:57.213279+00:00
[2024-05-06T16:17:00.768+0000] {warnings.py:110} WARNING - /home/***/.local/lib/python3.12/site-packages/***/task/task_runner/standard_task_runner.py:61: DeprecationWarning: This process (pid=619) is multi-threaded, use of fork() may lead to deadlocks in the child.
  pid = os.fork()

[2024-05-06T16:17:00.770+0000] {standard_task_runner.py:63} INFO - Started process 621 to run task
[2024-05-06T16:17:00.770+0000] {standard_task_runner.py:90} INFO - Running: ['***', 'tasks', 'run', 'example', 'snowflake_example', 'manual__2024-05-06T16:16:57.213279+00:00', '--job-id', '8', '--raw', '--subdir', 'DAGS_FOLDER/create_table.py', '--cfg-path', '/tmp/tmp00_rodby']
[2024-05-06T16:17:00.771+0000] {standard_task_runner.py:91} INFO - Job 8: Subtask snowflake_example
[2024-05-06T16:17:00.823+0000] {task_command.py:426} INFO - Running <TaskInstance: example.snowflake_example manual__2024-05-06T16:16:57.213279+00:00 [running]> on host 3078ffe3180a
[2024-05-06T16:17:00.930+0000] {taskinstance.py:2644} INFO - Exporting env vars: AIRFLOW_CTX_DAG_OWNER='***' AIRFLOW_CTX_DAG_ID='example' AIRFLOW_CTX_TASK_ID='snowflake_example' AIRFLOW_CTX_EXECUTION_DATE='2024-05-06T16:16:57.213279+00:00' AIRFLOW_CTX_TRY_NUMBER='1' AIRFLOW_CTX_DAG_RUN_ID='manual__2024-05-06T16:16:57.213279+00:00'
[2024-05-06T16:17:00.932+0000] {taskinstance.py:430} INFO - ::endgroup::
[2024-05-06T16:17:00.933+0000] {sql.py:276} INFO - Executing: 
 create or replace table dbt_dev.public.snowflake_*** (
 id int,
 first_name varchar(50),
 last_name varchar(50)
 );
[2024-05-06T16:17:00.945+0000] {base.py:84} INFO - Using connection ID 'snowflake_conn' for task execution.
[2024-05-06T16:17:00.955+0000] {base.py:84} INFO - Using connection ID 'snowflake_conn' for task execution.
[2024-05-06T16:17:00.956+0000] {connection.py:386} INFO - Snowflake Connector for Python Version: 3.7.1, Python Version: 3.12.2, Platform: Linux-5.15.146.1-microsoft-standard-WSL2-x86_64-with-glibc2.36
[2024-05-06T16:17:00.957+0000] {connection.py:1211} INFO - This connection is in OCSP Fail Open Mode. TLS Certificates would be checked for validity and revocation status. Any other Certificate Revocation related exceptions or OCSP Responder failures would be disregarded in favor of connectivity.
[2024-05-06T16:17:00.958+0000] {connection.py:1221} INFO - THIS CONNECTION IS IN INSECURE MODE. IT MEANS THE CERTIFICATE WILL BE VALIDATED BUT THE CERTIFICATE REVOCATION STATUS WILL NOT BE CHECKED.
[2024-05-06T16:17:01.190+0000] {ssl_wrap_socket.py:100} INFO - THIS CONNECTION IS IN INSECURE MODE. IT MEANS THE CERTIFICATE WILL BE VALIDATED BUT THE CERTIFICATE REVOCATION STATUS WILL NOT BE CHECKED.
[2024-05-06T16:17:01.715+0000] {cursor.py:1032} INFO - query: [ALTER SESSION SET autocommit=False]
[2024-05-06T16:17:02.054+0000] {cursor.py:1045} INFO - query execution done
[2024-05-06T16:17:02.055+0000] {cursor.py:1205} INFO - Number of results in first chunk: 1
[2024-05-06T16:17:02.057+0000] {sql.py:457} INFO - Running statement: create or replace table dbt_dev.public.snowflake_*** (
 id int,
 first_name varchar(50),
 last_name varchar(50)
 );, parameters: None
[2024-05-06T16:17:02.058+0000] {cursor.py:1032} INFO - query: [create or replace table dbt_dev.public.snowflake_*** ( id int, first_name va...]
[2024-05-06T16:17:02.528+0000] {cursor.py:1045} INFO - query execution done
[2024-05-06T16:17:02.529+0000] {cursor.py:1205} INFO - Number of results in first chunk: 1
[2024-05-06T16:17:02.530+0000] {sql.py:466} INFO - Rows affected: 1
[2024-05-06T16:17:02.531+0000] {warnings.py:110} WARNING - /home/***/.local/lib/python3.12/site-packages/***/providers/snowflake/hooks/snowflake.py:393: AirflowProviderDeprecationWarning: Call to deprecated method _make_common_data_structure. (The `_make_serializable` method is deprecated and support will be removed in a future version of the common.sql provider. Please update the DbApiHook's provider to a version based on common.sql >= 1.9.1.)
  result = self._make_common_data_structure(handler(cur))  # type: ignore[attr-defined]

[2024-05-06T16:17:02.531+0000] {snowflake.py:402} INFO - Rows affected: 1
[2024-05-06T16:17:02.532+0000] {snowflake.py:403} INFO - Snowflake query id: 01b42671-0002-1231-0002-b462000ce06e
[2024-05-06T16:17:02.532+0000] {cursor.py:1032} INFO - query: [COMMIT]
[2024-05-06T16:17:02.995+0000] {cursor.py:1045} INFO - query execution done
[2024-05-06T16:17:02.998+0000] {cursor.py:1205} INFO - Number of results in first chunk: 1
[2024-05-06T16:17:03.002+0000] {connection.py:734} INFO - closed
[2024-05-06T16:17:03.307+0000] {connection.py:740} INFO - No async queries seem to be running, deleting session
[2024-05-06T16:17:03.604+0000] {taskinstance.py:441} INFO - ::group::Post task execution logs
[2024-05-06T16:17:03.625+0000] {taskinstance.py:1205} INFO - Marking task as SUCCESS. dag_id=example, task_id=snowflake_example, execution_date=20240506T161657, start_date=20240506T161700, end_date=20240506T161703
[2024-05-06T16:17:03.647+0000] {local_task_job_runner.py:240} INFO - Task exited with return code 0
[2024-05-06T16:17:03.666+0000] {taskinstance.py:3482} INFO - 0 downstream tasks scheduled from follow-on schedule check
[2024-05-06T16:17:03.668+0000] {local_task_job_runner.py:222} INFO - ::endgroup::
